[2024-11-18T19:20:53.641+0100] {local_task_job_runner.py:123} INFO - ::group::Pre task execution logs
[2024-11-18T19:20:53.663+0100] {taskinstance.py:2612} INFO - Dependencies all met for dep_context=non-requeueable deps ti=<TaskInstance: etl_pipeline.load_data manual__2024-11-18T15:30:43.367457+00:00 [queued]>
[2024-11-18T19:20:53.682+0100] {taskinstance.py:2612} INFO - Dependencies all met for dep_context=requeueable deps ti=<TaskInstance: etl_pipeline.load_data manual__2024-11-18T15:30:43.367457+00:00 [queued]>
[2024-11-18T19:20:53.685+0100] {taskinstance.py:2865} INFO - Starting attempt 3 of 4
[2024-11-18T19:20:53.726+0100] {taskinstance.py:2888} INFO - Executing <Task(PythonOperator): load_data> on 2024-11-18 15:30:43.367457+00:00
[2024-11-18T19:20:53.736+0100] {standard_task_runner.py:72} INFO - Started process 129647 to run task
[2024-11-18T19:20:53.740+0100] {standard_task_runner.py:104} INFO - Running: ['airflow', 'tasks', 'run', 'etl_pipeline', 'load_data', 'manual__2024-11-18T15:30:43.367457+00:00', '--job-id', '16', '--raw', '--subdir', 'DAGS_FOLDER/country_dag.py', '--cfg-path', '/tmp/tmpedylh24h']
[2024-11-18T19:20:53.742+0100] {standard_task_runner.py:105} INFO - Job 16: Subtask load_data
[2024-11-18T19:20:53.835+0100] {task_command.py:467} INFO - Running <TaskInstance: etl_pipeline.load_data manual__2024-11-18T15:30:43.367457+00:00 [running]> on host zainab.
[2024-11-18T19:20:53.962+0100] {taskinstance.py:3131} INFO - Exporting env vars: AIRFLOW_CTX_DAG_OWNER='airflow' AIRFLOW_CTX_DAG_ID='etl_pipeline' AIRFLOW_CTX_TASK_ID='load_data' AIRFLOW_CTX_EXECUTION_DATE='2024-11-18T15:30:43.367457+00:00' AIRFLOW_CTX_TRY_NUMBER='3' AIRFLOW_CTX_DAG_RUN_ID='manual__2024-11-18T15:30:43.367457+00:00'
[2024-11-18T19:20:53.967+0100] {logging_mixin.py:190} INFO - Task instance is in running state
[2024-11-18T19:20:53.970+0100] {logging_mixin.py:190} INFO -  Previous state of the Task instance: queued
[2024-11-18T19:20:53.972+0100] {logging_mixin.py:190} INFO - Current task name:load_data state:running start_date:2024-11-18 18:20:53.668107+00:00
[2024-11-18T19:20:53.973+0100] {logging_mixin.py:190} INFO - Dag name:etl_pipeline and current dag run status:running
[2024-11-18T19:20:53.975+0100] {taskinstance.py:731} INFO - ::endgroup::
[2024-11-18T19:20:54.010+0100] {base.py:84} INFO - Retrieving connection 'aws_default'
[2024-11-18T19:20:54.013+0100] {connection_wrapper.py:325} INFO - AWS Connection (conn_id='aws_default', conn_type='aws') credentials retrieved from login and password.
[2024-11-18T19:21:58.171+0100] {hook.py:208} WARNING - Data lineage tracking is disabled. Register a hook lineage reader to start tracking hook lineage.
[2024-11-18T19:21:58.188+0100] {load.py:32} INFO - File successfully uploaded to S3: s3://zainycap-bucket/data/country_data_2024-11-18.parquet
[2024-11-18T19:21:58.192+0100] {python.py:240} INFO - Done. Returned value was: None
[2024-11-18T19:21:58.233+0100] {taskinstance.py:340} INFO - ::group::Post task execution logs
[2024-11-18T19:21:58.237+0100] {taskinstance.py:352} INFO - Marking task as SUCCESS. dag_id=etl_pipeline, task_id=load_data, run_id=manual__2024-11-18T15:30:43.367457+00:00, execution_date=20241118T153043, start_date=20241118T182053, end_date=20241118T182158
[2024-11-18T19:21:58.298+0100] {logging_mixin.py:190} INFO - Task instance in success state
[2024-11-18T19:21:58.301+0100] {logging_mixin.py:190} INFO -  Previous state of the Task instance: running
[2024-11-18T19:21:58.303+0100] {logging_mixin.py:190} INFO - Dag name:etl_pipeline queued_at:2024-11-18 18:15:57.044140+00:00
[2024-11-18T19:21:58.305+0100] {logging_mixin.py:190} INFO - Task hostname:zainab. operator:PythonOperator
[2024-11-18T19:21:58.341+0100] {local_task_job_runner.py:266} INFO - Task exited with return code 0
[2024-11-18T19:21:58.432+0100] {taskinstance.py:3900} INFO - 0 downstream tasks scheduled from follow-on schedule check
[2024-11-18T19:21:58.440+0100] {local_task_job_runner.py:245} INFO - ::endgroup::
[2024-11-18T19:21:58.808+0100] {standard_task_runner.py:217} INFO - Process not found (most likely exited), stop collecting metrics
