[0m09:38:23.496078 [debug] [MainThread]: Sending event: {'category': 'dbt', 'action': 'invocation', 'label': 'start', 'context': [<snowplow_tracker.self_describing_json.SelfDescribingJson object at 0x7f335f1400d0>, <snowplow_tracker.self_describing_json.SelfDescribingJson object at 0x7f335d6e7730>, <snowplow_tracker.self_describing_json.SelfDescribingJson object at 0x7f335d6e76d0>]}


============================== 09:38:23.501339 | 7666bea9-6f99-449e-ac93-c62934dae9c5 ==============================
[0m09:38:23.501339 [info ] [MainThread]: Running with dbt=1.8.8
[0m09:38:23.502182 [debug] [MainThread]: running dbt with arguments {'printer_width': '80', 'indirect_selection': 'eager', 'write_json': 'True', 'log_cache_events': 'False', 'partial_parse': 'True', 'cache_selected_only': 'False', 'warn_error': 'None', 'version_check': 'True', 'debug': 'False', 'log_path': 'logs', 'fail_fast': 'False', 'profiles_dir': '/home/zainab/.dbt', 'use_colors': 'True', 'use_experimental_parser': 'False', 'no_print': 'None', 'quiet': 'False', 'empty': 'None', 'log_format': 'default', 'introspect': 'True', 'warn_error_options': 'WarnErrorOptions(include=[], exclude=[])', 'static_parser': 'True', 'target_path': 'None', 'invocation_command': 'dbt init travel_agency_country_model', 'send_anonymous_usage_stats': 'True'}
[0m09:38:23.769679 [debug] [MainThread]: Starter project path: /mnt/c/Users/zaina/Documents/Core_Data_Engineering/airflow/airflow_coresentiment_Data_pipeline/airflow/lib/python3.10/site-packages/dbt/include/starter_project
[0m09:38:24.225670 [info ] [MainThread]: 
Your new dbt project "travel_agency_country_model" was created!

For more information on how to configure the profiles.yml file,
please consult the dbt documentation here:

  https://docs.getdbt.com/docs/configure-your-profile

One more thing:

Need help? Don't hesitate to reach out to us via GitHub issues or on Slack:

  https://community.getdbt.com/

Happy modeling!

[0m09:38:24.226814 [info ] [MainThread]: Setting up your profile.
[0m09:41:10.668864 [info ] [MainThread]: Profile travel_agency_country_model written to /home/zainab/.dbt/profiles.yml using target's profile_template.yml and your supplied values. Run 'dbt debug' to validate the connection.
[0m09:41:10.679113 [debug] [MainThread]: Resource report: {"command_name": "init", "command_success": true, "command_wall_clock_time": 167.22014, "process_user_time": 1.517562, "process_kernel_time": 1.018498, "process_mem_max_rss": "192228", "process_in_blocks": "138112", "process_out_blocks": "8"}
[0m09:41:10.681913 [debug] [MainThread]: Command `dbt init` succeeded at 09:41:10.681773 after 167.22 seconds
[0m09:41:10.683276 [debug] [MainThread]: Sending event: {'category': 'dbt', 'action': 'invocation', 'label': 'end', 'context': [<snowplow_tracker.self_describing_json.SelfDescribingJson object at 0x7f335f1400d0>, <snowplow_tracker.self_describing_json.SelfDescribingJson object at 0x7f335d6b5f30>, <snowplow_tracker.self_describing_json.SelfDescribingJson object at 0x7f335d6e7730>]}
[0m09:41:10.684655 [debug] [MainThread]: Flushing usage events
[0m09:46:11.258706 [debug] [MainThread]: Sending event: {'category': 'dbt', 'action': 'invocation', 'label': 'start', 'context': [<snowplow_tracker.self_describing_json.SelfDescribingJson object at 0x7f1f2e210100>, <snowplow_tracker.self_describing_json.SelfDescribingJson object at 0x7f1f2c7a3760>, <snowplow_tracker.self_describing_json.SelfDescribingJson object at 0x7f1f2c7a3700>]}


============================== 09:46:11.269563 | aaa99d29-56c7-4416-8e9d-f65d11c8d143 ==============================
[0m09:46:11.269563 [info ] [MainThread]: Running with dbt=1.8.8
[0m09:46:11.270711 [debug] [MainThread]: running dbt with arguments {'printer_width': '80', 'indirect_selection': 'eager', 'write_json': 'True', 'log_cache_events': 'False', 'partial_parse': 'True', 'cache_selected_only': 'False', 'profiles_dir': '/home/zainab/.dbt', 'version_check': 'True', 'fail_fast': 'False', 'log_path': 'logs', 'debug': 'False', 'warn_error': 'None', 'use_colors': 'True', 'use_experimental_parser': 'False', 'empty': 'None', 'quiet': 'False', 'no_print': 'None', 'log_format': 'default', 'static_parser': 'True', 'invocation_command': 'dbt debug', 'warn_error_options': 'WarnErrorOptions(include=[], exclude=[])', 'target_path': 'None', 'introspect': 'True', 'send_anonymous_usage_stats': 'True'}
[0m09:46:11.491490 [info ] [MainThread]: dbt version: 1.8.8
[0m09:46:11.492772 [info ] [MainThread]: python version: 3.10.12
[0m09:46:11.493650 [info ] [MainThread]: python path: /mnt/c/Users/zaina/Documents/Core_Data_Engineering/airflow/airflow_coresentiment_Data_pipeline/airflow/bin/python
[0m09:46:11.494683 [info ] [MainThread]: os info: Linux-5.15.167.4-microsoft-standard-WSL2-x86_64-with-glibc2.35
[0m09:46:20.084101 [info ] [MainThread]: Using profiles dir at /home/zainab/.dbt
[0m09:46:20.086544 [info ] [MainThread]: Using profiles.yml file at /home/zainab/.dbt/profiles.yml
[0m09:46:20.088146 [info ] [MainThread]: Using dbt_project.yml file at /mnt/c/Users/zaina/Documents/Core_Data_Engineering/capstone_project/dbt_modelling/dbt_project.yml
[0m09:46:20.100283 [info ] [MainThread]: adapter type: snowflake
[0m09:46:20.101603 [info ] [MainThread]: adapter version: 1.8.4
[0m09:46:20.103067 [info ] [MainThread]: Configuration:
[0m09:46:20.104283 [info ] [MainThread]:   profiles.yml file [[32mOK found and valid[0m]
[0m09:46:20.105359 [info ] [MainThread]:   dbt_project.yml file [[31mERROR not found[0m]
[0m09:46:20.106650 [info ] [MainThread]: Required dependencies:
[0m09:46:20.108210 [debug] [MainThread]: Executing "git --help"
[0m09:46:20.118504 [debug] [MainThread]: STDOUT: "b"usage: git [--version] [--help] [-C <path>] [-c <name>=<value>]\n           [--exec-path[=<path>]] [--html-path] [--man-path] [--info-path]\n           [-p | --paginate | -P | --no-pager] [--no-replace-objects] [--bare]\n           [--git-dir=<path>] [--work-tree=<path>] [--namespace=<name>]\n           [--super-prefix=<path>] [--config-env=<name>=<envvar>]\n           <command> [<args>]\n\nThese are common Git commands used in various situations:\n\nstart a working area (see also: git help tutorial)\n   clone     Clone a repository into a new directory\n   init      Create an empty Git repository or reinitialize an existing one\n\nwork on the current change (see also: git help everyday)\n   add       Add file contents to the index\n   mv        Move or rename a file, a directory, or a symlink\n   restore   Restore working tree files\n   rm        Remove files from the working tree and from the index\n\nexamine the history and state (see also: git help revisions)\n   bisect    Use binary search to find the commit that introduced a bug\n   diff      Show changes between commits, commit and working tree, etc\n   grep      Print lines matching a pattern\n   log       Show commit logs\n   show      Show various types of objects\n   status    Show the working tree status\n\ngrow, mark and tweak your common history\n   branch    List, create, or delete branches\n   commit    Record changes to the repository\n   merge     Join two or more development histories together\n   rebase    Reapply commits on top of another base tip\n   reset     Reset current HEAD to the specified state\n   switch    Switch branches\n   tag       Create, list, delete or verify a tag object signed with GPG\n\ncollaborate (see also: git help workflows)\n   fetch     Download objects and refs from another repository\n   pull      Fetch from and integrate with another repository or a local branch\n   push      Update remote refs along with associated objects\n\n'git help -a' and 'git help -g' list available subcommands and some\nconcept guides. See 'git help <command>' or 'git help <concept>'\nto read about a specific subcommand or concept.\nSee 'git help git' for an overview of the system.\n""
[0m09:46:20.119904 [debug] [MainThread]: STDERR: "b''"
[0m09:46:20.121051 [info ] [MainThread]:  - git [[32mOK found[0m]

[0m09:46:20.122577 [info ] [MainThread]: Connection:
[0m09:46:20.124411 [info ] [MainThread]:   account: SV71490
[0m09:46:20.125799 [info ] [MainThread]:   user: Zainab
[0m09:46:20.127703 [info ] [MainThread]:   database: COUNTRY_DATA
[0m09:46:20.130012 [info ] [MainThread]:   warehouse: COMPUTE_WH
[0m09:46:20.131804 [info ] [MainThread]:   role: ACCOUNTADMIN
[0m09:46:20.133053 [info ] [MainThread]:   schema: MARTS
[0m09:46:20.134149 [info ] [MainThread]:   authenticator: None
[0m09:46:20.135820 [info ] [MainThread]:   oauth_client_id: None
[0m09:46:20.136795 [info ] [MainThread]:   query_tag: None
[0m09:46:20.137563 [info ] [MainThread]:   client_session_keep_alive: False
[0m09:46:20.138300 [info ] [MainThread]:   host: None
[0m09:46:20.139436 [info ] [MainThread]:   port: None
[0m09:46:20.141997 [info ] [MainThread]:   proxy_host: None
[0m09:46:20.143057 [info ] [MainThread]:   proxy_port: None
[0m09:46:20.143947 [info ] [MainThread]:   protocol: None
[0m09:46:20.144702 [info ] [MainThread]:   connect_retries: 1
[0m09:46:20.145437 [info ] [MainThread]:   connect_timeout: None
[0m09:46:20.146144 [info ] [MainThread]:   retry_on_database_errors: False
[0m09:46:20.146772 [info ] [MainThread]:   retry_all: False
[0m09:46:20.147374 [info ] [MainThread]:   insecure_mode: False
[0m09:46:20.148504 [info ] [MainThread]:   reuse_connections: None
[0m09:46:20.151351 [info ] [MainThread]: Registered adapter: snowflake=1.8.4
[0m09:46:20.159559 [debug] [MainThread]: Acquiring new snowflake connection 'debug'
[0m09:46:20.160815 [debug] [MainThread]: Using snowflake connection "debug"
[0m09:46:20.161740 [debug] [MainThread]: On debug: select 1 as id
[0m09:46:20.162477 [debug] [MainThread]: Opening a new connection, currently in state init
[0m09:46:23.117177 [debug] [MainThread]: Snowflake adapter: Error running SQL: select 1 as id
[0m09:46:23.117896 [debug] [MainThread]: Snowflake adapter: Rolling back transaction.
[0m09:46:23.118431 [debug] [MainThread]: On debug: No close available on handle
[0m09:46:23.118967 [info ] [MainThread]:   Connection test: [[31mERROR[0m]

[0m09:46:23.119720 [info ] [MainThread]: [31m2 checks failed:[0m
[0m09:46:23.120418 [info ] [MainThread]: Project loading failed for the following reason:
 project path </mnt/c/Users/zaina/Documents/Core_Data_Engineering/capstone_project/dbt_modelling/dbt_project.yml> not found

[0m09:46:23.121128 [info ] [MainThread]: dbt was unable to connect to the specified database.
The database returned the following error:

  >Database Error
  250003 (08001): 404 Not Found: post https://SV71490.snowflakecomputing.com:443/session/v1/login-request?request_id=ed8017f6-5346-449a-978e-e1025e598a54&databaseName=COUNTRY_DATA&schemaName=MARTS&warehouse=COMPUTE_WH&roleName=ACCOUNTADMIN&request_guid=f7737755-1898-4238-98ef-452d42fc1c70

Check your database credentials and try again. For more information, visit:
https://docs.getdbt.com/docs/configure-your-profile


[0m09:46:23.123599 [debug] [MainThread]: Resource report: {"command_name": "debug", "command_wall_clock_time": 11.90752, "process_user_time": 1.615516, "process_kernel_time": 0.910563, "process_mem_max_rss": "204744", "process_in_blocks": "156200", "process_out_blocks": "8", "command_success": false}
[0m09:46:23.129268 [debug] [MainThread]: Command `dbt debug` failed at 09:46:23.129096 after 11.91 seconds
[0m09:46:23.130225 [debug] [MainThread]: Connection 'debug' was properly closed.
[0m09:46:23.130908 [debug] [MainThread]: Sending event: {'category': 'dbt', 'action': 'invocation', 'label': 'end', 'context': [<snowplow_tracker.self_describing_json.SelfDescribingJson object at 0x7f1f2e210100>, <snowplow_tracker.self_describing_json.SelfDescribingJson object at 0x7f1f2d3b9cf0>, <snowplow_tracker.self_describing_json.SelfDescribingJson object at 0x7f1f18c046d0>]}
[0m09:46:23.131731 [debug] [MainThread]: Flushing usage events
[0m10:10:32.702322 [debug] [MainThread]: Sending event: {'category': 'dbt', 'action': 'invocation', 'label': 'start', 'context': [<snowplow_tracker.self_describing_json.SelfDescribingJson object at 0x7f97a0c000d0>, <snowplow_tracker.self_describing_json.SelfDescribingJson object at 0x7f979f19b730>, <snowplow_tracker.self_describing_json.SelfDescribingJson object at 0x7f979f19b6d0>]}


============================== 10:10:32.709570 | bb407379-74b7-421a-b357-ca80a623071a ==============================
[0m10:10:32.709570 [info ] [MainThread]: Running with dbt=1.8.8
[0m10:10:32.710318 [debug] [MainThread]: running dbt with arguments {'printer_width': '80', 'indirect_selection': 'eager', 'log_cache_events': 'False', 'write_json': 'True', 'partial_parse': 'True', 'cache_selected_only': 'False', 'profiles_dir': '/home/zainab/.dbt', 'debug': 'False', 'fail_fast': 'False', 'log_path': 'logs', 'version_check': 'True', 'warn_error': 'None', 'use_colors': 'True', 'use_experimental_parser': 'False', 'empty': 'None', 'quiet': 'False', 'no_print': 'None', 'log_format': 'default', 'introspect': 'True', 'static_parser': 'True', 'invocation_command': 'dbt debug', 'target_path': 'None', 'warn_error_options': 'WarnErrorOptions(include=[], exclude=[])', 'send_anonymous_usage_stats': 'True'}
[0m10:10:32.846528 [info ] [MainThread]: dbt version: 1.8.8
[0m10:10:32.847771 [info ] [MainThread]: python version: 3.10.12
[0m10:10:32.848611 [info ] [MainThread]: python path: /mnt/c/Users/zaina/Documents/Core_Data_Engineering/airflow/airflow_coresentiment_Data_pipeline/airflow/bin/python
[0m10:10:32.849647 [info ] [MainThread]: os info: Linux-5.15.167.4-microsoft-standard-WSL2-x86_64-with-glibc2.35
[0m10:10:41.858981 [info ] [MainThread]: Using profiles dir at /home/zainab/.dbt
[0m10:10:41.860663 [info ] [MainThread]: Using profiles.yml file at /home/zainab/.dbt/profiles.yml
[0m10:10:41.862124 [info ] [MainThread]: Using dbt_project.yml file at /mnt/c/Users/zaina/Documents/Core_Data_Engineering/capstone_project/dbt_modelling/dbt_project.yml
[0m10:10:41.870147 [info ] [MainThread]: adapter type: snowflake
[0m10:10:41.872569 [info ] [MainThread]: adapter version: 1.8.4
[0m10:10:41.874009 [info ] [MainThread]: Configuration:
[0m10:10:41.874874 [info ] [MainThread]:   profiles.yml file [[32mOK found and valid[0m]
[0m10:10:41.877282 [info ] [MainThread]:   dbt_project.yml file [[31mERROR not found[0m]
[0m10:10:41.878269 [info ] [MainThread]: Required dependencies:
[0m10:10:41.879048 [debug] [MainThread]: Executing "git --help"
[0m10:10:41.898096 [debug] [MainThread]: STDOUT: "b"usage: git [--version] [--help] [-C <path>] [-c <name>=<value>]\n           [--exec-path[=<path>]] [--html-path] [--man-path] [--info-path]\n           [-p | --paginate | -P | --no-pager] [--no-replace-objects] [--bare]\n           [--git-dir=<path>] [--work-tree=<path>] [--namespace=<name>]\n           [--super-prefix=<path>] [--config-env=<name>=<envvar>]\n           <command> [<args>]\n\nThese are common Git commands used in various situations:\n\nstart a working area (see also: git help tutorial)\n   clone     Clone a repository into a new directory\n   init      Create an empty Git repository or reinitialize an existing one\n\nwork on the current change (see also: git help everyday)\n   add       Add file contents to the index\n   mv        Move or rename a file, a directory, or a symlink\n   restore   Restore working tree files\n   rm        Remove files from the working tree and from the index\n\nexamine the history and state (see also: git help revisions)\n   bisect    Use binary search to find the commit that introduced a bug\n   diff      Show changes between commits, commit and working tree, etc\n   grep      Print lines matching a pattern\n   log       Show commit logs\n   show      Show various types of objects\n   status    Show the working tree status\n\ngrow, mark and tweak your common history\n   branch    List, create, or delete branches\n   commit    Record changes to the repository\n   merge     Join two or more development histories together\n   rebase    Reapply commits on top of another base tip\n   reset     Reset current HEAD to the specified state\n   switch    Switch branches\n   tag       Create, list, delete or verify a tag object signed with GPG\n\ncollaborate (see also: git help workflows)\n   fetch     Download objects and refs from another repository\n   pull      Fetch from and integrate with another repository or a local branch\n   push      Update remote refs along with associated objects\n\n'git help -a' and 'git help -g' list available subcommands and some\nconcept guides. See 'git help <command>' or 'git help <concept>'\nto read about a specific subcommand or concept.\nSee 'git help git' for an overview of the system.\n""
[0m10:10:41.899532 [debug] [MainThread]: STDERR: "b''"
[0m10:10:41.900470 [info ] [MainThread]:  - git [[32mOK found[0m]

[0m10:10:41.901516 [info ] [MainThread]: Connection:
[0m10:10:41.902376 [info ] [MainThread]:   account: SV71490
[0m10:10:41.904154 [info ] [MainThread]:   user: Zainab
[0m10:10:41.905801 [info ] [MainThread]:   database: COUNTRY_DATA
[0m10:10:41.907398 [info ] [MainThread]:   warehouse: COMPUTE_WH
[0m10:10:41.908360 [info ] [MainThread]:   role: ACCOUNTADMIN
[0m10:10:41.909120 [info ] [MainThread]:   schema: MARTS
[0m10:10:41.909863 [info ] [MainThread]:   authenticator: None
[0m10:10:41.910588 [info ] [MainThread]:   oauth_client_id: None
[0m10:10:41.911305 [info ] [MainThread]:   query_tag: None
[0m10:10:41.911938 [info ] [MainThread]:   client_session_keep_alive: False
[0m10:10:41.912567 [info ] [MainThread]:   host: None
[0m10:10:41.913699 [info ] [MainThread]:   port: None
[0m10:10:41.914675 [info ] [MainThread]:   proxy_host: None
[0m10:10:41.915366 [info ] [MainThread]:   proxy_port: None
[0m10:10:41.916000 [info ] [MainThread]:   protocol: None
[0m10:10:41.916600 [info ] [MainThread]:   connect_retries: 1
[0m10:10:41.917190 [info ] [MainThread]:   connect_timeout: None
[0m10:10:41.917785 [info ] [MainThread]:   retry_on_database_errors: False
[0m10:10:41.918371 [info ] [MainThread]:   retry_all: False
[0m10:10:41.919374 [info ] [MainThread]:   insecure_mode: False
[0m10:10:41.922361 [info ] [MainThread]:   reuse_connections: None
[0m10:10:41.924894 [info ] [MainThread]: Registered adapter: snowflake=1.8.4
[0m10:10:41.931476 [debug] [MainThread]: Acquiring new snowflake connection 'debug'
[0m10:10:41.932933 [debug] [MainThread]: Using snowflake connection "debug"
[0m10:10:41.933847 [debug] [MainThread]: On debug: select 1 as id
[0m10:10:41.934622 [debug] [MainThread]: Opening a new connection, currently in state init
[0m10:10:44.787814 [debug] [MainThread]: Snowflake adapter: Error running SQL: select 1 as id
[0m10:10:44.788548 [debug] [MainThread]: Snowflake adapter: Rolling back transaction.
[0m10:10:44.789166 [debug] [MainThread]: On debug: No close available on handle
[0m10:10:44.789784 [info ] [MainThread]:   Connection test: [[31mERROR[0m]

[0m10:10:44.790591 [info ] [MainThread]: [31m2 checks failed:[0m
[0m10:10:44.791227 [info ] [MainThread]: Project loading failed for the following reason:
 project path </mnt/c/Users/zaina/Documents/Core_Data_Engineering/capstone_project/dbt_modelling/dbt_project.yml> not found

[0m10:10:44.791970 [info ] [MainThread]: dbt was unable to connect to the specified database.
The database returned the following error:

  >Database Error
  250003 (08001): 404 Not Found: post https://SV71490.snowflakecomputing.com:443/session/v1/login-request?request_id=4f816bd9-29e0-4b15-8616-4846cd1c2d8c&databaseName=COUNTRY_DATA&schemaName=MARTS&warehouse=COMPUTE_WH&roleName=ACCOUNTADMIN&request_guid=fa7cdab5-1ce8-42be-a3a3-ec49449356a1

Check your database credentials and try again. For more information, visit:
https://docs.getdbt.com/docs/configure-your-profile


[0m10:10:44.794459 [debug] [MainThread]: Resource report: {"command_name": "debug", "command_wall_clock_time": 12.131299, "process_user_time": 1.783529, "process_kernel_time": 1.255076, "process_mem_max_rss": "202968", "process_in_blocks": "154560", "process_out_blocks": "8", "command_success": false}
[0m10:10:44.795267 [debug] [MainThread]: Command `dbt debug` failed at 10:10:44.795185 after 12.13 seconds
[0m10:10:44.796814 [debug] [MainThread]: Connection 'debug' was properly closed.
[0m10:10:44.797463 [debug] [MainThread]: Sending event: {'category': 'dbt', 'action': 'invocation', 'label': 'end', 'context': [<snowplow_tracker.self_describing_json.SelfDescribingJson object at 0x7f97a0c000d0>, <snowplow_tracker.self_describing_json.SelfDescribingJson object at 0x7f978776f460>, <snowplow_tracker.self_describing_json.SelfDescribingJson object at 0x7f97875b8dc0>]}
[0m10:10:44.798110 [debug] [MainThread]: Flushing usage events
[0m10:11:48.946789 [debug] [MainThread]: Sending event: {'category': 'dbt', 'action': 'invocation', 'label': 'start', 'context': [<snowplow_tracker.self_describing_json.SelfDescribingJson object at 0x7f2a61a581f0>, <snowplow_tracker.self_describing_json.SelfDescribingJson object at 0x7f2a5ff945e0>, <snowplow_tracker.self_describing_json.SelfDescribingJson object at 0x7f2a5ff94640>]}


============================== 10:11:48.952446 | e417f9ab-7037-429e-94cf-ffbaeba0dd69 ==============================
[0m10:11:48.952446 [info ] [MainThread]: Running with dbt=1.8.8
[0m10:11:48.953281 [debug] [MainThread]: running dbt with arguments {'printer_width': '80', 'indirect_selection': 'eager', 'log_cache_events': 'False', 'write_json': 'True', 'partial_parse': 'True', 'cache_selected_only': 'False', 'profiles_dir': '/home/zainab/.dbt', 'debug': 'False', 'warn_error': 'None', 'log_path': 'logs', 'fail_fast': 'False', 'version_check': 'True', 'use_colors': 'True', 'use_experimental_parser': 'False', 'empty': 'None', 'quiet': 'False', 'no_print': 'None', 'log_format': 'default', 'introspect': 'True', 'invocation_command': 'dbt debug', 'static_parser': 'True', 'target_path': 'None', 'warn_error_options': 'WarnErrorOptions(include=[], exclude=[])', 'send_anonymous_usage_stats': 'True'}
[0m10:11:49.124370 [info ] [MainThread]: dbt version: 1.8.8
[0m10:11:49.125357 [info ] [MainThread]: python version: 3.10.12
[0m10:11:49.126167 [info ] [MainThread]: python path: /mnt/c/Users/zaina/Documents/Core_Data_Engineering/airflow/airflow_coresentiment_Data_pipeline/airflow/bin/python
[0m10:11:49.126842 [info ] [MainThread]: os info: Linux-5.15.167.4-microsoft-standard-WSL2-x86_64-with-glibc2.35
[0m10:11:57.805850 [info ] [MainThread]: Using profiles dir at /home/zainab/.dbt
[0m10:11:57.806797 [info ] [MainThread]: Using profiles.yml file at /home/zainab/.dbt/profiles.yml
[0m10:11:57.807486 [info ] [MainThread]: Using dbt_project.yml file at /mnt/c/Users/zaina/Documents/Core_Data_Engineering/capstone_project/dbt_modelling/dbt_project.yml
[0m10:11:57.813083 [info ] [MainThread]: adapter type: snowflake
[0m10:11:57.813687 [info ] [MainThread]: adapter version: 1.8.4
[0m10:11:57.815135 [info ] [MainThread]: Configuration:
[0m10:11:57.816158 [info ] [MainThread]:   profiles.yml file [[32mOK found and valid[0m]
[0m10:11:57.817534 [info ] [MainThread]:   dbt_project.yml file [[31mERROR not found[0m]
[0m10:11:57.819409 [info ] [MainThread]: Required dependencies:
[0m10:11:57.822120 [debug] [MainThread]: Executing "git --help"
[0m10:11:57.826346 [debug] [MainThread]: STDOUT: "b"usage: git [--version] [--help] [-C <path>] [-c <name>=<value>]\n           [--exec-path[=<path>]] [--html-path] [--man-path] [--info-path]\n           [-p | --paginate | -P | --no-pager] [--no-replace-objects] [--bare]\n           [--git-dir=<path>] [--work-tree=<path>] [--namespace=<name>]\n           [--super-prefix=<path>] [--config-env=<name>=<envvar>]\n           <command> [<args>]\n\nThese are common Git commands used in various situations:\n\nstart a working area (see also: git help tutorial)\n   clone     Clone a repository into a new directory\n   init      Create an empty Git repository or reinitialize an existing one\n\nwork on the current change (see also: git help everyday)\n   add       Add file contents to the index\n   mv        Move or rename a file, a directory, or a symlink\n   restore   Restore working tree files\n   rm        Remove files from the working tree and from the index\n\nexamine the history and state (see also: git help revisions)\n   bisect    Use binary search to find the commit that introduced a bug\n   diff      Show changes between commits, commit and working tree, etc\n   grep      Print lines matching a pattern\n   log       Show commit logs\n   show      Show various types of objects\n   status    Show the working tree status\n\ngrow, mark and tweak your common history\n   branch    List, create, or delete branches\n   commit    Record changes to the repository\n   merge     Join two or more development histories together\n   rebase    Reapply commits on top of another base tip\n   reset     Reset current HEAD to the specified state\n   switch    Switch branches\n   tag       Create, list, delete or verify a tag object signed with GPG\n\ncollaborate (see also: git help workflows)\n   fetch     Download objects and refs from another repository\n   pull      Fetch from and integrate with another repository or a local branch\n   push      Update remote refs along with associated objects\n\n'git help -a' and 'git help -g' list available subcommands and some\nconcept guides. See 'git help <command>' or 'git help <concept>'\nto read about a specific subcommand or concept.\nSee 'git help git' for an overview of the system.\n""
[0m10:11:57.828342 [debug] [MainThread]: STDERR: "b''"
[0m10:11:57.829354 [info ] [MainThread]:  - git [[32mOK found[0m]

[0m10:11:57.835955 [info ] [MainThread]: Connection:
[0m10:11:57.838006 [info ] [MainThread]:   account: SV71490
[0m10:11:57.839073 [info ] [MainThread]:   user: Zainab
[0m10:11:57.840992 [info ] [MainThread]:   database: COUNTRY_DATA
[0m10:11:57.841943 [info ] [MainThread]:   warehouse: COMPUTE_WH
[0m10:11:57.843215 [info ] [MainThread]:   role: ACCOUNTADMIN
[0m10:11:57.844415 [info ] [MainThread]:   schema: MARTS
[0m10:11:57.845506 [info ] [MainThread]:   authenticator: None
[0m10:11:57.846638 [info ] [MainThread]:   oauth_client_id: None
[0m10:11:57.847922 [info ] [MainThread]:   query_tag: None
[0m10:11:57.848889 [info ] [MainThread]:   client_session_keep_alive: False
[0m10:11:57.850253 [info ] [MainThread]:   host: None
[0m10:11:57.852417 [info ] [MainThread]:   port: None
[0m10:11:57.854168 [info ] [MainThread]:   proxy_host: None
[0m10:11:57.855244 [info ] [MainThread]:   proxy_port: None
[0m10:11:57.856582 [info ] [MainThread]:   protocol: None
[0m10:11:57.857835 [info ] [MainThread]:   connect_retries: 1
[0m10:11:57.858898 [info ] [MainThread]:   connect_timeout: None
[0m10:11:57.859883 [info ] [MainThread]:   retry_on_database_errors: False
[0m10:11:57.860595 [info ] [MainThread]:   retry_all: False
[0m10:11:57.861440 [info ] [MainThread]:   insecure_mode: False
[0m10:11:57.862489 [info ] [MainThread]:   reuse_connections: None
[0m10:11:57.865271 [info ] [MainThread]: Registered adapter: snowflake=1.8.4
[0m10:11:57.872177 [debug] [MainThread]: Acquiring new snowflake connection 'debug'
[0m10:11:57.873841 [debug] [MainThread]: Using snowflake connection "debug"
[0m10:11:57.874966 [debug] [MainThread]: On debug: select 1 as id
[0m10:11:57.876041 [debug] [MainThread]: Opening a new connection, currently in state init
[0m10:11:59.997960 [debug] [MainThread]: Snowflake adapter: Error running SQL: select 1 as id
[0m10:11:59.998830 [debug] [MainThread]: Snowflake adapter: Rolling back transaction.
[0m10:11:59.999510 [debug] [MainThread]: On debug: No close available on handle
[0m10:12:00.000758 [info ] [MainThread]:   Connection test: [[31mERROR[0m]

[0m10:12:00.001841 [info ] [MainThread]: [31m2 checks failed:[0m
[0m10:12:00.002597 [info ] [MainThread]: Project loading failed for the following reason:
 project path </mnt/c/Users/zaina/Documents/Core_Data_Engineering/capstone_project/dbt_modelling/dbt_project.yml> not found

[0m10:12:00.003567 [info ] [MainThread]: dbt was unable to connect to the specified database.
The database returned the following error:

  >Database Error
  250003 (08001): 404 Not Found: post https://SV71490.snowflakecomputing.com:443/session/v1/login-request?request_id=94499ca3-3a2e-4946-be76-f85c8f4be30f&databaseName=COUNTRY_DATA&schemaName=MARTS&warehouse=COMPUTE_WH&roleName=ACCOUNTADMIN&request_guid=8d18276c-d3a8-4484-803c-b1cec71b9a67

Check your database credentials and try again. For more information, visit:
https://docs.getdbt.com/docs/configure-your-profile


[0m10:12:00.019204 [debug] [MainThread]: Resource report: {"command_name": "debug", "command_wall_clock_time": 11.113506, "process_user_time": 1.881537, "process_kernel_time": 0.698534, "process_mem_max_rss": "200424", "process_in_blocks": "139720", "process_out_blocks": "8", "command_success": false}
[0m10:12:00.022059 [debug] [MainThread]: Command `dbt debug` failed at 10:12:00.021863 after 11.12 seconds
[0m10:12:00.023305 [debug] [MainThread]: Connection 'debug' was properly closed.
[0m10:12:00.027758 [debug] [MainThread]: Sending event: {'category': 'dbt', 'action': 'invocation', 'label': 'end', 'context': [<snowplow_tracker.self_describing_json.SelfDescribingJson object at 0x7f2a61a581f0>, <snowplow_tracker.self_describing_json.SelfDescribingJson object at 0x7f2a4c3c8b50>, <snowplow_tracker.self_describing_json.SelfDescribingJson object at 0x7f2a4c3c8220>]}
[0m10:12:00.033867 [debug] [MainThread]: Flushing usage events
[0m10:22:26.078745 [debug] [MainThread]: Sending event: {'category': 'dbt', 'action': 'invocation', 'label': 'start', 'context': [<snowplow_tracker.self_describing_json.SelfDescribingJson object at 0x7fe6ac77c160>, <snowplow_tracker.self_describing_json.SelfDescribingJson object at 0x7fe6aad0c640>, <snowplow_tracker.self_describing_json.SelfDescribingJson object at 0x7fe6aad0c6a0>]}


============================== 10:22:26.086496 | bcfcc552-93e8-433d-9fca-97bc21ad5659 ==============================
[0m10:22:26.086496 [info ] [MainThread]: Running with dbt=1.8.8
[0m10:22:26.087257 [debug] [MainThread]: running dbt with arguments {'printer_width': '80', 'indirect_selection': 'eager', 'log_cache_events': 'False', 'write_json': 'True', 'partial_parse': 'True', 'cache_selected_only': 'False', 'profiles_dir': '/home/zainab/.dbt', 'version_check': 'True', 'fail_fast': 'False', 'log_path': 'logs', 'debug': 'False', 'warn_error': 'None', 'use_colors': 'True', 'use_experimental_parser': 'False', 'no_print': 'None', 'quiet': 'False', 'empty': 'None', 'warn_error_options': 'WarnErrorOptions(include=[], exclude=[])', 'introspect': 'True', 'invocation_command': 'dbt debug', 'static_parser': 'True', 'target_path': 'None', 'log_format': 'default', 'send_anonymous_usage_stats': 'True'}
[0m10:22:26.325453 [info ] [MainThread]: dbt version: 1.8.8
[0m10:22:26.326666 [info ] [MainThread]: python version: 3.10.12
[0m10:22:26.327401 [info ] [MainThread]: python path: /mnt/c/Users/zaina/Documents/Core_Data_Engineering/airflow/airflow_coresentiment_Data_pipeline/airflow/bin/python
[0m10:22:26.328016 [info ] [MainThread]: os info: Linux-5.15.167.4-microsoft-standard-WSL2-x86_64-with-glibc2.35
[0m10:22:35.447347 [info ] [MainThread]: Using profiles dir at /home/zainab/.dbt
[0m10:22:35.448720 [info ] [MainThread]: Using profiles.yml file at /home/zainab/.dbt/profiles.yml
[0m10:22:35.449529 [info ] [MainThread]: Using dbt_project.yml file at /mnt/c/Users/zaina/Documents/Core_Data_Engineering/capstone_project/dbt_modelling/dbt_project.yml
[0m10:22:35.458509 [info ] [MainThread]: adapter type: snowflake
[0m10:22:35.459661 [info ] [MainThread]: adapter version: 1.8.4
[0m10:22:35.460683 [info ] [MainThread]: Configuration:
[0m10:22:35.461671 [info ] [MainThread]:   profiles.yml file [[32mOK found and valid[0m]
[0m10:22:35.462406 [info ] [MainThread]:   dbt_project.yml file [[31mERROR not found[0m]
[0m10:22:35.463225 [info ] [MainThread]: Required dependencies:
[0m10:22:35.463823 [debug] [MainThread]: Executing "git --help"
[0m10:22:35.473913 [debug] [MainThread]: STDOUT: "b"usage: git [--version] [--help] [-C <path>] [-c <name>=<value>]\n           [--exec-path[=<path>]] [--html-path] [--man-path] [--info-path]\n           [-p | --paginate | -P | --no-pager] [--no-replace-objects] [--bare]\n           [--git-dir=<path>] [--work-tree=<path>] [--namespace=<name>]\n           [--super-prefix=<path>] [--config-env=<name>=<envvar>]\n           <command> [<args>]\n\nThese are common Git commands used in various situations:\n\nstart a working area (see also: git help tutorial)\n   clone     Clone a repository into a new directory\n   init      Create an empty Git repository or reinitialize an existing one\n\nwork on the current change (see also: git help everyday)\n   add       Add file contents to the index\n   mv        Move or rename a file, a directory, or a symlink\n   restore   Restore working tree files\n   rm        Remove files from the working tree and from the index\n\nexamine the history and state (see also: git help revisions)\n   bisect    Use binary search to find the commit that introduced a bug\n   diff      Show changes between commits, commit and working tree, etc\n   grep      Print lines matching a pattern\n   log       Show commit logs\n   show      Show various types of objects\n   status    Show the working tree status\n\ngrow, mark and tweak your common history\n   branch    List, create, or delete branches\n   commit    Record changes to the repository\n   merge     Join two or more development histories together\n   rebase    Reapply commits on top of another base tip\n   reset     Reset current HEAD to the specified state\n   switch    Switch branches\n   tag       Create, list, delete or verify a tag object signed with GPG\n\ncollaborate (see also: git help workflows)\n   fetch     Download objects and refs from another repository\n   pull      Fetch from and integrate with another repository or a local branch\n   push      Update remote refs along with associated objects\n\n'git help -a' and 'git help -g' list available subcommands and some\nconcept guides. See 'git help <command>' or 'git help <concept>'\nto read about a specific subcommand or concept.\nSee 'git help git' for an overview of the system.\n""
[0m10:22:35.475297 [debug] [MainThread]: STDERR: "b''"
[0m10:22:35.476030 [info ] [MainThread]:  - git [[32mOK found[0m]

[0m10:22:35.476901 [info ] [MainThread]: Connection:
[0m10:22:35.477742 [info ] [MainThread]:   account: SV71490
[0m10:22:35.478426 [info ] [MainThread]:   user: Zainab
[0m10:22:35.479006 [info ] [MainThread]:   database: COUNTRY_DATA
[0m10:22:35.479568 [info ] [MainThread]:   warehouse: COMPUTE_WH
[0m10:22:35.480133 [info ] [MainThread]:   role: ACCOUNTADMIN
[0m10:22:35.480673 [info ] [MainThread]:   schema: MARTS
[0m10:22:35.481464 [info ] [MainThread]:   authenticator: None
[0m10:22:35.482109 [info ] [MainThread]:   oauth_client_id: None
[0m10:22:35.482738 [info ] [MainThread]:   query_tag: None
[0m10:22:35.483316 [info ] [MainThread]:   client_session_keep_alive: False
[0m10:22:35.483873 [info ] [MainThread]:   host: None
[0m10:22:35.484437 [info ] [MainThread]:   port: None
[0m10:22:35.485000 [info ] [MainThread]:   proxy_host: None
[0m10:22:35.486217 [info ] [MainThread]:   proxy_port: None
[0m10:22:35.487293 [info ] [MainThread]:   protocol: None
[0m10:22:35.488888 [info ] [MainThread]:   connect_retries: 1
[0m10:22:35.489890 [info ] [MainThread]:   connect_timeout: None
[0m10:22:35.490545 [info ] [MainThread]:   retry_on_database_errors: False
[0m10:22:35.491155 [info ] [MainThread]:   retry_all: False
[0m10:22:35.491738 [info ] [MainThread]:   insecure_mode: False
[0m10:22:35.492312 [info ] [MainThread]:   reuse_connections: None
[0m10:22:35.494285 [info ] [MainThread]: Registered adapter: snowflake=1.8.4
[0m10:22:35.499469 [debug] [MainThread]: Acquiring new snowflake connection 'debug'
[0m10:22:35.500509 [debug] [MainThread]: Using snowflake connection "debug"
[0m10:22:35.501300 [debug] [MainThread]: On debug: select 1 as id
[0m10:22:35.501910 [debug] [MainThread]: Opening a new connection, currently in state init
[0m10:22:38.699197 [debug] [MainThread]: Snowflake adapter: Error running SQL: select 1 as id
[0m10:22:38.700602 [debug] [MainThread]: Snowflake adapter: Rolling back transaction.
[0m10:22:38.702197 [debug] [MainThread]: On debug: No close available on handle
[0m10:22:38.703438 [info ] [MainThread]:   Connection test: [[31mERROR[0m]

[0m10:22:38.704566 [info ] [MainThread]: [31m2 checks failed:[0m
[0m10:22:38.705462 [info ] [MainThread]: Project loading failed for the following reason:
 project path </mnt/c/Users/zaina/Documents/Core_Data_Engineering/capstone_project/dbt_modelling/dbt_project.yml> not found

[0m10:22:38.706400 [info ] [MainThread]: dbt was unable to connect to the specified database.
The database returned the following error:

  >Database Error
  250003 (08001): 404 Not Found: post https://SV71490.snowflakecomputing.com:443/session/v1/login-request?request_id=972e01e6-3196-4696-afdd-95f24a017ec4&databaseName=COUNTRY_DATA&schemaName=MARTS&warehouse=COMPUTE_WH&roleName=ACCOUNTADMIN&request_guid=e3094082-7407-44c1-9531-8661e23da065

Check your database credentials and try again. For more information, visit:
https://docs.getdbt.com/docs/configure-your-profile


[0m10:22:38.715854 [debug] [MainThread]: Resource report: {"command_name": "debug", "command_wall_clock_time": 12.674594, "process_user_time": 1.764141, "process_kernel_time": 0.751764, "process_mem_max_rss": "200324", "process_in_blocks": "154568", "process_out_blocks": "8", "command_success": false}
[0m10:22:38.717209 [debug] [MainThread]: Command `dbt debug` failed at 10:22:38.717098 after 12.68 seconds
[0m10:22:38.718156 [debug] [MainThread]: Connection 'debug' was properly closed.
[0m10:22:38.719353 [debug] [MainThread]: Sending event: {'category': 'dbt', 'action': 'invocation', 'label': 'end', 'context': [<snowplow_tracker.self_describing_json.SelfDescribingJson object at 0x7fe6ac77c160>, <snowplow_tracker.self_describing_json.SelfDescribingJson object at 0x7fe6aad906d0>, <snowplow_tracker.self_describing_json.SelfDescribingJson object at 0x7fe6931b18a0>]}
[0m10:22:38.721209 [debug] [MainThread]: Flushing usage events
[0m10:26:24.030001 [debug] [MainThread]: Sending event: {'category': 'dbt', 'action': 'invocation', 'label': 'start', 'context': [<snowplow_tracker.self_describing_json.SelfDescribingJson object at 0x7fc7a0078160>, <snowplow_tracker.self_describing_json.SelfDescribingJson object at 0x7fc79e608640>, <snowplow_tracker.self_describing_json.SelfDescribingJson object at 0x7fc79e6086a0>]}


============================== 10:26:24.035833 | 8e332c3c-c2e5-4dbc-8f9b-dc3c007a9292 ==============================
[0m10:26:24.035833 [info ] [MainThread]: Running with dbt=1.8.8
[0m10:26:24.036593 [debug] [MainThread]: running dbt with arguments {'printer_width': '80', 'indirect_selection': 'eager', 'log_cache_events': 'False', 'write_json': 'True', 'partial_parse': 'True', 'cache_selected_only': 'False', 'profiles_dir': '/home/zainab/.dbt', 'debug': 'False', 'fail_fast': 'False', 'log_path': 'logs', 'warn_error': 'None', 'version_check': 'True', 'use_colors': 'True', 'use_experimental_parser': 'False', 'empty': 'None', 'quiet': 'False', 'no_print': 'None', 'warn_error_options': 'WarnErrorOptions(include=[], exclude=[])', 'static_parser': 'True', 'invocation_command': 'dbt debug', 'introspect': 'True', 'target_path': 'None', 'log_format': 'default', 'send_anonymous_usage_stats': 'True'}
[0m10:26:24.162652 [info ] [MainThread]: dbt version: 1.8.8
[0m10:26:24.163373 [info ] [MainThread]: python version: 3.10.12
[0m10:26:24.163948 [info ] [MainThread]: python path: /mnt/c/Users/zaina/Documents/Core_Data_Engineering/airflow/airflow_coresentiment_Data_pipeline/airflow/bin/python
[0m10:26:24.164455 [info ] [MainThread]: os info: Linux-5.15.167.4-microsoft-standard-WSL2-x86_64-with-glibc2.35
[0m10:26:32.315780 [info ] [MainThread]: Using profiles dir at /home/zainab/.dbt
[0m10:26:32.317292 [info ] [MainThread]: Using profiles.yml file at /home/zainab/.dbt/profiles.yml
[0m10:26:32.318343 [info ] [MainThread]: Using dbt_project.yml file at /mnt/c/Users/zaina/Documents/Core_Data_Engineering/capstone_project/dbt_modelling/dbt_project.yml
[0m10:26:32.330063 [info ] [MainThread]: adapter type: snowflake
[0m10:26:32.331385 [info ] [MainThread]: adapter version: 1.8.4
[0m10:26:32.333300 [info ] [MainThread]: Configuration:
[0m10:26:32.334396 [info ] [MainThread]:   profiles.yml file [[32mOK found and valid[0m]
[0m10:26:32.335428 [info ] [MainThread]:   dbt_project.yml file [[31mERROR not found[0m]
[0m10:26:32.336210 [info ] [MainThread]: Required dependencies:
[0m10:26:32.337060 [debug] [MainThread]: Executing "git --help"
[0m10:26:32.346115 [debug] [MainThread]: STDOUT: "b"usage: git [--version] [--help] [-C <path>] [-c <name>=<value>]\n           [--exec-path[=<path>]] [--html-path] [--man-path] [--info-path]\n           [-p | --paginate | -P | --no-pager] [--no-replace-objects] [--bare]\n           [--git-dir=<path>] [--work-tree=<path>] [--namespace=<name>]\n           [--super-prefix=<path>] [--config-env=<name>=<envvar>]\n           <command> [<args>]\n\nThese are common Git commands used in various situations:\n\nstart a working area (see also: git help tutorial)\n   clone     Clone a repository into a new directory\n   init      Create an empty Git repository or reinitialize an existing one\n\nwork on the current change (see also: git help everyday)\n   add       Add file contents to the index\n   mv        Move or rename a file, a directory, or a symlink\n   restore   Restore working tree files\n   rm        Remove files from the working tree and from the index\n\nexamine the history and state (see also: git help revisions)\n   bisect    Use binary search to find the commit that introduced a bug\n   diff      Show changes between commits, commit and working tree, etc\n   grep      Print lines matching a pattern\n   log       Show commit logs\n   show      Show various types of objects\n   status    Show the working tree status\n\ngrow, mark and tweak your common history\n   branch    List, create, or delete branches\n   commit    Record changes to the repository\n   merge     Join two or more development histories together\n   rebase    Reapply commits on top of another base tip\n   reset     Reset current HEAD to the specified state\n   switch    Switch branches\n   tag       Create, list, delete or verify a tag object signed with GPG\n\ncollaborate (see also: git help workflows)\n   fetch     Download objects and refs from another repository\n   pull      Fetch from and integrate with another repository or a local branch\n   push      Update remote refs along with associated objects\n\n'git help -a' and 'git help -g' list available subcommands and some\nconcept guides. See 'git help <command>' or 'git help <concept>'\nto read about a specific subcommand or concept.\nSee 'git help git' for an overview of the system.\n""
[0m10:26:32.347415 [debug] [MainThread]: STDERR: "b''"
[0m10:26:32.348196 [info ] [MainThread]:  - git [[32mOK found[0m]

[0m10:26:32.349028 [info ] [MainThread]: Connection:
[0m10:26:32.349934 [info ] [MainThread]:   account: SV71490
[0m10:26:32.350671 [info ] [MainThread]:   user: Zainab
[0m10:26:32.351319 [info ] [MainThread]:   database: COUNTRY_DATA
[0m10:26:32.352016 [info ] [MainThread]:   warehouse: COMPUTE_WH
[0m10:26:32.352717 [info ] [MainThread]:   role: ACCOUNTADMIN
[0m10:26:32.353360 [info ] [MainThread]:   schema: MARTS
[0m10:26:32.354154 [info ] [MainThread]:   authenticator: None
[0m10:26:32.355029 [info ] [MainThread]:   oauth_client_id: None
[0m10:26:32.355697 [info ] [MainThread]:   query_tag: None
[0m10:26:32.356602 [info ] [MainThread]:   client_session_keep_alive: False
[0m10:26:32.357318 [info ] [MainThread]:   host: None
[0m10:26:32.358605 [info ] [MainThread]:   port: None
[0m10:26:32.360026 [info ] [MainThread]:   proxy_host: None
[0m10:26:32.361150 [info ] [MainThread]:   proxy_port: None
[0m10:26:32.362234 [info ] [MainThread]:   protocol: None
[0m10:26:32.363141 [info ] [MainThread]:   connect_retries: 1
[0m10:26:32.363809 [info ] [MainThread]:   connect_timeout: None
[0m10:26:32.364624 [info ] [MainThread]:   retry_on_database_errors: False
[0m10:26:32.365597 [info ] [MainThread]:   retry_all: False
[0m10:26:32.366299 [info ] [MainThread]:   insecure_mode: False
[0m10:26:32.367100 [info ] [MainThread]:   reuse_connections: None
[0m10:26:32.369315 [info ] [MainThread]: Registered adapter: snowflake=1.8.4
[0m10:26:32.374452 [debug] [MainThread]: Acquiring new snowflake connection 'debug'
[0m10:26:32.376076 [debug] [MainThread]: Using snowflake connection "debug"
[0m10:26:32.377900 [debug] [MainThread]: On debug: select 1 as id
[0m10:26:32.378960 [debug] [MainThread]: Opening a new connection, currently in state init
[0m10:26:34.528697 [debug] [MainThread]: Snowflake adapter: Error running SQL: select 1 as id
[0m10:26:34.529579 [debug] [MainThread]: Snowflake adapter: Rolling back transaction.
[0m10:26:34.530949 [debug] [MainThread]: On debug: No close available on handle
[0m10:26:34.531763 [info ] [MainThread]:   Connection test: [[31mERROR[0m]

[0m10:26:34.532557 [info ] [MainThread]: [31m2 checks failed:[0m
[0m10:26:34.533245 [info ] [MainThread]: Project loading failed for the following reason:
 project path </mnt/c/Users/zaina/Documents/Core_Data_Engineering/capstone_project/dbt_modelling/dbt_project.yml> not found

[0m10:26:34.533963 [info ] [MainThread]: dbt was unable to connect to the specified database.
The database returned the following error:

  >Database Error
  250003 (08001): 404 Not Found: post https://SV71490.snowflakecomputing.com:443/session/v1/login-request?request_id=1f83404a-e500-4f0c-9435-ebfb3da43cb6&databaseName=COUNTRY_DATA&schemaName=MARTS&warehouse=COMPUTE_WH&roleName=ACCOUNTADMIN&request_guid=3da0d793-554a-4b81-b061-2f4bebea53af

Check your database credentials and try again. For more information, visit:
https://docs.getdbt.com/docs/configure-your-profile


[0m10:26:34.543877 [debug] [MainThread]: Resource report: {"command_name": "debug", "command_wall_clock_time": 10.552997, "process_user_time": 1.493295, "process_kernel_time": 1.084303, "process_mem_max_rss": "200872", "process_in_blocks": "154664", "process_out_blocks": "8", "command_success": false}
[0m10:26:34.545378 [debug] [MainThread]: Command `dbt debug` failed at 10:26:34.545276 after 10.55 seconds
[0m10:26:34.546194 [debug] [MainThread]: Connection 'debug' was properly closed.
[0m10:26:34.546907 [debug] [MainThread]: Sending event: {'category': 'dbt', 'action': 'invocation', 'label': 'end', 'context': [<snowplow_tracker.self_describing_json.SelfDescribingJson object at 0x7fc7a0078160>, <snowplow_tracker.self_describing_json.SelfDescribingJson object at 0x7fc79e68c6d0>, <snowplow_tracker.self_describing_json.SelfDescribingJson object at 0x7fc786aad8a0>]}
[0m10:26:34.547642 [debug] [MainThread]: Flushing usage events
