[2024-11-18T19:19:09.467+0100] {local_task_job_runner.py:123} INFO - ::group::Pre task execution logs
[2024-11-18T19:19:09.495+0100] {taskinstance.py:2612} INFO - Dependencies all met for dep_context=non-requeueable deps ti=<TaskInstance: etl_pipeline.transform_data manual__2024-11-18T15:30:43.367457+00:00 [queued]>
[2024-11-18T19:19:09.513+0100] {taskinstance.py:2612} INFO - Dependencies all met for dep_context=requeueable deps ti=<TaskInstance: etl_pipeline.transform_data manual__2024-11-18T15:30:43.367457+00:00 [queued]>
[2024-11-18T19:19:09.515+0100] {taskinstance.py:2865} INFO - Starting attempt 4 of 5
[2024-11-18T19:19:09.561+0100] {taskinstance.py:2888} INFO - Executing <Task(PythonOperator): transform_data> on 2024-11-18 15:30:43.367457+00:00
[2024-11-18T19:19:09.607+0100] {standard_task_runner.py:72} INFO - Started process 129220 to run task
[2024-11-18T19:19:09.615+0100] {standard_task_runner.py:104} INFO - Running: ['airflow', 'tasks', 'run', 'etl_pipeline', 'transform_data', 'manual__2024-11-18T15:30:43.367457+00:00', '--job-id', '15', '--raw', '--subdir', 'DAGS_FOLDER/country_dag.py', '--cfg-path', '/tmp/tmphueupyyp']
[2024-11-18T19:19:09.620+0100] {standard_task_runner.py:105} INFO - Job 15: Subtask transform_data
[2024-11-18T19:19:09.730+0100] {task_command.py:467} INFO - Running <TaskInstance: etl_pipeline.transform_data manual__2024-11-18T15:30:43.367457+00:00 [running]> on host zainab.
[2024-11-18T19:19:09.897+0100] {taskinstance.py:3131} INFO - Exporting env vars: AIRFLOW_CTX_DAG_OWNER='airflow' AIRFLOW_CTX_DAG_ID='etl_pipeline' AIRFLOW_CTX_TASK_ID='transform_data' AIRFLOW_CTX_EXECUTION_DATE='2024-11-18T15:30:43.367457+00:00' AIRFLOW_CTX_TRY_NUMBER='4' AIRFLOW_CTX_DAG_RUN_ID='manual__2024-11-18T15:30:43.367457+00:00'
[2024-11-18T19:19:09.901+0100] {logging_mixin.py:190} INFO - Task instance is in running state
[2024-11-18T19:19:09.906+0100] {logging_mixin.py:190} INFO -  Previous state of the Task instance: queued
[2024-11-18T19:19:09.908+0100] {logging_mixin.py:190} INFO - Current task name:transform_data state:running start_date:2024-11-18 18:19:09.498308+00:00
[2024-11-18T19:19:09.911+0100] {logging_mixin.py:190} INFO - Dag name:etl_pipeline and current dag run status:running
[2024-11-18T19:19:09.913+0100] {taskinstance.py:731} INFO - ::endgroup::
[2024-11-18T19:19:15.755+0100] {python.py:240} INFO - Done. Returned value was: /mnt/c/Users/zaina/Documents/Core_Data_Engineering/capstone_project/AIRFLOW/dags/tmp/transformed_data.parquet
[2024-11-18T19:19:16.778+0100] {taskinstance.py:340} INFO - ::group::Post task execution logs
[2024-11-18T19:19:16.783+0100] {taskinstance.py:352} INFO - Marking task as SUCCESS. dag_id=etl_pipeline, task_id=transform_data, run_id=manual__2024-11-18T15:30:43.367457+00:00, execution_date=20241118T153043, start_date=20241118T181909, end_date=20241118T181916
[2024-11-18T19:19:17.265+0100] {logging_mixin.py:190} INFO - Task instance in success state
[2024-11-18T19:19:17.267+0100] {logging_mixin.py:190} INFO -  Previous state of the Task instance: running
[2024-11-18T19:19:17.271+0100] {logging_mixin.py:190} INFO - Dag name:etl_pipeline queued_at:2024-11-18 18:15:57.044140+00:00
[2024-11-18T19:19:17.273+0100] {logging_mixin.py:190} INFO - Task hostname:zainab. operator:PythonOperator
[2024-11-18T19:19:17.318+0100] {local_task_job_runner.py:266} INFO - Task exited with return code 0
[2024-11-18T19:19:17.366+0100] {taskinstance.py:3900} INFO - 1 downstream tasks scheduled from follow-on schedule check
[2024-11-18T19:19:17.384+0100] {local_task_job_runner.py:245} INFO - ::endgroup::
