[2024-11-19T01:02:51.029+0100] {local_task_job_runner.py:123} INFO - ::group::Pre task execution logs
[2024-11-19T01:02:51.053+0100] {taskinstance.py:2612} INFO - Dependencies all met for dep_context=non-requeueable deps ti=<TaskInstance: etl_pipeline.transform_data scheduled__2024-11-18T00:00:00+00:00 [queued]>
[2024-11-19T01:02:51.068+0100] {taskinstance.py:2612} INFO - Dependencies all met for dep_context=requeueable deps ti=<TaskInstance: etl_pipeline.transform_data scheduled__2024-11-18T00:00:00+00:00 [queued]>
[2024-11-19T01:02:51.070+0100] {taskinstance.py:2865} INFO - Starting attempt 1 of 2
[2024-11-19T01:02:51.106+0100] {taskinstance.py:2888} INFO - Executing <Task(PythonOperator): transform_data> on 2024-11-18 00:00:00+00:00
[2024-11-19T01:02:51.149+0100] {standard_task_runner.py:72} INFO - Started process 209529 to run task
[2024-11-19T01:02:51.156+0100] {standard_task_runner.py:104} INFO - Running: ['airflow', 'tasks', 'run', 'etl_pipeline', 'transform_data', 'scheduled__2024-11-18T00:00:00+00:00', '--job-id', '19', '--raw', '--subdir', 'DAGS_FOLDER/raw_data_dag.py', '--cfg-path', '/tmp/tmp_32mfphn']
[2024-11-19T01:02:51.159+0100] {standard_task_runner.py:105} INFO - Job 19: Subtask transform_data
[2024-11-19T01:02:51.261+0100] {task_command.py:467} INFO - Running <TaskInstance: etl_pipeline.transform_data scheduled__2024-11-18T00:00:00+00:00 [running]> on host zainab.
[2024-11-19T01:02:51.387+0100] {taskinstance.py:3131} INFO - Exporting env vars: AIRFLOW_CTX_DAG_OWNER='airflow' AIRFLOW_CTX_DAG_ID='etl_pipeline' AIRFLOW_CTX_TASK_ID='transform_data' AIRFLOW_CTX_EXECUTION_DATE='2024-11-18T00:00:00+00:00' AIRFLOW_CTX_TRY_NUMBER='1' AIRFLOW_CTX_DAG_RUN_ID='scheduled__2024-11-18T00:00:00+00:00'
[2024-11-19T01:02:51.390+0100] {logging_mixin.py:190} INFO - Task instance is in running state
[2024-11-19T01:02:51.393+0100] {logging_mixin.py:190} INFO -  Previous state of the Task instance: queued
[2024-11-19T01:02:51.395+0100] {logging_mixin.py:190} INFO - Current task name:transform_data state:running start_date:2024-11-19 00:02:51.056767+00:00
[2024-11-19T01:02:51.397+0100] {logging_mixin.py:190} INFO - Dag name:etl_pipeline and current dag run status:running
[2024-11-19T01:02:51.398+0100] {taskinstance.py:731} INFO - ::endgroup::
[2024-11-19T01:02:56.518+0100] {python.py:240} INFO - Done. Returned value was: /mnt/c/Users/zaina/Documents/Core_Data_Engineering/capstone_project/AIRFLOW/dags/tmp/transformed_data.parquet
[2024-11-19T01:02:56.707+0100] {taskinstance.py:340} INFO - ::group::Post task execution logs
[2024-11-19T01:02:56.713+0100] {taskinstance.py:352} INFO - Marking task as SUCCESS. dag_id=etl_pipeline, task_id=transform_data, run_id=scheduled__2024-11-18T00:00:00+00:00, execution_date=20241118T000000, start_date=20241119T000251, end_date=20241119T000256
[2024-11-19T01:02:56.875+0100] {logging_mixin.py:190} INFO - Task instance in success state
[2024-11-19T01:02:56.887+0100] {logging_mixin.py:190} INFO -  Previous state of the Task instance: running
[2024-11-19T01:02:56.890+0100] {logging_mixin.py:190} INFO - Dag name:etl_pipeline queued_at:2024-11-19 00:00:01.526754+00:00
[2024-11-19T01:02:56.895+0100] {logging_mixin.py:190} INFO - Task hostname:zainab. operator:PythonOperator
[2024-11-19T01:02:56.932+0100] {local_task_job_runner.py:266} INFO - Task exited with return code 0
[2024-11-19T01:02:57.198+0100] {taskinstance.py:3900} INFO - 1 downstream tasks scheduled from follow-on schedule check
[2024-11-19T01:02:57.213+0100] {local_task_job_runner.py:245} INFO - ::endgroup::
