[2024-11-20T01:27:39.183+0100] {processor.py:186} INFO - Started process (PID=249045) to work on /mnt/c/Users/zaina/Documents/Core_Data_Engineering/airflow/airflow_coresentiment_Data_pipeline/airflow/lib/python3.10/site-packages/airflow/example_dags/example_branch_operator_decorator.py
[2024-11-20T01:27:39.187+0100] {processor.py:914} INFO - Processing file /mnt/c/Users/zaina/Documents/Core_Data_Engineering/airflow/airflow_coresentiment_Data_pipeline/airflow/lib/python3.10/site-packages/airflow/example_dags/example_branch_operator_decorator.py for tasks to queue
[2024-11-20T01:27:39.192+0100] {logging_mixin.py:190} INFO - [2024-11-20T01:27:39.190+0100] {dagbag.py:588} INFO - Filling up the DagBag from /mnt/c/Users/zaina/Documents/Core_Data_Engineering/airflow/airflow_coresentiment_Data_pipeline/airflow/lib/python3.10/site-packages/airflow/example_dags/example_branch_operator_decorator.py
[2024-11-20T01:27:39.274+0100] {processor.py:927} WARNING - No viable dags retrieved from /mnt/c/Users/zaina/Documents/Core_Data_Engineering/airflow/airflow_coresentiment_Data_pipeline/airflow/lib/python3.10/site-packages/airflow/example_dags/example_branch_operator_decorator.py
[2024-11-20T01:27:39.296+0100] {processor.py:208} INFO - Processing /mnt/c/Users/zaina/Documents/Core_Data_Engineering/airflow/airflow_coresentiment_Data_pipeline/airflow/lib/python3.10/site-packages/airflow/example_dags/example_branch_operator_decorator.py took 0.131 seconds
[2024-11-20T01:29:45.267+0100] {processor.py:186} INFO - Started process (PID=249134) to work on /mnt/c/Users/zaina/Documents/Core_Data_Engineering/airflow/airflow_coresentiment_Data_pipeline/airflow/lib/python3.10/site-packages/airflow/example_dags/example_branch_operator_decorator.py
[2024-11-20T01:29:45.270+0100] {processor.py:914} INFO - Processing file /mnt/c/Users/zaina/Documents/Core_Data_Engineering/airflow/airflow_coresentiment_Data_pipeline/airflow/lib/python3.10/site-packages/airflow/example_dags/example_branch_operator_decorator.py for tasks to queue
[2024-11-20T01:29:45.274+0100] {logging_mixin.py:190} INFO - [2024-11-20T01:29:45.273+0100] {dagbag.py:588} INFO - Filling up the DagBag from /mnt/c/Users/zaina/Documents/Core_Data_Engineering/airflow/airflow_coresentiment_Data_pipeline/airflow/lib/python3.10/site-packages/airflow/example_dags/example_branch_operator_decorator.py
[2024-11-20T01:29:45.362+0100] {processor.py:927} WARNING - No viable dags retrieved from /mnt/c/Users/zaina/Documents/Core_Data_Engineering/airflow/airflow_coresentiment_Data_pipeline/airflow/lib/python3.10/site-packages/airflow/example_dags/example_branch_operator_decorator.py
[2024-11-20T01:29:45.388+0100] {processor.py:208} INFO - Processing /mnt/c/Users/zaina/Documents/Core_Data_Engineering/airflow/airflow_coresentiment_Data_pipeline/airflow/lib/python3.10/site-packages/airflow/example_dags/example_branch_operator_decorator.py took 0.136 seconds
[2024-11-20T01:31:52.277+0100] {processor.py:186} INFO - Started process (PID=249230) to work on /mnt/c/Users/zaina/Documents/Core_Data_Engineering/airflow/airflow_coresentiment_Data_pipeline/airflow/lib/python3.10/site-packages/airflow/example_dags/example_branch_operator_decorator.py
[2024-11-20T01:31:52.280+0100] {processor.py:914} INFO - Processing file /mnt/c/Users/zaina/Documents/Core_Data_Engineering/airflow/airflow_coresentiment_Data_pipeline/airflow/lib/python3.10/site-packages/airflow/example_dags/example_branch_operator_decorator.py for tasks to queue
[2024-11-20T01:31:52.287+0100] {logging_mixin.py:190} INFO - [2024-11-20T01:31:52.285+0100] {dagbag.py:588} INFO - Filling up the DagBag from /mnt/c/Users/zaina/Documents/Core_Data_Engineering/airflow/airflow_coresentiment_Data_pipeline/airflow/lib/python3.10/site-packages/airflow/example_dags/example_branch_operator_decorator.py
[2024-11-20T01:31:52.376+0100] {processor.py:927} WARNING - No viable dags retrieved from /mnt/c/Users/zaina/Documents/Core_Data_Engineering/airflow/airflow_coresentiment_Data_pipeline/airflow/lib/python3.10/site-packages/airflow/example_dags/example_branch_operator_decorator.py
[2024-11-20T01:31:52.408+0100] {processor.py:208} INFO - Processing /mnt/c/Users/zaina/Documents/Core_Data_Engineering/airflow/airflow_coresentiment_Data_pipeline/airflow/lib/python3.10/site-packages/airflow/example_dags/example_branch_operator_decorator.py took 0.152 seconds
[2024-11-20T01:33:53.424+0100] {processor.py:186} INFO - Started process (PID=249318) to work on /mnt/c/Users/zaina/Documents/Core_Data_Engineering/airflow/airflow_coresentiment_Data_pipeline/airflow/lib/python3.10/site-packages/airflow/example_dags/example_branch_operator_decorator.py
[2024-11-20T01:33:53.431+0100] {processor.py:914} INFO - Processing file /mnt/c/Users/zaina/Documents/Core_Data_Engineering/airflow/airflow_coresentiment_Data_pipeline/airflow/lib/python3.10/site-packages/airflow/example_dags/example_branch_operator_decorator.py for tasks to queue
[2024-11-20T01:33:53.437+0100] {logging_mixin.py:190} INFO - [2024-11-20T01:33:53.436+0100] {dagbag.py:588} INFO - Filling up the DagBag from /mnt/c/Users/zaina/Documents/Core_Data_Engineering/airflow/airflow_coresentiment_Data_pipeline/airflow/lib/python3.10/site-packages/airflow/example_dags/example_branch_operator_decorator.py
[2024-11-20T01:33:53.585+0100] {processor.py:927} WARNING - No viable dags retrieved from /mnt/c/Users/zaina/Documents/Core_Data_Engineering/airflow/airflow_coresentiment_Data_pipeline/airflow/lib/python3.10/site-packages/airflow/example_dags/example_branch_operator_decorator.py
[2024-11-20T01:33:53.610+0100] {processor.py:208} INFO - Processing /mnt/c/Users/zaina/Documents/Core_Data_Engineering/airflow/airflow_coresentiment_Data_pipeline/airflow/lib/python3.10/site-packages/airflow/example_dags/example_branch_operator_decorator.py took 0.208 seconds
[2024-11-20T01:36:02.231+0100] {processor.py:186} INFO - Started process (PID=249411) to work on /mnt/c/Users/zaina/Documents/Core_Data_Engineering/airflow/airflow_coresentiment_Data_pipeline/airflow/lib/python3.10/site-packages/airflow/example_dags/example_branch_operator_decorator.py
[2024-11-20T01:36:02.239+0100] {processor.py:914} INFO - Processing file /mnt/c/Users/zaina/Documents/Core_Data_Engineering/airflow/airflow_coresentiment_Data_pipeline/airflow/lib/python3.10/site-packages/airflow/example_dags/example_branch_operator_decorator.py for tasks to queue
[2024-11-20T01:36:02.251+0100] {logging_mixin.py:190} INFO - [2024-11-20T01:36:02.247+0100] {dagbag.py:588} INFO - Filling up the DagBag from /mnt/c/Users/zaina/Documents/Core_Data_Engineering/airflow/airflow_coresentiment_Data_pipeline/airflow/lib/python3.10/site-packages/airflow/example_dags/example_branch_operator_decorator.py
[2024-11-20T01:36:02.379+0100] {processor.py:927} WARNING - No viable dags retrieved from /mnt/c/Users/zaina/Documents/Core_Data_Engineering/airflow/airflow_coresentiment_Data_pipeline/airflow/lib/python3.10/site-packages/airflow/example_dags/example_branch_operator_decorator.py
[2024-11-20T01:36:02.410+0100] {processor.py:208} INFO - Processing /mnt/c/Users/zaina/Documents/Core_Data_Engineering/airflow/airflow_coresentiment_Data_pipeline/airflow/lib/python3.10/site-packages/airflow/example_dags/example_branch_operator_decorator.py took 0.211 seconds
[2024-11-20T01:38:02.062+0100] {processor.py:186} INFO - Started process (PID=249501) to work on /mnt/c/Users/zaina/Documents/Core_Data_Engineering/airflow/airflow_coresentiment_Data_pipeline/airflow/lib/python3.10/site-packages/airflow/example_dags/example_branch_operator_decorator.py
[2024-11-20T01:38:02.069+0100] {processor.py:914} INFO - Processing file /mnt/c/Users/zaina/Documents/Core_Data_Engineering/airflow/airflow_coresentiment_Data_pipeline/airflow/lib/python3.10/site-packages/airflow/example_dags/example_branch_operator_decorator.py for tasks to queue
[2024-11-20T01:38:02.075+0100] {logging_mixin.py:190} INFO - [2024-11-20T01:38:02.073+0100] {dagbag.py:588} INFO - Filling up the DagBag from /mnt/c/Users/zaina/Documents/Core_Data_Engineering/airflow/airflow_coresentiment_Data_pipeline/airflow/lib/python3.10/site-packages/airflow/example_dags/example_branch_operator_decorator.py
[2024-11-20T01:38:02.217+0100] {processor.py:927} WARNING - No viable dags retrieved from /mnt/c/Users/zaina/Documents/Core_Data_Engineering/airflow/airflow_coresentiment_Data_pipeline/airflow/lib/python3.10/site-packages/airflow/example_dags/example_branch_operator_decorator.py
[2024-11-20T01:38:02.243+0100] {processor.py:208} INFO - Processing /mnt/c/Users/zaina/Documents/Core_Data_Engineering/airflow/airflow_coresentiment_Data_pipeline/airflow/lib/python3.10/site-packages/airflow/example_dags/example_branch_operator_decorator.py took 0.202 seconds
[2024-11-20T01:40:01.704+0100] {processor.py:186} INFO - Started process (PID=249590) to work on /mnt/c/Users/zaina/Documents/Core_Data_Engineering/airflow/airflow_coresentiment_Data_pipeline/airflow/lib/python3.10/site-packages/airflow/example_dags/example_branch_operator_decorator.py
[2024-11-20T01:40:01.709+0100] {processor.py:914} INFO - Processing file /mnt/c/Users/zaina/Documents/Core_Data_Engineering/airflow/airflow_coresentiment_Data_pipeline/airflow/lib/python3.10/site-packages/airflow/example_dags/example_branch_operator_decorator.py for tasks to queue
[2024-11-20T01:40:01.718+0100] {logging_mixin.py:190} INFO - [2024-11-20T01:40:01.716+0100] {dagbag.py:588} INFO - Filling up the DagBag from /mnt/c/Users/zaina/Documents/Core_Data_Engineering/airflow/airflow_coresentiment_Data_pipeline/airflow/lib/python3.10/site-packages/airflow/example_dags/example_branch_operator_decorator.py
[2024-11-20T01:40:01.832+0100] {processor.py:927} WARNING - No viable dags retrieved from /mnt/c/Users/zaina/Documents/Core_Data_Engineering/airflow/airflow_coresentiment_Data_pipeline/airflow/lib/python3.10/site-packages/airflow/example_dags/example_branch_operator_decorator.py
[2024-11-20T01:40:01.900+0100] {processor.py:208} INFO - Processing /mnt/c/Users/zaina/Documents/Core_Data_Engineering/airflow/airflow_coresentiment_Data_pipeline/airflow/lib/python3.10/site-packages/airflow/example_dags/example_branch_operator_decorator.py took 0.220 seconds
[2024-11-20T01:42:14.214+0100] {processor.py:186} INFO - Started process (PID=249685) to work on /mnt/c/Users/zaina/Documents/Core_Data_Engineering/airflow/airflow_coresentiment_Data_pipeline/airflow/lib/python3.10/site-packages/airflow/example_dags/example_branch_operator_decorator.py
[2024-11-20T01:42:14.216+0100] {processor.py:914} INFO - Processing file /mnt/c/Users/zaina/Documents/Core_Data_Engineering/airflow/airflow_coresentiment_Data_pipeline/airflow/lib/python3.10/site-packages/airflow/example_dags/example_branch_operator_decorator.py for tasks to queue
[2024-11-20T01:42:14.221+0100] {logging_mixin.py:190} INFO - [2024-11-20T01:42:14.219+0100] {dagbag.py:588} INFO - Filling up the DagBag from /mnt/c/Users/zaina/Documents/Core_Data_Engineering/airflow/airflow_coresentiment_Data_pipeline/airflow/lib/python3.10/site-packages/airflow/example_dags/example_branch_operator_decorator.py
[2024-11-20T01:42:14.302+0100] {processor.py:927} WARNING - No viable dags retrieved from /mnt/c/Users/zaina/Documents/Core_Data_Engineering/airflow/airflow_coresentiment_Data_pipeline/airflow/lib/python3.10/site-packages/airflow/example_dags/example_branch_operator_decorator.py
[2024-11-20T01:42:14.328+0100] {processor.py:208} INFO - Processing /mnt/c/Users/zaina/Documents/Core_Data_Engineering/airflow/airflow_coresentiment_Data_pipeline/airflow/lib/python3.10/site-packages/airflow/example_dags/example_branch_operator_decorator.py took 0.132 seconds
[2024-11-20T01:44:15.418+0100] {processor.py:186} INFO - Started process (PID=249772) to work on /mnt/c/Users/zaina/Documents/Core_Data_Engineering/airflow/airflow_coresentiment_Data_pipeline/airflow/lib/python3.10/site-packages/airflow/example_dags/example_branch_operator_decorator.py
[2024-11-20T01:44:15.421+0100] {processor.py:914} INFO - Processing file /mnt/c/Users/zaina/Documents/Core_Data_Engineering/airflow/airflow_coresentiment_Data_pipeline/airflow/lib/python3.10/site-packages/airflow/example_dags/example_branch_operator_decorator.py for tasks to queue
[2024-11-20T01:44:15.425+0100] {logging_mixin.py:190} INFO - [2024-11-20T01:44:15.424+0100] {dagbag.py:588} INFO - Filling up the DagBag from /mnt/c/Users/zaina/Documents/Core_Data_Engineering/airflow/airflow_coresentiment_Data_pipeline/airflow/lib/python3.10/site-packages/airflow/example_dags/example_branch_operator_decorator.py
[2024-11-20T01:44:15.527+0100] {processor.py:927} WARNING - No viable dags retrieved from /mnt/c/Users/zaina/Documents/Core_Data_Engineering/airflow/airflow_coresentiment_Data_pipeline/airflow/lib/python3.10/site-packages/airflow/example_dags/example_branch_operator_decorator.py
[2024-11-20T01:44:15.559+0100] {processor.py:208} INFO - Processing /mnt/c/Users/zaina/Documents/Core_Data_Engineering/airflow/airflow_coresentiment_Data_pipeline/airflow/lib/python3.10/site-packages/airflow/example_dags/example_branch_operator_decorator.py took 0.158 seconds
[2024-11-20T01:46:22.559+0100] {processor.py:186} INFO - Started process (PID=249864) to work on /mnt/c/Users/zaina/Documents/Core_Data_Engineering/airflow/airflow_coresentiment_Data_pipeline/airflow/lib/python3.10/site-packages/airflow/example_dags/example_branch_operator_decorator.py
[2024-11-20T01:46:22.594+0100] {processor.py:914} INFO - Processing file /mnt/c/Users/zaina/Documents/Core_Data_Engineering/airflow/airflow_coresentiment_Data_pipeline/airflow/lib/python3.10/site-packages/airflow/example_dags/example_branch_operator_decorator.py for tasks to queue
[2024-11-20T01:46:22.598+0100] {logging_mixin.py:190} INFO - [2024-11-20T01:46:22.597+0100] {dagbag.py:588} INFO - Filling up the DagBag from /mnt/c/Users/zaina/Documents/Core_Data_Engineering/airflow/airflow_coresentiment_Data_pipeline/airflow/lib/python3.10/site-packages/airflow/example_dags/example_branch_operator_decorator.py
[2024-11-20T01:46:22.686+0100] {processor.py:927} WARNING - No viable dags retrieved from /mnt/c/Users/zaina/Documents/Core_Data_Engineering/airflow/airflow_coresentiment_Data_pipeline/airflow/lib/python3.10/site-packages/airflow/example_dags/example_branch_operator_decorator.py
[2024-11-20T01:46:22.742+0100] {processor.py:208} INFO - Processing /mnt/c/Users/zaina/Documents/Core_Data_Engineering/airflow/airflow_coresentiment_Data_pipeline/airflow/lib/python3.10/site-packages/airflow/example_dags/example_branch_operator_decorator.py took 0.199 seconds
[2024-11-20T01:48:32.999+0100] {processor.py:186} INFO - Started process (PID=249956) to work on /mnt/c/Users/zaina/Documents/Core_Data_Engineering/airflow/airflow_coresentiment_Data_pipeline/airflow/lib/python3.10/site-packages/airflow/example_dags/example_branch_operator_decorator.py
[2024-11-20T01:48:33.006+0100] {processor.py:914} INFO - Processing file /mnt/c/Users/zaina/Documents/Core_Data_Engineering/airflow/airflow_coresentiment_Data_pipeline/airflow/lib/python3.10/site-packages/airflow/example_dags/example_branch_operator_decorator.py for tasks to queue
[2024-11-20T01:48:33.016+0100] {logging_mixin.py:190} INFO - [2024-11-20T01:48:33.013+0100] {dagbag.py:588} INFO - Filling up the DagBag from /mnt/c/Users/zaina/Documents/Core_Data_Engineering/airflow/airflow_coresentiment_Data_pipeline/airflow/lib/python3.10/site-packages/airflow/example_dags/example_branch_operator_decorator.py
[2024-11-20T01:48:33.099+0100] {processor.py:927} WARNING - No viable dags retrieved from /mnt/c/Users/zaina/Documents/Core_Data_Engineering/airflow/airflow_coresentiment_Data_pipeline/airflow/lib/python3.10/site-packages/airflow/example_dags/example_branch_operator_decorator.py
[2024-11-20T01:48:33.132+0100] {processor.py:208} INFO - Processing /mnt/c/Users/zaina/Documents/Core_Data_Engineering/airflow/airflow_coresentiment_Data_pipeline/airflow/lib/python3.10/site-packages/airflow/example_dags/example_branch_operator_decorator.py took 0.150 seconds
[2024-11-20T01:50:31.048+0100] {processor.py:186} INFO - Started process (PID=250043) to work on /mnt/c/Users/zaina/Documents/Core_Data_Engineering/airflow/airflow_coresentiment_Data_pipeline/airflow/lib/python3.10/site-packages/airflow/example_dags/example_branch_operator_decorator.py
[2024-11-20T01:50:31.051+0100] {processor.py:914} INFO - Processing file /mnt/c/Users/zaina/Documents/Core_Data_Engineering/airflow/airflow_coresentiment_Data_pipeline/airflow/lib/python3.10/site-packages/airflow/example_dags/example_branch_operator_decorator.py for tasks to queue
[2024-11-20T01:50:31.055+0100] {logging_mixin.py:190} INFO - [2024-11-20T01:50:31.053+0100] {dagbag.py:588} INFO - Filling up the DagBag from /mnt/c/Users/zaina/Documents/Core_Data_Engineering/airflow/airflow_coresentiment_Data_pipeline/airflow/lib/python3.10/site-packages/airflow/example_dags/example_branch_operator_decorator.py
[2024-11-20T01:50:31.122+0100] {processor.py:927} WARNING - No viable dags retrieved from /mnt/c/Users/zaina/Documents/Core_Data_Engineering/airflow/airflow_coresentiment_Data_pipeline/airflow/lib/python3.10/site-packages/airflow/example_dags/example_branch_operator_decorator.py
[2024-11-20T01:50:31.142+0100] {processor.py:208} INFO - Processing /mnt/c/Users/zaina/Documents/Core_Data_Engineering/airflow/airflow_coresentiment_Data_pipeline/airflow/lib/python3.10/site-packages/airflow/example_dags/example_branch_operator_decorator.py took 0.107 seconds
[2024-11-20T01:52:42.700+0100] {processor.py:186} INFO - Started process (PID=250161) to work on /mnt/c/Users/zaina/Documents/Core_Data_Engineering/airflow/airflow_coresentiment_Data_pipeline/airflow/lib/python3.10/site-packages/airflow/example_dags/example_branch_operator_decorator.py
[2024-11-20T01:52:42.702+0100] {processor.py:914} INFO - Processing file /mnt/c/Users/zaina/Documents/Core_Data_Engineering/airflow/airflow_coresentiment_Data_pipeline/airflow/lib/python3.10/site-packages/airflow/example_dags/example_branch_operator_decorator.py for tasks to queue
[2024-11-20T01:52:42.706+0100] {logging_mixin.py:190} INFO - [2024-11-20T01:52:42.705+0100] {dagbag.py:588} INFO - Filling up the DagBag from /mnt/c/Users/zaina/Documents/Core_Data_Engineering/airflow/airflow_coresentiment_Data_pipeline/airflow/lib/python3.10/site-packages/airflow/example_dags/example_branch_operator_decorator.py
[2024-11-20T01:52:42.782+0100] {processor.py:927} WARNING - No viable dags retrieved from /mnt/c/Users/zaina/Documents/Core_Data_Engineering/airflow/airflow_coresentiment_Data_pipeline/airflow/lib/python3.10/site-packages/airflow/example_dags/example_branch_operator_decorator.py
[2024-11-20T01:52:42.810+0100] {processor.py:208} INFO - Processing /mnt/c/Users/zaina/Documents/Core_Data_Engineering/airflow/airflow_coresentiment_Data_pipeline/airflow/lib/python3.10/site-packages/airflow/example_dags/example_branch_operator_decorator.py took 0.128 seconds
[2024-11-20T01:54:49.044+0100] {processor.py:186} INFO - Started process (PID=250254) to work on /mnt/c/Users/zaina/Documents/Core_Data_Engineering/airflow/airflow_coresentiment_Data_pipeline/airflow/lib/python3.10/site-packages/airflow/example_dags/example_branch_operator_decorator.py
[2024-11-20T01:54:49.047+0100] {processor.py:914} INFO - Processing file /mnt/c/Users/zaina/Documents/Core_Data_Engineering/airflow/airflow_coresentiment_Data_pipeline/airflow/lib/python3.10/site-packages/airflow/example_dags/example_branch_operator_decorator.py for tasks to queue
[2024-11-20T01:54:49.051+0100] {logging_mixin.py:190} INFO - [2024-11-20T01:54:49.050+0100] {dagbag.py:588} INFO - Filling up the DagBag from /mnt/c/Users/zaina/Documents/Core_Data_Engineering/airflow/airflow_coresentiment_Data_pipeline/airflow/lib/python3.10/site-packages/airflow/example_dags/example_branch_operator_decorator.py
[2024-11-20T01:54:49.135+0100] {processor.py:927} WARNING - No viable dags retrieved from /mnt/c/Users/zaina/Documents/Core_Data_Engineering/airflow/airflow_coresentiment_Data_pipeline/airflow/lib/python3.10/site-packages/airflow/example_dags/example_branch_operator_decorator.py
[2024-11-20T01:54:49.194+0100] {processor.py:208} INFO - Processing /mnt/c/Users/zaina/Documents/Core_Data_Engineering/airflow/airflow_coresentiment_Data_pipeline/airflow/lib/python3.10/site-packages/airflow/example_dags/example_branch_operator_decorator.py took 0.167 seconds
[2024-11-20T01:56:59.013+0100] {processor.py:186} INFO - Started process (PID=250348) to work on /mnt/c/Users/zaina/Documents/Core_Data_Engineering/airflow/airflow_coresentiment_Data_pipeline/airflow/lib/python3.10/site-packages/airflow/example_dags/example_branch_operator_decorator.py
[2024-11-20T01:56:59.015+0100] {processor.py:914} INFO - Processing file /mnt/c/Users/zaina/Documents/Core_Data_Engineering/airflow/airflow_coresentiment_Data_pipeline/airflow/lib/python3.10/site-packages/airflow/example_dags/example_branch_operator_decorator.py for tasks to queue
[2024-11-20T01:56:59.021+0100] {logging_mixin.py:190} INFO - [2024-11-20T01:56:59.019+0100] {dagbag.py:588} INFO - Filling up the DagBag from /mnt/c/Users/zaina/Documents/Core_Data_Engineering/airflow/airflow_coresentiment_Data_pipeline/airflow/lib/python3.10/site-packages/airflow/example_dags/example_branch_operator_decorator.py
[2024-11-20T01:56:59.090+0100] {processor.py:927} WARNING - No viable dags retrieved from /mnt/c/Users/zaina/Documents/Core_Data_Engineering/airflow/airflow_coresentiment_Data_pipeline/airflow/lib/python3.10/site-packages/airflow/example_dags/example_branch_operator_decorator.py
[2024-11-20T01:56:59.112+0100] {processor.py:208} INFO - Processing /mnt/c/Users/zaina/Documents/Core_Data_Engineering/airflow/airflow_coresentiment_Data_pipeline/airflow/lib/python3.10/site-packages/airflow/example_dags/example_branch_operator_decorator.py took 0.116 seconds
[2024-11-20T01:59:05.281+0100] {processor.py:186} INFO - Started process (PID=250439) to work on /mnt/c/Users/zaina/Documents/Core_Data_Engineering/airflow/airflow_coresentiment_Data_pipeline/airflow/lib/python3.10/site-packages/airflow/example_dags/example_branch_operator_decorator.py
[2024-11-20T01:59:05.284+0100] {processor.py:914} INFO - Processing file /mnt/c/Users/zaina/Documents/Core_Data_Engineering/airflow/airflow_coresentiment_Data_pipeline/airflow/lib/python3.10/site-packages/airflow/example_dags/example_branch_operator_decorator.py for tasks to queue
[2024-11-20T01:59:05.291+0100] {logging_mixin.py:190} INFO - [2024-11-20T01:59:05.288+0100] {dagbag.py:588} INFO - Filling up the DagBag from /mnt/c/Users/zaina/Documents/Core_Data_Engineering/airflow/airflow_coresentiment_Data_pipeline/airflow/lib/python3.10/site-packages/airflow/example_dags/example_branch_operator_decorator.py
[2024-11-20T01:59:05.509+0100] {processor.py:927} WARNING - No viable dags retrieved from /mnt/c/Users/zaina/Documents/Core_Data_Engineering/airflow/airflow_coresentiment_Data_pipeline/airflow/lib/python3.10/site-packages/airflow/example_dags/example_branch_operator_decorator.py
[2024-11-20T01:59:05.554+0100] {processor.py:208} INFO - Processing /mnt/c/Users/zaina/Documents/Core_Data_Engineering/airflow/airflow_coresentiment_Data_pipeline/airflow/lib/python3.10/site-packages/airflow/example_dags/example_branch_operator_decorator.py took 0.291 seconds
[2024-11-20T02:01:08.742+0100] {processor.py:186} INFO - Started process (PID=250529) to work on /mnt/c/Users/zaina/Documents/Core_Data_Engineering/airflow/airflow_coresentiment_Data_pipeline/airflow/lib/python3.10/site-packages/airflow/example_dags/example_branch_operator_decorator.py
[2024-11-20T02:01:08.745+0100] {processor.py:914} INFO - Processing file /mnt/c/Users/zaina/Documents/Core_Data_Engineering/airflow/airflow_coresentiment_Data_pipeline/airflow/lib/python3.10/site-packages/airflow/example_dags/example_branch_operator_decorator.py for tasks to queue
[2024-11-20T02:01:08.750+0100] {logging_mixin.py:190} INFO - [2024-11-20T02:01:08.749+0100] {dagbag.py:588} INFO - Filling up the DagBag from /mnt/c/Users/zaina/Documents/Core_Data_Engineering/airflow/airflow_coresentiment_Data_pipeline/airflow/lib/python3.10/site-packages/airflow/example_dags/example_branch_operator_decorator.py
[2024-11-20T02:01:08.837+0100] {processor.py:927} WARNING - No viable dags retrieved from /mnt/c/Users/zaina/Documents/Core_Data_Engineering/airflow/airflow_coresentiment_Data_pipeline/airflow/lib/python3.10/site-packages/airflow/example_dags/example_branch_operator_decorator.py
[2024-11-20T02:01:08.871+0100] {processor.py:208} INFO - Processing /mnt/c/Users/zaina/Documents/Core_Data_Engineering/airflow/airflow_coresentiment_Data_pipeline/airflow/lib/python3.10/site-packages/airflow/example_dags/example_branch_operator_decorator.py took 0.145 seconds
[2024-11-20T02:03:08.865+0100] {processor.py:186} INFO - Started process (PID=250618) to work on /mnt/c/Users/zaina/Documents/Core_Data_Engineering/airflow/airflow_coresentiment_Data_pipeline/airflow/lib/python3.10/site-packages/airflow/example_dags/example_branch_operator_decorator.py
[2024-11-20T02:03:08.871+0100] {processor.py:914} INFO - Processing file /mnt/c/Users/zaina/Documents/Core_Data_Engineering/airflow/airflow_coresentiment_Data_pipeline/airflow/lib/python3.10/site-packages/airflow/example_dags/example_branch_operator_decorator.py for tasks to queue
[2024-11-20T02:03:08.892+0100] {logging_mixin.py:190} INFO - [2024-11-20T02:03:08.878+0100] {dagbag.py:588} INFO - Filling up the DagBag from /mnt/c/Users/zaina/Documents/Core_Data_Engineering/airflow/airflow_coresentiment_Data_pipeline/airflow/lib/python3.10/site-packages/airflow/example_dags/example_branch_operator_decorator.py
[2024-11-20T02:03:08.971+0100] {processor.py:927} WARNING - No viable dags retrieved from /mnt/c/Users/zaina/Documents/Core_Data_Engineering/airflow/airflow_coresentiment_Data_pipeline/airflow/lib/python3.10/site-packages/airflow/example_dags/example_branch_operator_decorator.py
[2024-11-20T02:03:08.986+0100] {processor.py:208} INFO - Processing /mnt/c/Users/zaina/Documents/Core_Data_Engineering/airflow/airflow_coresentiment_Data_pipeline/airflow/lib/python3.10/site-packages/airflow/example_dags/example_branch_operator_decorator.py took 0.149 seconds
[2024-11-20T02:05:13.241+0100] {processor.py:186} INFO - Started process (PID=250709) to work on /mnt/c/Users/zaina/Documents/Core_Data_Engineering/airflow/airflow_coresentiment_Data_pipeline/airflow/lib/python3.10/site-packages/airflow/example_dags/example_branch_operator_decorator.py
[2024-11-20T02:05:13.243+0100] {processor.py:914} INFO - Processing file /mnt/c/Users/zaina/Documents/Core_Data_Engineering/airflow/airflow_coresentiment_Data_pipeline/airflow/lib/python3.10/site-packages/airflow/example_dags/example_branch_operator_decorator.py for tasks to queue
[2024-11-20T02:05:13.249+0100] {logging_mixin.py:190} INFO - [2024-11-20T02:05:13.247+0100] {dagbag.py:588} INFO - Filling up the DagBag from /mnt/c/Users/zaina/Documents/Core_Data_Engineering/airflow/airflow_coresentiment_Data_pipeline/airflow/lib/python3.10/site-packages/airflow/example_dags/example_branch_operator_decorator.py
[2024-11-20T02:05:13.322+0100] {processor.py:927} WARNING - No viable dags retrieved from /mnt/c/Users/zaina/Documents/Core_Data_Engineering/airflow/airflow_coresentiment_Data_pipeline/airflow/lib/python3.10/site-packages/airflow/example_dags/example_branch_operator_decorator.py
[2024-11-20T02:05:13.348+0100] {processor.py:208} INFO - Processing /mnt/c/Users/zaina/Documents/Core_Data_Engineering/airflow/airflow_coresentiment_Data_pipeline/airflow/lib/python3.10/site-packages/airflow/example_dags/example_branch_operator_decorator.py took 0.131 seconds
[2024-11-20T02:07:26.172+0100] {processor.py:186} INFO - Started process (PID=250801) to work on /mnt/c/Users/zaina/Documents/Core_Data_Engineering/airflow/airflow_coresentiment_Data_pipeline/airflow/lib/python3.10/site-packages/airflow/example_dags/example_branch_operator_decorator.py
[2024-11-20T02:07:26.175+0100] {processor.py:914} INFO - Processing file /mnt/c/Users/zaina/Documents/Core_Data_Engineering/airflow/airflow_coresentiment_Data_pipeline/airflow/lib/python3.10/site-packages/airflow/example_dags/example_branch_operator_decorator.py for tasks to queue
[2024-11-20T02:07:26.183+0100] {logging_mixin.py:190} INFO - [2024-11-20T02:07:26.180+0100] {dagbag.py:588} INFO - Filling up the DagBag from /mnt/c/Users/zaina/Documents/Core_Data_Engineering/airflow/airflow_coresentiment_Data_pipeline/airflow/lib/python3.10/site-packages/airflow/example_dags/example_branch_operator_decorator.py
[2024-11-20T02:07:26.275+0100] {processor.py:927} WARNING - No viable dags retrieved from /mnt/c/Users/zaina/Documents/Core_Data_Engineering/airflow/airflow_coresentiment_Data_pipeline/airflow/lib/python3.10/site-packages/airflow/example_dags/example_branch_operator_decorator.py
[2024-11-20T02:07:26.305+0100] {processor.py:208} INFO - Processing /mnt/c/Users/zaina/Documents/Core_Data_Engineering/airflow/airflow_coresentiment_Data_pipeline/airflow/lib/python3.10/site-packages/airflow/example_dags/example_branch_operator_decorator.py took 0.160 seconds
[2024-11-20T02:09:39.122+0100] {processor.py:186} INFO - Started process (PID=250893) to work on /mnt/c/Users/zaina/Documents/Core_Data_Engineering/airflow/airflow_coresentiment_Data_pipeline/airflow/lib/python3.10/site-packages/airflow/example_dags/example_branch_operator_decorator.py
[2024-11-20T02:09:39.127+0100] {processor.py:914} INFO - Processing file /mnt/c/Users/zaina/Documents/Core_Data_Engineering/airflow/airflow_coresentiment_Data_pipeline/airflow/lib/python3.10/site-packages/airflow/example_dags/example_branch_operator_decorator.py for tasks to queue
[2024-11-20T02:09:39.134+0100] {logging_mixin.py:190} INFO - [2024-11-20T02:09:39.132+0100] {dagbag.py:588} INFO - Filling up the DagBag from /mnt/c/Users/zaina/Documents/Core_Data_Engineering/airflow/airflow_coresentiment_Data_pipeline/airflow/lib/python3.10/site-packages/airflow/example_dags/example_branch_operator_decorator.py
[2024-11-20T02:09:39.276+0100] {processor.py:927} WARNING - No viable dags retrieved from /mnt/c/Users/zaina/Documents/Core_Data_Engineering/airflow/airflow_coresentiment_Data_pipeline/airflow/lib/python3.10/site-packages/airflow/example_dags/example_branch_operator_decorator.py
[2024-11-20T02:09:39.311+0100] {processor.py:208} INFO - Processing /mnt/c/Users/zaina/Documents/Core_Data_Engineering/airflow/airflow_coresentiment_Data_pipeline/airflow/lib/python3.10/site-packages/airflow/example_dags/example_branch_operator_decorator.py took 0.217 seconds
[2024-11-20T02:11:47.144+0100] {processor.py:186} INFO - Started process (PID=250987) to work on /mnt/c/Users/zaina/Documents/Core_Data_Engineering/airflow/airflow_coresentiment_Data_pipeline/airflow/lib/python3.10/site-packages/airflow/example_dags/example_branch_operator_decorator.py
[2024-11-20T02:11:47.147+0100] {processor.py:914} INFO - Processing file /mnt/c/Users/zaina/Documents/Core_Data_Engineering/airflow/airflow_coresentiment_Data_pipeline/airflow/lib/python3.10/site-packages/airflow/example_dags/example_branch_operator_decorator.py for tasks to queue
[2024-11-20T02:11:47.152+0100] {logging_mixin.py:190} INFO - [2024-11-20T02:11:47.151+0100] {dagbag.py:588} INFO - Filling up the DagBag from /mnt/c/Users/zaina/Documents/Core_Data_Engineering/airflow/airflow_coresentiment_Data_pipeline/airflow/lib/python3.10/site-packages/airflow/example_dags/example_branch_operator_decorator.py
[2024-11-20T02:11:47.238+0100] {processor.py:927} WARNING - No viable dags retrieved from /mnt/c/Users/zaina/Documents/Core_Data_Engineering/airflow/airflow_coresentiment_Data_pipeline/airflow/lib/python3.10/site-packages/airflow/example_dags/example_branch_operator_decorator.py
[2024-11-20T02:11:47.262+0100] {processor.py:208} INFO - Processing /mnt/c/Users/zaina/Documents/Core_Data_Engineering/airflow/airflow_coresentiment_Data_pipeline/airflow/lib/python3.10/site-packages/airflow/example_dags/example_branch_operator_decorator.py took 0.138 seconds
[2024-11-20T02:13:49.158+0100] {processor.py:186} INFO - Started process (PID=251078) to work on /mnt/c/Users/zaina/Documents/Core_Data_Engineering/airflow/airflow_coresentiment_Data_pipeline/airflow/lib/python3.10/site-packages/airflow/example_dags/example_branch_operator_decorator.py
[2024-11-20T02:13:49.162+0100] {processor.py:914} INFO - Processing file /mnt/c/Users/zaina/Documents/Core_Data_Engineering/airflow/airflow_coresentiment_Data_pipeline/airflow/lib/python3.10/site-packages/airflow/example_dags/example_branch_operator_decorator.py for tasks to queue
[2024-11-20T02:13:49.169+0100] {logging_mixin.py:190} INFO - [2024-11-20T02:13:49.167+0100] {dagbag.py:588} INFO - Filling up the DagBag from /mnt/c/Users/zaina/Documents/Core_Data_Engineering/airflow/airflow_coresentiment_Data_pipeline/airflow/lib/python3.10/site-packages/airflow/example_dags/example_branch_operator_decorator.py
[2024-11-20T02:13:49.261+0100] {processor.py:927} WARNING - No viable dags retrieved from /mnt/c/Users/zaina/Documents/Core_Data_Engineering/airflow/airflow_coresentiment_Data_pipeline/airflow/lib/python3.10/site-packages/airflow/example_dags/example_branch_operator_decorator.py
[2024-11-20T02:13:49.288+0100] {processor.py:208} INFO - Processing /mnt/c/Users/zaina/Documents/Core_Data_Engineering/airflow/airflow_coresentiment_Data_pipeline/airflow/lib/python3.10/site-packages/airflow/example_dags/example_branch_operator_decorator.py took 0.145 seconds
[2024-11-20T02:20:22.691+0100] {processor.py:186} INFO - Started process (PID=251228) to work on /mnt/c/Users/zaina/Documents/Core_Data_Engineering/airflow/airflow_coresentiment_Data_pipeline/airflow/lib/python3.10/site-packages/airflow/example_dags/example_branch_operator_decorator.py
[2024-11-20T02:20:22.699+0100] {processor.py:914} INFO - Processing file /mnt/c/Users/zaina/Documents/Core_Data_Engineering/airflow/airflow_coresentiment_Data_pipeline/airflow/lib/python3.10/site-packages/airflow/example_dags/example_branch_operator_decorator.py for tasks to queue
[2024-11-20T02:20:22.704+0100] {logging_mixin.py:190} INFO - [2024-11-20T02:20:22.703+0100] {dagbag.py:588} INFO - Filling up the DagBag from /mnt/c/Users/zaina/Documents/Core_Data_Engineering/airflow/airflow_coresentiment_Data_pipeline/airflow/lib/python3.10/site-packages/airflow/example_dags/example_branch_operator_decorator.py
[2024-11-20T02:20:22.813+0100] {processor.py:927} WARNING - No viable dags retrieved from /mnt/c/Users/zaina/Documents/Core_Data_Engineering/airflow/airflow_coresentiment_Data_pipeline/airflow/lib/python3.10/site-packages/airflow/example_dags/example_branch_operator_decorator.py
[2024-11-20T02:20:22.849+0100] {processor.py:208} INFO - Processing /mnt/c/Users/zaina/Documents/Core_Data_Engineering/airflow/airflow_coresentiment_Data_pipeline/airflow/lib/python3.10/site-packages/airflow/example_dags/example_branch_operator_decorator.py took 0.176 seconds
[2024-11-20T02:22:32.346+0100] {processor.py:186} INFO - Started process (PID=251323) to work on /mnt/c/Users/zaina/Documents/Core_Data_Engineering/airflow/airflow_coresentiment_Data_pipeline/airflow/lib/python3.10/site-packages/airflow/example_dags/example_branch_operator_decorator.py
[2024-11-20T02:22:32.349+0100] {processor.py:914} INFO - Processing file /mnt/c/Users/zaina/Documents/Core_Data_Engineering/airflow/airflow_coresentiment_Data_pipeline/airflow/lib/python3.10/site-packages/airflow/example_dags/example_branch_operator_decorator.py for tasks to queue
[2024-11-20T02:22:32.355+0100] {logging_mixin.py:190} INFO - [2024-11-20T02:22:32.352+0100] {dagbag.py:588} INFO - Filling up the DagBag from /mnt/c/Users/zaina/Documents/Core_Data_Engineering/airflow/airflow_coresentiment_Data_pipeline/airflow/lib/python3.10/site-packages/airflow/example_dags/example_branch_operator_decorator.py
[2024-11-20T02:22:32.449+0100] {processor.py:927} WARNING - No viable dags retrieved from /mnt/c/Users/zaina/Documents/Core_Data_Engineering/airflow/airflow_coresentiment_Data_pipeline/airflow/lib/python3.10/site-packages/airflow/example_dags/example_branch_operator_decorator.py
[2024-11-20T02:22:32.486+0100] {processor.py:208} INFO - Processing /mnt/c/Users/zaina/Documents/Core_Data_Engineering/airflow/airflow_coresentiment_Data_pipeline/airflow/lib/python3.10/site-packages/airflow/example_dags/example_branch_operator_decorator.py took 0.166 seconds
[2024-11-20T02:26:25.812+0100] {processor.py:186} INFO - Started process (PID=251427) to work on /mnt/c/Users/zaina/Documents/Core_Data_Engineering/airflow/airflow_coresentiment_Data_pipeline/airflow/lib/python3.10/site-packages/airflow/example_dags/example_branch_operator_decorator.py
[2024-11-20T02:26:25.816+0100] {processor.py:914} INFO - Processing file /mnt/c/Users/zaina/Documents/Core_Data_Engineering/airflow/airflow_coresentiment_Data_pipeline/airflow/lib/python3.10/site-packages/airflow/example_dags/example_branch_operator_decorator.py for tasks to queue
[2024-11-20T02:26:25.823+0100] {logging_mixin.py:190} INFO - [2024-11-20T02:26:25.821+0100] {dagbag.py:588} INFO - Filling up the DagBag from /mnt/c/Users/zaina/Documents/Core_Data_Engineering/airflow/airflow_coresentiment_Data_pipeline/airflow/lib/python3.10/site-packages/airflow/example_dags/example_branch_operator_decorator.py
[2024-11-20T02:26:25.996+0100] {processor.py:927} WARNING - No viable dags retrieved from /mnt/c/Users/zaina/Documents/Core_Data_Engineering/airflow/airflow_coresentiment_Data_pipeline/airflow/lib/python3.10/site-packages/airflow/example_dags/example_branch_operator_decorator.py
[2024-11-20T02:26:26.052+0100] {processor.py:208} INFO - Processing /mnt/c/Users/zaina/Documents/Core_Data_Engineering/airflow/airflow_coresentiment_Data_pipeline/airflow/lib/python3.10/site-packages/airflow/example_dags/example_branch_operator_decorator.py took 0.262 seconds
[2024-11-20T02:28:34.062+0100] {processor.py:186} INFO - Started process (PID=251517) to work on /mnt/c/Users/zaina/Documents/Core_Data_Engineering/airflow/airflow_coresentiment_Data_pipeline/airflow/lib/python3.10/site-packages/airflow/example_dags/example_branch_operator_decorator.py
[2024-11-20T02:28:34.064+0100] {processor.py:914} INFO - Processing file /mnt/c/Users/zaina/Documents/Core_Data_Engineering/airflow/airflow_coresentiment_Data_pipeline/airflow/lib/python3.10/site-packages/airflow/example_dags/example_branch_operator_decorator.py for tasks to queue
[2024-11-20T02:28:34.068+0100] {logging_mixin.py:190} INFO - [2024-11-20T02:28:34.067+0100] {dagbag.py:588} INFO - Filling up the DagBag from /mnt/c/Users/zaina/Documents/Core_Data_Engineering/airflow/airflow_coresentiment_Data_pipeline/airflow/lib/python3.10/site-packages/airflow/example_dags/example_branch_operator_decorator.py
[2024-11-20T02:28:34.142+0100] {processor.py:927} WARNING - No viable dags retrieved from /mnt/c/Users/zaina/Documents/Core_Data_Engineering/airflow/airflow_coresentiment_Data_pipeline/airflow/lib/python3.10/site-packages/airflow/example_dags/example_branch_operator_decorator.py
[2024-11-20T02:28:34.173+0100] {processor.py:208} INFO - Processing /mnt/c/Users/zaina/Documents/Core_Data_Engineering/airflow/airflow_coresentiment_Data_pipeline/airflow/lib/python3.10/site-packages/airflow/example_dags/example_branch_operator_decorator.py took 0.128 seconds
[2024-11-20T02:30:45.137+0100] {processor.py:186} INFO - Started process (PID=251610) to work on /mnt/c/Users/zaina/Documents/Core_Data_Engineering/airflow/airflow_coresentiment_Data_pipeline/airflow/lib/python3.10/site-packages/airflow/example_dags/example_branch_operator_decorator.py
[2024-11-20T02:30:45.141+0100] {processor.py:914} INFO - Processing file /mnt/c/Users/zaina/Documents/Core_Data_Engineering/airflow/airflow_coresentiment_Data_pipeline/airflow/lib/python3.10/site-packages/airflow/example_dags/example_branch_operator_decorator.py for tasks to queue
[2024-11-20T02:30:45.149+0100] {logging_mixin.py:190} INFO - [2024-11-20T02:30:45.145+0100] {dagbag.py:588} INFO - Filling up the DagBag from /mnt/c/Users/zaina/Documents/Core_Data_Engineering/airflow/airflow_coresentiment_Data_pipeline/airflow/lib/python3.10/site-packages/airflow/example_dags/example_branch_operator_decorator.py
[2024-11-20T02:30:45.259+0100] {processor.py:927} WARNING - No viable dags retrieved from /mnt/c/Users/zaina/Documents/Core_Data_Engineering/airflow/airflow_coresentiment_Data_pipeline/airflow/lib/python3.10/site-packages/airflow/example_dags/example_branch_operator_decorator.py
[2024-11-20T02:30:45.294+0100] {processor.py:208} INFO - Processing /mnt/c/Users/zaina/Documents/Core_Data_Engineering/airflow/airflow_coresentiment_Data_pipeline/airflow/lib/python3.10/site-packages/airflow/example_dags/example_branch_operator_decorator.py took 0.176 seconds
[2024-11-20T02:37:02.560+0100] {processor.py:186} INFO - Started process (PID=251789) to work on /mnt/c/Users/zaina/Documents/Core_Data_Engineering/airflow/airflow_coresentiment_Data_pipeline/airflow/lib/python3.10/site-packages/airflow/example_dags/example_branch_operator_decorator.py
[2024-11-20T02:37:02.563+0100] {processor.py:914} INFO - Processing file /mnt/c/Users/zaina/Documents/Core_Data_Engineering/airflow/airflow_coresentiment_Data_pipeline/airflow/lib/python3.10/site-packages/airflow/example_dags/example_branch_operator_decorator.py for tasks to queue
[2024-11-20T02:37:02.567+0100] {logging_mixin.py:190} INFO - [2024-11-20T02:37:02.566+0100] {dagbag.py:588} INFO - Filling up the DagBag from /mnt/c/Users/zaina/Documents/Core_Data_Engineering/airflow/airflow_coresentiment_Data_pipeline/airflow/lib/python3.10/site-packages/airflow/example_dags/example_branch_operator_decorator.py
[2024-11-20T02:37:02.673+0100] {processor.py:927} WARNING - No viable dags retrieved from /mnt/c/Users/zaina/Documents/Core_Data_Engineering/airflow/airflow_coresentiment_Data_pipeline/airflow/lib/python3.10/site-packages/airflow/example_dags/example_branch_operator_decorator.py
[2024-11-20T02:37:02.700+0100] {processor.py:208} INFO - Processing /mnt/c/Users/zaina/Documents/Core_Data_Engineering/airflow/airflow_coresentiment_Data_pipeline/airflow/lib/python3.10/site-packages/airflow/example_dags/example_branch_operator_decorator.py took 0.156 seconds
[2024-11-20T02:47:42.475+0100] {processor.py:186} INFO - Started process (PID=252027) to work on /mnt/c/Users/zaina/Documents/Core_Data_Engineering/airflow/airflow_coresentiment_Data_pipeline/airflow/lib/python3.10/site-packages/airflow/example_dags/example_branch_operator_decorator.py
[2024-11-20T02:47:42.479+0100] {processor.py:914} INFO - Processing file /mnt/c/Users/zaina/Documents/Core_Data_Engineering/airflow/airflow_coresentiment_Data_pipeline/airflow/lib/python3.10/site-packages/airflow/example_dags/example_branch_operator_decorator.py for tasks to queue
[2024-11-20T02:47:42.487+0100] {logging_mixin.py:190} INFO - [2024-11-20T02:47:42.485+0100] {dagbag.py:588} INFO - Filling up the DagBag from /mnt/c/Users/zaina/Documents/Core_Data_Engineering/airflow/airflow_coresentiment_Data_pipeline/airflow/lib/python3.10/site-packages/airflow/example_dags/example_branch_operator_decorator.py
[2024-11-20T02:47:42.570+0100] {processor.py:927} WARNING - No viable dags retrieved from /mnt/c/Users/zaina/Documents/Core_Data_Engineering/airflow/airflow_coresentiment_Data_pipeline/airflow/lib/python3.10/site-packages/airflow/example_dags/example_branch_operator_decorator.py
[2024-11-20T02:47:42.595+0100] {processor.py:208} INFO - Processing /mnt/c/Users/zaina/Documents/Core_Data_Engineering/airflow/airflow_coresentiment_Data_pipeline/airflow/lib/python3.10/site-packages/airflow/example_dags/example_branch_operator_decorator.py took 0.141 seconds
[2024-11-20T02:59:28.213+0100] {processor.py:186} INFO - Started process (PID=252232) to work on /mnt/c/Users/zaina/Documents/Core_Data_Engineering/airflow/airflow_coresentiment_Data_pipeline/airflow/lib/python3.10/site-packages/airflow/example_dags/example_branch_operator_decorator.py
[2024-11-20T02:59:28.217+0100] {processor.py:914} INFO - Processing file /mnt/c/Users/zaina/Documents/Core_Data_Engineering/airflow/airflow_coresentiment_Data_pipeline/airflow/lib/python3.10/site-packages/airflow/example_dags/example_branch_operator_decorator.py for tasks to queue
[2024-11-20T02:59:28.225+0100] {logging_mixin.py:190} INFO - [2024-11-20T02:59:28.223+0100] {dagbag.py:588} INFO - Filling up the DagBag from /mnt/c/Users/zaina/Documents/Core_Data_Engineering/airflow/airflow_coresentiment_Data_pipeline/airflow/lib/python3.10/site-packages/airflow/example_dags/example_branch_operator_decorator.py
[2024-11-20T02:59:28.348+0100] {processor.py:927} WARNING - No viable dags retrieved from /mnt/c/Users/zaina/Documents/Core_Data_Engineering/airflow/airflow_coresentiment_Data_pipeline/airflow/lib/python3.10/site-packages/airflow/example_dags/example_branch_operator_decorator.py
[2024-11-20T02:59:28.395+0100] {processor.py:208} INFO - Processing /mnt/c/Users/zaina/Documents/Core_Data_Engineering/airflow/airflow_coresentiment_Data_pipeline/airflow/lib/python3.10/site-packages/airflow/example_dags/example_branch_operator_decorator.py took 0.208 seconds
[2024-11-20T03:02:17.298+0100] {processor.py:186} INFO - Started process (PID=252331) to work on /mnt/c/Users/zaina/Documents/Core_Data_Engineering/airflow/airflow_coresentiment_Data_pipeline/airflow/lib/python3.10/site-packages/airflow/example_dags/example_branch_operator_decorator.py
[2024-11-20T03:02:17.301+0100] {processor.py:914} INFO - Processing file /mnt/c/Users/zaina/Documents/Core_Data_Engineering/airflow/airflow_coresentiment_Data_pipeline/airflow/lib/python3.10/site-packages/airflow/example_dags/example_branch_operator_decorator.py for tasks to queue
[2024-11-20T03:02:17.306+0100] {logging_mixin.py:190} INFO - [2024-11-20T03:02:17.304+0100] {dagbag.py:588} INFO - Filling up the DagBag from /mnt/c/Users/zaina/Documents/Core_Data_Engineering/airflow/airflow_coresentiment_Data_pipeline/airflow/lib/python3.10/site-packages/airflow/example_dags/example_branch_operator_decorator.py
[2024-11-20T03:02:17.369+0100] {processor.py:927} WARNING - No viable dags retrieved from /mnt/c/Users/zaina/Documents/Core_Data_Engineering/airflow/airflow_coresentiment_Data_pipeline/airflow/lib/python3.10/site-packages/airflow/example_dags/example_branch_operator_decorator.py
[2024-11-20T03:02:17.408+0100] {processor.py:208} INFO - Processing /mnt/c/Users/zaina/Documents/Core_Data_Engineering/airflow/airflow_coresentiment_Data_pipeline/airflow/lib/python3.10/site-packages/airflow/example_dags/example_branch_operator_decorator.py took 0.125 seconds
[2024-11-20T03:08:54.778+0100] {processor.py:186} INFO - Started process (PID=252484) to work on /mnt/c/Users/zaina/Documents/Core_Data_Engineering/airflow/airflow_coresentiment_Data_pipeline/airflow/lib/python3.10/site-packages/airflow/example_dags/example_branch_operator_decorator.py
[2024-11-20T03:08:54.780+0100] {processor.py:914} INFO - Processing file /mnt/c/Users/zaina/Documents/Core_Data_Engineering/airflow/airflow_coresentiment_Data_pipeline/airflow/lib/python3.10/site-packages/airflow/example_dags/example_branch_operator_decorator.py for tasks to queue
[2024-11-20T03:08:54.785+0100] {logging_mixin.py:190} INFO - [2024-11-20T03:08:54.784+0100] {dagbag.py:588} INFO - Filling up the DagBag from /mnt/c/Users/zaina/Documents/Core_Data_Engineering/airflow/airflow_coresentiment_Data_pipeline/airflow/lib/python3.10/site-packages/airflow/example_dags/example_branch_operator_decorator.py
[2024-11-20T03:08:54.841+0100] {processor.py:927} WARNING - No viable dags retrieved from /mnt/c/Users/zaina/Documents/Core_Data_Engineering/airflow/airflow_coresentiment_Data_pipeline/airflow/lib/python3.10/site-packages/airflow/example_dags/example_branch_operator_decorator.py
[2024-11-20T03:08:54.873+0100] {processor.py:208} INFO - Processing /mnt/c/Users/zaina/Documents/Core_Data_Engineering/airflow/airflow_coresentiment_Data_pipeline/airflow/lib/python3.10/site-packages/airflow/example_dags/example_branch_operator_decorator.py took 0.108 seconds
[2024-11-20T03:18:22.240+0100] {processor.py:186} INFO - Started process (PID=252737) to work on /mnt/c/Users/zaina/Documents/Core_Data_Engineering/airflow/airflow_coresentiment_Data_pipeline/airflow/lib/python3.10/site-packages/airflow/example_dags/example_branch_operator_decorator.py
[2024-11-20T03:18:22.243+0100] {processor.py:914} INFO - Processing file /mnt/c/Users/zaina/Documents/Core_Data_Engineering/airflow/airflow_coresentiment_Data_pipeline/airflow/lib/python3.10/site-packages/airflow/example_dags/example_branch_operator_decorator.py for tasks to queue
[2024-11-20T03:18:22.250+0100] {logging_mixin.py:190} INFO - [2024-11-20T03:18:22.247+0100] {dagbag.py:588} INFO - Filling up the DagBag from /mnt/c/Users/zaina/Documents/Core_Data_Engineering/airflow/airflow_coresentiment_Data_pipeline/airflow/lib/python3.10/site-packages/airflow/example_dags/example_branch_operator_decorator.py
[2024-11-20T03:18:22.320+0100] {processor.py:927} WARNING - No viable dags retrieved from /mnt/c/Users/zaina/Documents/Core_Data_Engineering/airflow/airflow_coresentiment_Data_pipeline/airflow/lib/python3.10/site-packages/airflow/example_dags/example_branch_operator_decorator.py
[2024-11-20T03:18:22.444+0100] {processor.py:208} INFO - Processing /mnt/c/Users/zaina/Documents/Core_Data_Engineering/airflow/airflow_coresentiment_Data_pipeline/airflow/lib/python3.10/site-packages/airflow/example_dags/example_branch_operator_decorator.py took 0.225 seconds
[2024-11-20T03:24:17.761+0100] {processor.py:186} INFO - Started process (PID=252896) to work on /mnt/c/Users/zaina/Documents/Core_Data_Engineering/airflow/airflow_coresentiment_Data_pipeline/airflow/lib/python3.10/site-packages/airflow/example_dags/example_branch_operator_decorator.py
[2024-11-20T03:24:17.766+0100] {processor.py:914} INFO - Processing file /mnt/c/Users/zaina/Documents/Core_Data_Engineering/airflow/airflow_coresentiment_Data_pipeline/airflow/lib/python3.10/site-packages/airflow/example_dags/example_branch_operator_decorator.py for tasks to queue
[2024-11-20T03:24:17.773+0100] {logging_mixin.py:190} INFO - [2024-11-20T03:24:17.770+0100] {dagbag.py:588} INFO - Filling up the DagBag from /mnt/c/Users/zaina/Documents/Core_Data_Engineering/airflow/airflow_coresentiment_Data_pipeline/airflow/lib/python3.10/site-packages/airflow/example_dags/example_branch_operator_decorator.py
[2024-11-20T03:24:17.955+0100] {processor.py:927} WARNING - No viable dags retrieved from /mnt/c/Users/zaina/Documents/Core_Data_Engineering/airflow/airflow_coresentiment_Data_pipeline/airflow/lib/python3.10/site-packages/airflow/example_dags/example_branch_operator_decorator.py
[2024-11-20T03:24:18.007+0100] {processor.py:208} INFO - Processing /mnt/c/Users/zaina/Documents/Core_Data_Engineering/airflow/airflow_coresentiment_Data_pipeline/airflow/lib/python3.10/site-packages/airflow/example_dags/example_branch_operator_decorator.py took 0.268 seconds
[2024-11-20T03:26:50.577+0100] {processor.py:186} INFO - Started process (PID=252997) to work on /mnt/c/Users/zaina/Documents/Core_Data_Engineering/airflow/airflow_coresentiment_Data_pipeline/airflow/lib/python3.10/site-packages/airflow/example_dags/example_branch_operator_decorator.py
[2024-11-20T03:26:50.580+0100] {processor.py:914} INFO - Processing file /mnt/c/Users/zaina/Documents/Core_Data_Engineering/airflow/airflow_coresentiment_Data_pipeline/airflow/lib/python3.10/site-packages/airflow/example_dags/example_branch_operator_decorator.py for tasks to queue
[2024-11-20T03:26:50.584+0100] {logging_mixin.py:190} INFO - [2024-11-20T03:26:50.583+0100] {dagbag.py:588} INFO - Filling up the DagBag from /mnt/c/Users/zaina/Documents/Core_Data_Engineering/airflow/airflow_coresentiment_Data_pipeline/airflow/lib/python3.10/site-packages/airflow/example_dags/example_branch_operator_decorator.py
[2024-11-20T03:26:50.653+0100] {processor.py:927} WARNING - No viable dags retrieved from /mnt/c/Users/zaina/Documents/Core_Data_Engineering/airflow/airflow_coresentiment_Data_pipeline/airflow/lib/python3.10/site-packages/airflow/example_dags/example_branch_operator_decorator.py
[2024-11-20T03:26:50.680+0100] {processor.py:208} INFO - Processing /mnt/c/Users/zaina/Documents/Core_Data_Engineering/airflow/airflow_coresentiment_Data_pipeline/airflow/lib/python3.10/site-packages/airflow/example_dags/example_branch_operator_decorator.py took 0.117 seconds
[2024-11-20T03:29:17.911+0100] {processor.py:186} INFO - Started process (PID=253093) to work on /mnt/c/Users/zaina/Documents/Core_Data_Engineering/airflow/airflow_coresentiment_Data_pipeline/airflow/lib/python3.10/site-packages/airflow/example_dags/example_branch_operator_decorator.py
[2024-11-20T03:29:17.922+0100] {processor.py:914} INFO - Processing file /mnt/c/Users/zaina/Documents/Core_Data_Engineering/airflow/airflow_coresentiment_Data_pipeline/airflow/lib/python3.10/site-packages/airflow/example_dags/example_branch_operator_decorator.py for tasks to queue
[2024-11-20T03:29:17.939+0100] {logging_mixin.py:190} INFO - [2024-11-20T03:29:17.932+0100] {dagbag.py:588} INFO - Filling up the DagBag from /mnt/c/Users/zaina/Documents/Core_Data_Engineering/airflow/airflow_coresentiment_Data_pipeline/airflow/lib/python3.10/site-packages/airflow/example_dags/example_branch_operator_decorator.py
[2024-11-20T03:29:18.253+0100] {processor.py:927} WARNING - No viable dags retrieved from /mnt/c/Users/zaina/Documents/Core_Data_Engineering/airflow/airflow_coresentiment_Data_pipeline/airflow/lib/python3.10/site-packages/airflow/example_dags/example_branch_operator_decorator.py
[2024-11-20T03:29:18.288+0100] {processor.py:208} INFO - Processing /mnt/c/Users/zaina/Documents/Core_Data_Engineering/airflow/airflow_coresentiment_Data_pipeline/airflow/lib/python3.10/site-packages/airflow/example_dags/example_branch_operator_decorator.py took 0.398 seconds
[2024-11-20T03:32:05.818+0100] {processor.py:186} INFO - Started process (PID=253196) to work on /mnt/c/Users/zaina/Documents/Core_Data_Engineering/airflow/airflow_coresentiment_Data_pipeline/airflow/lib/python3.10/site-packages/airflow/example_dags/example_branch_operator_decorator.py
[2024-11-20T03:32:05.821+0100] {processor.py:914} INFO - Processing file /mnt/c/Users/zaina/Documents/Core_Data_Engineering/airflow/airflow_coresentiment_Data_pipeline/airflow/lib/python3.10/site-packages/airflow/example_dags/example_branch_operator_decorator.py for tasks to queue
[2024-11-20T03:32:05.828+0100] {logging_mixin.py:190} INFO - [2024-11-20T03:32:05.825+0100] {dagbag.py:588} INFO - Filling up the DagBag from /mnt/c/Users/zaina/Documents/Core_Data_Engineering/airflow/airflow_coresentiment_Data_pipeline/airflow/lib/python3.10/site-packages/airflow/example_dags/example_branch_operator_decorator.py
[2024-11-20T03:32:05.889+0100] {processor.py:927} WARNING - No viable dags retrieved from /mnt/c/Users/zaina/Documents/Core_Data_Engineering/airflow/airflow_coresentiment_Data_pipeline/airflow/lib/python3.10/site-packages/airflow/example_dags/example_branch_operator_decorator.py
[2024-11-20T03:32:05.921+0100] {processor.py:208} INFO - Processing /mnt/c/Users/zaina/Documents/Core_Data_Engineering/airflow/airflow_coresentiment_Data_pipeline/airflow/lib/python3.10/site-packages/airflow/example_dags/example_branch_operator_decorator.py took 0.121 seconds
[2024-11-20T03:34:59.469+0100] {processor.py:186} INFO - Started process (PID=253296) to work on /mnt/c/Users/zaina/Documents/Core_Data_Engineering/airflow/airflow_coresentiment_Data_pipeline/airflow/lib/python3.10/site-packages/airflow/example_dags/example_branch_operator_decorator.py
[2024-11-20T03:34:59.471+0100] {processor.py:914} INFO - Processing file /mnt/c/Users/zaina/Documents/Core_Data_Engineering/airflow/airflow_coresentiment_Data_pipeline/airflow/lib/python3.10/site-packages/airflow/example_dags/example_branch_operator_decorator.py for tasks to queue
[2024-11-20T03:34:59.475+0100] {logging_mixin.py:190} INFO - [2024-11-20T03:34:59.474+0100] {dagbag.py:588} INFO - Filling up the DagBag from /mnt/c/Users/zaina/Documents/Core_Data_Engineering/airflow/airflow_coresentiment_Data_pipeline/airflow/lib/python3.10/site-packages/airflow/example_dags/example_branch_operator_decorator.py
[2024-11-20T03:34:59.590+0100] {processor.py:927} WARNING - No viable dags retrieved from /mnt/c/Users/zaina/Documents/Core_Data_Engineering/airflow/airflow_coresentiment_Data_pipeline/airflow/lib/python3.10/site-packages/airflow/example_dags/example_branch_operator_decorator.py
[2024-11-20T03:34:59.612+0100] {processor.py:208} INFO - Processing /mnt/c/Users/zaina/Documents/Core_Data_Engineering/airflow/airflow_coresentiment_Data_pipeline/airflow/lib/python3.10/site-packages/airflow/example_dags/example_branch_operator_decorator.py took 0.156 seconds
[2024-11-20T03:44:06.148+0100] {processor.py:186} INFO - Started process (PID=253510) to work on /mnt/c/Users/zaina/Documents/Core_Data_Engineering/airflow/airflow_coresentiment_Data_pipeline/airflow/lib/python3.10/site-packages/airflow/example_dags/example_branch_operator_decorator.py
[2024-11-20T03:44:06.151+0100] {processor.py:914} INFO - Processing file /mnt/c/Users/zaina/Documents/Core_Data_Engineering/airflow/airflow_coresentiment_Data_pipeline/airflow/lib/python3.10/site-packages/airflow/example_dags/example_branch_operator_decorator.py for tasks to queue
[2024-11-20T03:44:06.156+0100] {logging_mixin.py:190} INFO - [2024-11-20T03:44:06.154+0100] {dagbag.py:588} INFO - Filling up the DagBag from /mnt/c/Users/zaina/Documents/Core_Data_Engineering/airflow/airflow_coresentiment_Data_pipeline/airflow/lib/python3.10/site-packages/airflow/example_dags/example_branch_operator_decorator.py
[2024-11-20T03:44:06.227+0100] {processor.py:927} WARNING - No viable dags retrieved from /mnt/c/Users/zaina/Documents/Core_Data_Engineering/airflow/airflow_coresentiment_Data_pipeline/airflow/lib/python3.10/site-packages/airflow/example_dags/example_branch_operator_decorator.py
[2024-11-20T03:44:06.300+0100] {processor.py:208} INFO - Processing /mnt/c/Users/zaina/Documents/Core_Data_Engineering/airflow/airflow_coresentiment_Data_pipeline/airflow/lib/python3.10/site-packages/airflow/example_dags/example_branch_operator_decorator.py took 0.167 seconds
[2024-11-20T03:49:07.816+0100] {processor.py:186} INFO - Started process (PID=253613) to work on /mnt/c/Users/zaina/Documents/Core_Data_Engineering/airflow/airflow_coresentiment_Data_pipeline/airflow/lib/python3.10/site-packages/airflow/example_dags/example_branch_operator_decorator.py
[2024-11-20T03:49:07.820+0100] {processor.py:914} INFO - Processing file /mnt/c/Users/zaina/Documents/Core_Data_Engineering/airflow/airflow_coresentiment_Data_pipeline/airflow/lib/python3.10/site-packages/airflow/example_dags/example_branch_operator_decorator.py for tasks to queue
[2024-11-20T03:49:07.826+0100] {logging_mixin.py:190} INFO - [2024-11-20T03:49:07.824+0100] {dagbag.py:588} INFO - Filling up the DagBag from /mnt/c/Users/zaina/Documents/Core_Data_Engineering/airflow/airflow_coresentiment_Data_pipeline/airflow/lib/python3.10/site-packages/airflow/example_dags/example_branch_operator_decorator.py
[2024-11-20T03:49:07.983+0100] {processor.py:927} WARNING - No viable dags retrieved from /mnt/c/Users/zaina/Documents/Core_Data_Engineering/airflow/airflow_coresentiment_Data_pipeline/airflow/lib/python3.10/site-packages/airflow/example_dags/example_branch_operator_decorator.py
[2024-11-20T03:49:08.026+0100] {processor.py:208} INFO - Processing /mnt/c/Users/zaina/Documents/Core_Data_Engineering/airflow/airflow_coresentiment_Data_pipeline/airflow/lib/python3.10/site-packages/airflow/example_dags/example_branch_operator_decorator.py took 0.240 seconds
[2024-11-20T03:51:56.641+0100] {processor.py:186} INFO - Started process (PID=253714) to work on /mnt/c/Users/zaina/Documents/Core_Data_Engineering/airflow/airflow_coresentiment_Data_pipeline/airflow/lib/python3.10/site-packages/airflow/example_dags/example_branch_operator_decorator.py
[2024-11-20T03:51:56.647+0100] {processor.py:914} INFO - Processing file /mnt/c/Users/zaina/Documents/Core_Data_Engineering/airflow/airflow_coresentiment_Data_pipeline/airflow/lib/python3.10/site-packages/airflow/example_dags/example_branch_operator_decorator.py for tasks to queue
[2024-11-20T03:51:56.659+0100] {logging_mixin.py:190} INFO - [2024-11-20T03:51:56.654+0100] {dagbag.py:588} INFO - Filling up the DagBag from /mnt/c/Users/zaina/Documents/Core_Data_Engineering/airflow/airflow_coresentiment_Data_pipeline/airflow/lib/python3.10/site-packages/airflow/example_dags/example_branch_operator_decorator.py
[2024-11-20T03:51:56.832+0100] {processor.py:927} WARNING - No viable dags retrieved from /mnt/c/Users/zaina/Documents/Core_Data_Engineering/airflow/airflow_coresentiment_Data_pipeline/airflow/lib/python3.10/site-packages/airflow/example_dags/example_branch_operator_decorator.py
[2024-11-20T03:51:56.864+0100] {processor.py:208} INFO - Processing /mnt/c/Users/zaina/Documents/Core_Data_Engineering/airflow/airflow_coresentiment_Data_pipeline/airflow/lib/python3.10/site-packages/airflow/example_dags/example_branch_operator_decorator.py took 0.323 seconds
[2024-11-20T03:55:23.387+0100] {processor.py:186} INFO - Started process (PID=253826) to work on /mnt/c/Users/zaina/Documents/Core_Data_Engineering/airflow/airflow_coresentiment_Data_pipeline/airflow/lib/python3.10/site-packages/airflow/example_dags/example_branch_operator_decorator.py
[2024-11-20T03:55:23.389+0100] {processor.py:914} INFO - Processing file /mnt/c/Users/zaina/Documents/Core_Data_Engineering/airflow/airflow_coresentiment_Data_pipeline/airflow/lib/python3.10/site-packages/airflow/example_dags/example_branch_operator_decorator.py for tasks to queue
[2024-11-20T03:55:23.395+0100] {logging_mixin.py:190} INFO - [2024-11-20T03:55:23.393+0100] {dagbag.py:588} INFO - Filling up the DagBag from /mnt/c/Users/zaina/Documents/Core_Data_Engineering/airflow/airflow_coresentiment_Data_pipeline/airflow/lib/python3.10/site-packages/airflow/example_dags/example_branch_operator_decorator.py
[2024-11-20T03:55:23.455+0100] {processor.py:927} WARNING - No viable dags retrieved from /mnt/c/Users/zaina/Documents/Core_Data_Engineering/airflow/airflow_coresentiment_Data_pipeline/airflow/lib/python3.10/site-packages/airflow/example_dags/example_branch_operator_decorator.py
[2024-11-20T03:55:23.481+0100] {processor.py:208} INFO - Processing /mnt/c/Users/zaina/Documents/Core_Data_Engineering/airflow/airflow_coresentiment_Data_pipeline/airflow/lib/python3.10/site-packages/airflow/example_dags/example_branch_operator_decorator.py took 0.108 seconds
[2024-11-20T03:57:53.847+0100] {processor.py:186} INFO - Started process (PID=253921) to work on /mnt/c/Users/zaina/Documents/Core_Data_Engineering/airflow/airflow_coresentiment_Data_pipeline/airflow/lib/python3.10/site-packages/airflow/example_dags/example_branch_operator_decorator.py
[2024-11-20T03:57:53.850+0100] {processor.py:914} INFO - Processing file /mnt/c/Users/zaina/Documents/Core_Data_Engineering/airflow/airflow_coresentiment_Data_pipeline/airflow/lib/python3.10/site-packages/airflow/example_dags/example_branch_operator_decorator.py for tasks to queue
[2024-11-20T03:57:53.857+0100] {logging_mixin.py:190} INFO - [2024-11-20T03:57:53.855+0100] {dagbag.py:588} INFO - Filling up the DagBag from /mnt/c/Users/zaina/Documents/Core_Data_Engineering/airflow/airflow_coresentiment_Data_pipeline/airflow/lib/python3.10/site-packages/airflow/example_dags/example_branch_operator_decorator.py
[2024-11-20T03:57:53.935+0100] {processor.py:927} WARNING - No viable dags retrieved from /mnt/c/Users/zaina/Documents/Core_Data_Engineering/airflow/airflow_coresentiment_Data_pipeline/airflow/lib/python3.10/site-packages/airflow/example_dags/example_branch_operator_decorator.py
[2024-11-20T03:57:53.962+0100] {processor.py:208} INFO - Processing /mnt/c/Users/zaina/Documents/Core_Data_Engineering/airflow/airflow_coresentiment_Data_pipeline/airflow/lib/python3.10/site-packages/airflow/example_dags/example_branch_operator_decorator.py took 0.140 seconds
[2024-11-20T04:00:24.242+0100] {processor.py:186} INFO - Started process (PID=254020) to work on /mnt/c/Users/zaina/Documents/Core_Data_Engineering/airflow/airflow_coresentiment_Data_pipeline/airflow/lib/python3.10/site-packages/airflow/example_dags/example_branch_operator_decorator.py
[2024-11-20T04:00:24.248+0100] {processor.py:914} INFO - Processing file /mnt/c/Users/zaina/Documents/Core_Data_Engineering/airflow/airflow_coresentiment_Data_pipeline/airflow/lib/python3.10/site-packages/airflow/example_dags/example_branch_operator_decorator.py for tasks to queue
[2024-11-20T04:00:24.255+0100] {logging_mixin.py:190} INFO - [2024-11-20T04:00:24.253+0100] {dagbag.py:588} INFO - Filling up the DagBag from /mnt/c/Users/zaina/Documents/Core_Data_Engineering/airflow/airflow_coresentiment_Data_pipeline/airflow/lib/python3.10/site-packages/airflow/example_dags/example_branch_operator_decorator.py
[2024-11-20T04:00:24.401+0100] {processor.py:927} WARNING - No viable dags retrieved from /mnt/c/Users/zaina/Documents/Core_Data_Engineering/airflow/airflow_coresentiment_Data_pipeline/airflow/lib/python3.10/site-packages/airflow/example_dags/example_branch_operator_decorator.py
[2024-11-20T04:00:24.435+0100] {processor.py:208} INFO - Processing /mnt/c/Users/zaina/Documents/Core_Data_Engineering/airflow/airflow_coresentiment_Data_pipeline/airflow/lib/python3.10/site-packages/airflow/example_dags/example_branch_operator_decorator.py took 0.217 seconds
[2024-11-20T04:06:00.624+0100] {processor.py:186} INFO - Started process (PID=254191) to work on /mnt/c/Users/zaina/Documents/Core_Data_Engineering/airflow/airflow_coresentiment_Data_pipeline/airflow/lib/python3.10/site-packages/airflow/example_dags/example_branch_operator_decorator.py
[2024-11-20T04:06:00.627+0100] {processor.py:914} INFO - Processing file /mnt/c/Users/zaina/Documents/Core_Data_Engineering/airflow/airflow_coresentiment_Data_pipeline/airflow/lib/python3.10/site-packages/airflow/example_dags/example_branch_operator_decorator.py for tasks to queue
[2024-11-20T04:06:00.634+0100] {logging_mixin.py:190} INFO - [2024-11-20T04:06:00.633+0100] {dagbag.py:588} INFO - Filling up the DagBag from /mnt/c/Users/zaina/Documents/Core_Data_Engineering/airflow/airflow_coresentiment_Data_pipeline/airflow/lib/python3.10/site-packages/airflow/example_dags/example_branch_operator_decorator.py
[2024-11-20T04:06:00.723+0100] {processor.py:927} WARNING - No viable dags retrieved from /mnt/c/Users/zaina/Documents/Core_Data_Engineering/airflow/airflow_coresentiment_Data_pipeline/airflow/lib/python3.10/site-packages/airflow/example_dags/example_branch_operator_decorator.py
[2024-11-20T04:06:00.764+0100] {processor.py:208} INFO - Processing /mnt/c/Users/zaina/Documents/Core_Data_Engineering/airflow/airflow_coresentiment_Data_pipeline/airflow/lib/python3.10/site-packages/airflow/example_dags/example_branch_operator_decorator.py took 0.159 seconds
[2024-11-20T04:08:16.753+0100] {processor.py:186} INFO - Started process (PID=254298) to work on /mnt/c/Users/zaina/Documents/Core_Data_Engineering/airflow/airflow_coresentiment_Data_pipeline/airflow/lib/python3.10/site-packages/airflow/example_dags/example_branch_operator_decorator.py
[2024-11-20T04:08:16.758+0100] {processor.py:914} INFO - Processing file /mnt/c/Users/zaina/Documents/Core_Data_Engineering/airflow/airflow_coresentiment_Data_pipeline/airflow/lib/python3.10/site-packages/airflow/example_dags/example_branch_operator_decorator.py for tasks to queue
[2024-11-20T04:08:16.764+0100] {logging_mixin.py:190} INFO - [2024-11-20T04:08:16.762+0100] {dagbag.py:588} INFO - Filling up the DagBag from /mnt/c/Users/zaina/Documents/Core_Data_Engineering/airflow/airflow_coresentiment_Data_pipeline/airflow/lib/python3.10/site-packages/airflow/example_dags/example_branch_operator_decorator.py
[2024-11-20T04:08:16.867+0100] {processor.py:927} WARNING - No viable dags retrieved from /mnt/c/Users/zaina/Documents/Core_Data_Engineering/airflow/airflow_coresentiment_Data_pipeline/airflow/lib/python3.10/site-packages/airflow/example_dags/example_branch_operator_decorator.py
[2024-11-20T04:08:16.900+0100] {processor.py:208} INFO - Processing /mnt/c/Users/zaina/Documents/Core_Data_Engineering/airflow/airflow_coresentiment_Data_pipeline/airflow/lib/python3.10/site-packages/airflow/example_dags/example_branch_operator_decorator.py took 0.169 seconds
[2024-11-20T04:11:59.723+0100] {processor.py:186} INFO - Started process (PID=254399) to work on /mnt/c/Users/zaina/Documents/Core_Data_Engineering/airflow/airflow_coresentiment_Data_pipeline/airflow/lib/python3.10/site-packages/airflow/example_dags/example_branch_operator_decorator.py
[2024-11-20T04:11:59.726+0100] {processor.py:914} INFO - Processing file /mnt/c/Users/zaina/Documents/Core_Data_Engineering/airflow/airflow_coresentiment_Data_pipeline/airflow/lib/python3.10/site-packages/airflow/example_dags/example_branch_operator_decorator.py for tasks to queue
[2024-11-20T04:11:59.732+0100] {logging_mixin.py:190} INFO - [2024-11-20T04:11:59.730+0100] {dagbag.py:588} INFO - Filling up the DagBag from /mnt/c/Users/zaina/Documents/Core_Data_Engineering/airflow/airflow_coresentiment_Data_pipeline/airflow/lib/python3.10/site-packages/airflow/example_dags/example_branch_operator_decorator.py
[2024-11-20T04:11:59.809+0100] {processor.py:927} WARNING - No viable dags retrieved from /mnt/c/Users/zaina/Documents/Core_Data_Engineering/airflow/airflow_coresentiment_Data_pipeline/airflow/lib/python3.10/site-packages/airflow/example_dags/example_branch_operator_decorator.py
[2024-11-20T04:11:59.832+0100] {processor.py:208} INFO - Processing /mnt/c/Users/zaina/Documents/Core_Data_Engineering/airflow/airflow_coresentiment_Data_pipeline/airflow/lib/python3.10/site-packages/airflow/example_dags/example_branch_operator_decorator.py took 0.126 seconds
[2024-11-20T04:16:49.555+0100] {processor.py:186} INFO - Started process (PID=254502) to work on /mnt/c/Users/zaina/Documents/Core_Data_Engineering/airflow/airflow_coresentiment_Data_pipeline/airflow/lib/python3.10/site-packages/airflow/example_dags/example_branch_operator_decorator.py
[2024-11-20T04:16:49.558+0100] {processor.py:914} INFO - Processing file /mnt/c/Users/zaina/Documents/Core_Data_Engineering/airflow/airflow_coresentiment_Data_pipeline/airflow/lib/python3.10/site-packages/airflow/example_dags/example_branch_operator_decorator.py for tasks to queue
[2024-11-20T04:16:49.563+0100] {logging_mixin.py:190} INFO - [2024-11-20T04:16:49.562+0100] {dagbag.py:588} INFO - Filling up the DagBag from /mnt/c/Users/zaina/Documents/Core_Data_Engineering/airflow/airflow_coresentiment_Data_pipeline/airflow/lib/python3.10/site-packages/airflow/example_dags/example_branch_operator_decorator.py
[2024-11-20T04:16:49.683+0100] {processor.py:927} WARNING - No viable dags retrieved from /mnt/c/Users/zaina/Documents/Core_Data_Engineering/airflow/airflow_coresentiment_Data_pipeline/airflow/lib/python3.10/site-packages/airflow/example_dags/example_branch_operator_decorator.py
[2024-11-20T04:16:49.707+0100] {processor.py:208} INFO - Processing /mnt/c/Users/zaina/Documents/Core_Data_Engineering/airflow/airflow_coresentiment_Data_pipeline/airflow/lib/python3.10/site-packages/airflow/example_dags/example_branch_operator_decorator.py took 0.169 seconds
[2024-11-20T04:18:57.897+0100] {processor.py:186} INFO - Started process (PID=254597) to work on /mnt/c/Users/zaina/Documents/Core_Data_Engineering/airflow/airflow_coresentiment_Data_pipeline/airflow/lib/python3.10/site-packages/airflow/example_dags/example_branch_operator_decorator.py
[2024-11-20T04:18:57.902+0100] {processor.py:914} INFO - Processing file /mnt/c/Users/zaina/Documents/Core_Data_Engineering/airflow/airflow_coresentiment_Data_pipeline/airflow/lib/python3.10/site-packages/airflow/example_dags/example_branch_operator_decorator.py for tasks to queue
[2024-11-20T04:18:57.910+0100] {logging_mixin.py:190} INFO - [2024-11-20T04:18:57.908+0100] {dagbag.py:588} INFO - Filling up the DagBag from /mnt/c/Users/zaina/Documents/Core_Data_Engineering/airflow/airflow_coresentiment_Data_pipeline/airflow/lib/python3.10/site-packages/airflow/example_dags/example_branch_operator_decorator.py
[2024-11-20T04:18:58.040+0100] {processor.py:927} WARNING - No viable dags retrieved from /mnt/c/Users/zaina/Documents/Core_Data_Engineering/airflow/airflow_coresentiment_Data_pipeline/airflow/lib/python3.10/site-packages/airflow/example_dags/example_branch_operator_decorator.py
[2024-11-20T04:18:58.066+0100] {processor.py:208} INFO - Processing /mnt/c/Users/zaina/Documents/Core_Data_Engineering/airflow/airflow_coresentiment_Data_pipeline/airflow/lib/python3.10/site-packages/airflow/example_dags/example_branch_operator_decorator.py took 0.188 seconds
[2024-11-20T04:21:02.971+0100] {processor.py:186} INFO - Started process (PID=254686) to work on /mnt/c/Users/zaina/Documents/Core_Data_Engineering/airflow/airflow_coresentiment_Data_pipeline/airflow/lib/python3.10/site-packages/airflow/example_dags/example_branch_operator_decorator.py
[2024-11-20T04:21:02.974+0100] {processor.py:914} INFO - Processing file /mnt/c/Users/zaina/Documents/Core_Data_Engineering/airflow/airflow_coresentiment_Data_pipeline/airflow/lib/python3.10/site-packages/airflow/example_dags/example_branch_operator_decorator.py for tasks to queue
[2024-11-20T04:21:02.978+0100] {logging_mixin.py:190} INFO - [2024-11-20T04:21:02.977+0100] {dagbag.py:588} INFO - Filling up the DagBag from /mnt/c/Users/zaina/Documents/Core_Data_Engineering/airflow/airflow_coresentiment_Data_pipeline/airflow/lib/python3.10/site-packages/airflow/example_dags/example_branch_operator_decorator.py
[2024-11-20T04:21:03.053+0100] {processor.py:927} WARNING - No viable dags retrieved from /mnt/c/Users/zaina/Documents/Core_Data_Engineering/airflow/airflow_coresentiment_Data_pipeline/airflow/lib/python3.10/site-packages/airflow/example_dags/example_branch_operator_decorator.py
[2024-11-20T04:21:03.077+0100] {processor.py:208} INFO - Processing /mnt/c/Users/zaina/Documents/Core_Data_Engineering/airflow/airflow_coresentiment_Data_pipeline/airflow/lib/python3.10/site-packages/airflow/example_dags/example_branch_operator_decorator.py took 0.122 seconds
[2024-11-20T04:23:00.460+0100] {processor.py:186} INFO - Started process (PID=254775) to work on /mnt/c/Users/zaina/Documents/Core_Data_Engineering/airflow/airflow_coresentiment_Data_pipeline/airflow/lib/python3.10/site-packages/airflow/example_dags/example_branch_operator_decorator.py
[2024-11-20T04:23:00.462+0100] {processor.py:914} INFO - Processing file /mnt/c/Users/zaina/Documents/Core_Data_Engineering/airflow/airflow_coresentiment_Data_pipeline/airflow/lib/python3.10/site-packages/airflow/example_dags/example_branch_operator_decorator.py for tasks to queue
[2024-11-20T04:23:00.467+0100] {logging_mixin.py:190} INFO - [2024-11-20T04:23:00.465+0100] {dagbag.py:588} INFO - Filling up the DagBag from /mnt/c/Users/zaina/Documents/Core_Data_Engineering/airflow/airflow_coresentiment_Data_pipeline/airflow/lib/python3.10/site-packages/airflow/example_dags/example_branch_operator_decorator.py
[2024-11-20T04:23:00.536+0100] {processor.py:927} WARNING - No viable dags retrieved from /mnt/c/Users/zaina/Documents/Core_Data_Engineering/airflow/airflow_coresentiment_Data_pipeline/airflow/lib/python3.10/site-packages/airflow/example_dags/example_branch_operator_decorator.py
[2024-11-20T04:23:00.556+0100] {processor.py:208} INFO - Processing /mnt/c/Users/zaina/Documents/Core_Data_Engineering/airflow/airflow_coresentiment_Data_pipeline/airflow/lib/python3.10/site-packages/airflow/example_dags/example_branch_operator_decorator.py took 0.108 seconds
[2024-11-20T04:27:16.754+0100] {processor.py:186} INFO - Started process (PID=254897) to work on /mnt/c/Users/zaina/Documents/Core_Data_Engineering/airflow/airflow_coresentiment_Data_pipeline/airflow/lib/python3.10/site-packages/airflow/example_dags/example_branch_operator_decorator.py
[2024-11-20T04:27:16.758+0100] {processor.py:914} INFO - Processing file /mnt/c/Users/zaina/Documents/Core_Data_Engineering/airflow/airflow_coresentiment_Data_pipeline/airflow/lib/python3.10/site-packages/airflow/example_dags/example_branch_operator_decorator.py for tasks to queue
[2024-11-20T04:27:16.765+0100] {logging_mixin.py:190} INFO - [2024-11-20T04:27:16.763+0100] {dagbag.py:588} INFO - Filling up the DagBag from /mnt/c/Users/zaina/Documents/Core_Data_Engineering/airflow/airflow_coresentiment_Data_pipeline/airflow/lib/python3.10/site-packages/airflow/example_dags/example_branch_operator_decorator.py
[2024-11-20T04:27:16.872+0100] {processor.py:927} WARNING - No viable dags retrieved from /mnt/c/Users/zaina/Documents/Core_Data_Engineering/airflow/airflow_coresentiment_Data_pipeline/airflow/lib/python3.10/site-packages/airflow/example_dags/example_branch_operator_decorator.py
[2024-11-20T04:27:16.906+0100] {processor.py:208} INFO - Processing /mnt/c/Users/zaina/Documents/Core_Data_Engineering/airflow/airflow_coresentiment_Data_pipeline/airflow/lib/python3.10/site-packages/airflow/example_dags/example_branch_operator_decorator.py took 0.171 seconds
[2024-11-20T04:29:25.645+0100] {processor.py:186} INFO - Started process (PID=254996) to work on /mnt/c/Users/zaina/Documents/Core_Data_Engineering/airflow/airflow_coresentiment_Data_pipeline/airflow/lib/python3.10/site-packages/airflow/example_dags/example_branch_operator_decorator.py
[2024-11-20T04:29:25.650+0100] {processor.py:914} INFO - Processing file /mnt/c/Users/zaina/Documents/Core_Data_Engineering/airflow/airflow_coresentiment_Data_pipeline/airflow/lib/python3.10/site-packages/airflow/example_dags/example_branch_operator_decorator.py for tasks to queue
[2024-11-20T04:29:25.656+0100] {logging_mixin.py:190} INFO - [2024-11-20T04:29:25.654+0100] {dagbag.py:588} INFO - Filling up the DagBag from /mnt/c/Users/zaina/Documents/Core_Data_Engineering/airflow/airflow_coresentiment_Data_pipeline/airflow/lib/python3.10/site-packages/airflow/example_dags/example_branch_operator_decorator.py
[2024-11-20T04:29:25.770+0100] {processor.py:927} WARNING - No viable dags retrieved from /mnt/c/Users/zaina/Documents/Core_Data_Engineering/airflow/airflow_coresentiment_Data_pipeline/airflow/lib/python3.10/site-packages/airflow/example_dags/example_branch_operator_decorator.py
[2024-11-20T04:29:25.797+0100] {processor.py:208} INFO - Processing /mnt/c/Users/zaina/Documents/Core_Data_Engineering/airflow/airflow_coresentiment_Data_pipeline/airflow/lib/python3.10/site-packages/airflow/example_dags/example_branch_operator_decorator.py took 0.176 seconds
[2024-11-20T04:37:21.215+0100] {processor.py:186} INFO - Started process (PID=255197) to work on /mnt/c/Users/zaina/Documents/Core_Data_Engineering/airflow/airflow_coresentiment_Data_pipeline/airflow/lib/python3.10/site-packages/airflow/example_dags/example_branch_operator_decorator.py
[2024-11-20T04:37:21.220+0100] {processor.py:914} INFO - Processing file /mnt/c/Users/zaina/Documents/Core_Data_Engineering/airflow/airflow_coresentiment_Data_pipeline/airflow/lib/python3.10/site-packages/airflow/example_dags/example_branch_operator_decorator.py for tasks to queue
[2024-11-20T04:37:21.226+0100] {logging_mixin.py:190} INFO - [2024-11-20T04:37:21.225+0100] {dagbag.py:588} INFO - Filling up the DagBag from /mnt/c/Users/zaina/Documents/Core_Data_Engineering/airflow/airflow_coresentiment_Data_pipeline/airflow/lib/python3.10/site-packages/airflow/example_dags/example_branch_operator_decorator.py
[2024-11-20T04:37:21.323+0100] {processor.py:927} WARNING - No viable dags retrieved from /mnt/c/Users/zaina/Documents/Core_Data_Engineering/airflow/airflow_coresentiment_Data_pipeline/airflow/lib/python3.10/site-packages/airflow/example_dags/example_branch_operator_decorator.py
[2024-11-20T04:37:21.361+0100] {processor.py:208} INFO - Processing /mnt/c/Users/zaina/Documents/Core_Data_Engineering/airflow/airflow_coresentiment_Data_pipeline/airflow/lib/python3.10/site-packages/airflow/example_dags/example_branch_operator_decorator.py took 0.164 seconds
[2024-11-20T04:56:27.832+0100] {processor.py:186} INFO - Started process (PID=255466) to work on /mnt/c/Users/zaina/Documents/Core_Data_Engineering/airflow/airflow_coresentiment_Data_pipeline/airflow/lib/python3.10/site-packages/airflow/example_dags/example_branch_operator_decorator.py
[2024-11-20T04:56:27.835+0100] {processor.py:914} INFO - Processing file /mnt/c/Users/zaina/Documents/Core_Data_Engineering/airflow/airflow_coresentiment_Data_pipeline/airflow/lib/python3.10/site-packages/airflow/example_dags/example_branch_operator_decorator.py for tasks to queue
[2024-11-20T04:56:27.840+0100] {logging_mixin.py:190} INFO - [2024-11-20T04:56:27.838+0100] {dagbag.py:588} INFO - Filling up the DagBag from /mnt/c/Users/zaina/Documents/Core_Data_Engineering/airflow/airflow_coresentiment_Data_pipeline/airflow/lib/python3.10/site-packages/airflow/example_dags/example_branch_operator_decorator.py
[2024-11-20T04:56:27.973+0100] {processor.py:927} WARNING - No viable dags retrieved from /mnt/c/Users/zaina/Documents/Core_Data_Engineering/airflow/airflow_coresentiment_Data_pipeline/airflow/lib/python3.10/site-packages/airflow/example_dags/example_branch_operator_decorator.py
[2024-11-20T04:56:28.108+0100] {processor.py:208} INFO - Processing /mnt/c/Users/zaina/Documents/Core_Data_Engineering/airflow/airflow_coresentiment_Data_pipeline/airflow/lib/python3.10/site-packages/airflow/example_dags/example_branch_operator_decorator.py took 0.298 seconds
[2024-11-20T04:58:32.351+0100] {processor.py:186} INFO - Started process (PID=255555) to work on /mnt/c/Users/zaina/Documents/Core_Data_Engineering/airflow/airflow_coresentiment_Data_pipeline/airflow/lib/python3.10/site-packages/airflow/example_dags/example_branch_operator_decorator.py
[2024-11-20T04:58:32.354+0100] {processor.py:914} INFO - Processing file /mnt/c/Users/zaina/Documents/Core_Data_Engineering/airflow/airflow_coresentiment_Data_pipeline/airflow/lib/python3.10/site-packages/airflow/example_dags/example_branch_operator_decorator.py for tasks to queue
[2024-11-20T04:58:32.359+0100] {logging_mixin.py:190} INFO - [2024-11-20T04:58:32.358+0100] {dagbag.py:588} INFO - Filling up the DagBag from /mnt/c/Users/zaina/Documents/Core_Data_Engineering/airflow/airflow_coresentiment_Data_pipeline/airflow/lib/python3.10/site-packages/airflow/example_dags/example_branch_operator_decorator.py
[2024-11-20T04:58:32.443+0100] {processor.py:927} WARNING - No viable dags retrieved from /mnt/c/Users/zaina/Documents/Core_Data_Engineering/airflow/airflow_coresentiment_Data_pipeline/airflow/lib/python3.10/site-packages/airflow/example_dags/example_branch_operator_decorator.py
[2024-11-20T04:58:32.468+0100] {processor.py:208} INFO - Processing /mnt/c/Users/zaina/Documents/Core_Data_Engineering/airflow/airflow_coresentiment_Data_pipeline/airflow/lib/python3.10/site-packages/airflow/example_dags/example_branch_operator_decorator.py took 0.135 seconds
[2024-11-20T05:00:39.813+0100] {processor.py:186} INFO - Started process (PID=255647) to work on /mnt/c/Users/zaina/Documents/Core_Data_Engineering/airflow/airflow_coresentiment_Data_pipeline/airflow/lib/python3.10/site-packages/airflow/example_dags/example_branch_operator_decorator.py
[2024-11-20T05:00:39.815+0100] {processor.py:914} INFO - Processing file /mnt/c/Users/zaina/Documents/Core_Data_Engineering/airflow/airflow_coresentiment_Data_pipeline/airflow/lib/python3.10/site-packages/airflow/example_dags/example_branch_operator_decorator.py for tasks to queue
[2024-11-20T05:00:39.819+0100] {logging_mixin.py:190} INFO - [2024-11-20T05:00:39.818+0100] {dagbag.py:588} INFO - Filling up the DagBag from /mnt/c/Users/zaina/Documents/Core_Data_Engineering/airflow/airflow_coresentiment_Data_pipeline/airflow/lib/python3.10/site-packages/airflow/example_dags/example_branch_operator_decorator.py
[2024-11-20T05:00:39.884+0100] {processor.py:927} WARNING - No viable dags retrieved from /mnt/c/Users/zaina/Documents/Core_Data_Engineering/airflow/airflow_coresentiment_Data_pipeline/airflow/lib/python3.10/site-packages/airflow/example_dags/example_branch_operator_decorator.py
[2024-11-20T05:00:39.910+0100] {processor.py:208} INFO - Processing /mnt/c/Users/zaina/Documents/Core_Data_Engineering/airflow/airflow_coresentiment_Data_pipeline/airflow/lib/python3.10/site-packages/airflow/example_dags/example_branch_operator_decorator.py took 0.109 seconds
[2024-11-20T05:02:37.335+0100] {processor.py:186} INFO - Started process (PID=255735) to work on /mnt/c/Users/zaina/Documents/Core_Data_Engineering/airflow/airflow_coresentiment_Data_pipeline/airflow/lib/python3.10/site-packages/airflow/example_dags/example_branch_operator_decorator.py
[2024-11-20T05:02:37.342+0100] {processor.py:914} INFO - Processing file /mnt/c/Users/zaina/Documents/Core_Data_Engineering/airflow/airflow_coresentiment_Data_pipeline/airflow/lib/python3.10/site-packages/airflow/example_dags/example_branch_operator_decorator.py for tasks to queue
[2024-11-20T05:02:37.355+0100] {logging_mixin.py:190} INFO - [2024-11-20T05:02:37.352+0100] {dagbag.py:588} INFO - Filling up the DagBag from /mnt/c/Users/zaina/Documents/Core_Data_Engineering/airflow/airflow_coresentiment_Data_pipeline/airflow/lib/python3.10/site-packages/airflow/example_dags/example_branch_operator_decorator.py
[2024-11-20T05:02:37.512+0100] {processor.py:927} WARNING - No viable dags retrieved from /mnt/c/Users/zaina/Documents/Core_Data_Engineering/airflow/airflow_coresentiment_Data_pipeline/airflow/lib/python3.10/site-packages/airflow/example_dags/example_branch_operator_decorator.py
[2024-11-20T05:02:37.542+0100] {processor.py:208} INFO - Processing /mnt/c/Users/zaina/Documents/Core_Data_Engineering/airflow/airflow_coresentiment_Data_pipeline/airflow/lib/python3.10/site-packages/airflow/example_dags/example_branch_operator_decorator.py took 0.233 seconds
