[2024-11-20T01:27:40.228+0100] {processor.py:186} INFO - Started process (PID=249046) to work on /mnt/c/Users/zaina/Documents/Core_Data_Engineering/airflow/airflow_coresentiment_Data_pipeline/airflow/lib/python3.10/site-packages/airflow/example_dags/example_branch_operator.py
[2024-11-20T01:27:40.230+0100] {processor.py:914} INFO - Processing file /mnt/c/Users/zaina/Documents/Core_Data_Engineering/airflow/airflow_coresentiment_Data_pipeline/airflow/lib/python3.10/site-packages/airflow/example_dags/example_branch_operator.py for tasks to queue
[2024-11-20T01:27:40.234+0100] {logging_mixin.py:190} INFO - [2024-11-20T01:27:40.233+0100] {dagbag.py:588} INFO - Filling up the DagBag from /mnt/c/Users/zaina/Documents/Core_Data_Engineering/airflow/airflow_coresentiment_Data_pipeline/airflow/lib/python3.10/site-packages/airflow/example_dags/example_branch_operator.py
[2024-11-20T01:27:40.315+0100] {processor.py:927} WARNING - No viable dags retrieved from /mnt/c/Users/zaina/Documents/Core_Data_Engineering/airflow/airflow_coresentiment_Data_pipeline/airflow/lib/python3.10/site-packages/airflow/example_dags/example_branch_operator.py
[2024-11-20T01:27:40.336+0100] {processor.py:208} INFO - Processing /mnt/c/Users/zaina/Documents/Core_Data_Engineering/airflow/airflow_coresentiment_Data_pipeline/airflow/lib/python3.10/site-packages/airflow/example_dags/example_branch_operator.py took 0.125 seconds
[2024-11-20T01:29:46.196+0100] {processor.py:186} INFO - Started process (PID=249137) to work on /mnt/c/Users/zaina/Documents/Core_Data_Engineering/airflow/airflow_coresentiment_Data_pipeline/airflow/lib/python3.10/site-packages/airflow/example_dags/example_branch_operator.py
[2024-11-20T01:29:46.200+0100] {processor.py:914} INFO - Processing file /mnt/c/Users/zaina/Documents/Core_Data_Engineering/airflow/airflow_coresentiment_Data_pipeline/airflow/lib/python3.10/site-packages/airflow/example_dags/example_branch_operator.py for tasks to queue
[2024-11-20T01:29:46.212+0100] {logging_mixin.py:190} INFO - [2024-11-20T01:29:46.209+0100] {dagbag.py:588} INFO - Filling up the DagBag from /mnt/c/Users/zaina/Documents/Core_Data_Engineering/airflow/airflow_coresentiment_Data_pipeline/airflow/lib/python3.10/site-packages/airflow/example_dags/example_branch_operator.py
[2024-11-20T01:29:46.351+0100] {processor.py:927} WARNING - No viable dags retrieved from /mnt/c/Users/zaina/Documents/Core_Data_Engineering/airflow/airflow_coresentiment_Data_pipeline/airflow/lib/python3.10/site-packages/airflow/example_dags/example_branch_operator.py
[2024-11-20T01:29:46.389+0100] {processor.py:208} INFO - Processing /mnt/c/Users/zaina/Documents/Core_Data_Engineering/airflow/airflow_coresentiment_Data_pipeline/airflow/lib/python3.10/site-packages/airflow/example_dags/example_branch_operator.py took 0.238 seconds
[2024-11-20T01:31:53.635+0100] {processor.py:186} INFO - Started process (PID=249231) to work on /mnt/c/Users/zaina/Documents/Core_Data_Engineering/airflow/airflow_coresentiment_Data_pipeline/airflow/lib/python3.10/site-packages/airflow/example_dags/example_branch_operator.py
[2024-11-20T01:31:53.640+0100] {processor.py:914} INFO - Processing file /mnt/c/Users/zaina/Documents/Core_Data_Engineering/airflow/airflow_coresentiment_Data_pipeline/airflow/lib/python3.10/site-packages/airflow/example_dags/example_branch_operator.py for tasks to queue
[2024-11-20T01:31:53.650+0100] {logging_mixin.py:190} INFO - [2024-11-20T01:31:53.647+0100] {dagbag.py:588} INFO - Filling up the DagBag from /mnt/c/Users/zaina/Documents/Core_Data_Engineering/airflow/airflow_coresentiment_Data_pipeline/airflow/lib/python3.10/site-packages/airflow/example_dags/example_branch_operator.py
[2024-11-20T01:31:53.786+0100] {processor.py:927} WARNING - No viable dags retrieved from /mnt/c/Users/zaina/Documents/Core_Data_Engineering/airflow/airflow_coresentiment_Data_pipeline/airflow/lib/python3.10/site-packages/airflow/example_dags/example_branch_operator.py
[2024-11-20T01:31:53.830+0100] {processor.py:208} INFO - Processing /mnt/c/Users/zaina/Documents/Core_Data_Engineering/airflow/airflow_coresentiment_Data_pipeline/airflow/lib/python3.10/site-packages/airflow/example_dags/example_branch_operator.py took 0.221 seconds
[2024-11-20T01:33:54.687+0100] {processor.py:186} INFO - Started process (PID=249319) to work on /mnt/c/Users/zaina/Documents/Core_Data_Engineering/airflow/airflow_coresentiment_Data_pipeline/airflow/lib/python3.10/site-packages/airflow/example_dags/example_branch_operator.py
[2024-11-20T01:33:54.690+0100] {processor.py:914} INFO - Processing file /mnt/c/Users/zaina/Documents/Core_Data_Engineering/airflow/airflow_coresentiment_Data_pipeline/airflow/lib/python3.10/site-packages/airflow/example_dags/example_branch_operator.py for tasks to queue
[2024-11-20T01:33:54.697+0100] {logging_mixin.py:190} INFO - [2024-11-20T01:33:54.693+0100] {dagbag.py:588} INFO - Filling up the DagBag from /mnt/c/Users/zaina/Documents/Core_Data_Engineering/airflow/airflow_coresentiment_Data_pipeline/airflow/lib/python3.10/site-packages/airflow/example_dags/example_branch_operator.py
[2024-11-20T01:33:54.802+0100] {processor.py:927} WARNING - No viable dags retrieved from /mnt/c/Users/zaina/Documents/Core_Data_Engineering/airflow/airflow_coresentiment_Data_pipeline/airflow/lib/python3.10/site-packages/airflow/example_dags/example_branch_operator.py
[2024-11-20T01:33:54.831+0100] {processor.py:208} INFO - Processing /mnt/c/Users/zaina/Documents/Core_Data_Engineering/airflow/airflow_coresentiment_Data_pipeline/airflow/lib/python3.10/site-packages/airflow/example_dags/example_branch_operator.py took 0.165 seconds
[2024-11-20T01:36:03.676+0100] {processor.py:186} INFO - Started process (PID=249412) to work on /mnt/c/Users/zaina/Documents/Core_Data_Engineering/airflow/airflow_coresentiment_Data_pipeline/airflow/lib/python3.10/site-packages/airflow/example_dags/example_branch_operator.py
[2024-11-20T01:36:03.679+0100] {processor.py:914} INFO - Processing file /mnt/c/Users/zaina/Documents/Core_Data_Engineering/airflow/airflow_coresentiment_Data_pipeline/airflow/lib/python3.10/site-packages/airflow/example_dags/example_branch_operator.py for tasks to queue
[2024-11-20T01:36:03.684+0100] {logging_mixin.py:190} INFO - [2024-11-20T01:36:03.682+0100] {dagbag.py:588} INFO - Filling up the DagBag from /mnt/c/Users/zaina/Documents/Core_Data_Engineering/airflow/airflow_coresentiment_Data_pipeline/airflow/lib/python3.10/site-packages/airflow/example_dags/example_branch_operator.py
[2024-11-20T01:36:03.816+0100] {processor.py:927} WARNING - No viable dags retrieved from /mnt/c/Users/zaina/Documents/Core_Data_Engineering/airflow/airflow_coresentiment_Data_pipeline/airflow/lib/python3.10/site-packages/airflow/example_dags/example_branch_operator.py
[2024-11-20T01:36:03.848+0100] {processor.py:208} INFO - Processing /mnt/c/Users/zaina/Documents/Core_Data_Engineering/airflow/airflow_coresentiment_Data_pipeline/airflow/lib/python3.10/site-packages/airflow/example_dags/example_branch_operator.py took 0.187 seconds
[2024-11-20T01:38:03.732+0100] {processor.py:186} INFO - Started process (PID=249502) to work on /mnt/c/Users/zaina/Documents/Core_Data_Engineering/airflow/airflow_coresentiment_Data_pipeline/airflow/lib/python3.10/site-packages/airflow/example_dags/example_branch_operator.py
[2024-11-20T01:38:03.791+0100] {processor.py:914} INFO - Processing file /mnt/c/Users/zaina/Documents/Core_Data_Engineering/airflow/airflow_coresentiment_Data_pipeline/airflow/lib/python3.10/site-packages/airflow/example_dags/example_branch_operator.py for tasks to queue
[2024-11-20T01:38:03.800+0100] {logging_mixin.py:190} INFO - [2024-11-20T01:38:03.797+0100] {dagbag.py:588} INFO - Filling up the DagBag from /mnt/c/Users/zaina/Documents/Core_Data_Engineering/airflow/airflow_coresentiment_Data_pipeline/airflow/lib/python3.10/site-packages/airflow/example_dags/example_branch_operator.py
[2024-11-20T01:38:03.862+0100] {processor.py:927} WARNING - No viable dags retrieved from /mnt/c/Users/zaina/Documents/Core_Data_Engineering/airflow/airflow_coresentiment_Data_pipeline/airflow/lib/python3.10/site-packages/airflow/example_dags/example_branch_operator.py
[2024-11-20T01:38:03.878+0100] {processor.py:208} INFO - Processing /mnt/c/Users/zaina/Documents/Core_Data_Engineering/airflow/airflow_coresentiment_Data_pipeline/airflow/lib/python3.10/site-packages/airflow/example_dags/example_branch_operator.py took 0.160 seconds
[2024-11-20T01:40:03.271+0100] {processor.py:186} INFO - Started process (PID=249592) to work on /mnt/c/Users/zaina/Documents/Core_Data_Engineering/airflow/airflow_coresentiment_Data_pipeline/airflow/lib/python3.10/site-packages/airflow/example_dags/example_branch_operator.py
[2024-11-20T01:40:03.274+0100] {processor.py:914} INFO - Processing file /mnt/c/Users/zaina/Documents/Core_Data_Engineering/airflow/airflow_coresentiment_Data_pipeline/airflow/lib/python3.10/site-packages/airflow/example_dags/example_branch_operator.py for tasks to queue
[2024-11-20T01:40:03.279+0100] {logging_mixin.py:190} INFO - [2024-11-20T01:40:03.277+0100] {dagbag.py:588} INFO - Filling up the DagBag from /mnt/c/Users/zaina/Documents/Core_Data_Engineering/airflow/airflow_coresentiment_Data_pipeline/airflow/lib/python3.10/site-packages/airflow/example_dags/example_branch_operator.py
[2024-11-20T01:40:03.352+0100] {processor.py:927} WARNING - No viable dags retrieved from /mnt/c/Users/zaina/Documents/Core_Data_Engineering/airflow/airflow_coresentiment_Data_pipeline/airflow/lib/python3.10/site-packages/airflow/example_dags/example_branch_operator.py
[2024-11-20T01:40:03.417+0100] {processor.py:208} INFO - Processing /mnt/c/Users/zaina/Documents/Core_Data_Engineering/airflow/airflow_coresentiment_Data_pipeline/airflow/lib/python3.10/site-packages/airflow/example_dags/example_branch_operator.py took 0.163 seconds
[2024-11-20T01:42:14.709+0100] {processor.py:186} INFO - Started process (PID=249686) to work on /mnt/c/Users/zaina/Documents/Core_Data_Engineering/airflow/airflow_coresentiment_Data_pipeline/airflow/lib/python3.10/site-packages/airflow/example_dags/example_branch_operator.py
[2024-11-20T01:42:14.711+0100] {processor.py:914} INFO - Processing file /mnt/c/Users/zaina/Documents/Core_Data_Engineering/airflow/airflow_coresentiment_Data_pipeline/airflow/lib/python3.10/site-packages/airflow/example_dags/example_branch_operator.py for tasks to queue
[2024-11-20T01:42:14.715+0100] {logging_mixin.py:190} INFO - [2024-11-20T01:42:14.714+0100] {dagbag.py:588} INFO - Filling up the DagBag from /mnt/c/Users/zaina/Documents/Core_Data_Engineering/airflow/airflow_coresentiment_Data_pipeline/airflow/lib/python3.10/site-packages/airflow/example_dags/example_branch_operator.py
[2024-11-20T01:42:14.771+0100] {processor.py:927} WARNING - No viable dags retrieved from /mnt/c/Users/zaina/Documents/Core_Data_Engineering/airflow/airflow_coresentiment_Data_pipeline/airflow/lib/python3.10/site-packages/airflow/example_dags/example_branch_operator.py
[2024-11-20T01:42:14.791+0100] {processor.py:208} INFO - Processing /mnt/c/Users/zaina/Documents/Core_Data_Engineering/airflow/airflow_coresentiment_Data_pipeline/airflow/lib/python3.10/site-packages/airflow/example_dags/example_branch_operator.py took 0.093 seconds
[2024-11-20T01:44:16.145+0100] {processor.py:186} INFO - Started process (PID=249773) to work on /mnt/c/Users/zaina/Documents/Core_Data_Engineering/airflow/airflow_coresentiment_Data_pipeline/airflow/lib/python3.10/site-packages/airflow/example_dags/example_branch_operator.py
[2024-11-20T01:44:16.148+0100] {processor.py:914} INFO - Processing file /mnt/c/Users/zaina/Documents/Core_Data_Engineering/airflow/airflow_coresentiment_Data_pipeline/airflow/lib/python3.10/site-packages/airflow/example_dags/example_branch_operator.py for tasks to queue
[2024-11-20T01:44:16.153+0100] {logging_mixin.py:190} INFO - [2024-11-20T01:44:16.151+0100] {dagbag.py:588} INFO - Filling up the DagBag from /mnt/c/Users/zaina/Documents/Core_Data_Engineering/airflow/airflow_coresentiment_Data_pipeline/airflow/lib/python3.10/site-packages/airflow/example_dags/example_branch_operator.py
[2024-11-20T01:44:16.219+0100] {processor.py:927} WARNING - No viable dags retrieved from /mnt/c/Users/zaina/Documents/Core_Data_Engineering/airflow/airflow_coresentiment_Data_pipeline/airflow/lib/python3.10/site-packages/airflow/example_dags/example_branch_operator.py
[2024-11-20T01:44:16.241+0100] {processor.py:208} INFO - Processing /mnt/c/Users/zaina/Documents/Core_Data_Engineering/airflow/airflow_coresentiment_Data_pipeline/airflow/lib/python3.10/site-packages/airflow/example_dags/example_branch_operator.py took 0.109 seconds
[2024-11-20T01:46:23.359+0100] {processor.py:186} INFO - Started process (PID=249865) to work on /mnt/c/Users/zaina/Documents/Core_Data_Engineering/airflow/airflow_coresentiment_Data_pipeline/airflow/lib/python3.10/site-packages/airflow/example_dags/example_branch_operator.py
[2024-11-20T01:46:23.362+0100] {processor.py:914} INFO - Processing file /mnt/c/Users/zaina/Documents/Core_Data_Engineering/airflow/airflow_coresentiment_Data_pipeline/airflow/lib/python3.10/site-packages/airflow/example_dags/example_branch_operator.py for tasks to queue
[2024-11-20T01:46:23.366+0100] {logging_mixin.py:190} INFO - [2024-11-20T01:46:23.365+0100] {dagbag.py:588} INFO - Filling up the DagBag from /mnt/c/Users/zaina/Documents/Core_Data_Engineering/airflow/airflow_coresentiment_Data_pipeline/airflow/lib/python3.10/site-packages/airflow/example_dags/example_branch_operator.py
[2024-11-20T01:46:23.436+0100] {processor.py:927} WARNING - No viable dags retrieved from /mnt/c/Users/zaina/Documents/Core_Data_Engineering/airflow/airflow_coresentiment_Data_pipeline/airflow/lib/python3.10/site-packages/airflow/example_dags/example_branch_operator.py
[2024-11-20T01:46:23.459+0100] {processor.py:208} INFO - Processing /mnt/c/Users/zaina/Documents/Core_Data_Engineering/airflow/airflow_coresentiment_Data_pipeline/airflow/lib/python3.10/site-packages/airflow/example_dags/example_branch_operator.py took 0.115 seconds
[2024-11-20T01:48:33.584+0100] {processor.py:186} INFO - Started process (PID=249957) to work on /mnt/c/Users/zaina/Documents/Core_Data_Engineering/airflow/airflow_coresentiment_Data_pipeline/airflow/lib/python3.10/site-packages/airflow/example_dags/example_branch_operator.py
[2024-11-20T01:48:33.590+0100] {processor.py:914} INFO - Processing file /mnt/c/Users/zaina/Documents/Core_Data_Engineering/airflow/airflow_coresentiment_Data_pipeline/airflow/lib/python3.10/site-packages/airflow/example_dags/example_branch_operator.py for tasks to queue
[2024-11-20T01:48:33.597+0100] {logging_mixin.py:190} INFO - [2024-11-20T01:48:33.594+0100] {dagbag.py:588} INFO - Filling up the DagBag from /mnt/c/Users/zaina/Documents/Core_Data_Engineering/airflow/airflow_coresentiment_Data_pipeline/airflow/lib/python3.10/site-packages/airflow/example_dags/example_branch_operator.py
[2024-11-20T01:48:33.693+0100] {processor.py:927} WARNING - No viable dags retrieved from /mnt/c/Users/zaina/Documents/Core_Data_Engineering/airflow/airflow_coresentiment_Data_pipeline/airflow/lib/python3.10/site-packages/airflow/example_dags/example_branch_operator.py
[2024-11-20T01:48:33.717+0100] {processor.py:208} INFO - Processing /mnt/c/Users/zaina/Documents/Core_Data_Engineering/airflow/airflow_coresentiment_Data_pipeline/airflow/lib/python3.10/site-packages/airflow/example_dags/example_branch_operator.py took 0.149 seconds
[2024-11-20T01:50:32.406+0100] {processor.py:186} INFO - Started process (PID=250044) to work on /mnt/c/Users/zaina/Documents/Core_Data_Engineering/airflow/airflow_coresentiment_Data_pipeline/airflow/lib/python3.10/site-packages/airflow/example_dags/example_branch_operator.py
[2024-11-20T01:50:32.409+0100] {processor.py:914} INFO - Processing file /mnt/c/Users/zaina/Documents/Core_Data_Engineering/airflow/airflow_coresentiment_Data_pipeline/airflow/lib/python3.10/site-packages/airflow/example_dags/example_branch_operator.py for tasks to queue
[2024-11-20T01:50:32.414+0100] {logging_mixin.py:190} INFO - [2024-11-20T01:50:32.412+0100] {dagbag.py:588} INFO - Filling up the DagBag from /mnt/c/Users/zaina/Documents/Core_Data_Engineering/airflow/airflow_coresentiment_Data_pipeline/airflow/lib/python3.10/site-packages/airflow/example_dags/example_branch_operator.py
[2024-11-20T01:50:32.490+0100] {processor.py:927} WARNING - No viable dags retrieved from /mnt/c/Users/zaina/Documents/Core_Data_Engineering/airflow/airflow_coresentiment_Data_pipeline/airflow/lib/python3.10/site-packages/airflow/example_dags/example_branch_operator.py
[2024-11-20T01:50:32.519+0100] {processor.py:208} INFO - Processing /mnt/c/Users/zaina/Documents/Core_Data_Engineering/airflow/airflow_coresentiment_Data_pipeline/airflow/lib/python3.10/site-packages/airflow/example_dags/example_branch_operator.py took 0.128 seconds
[2024-11-20T01:52:43.421+0100] {processor.py:186} INFO - Started process (PID=250162) to work on /mnt/c/Users/zaina/Documents/Core_Data_Engineering/airflow/airflow_coresentiment_Data_pipeline/airflow/lib/python3.10/site-packages/airflow/example_dags/example_branch_operator.py
[2024-11-20T01:52:43.423+0100] {processor.py:914} INFO - Processing file /mnt/c/Users/zaina/Documents/Core_Data_Engineering/airflow/airflow_coresentiment_Data_pipeline/airflow/lib/python3.10/site-packages/airflow/example_dags/example_branch_operator.py for tasks to queue
[2024-11-20T01:52:43.427+0100] {logging_mixin.py:190} INFO - [2024-11-20T01:52:43.426+0100] {dagbag.py:588} INFO - Filling up the DagBag from /mnt/c/Users/zaina/Documents/Core_Data_Engineering/airflow/airflow_coresentiment_Data_pipeline/airflow/lib/python3.10/site-packages/airflow/example_dags/example_branch_operator.py
[2024-11-20T01:52:43.532+0100] {processor.py:927} WARNING - No viable dags retrieved from /mnt/c/Users/zaina/Documents/Core_Data_Engineering/airflow/airflow_coresentiment_Data_pipeline/airflow/lib/python3.10/site-packages/airflow/example_dags/example_branch_operator.py
[2024-11-20T01:52:43.561+0100] {processor.py:208} INFO - Processing /mnt/c/Users/zaina/Documents/Core_Data_Engineering/airflow/airflow_coresentiment_Data_pipeline/airflow/lib/python3.10/site-packages/airflow/example_dags/example_branch_operator.py took 0.157 seconds
[2024-11-20T01:54:50.448+0100] {processor.py:186} INFO - Started process (PID=250255) to work on /mnt/c/Users/zaina/Documents/Core_Data_Engineering/airflow/airflow_coresentiment_Data_pipeline/airflow/lib/python3.10/site-packages/airflow/example_dags/example_branch_operator.py
[2024-11-20T01:54:50.484+0100] {processor.py:914} INFO - Processing file /mnt/c/Users/zaina/Documents/Core_Data_Engineering/airflow/airflow_coresentiment_Data_pipeline/airflow/lib/python3.10/site-packages/airflow/example_dags/example_branch_operator.py for tasks to queue
[2024-11-20T01:54:50.493+0100] {logging_mixin.py:190} INFO - [2024-11-20T01:54:50.490+0100] {dagbag.py:588} INFO - Filling up the DagBag from /mnt/c/Users/zaina/Documents/Core_Data_Engineering/airflow/airflow_coresentiment_Data_pipeline/airflow/lib/python3.10/site-packages/airflow/example_dags/example_branch_operator.py
[2024-11-20T01:54:50.615+0100] {processor.py:927} WARNING - No viable dags retrieved from /mnt/c/Users/zaina/Documents/Core_Data_Engineering/airflow/airflow_coresentiment_Data_pipeline/airflow/lib/python3.10/site-packages/airflow/example_dags/example_branch_operator.py
[2024-11-20T01:54:50.638+0100] {processor.py:208} INFO - Processing /mnt/c/Users/zaina/Documents/Core_Data_Engineering/airflow/airflow_coresentiment_Data_pipeline/airflow/lib/python3.10/site-packages/airflow/example_dags/example_branch_operator.py took 0.212 seconds
[2024-11-20T01:57:00.240+0100] {processor.py:186} INFO - Started process (PID=250349) to work on /mnt/c/Users/zaina/Documents/Core_Data_Engineering/airflow/airflow_coresentiment_Data_pipeline/airflow/lib/python3.10/site-packages/airflow/example_dags/example_branch_operator.py
[2024-11-20T01:57:00.256+0100] {processor.py:914} INFO - Processing file /mnt/c/Users/zaina/Documents/Core_Data_Engineering/airflow/airflow_coresentiment_Data_pipeline/airflow/lib/python3.10/site-packages/airflow/example_dags/example_branch_operator.py for tasks to queue
[2024-11-20T01:57:00.270+0100] {logging_mixin.py:190} INFO - [2024-11-20T01:57:00.266+0100] {dagbag.py:588} INFO - Filling up the DagBag from /mnt/c/Users/zaina/Documents/Core_Data_Engineering/airflow/airflow_coresentiment_Data_pipeline/airflow/lib/python3.10/site-packages/airflow/example_dags/example_branch_operator.py
[2024-11-20T01:57:00.333+0100] {processor.py:927} WARNING - No viable dags retrieved from /mnt/c/Users/zaina/Documents/Core_Data_Engineering/airflow/airflow_coresentiment_Data_pipeline/airflow/lib/python3.10/site-packages/airflow/example_dags/example_branch_operator.py
[2024-11-20T01:57:00.434+0100] {processor.py:208} INFO - Processing /mnt/c/Users/zaina/Documents/Core_Data_Engineering/airflow/airflow_coresentiment_Data_pipeline/airflow/lib/python3.10/site-packages/airflow/example_dags/example_branch_operator.py took 0.214 seconds
[2024-11-20T01:59:06.178+0100] {processor.py:186} INFO - Started process (PID=250440) to work on /mnt/c/Users/zaina/Documents/Core_Data_Engineering/airflow/airflow_coresentiment_Data_pipeline/airflow/lib/python3.10/site-packages/airflow/example_dags/example_branch_operator.py
[2024-11-20T01:59:06.180+0100] {processor.py:914} INFO - Processing file /mnt/c/Users/zaina/Documents/Core_Data_Engineering/airflow/airflow_coresentiment_Data_pipeline/airflow/lib/python3.10/site-packages/airflow/example_dags/example_branch_operator.py for tasks to queue
[2024-11-20T01:59:06.185+0100] {logging_mixin.py:190} INFO - [2024-11-20T01:59:06.183+0100] {dagbag.py:588} INFO - Filling up the DagBag from /mnt/c/Users/zaina/Documents/Core_Data_Engineering/airflow/airflow_coresentiment_Data_pipeline/airflow/lib/python3.10/site-packages/airflow/example_dags/example_branch_operator.py
[2024-11-20T01:59:06.270+0100] {processor.py:927} WARNING - No viable dags retrieved from /mnt/c/Users/zaina/Documents/Core_Data_Engineering/airflow/airflow_coresentiment_Data_pipeline/airflow/lib/python3.10/site-packages/airflow/example_dags/example_branch_operator.py
[2024-11-20T01:59:06.309+0100] {processor.py:208} INFO - Processing /mnt/c/Users/zaina/Documents/Core_Data_Engineering/airflow/airflow_coresentiment_Data_pipeline/airflow/lib/python3.10/site-packages/airflow/example_dags/example_branch_operator.py took 0.146 seconds
[2024-11-20T02:01:10.249+0100] {processor.py:186} INFO - Started process (PID=250530) to work on /mnt/c/Users/zaina/Documents/Core_Data_Engineering/airflow/airflow_coresentiment_Data_pipeline/airflow/lib/python3.10/site-packages/airflow/example_dags/example_branch_operator.py
[2024-11-20T02:01:10.255+0100] {processor.py:914} INFO - Processing file /mnt/c/Users/zaina/Documents/Core_Data_Engineering/airflow/airflow_coresentiment_Data_pipeline/airflow/lib/python3.10/site-packages/airflow/example_dags/example_branch_operator.py for tasks to queue
[2024-11-20T02:01:10.261+0100] {logging_mixin.py:190} INFO - [2024-11-20T02:01:10.259+0100] {dagbag.py:588} INFO - Filling up the DagBag from /mnt/c/Users/zaina/Documents/Core_Data_Engineering/airflow/airflow_coresentiment_Data_pipeline/airflow/lib/python3.10/site-packages/airflow/example_dags/example_branch_operator.py
[2024-11-20T02:01:10.394+0100] {processor.py:927} WARNING - No viable dags retrieved from /mnt/c/Users/zaina/Documents/Core_Data_Engineering/airflow/airflow_coresentiment_Data_pipeline/airflow/lib/python3.10/site-packages/airflow/example_dags/example_branch_operator.py
[2024-11-20T02:01:10.422+0100] {processor.py:208} INFO - Processing /mnt/c/Users/zaina/Documents/Core_Data_Engineering/airflow/airflow_coresentiment_Data_pipeline/airflow/lib/python3.10/site-packages/airflow/example_dags/example_branch_operator.py took 0.193 seconds
[2024-11-20T02:03:09.677+0100] {processor.py:186} INFO - Started process (PID=250619) to work on /mnt/c/Users/zaina/Documents/Core_Data_Engineering/airflow/airflow_coresentiment_Data_pipeline/airflow/lib/python3.10/site-packages/airflow/example_dags/example_branch_operator.py
[2024-11-20T02:03:09.681+0100] {processor.py:914} INFO - Processing file /mnt/c/Users/zaina/Documents/Core_Data_Engineering/airflow/airflow_coresentiment_Data_pipeline/airflow/lib/python3.10/site-packages/airflow/example_dags/example_branch_operator.py for tasks to queue
[2024-11-20T02:03:09.688+0100] {logging_mixin.py:190} INFO - [2024-11-20T02:03:09.686+0100] {dagbag.py:588} INFO - Filling up the DagBag from /mnt/c/Users/zaina/Documents/Core_Data_Engineering/airflow/airflow_coresentiment_Data_pipeline/airflow/lib/python3.10/site-packages/airflow/example_dags/example_branch_operator.py
[2024-11-20T02:03:09.786+0100] {processor.py:927} WARNING - No viable dags retrieved from /mnt/c/Users/zaina/Documents/Core_Data_Engineering/airflow/airflow_coresentiment_Data_pipeline/airflow/lib/python3.10/site-packages/airflow/example_dags/example_branch_operator.py
[2024-11-20T02:03:09.824+0100] {processor.py:208} INFO - Processing /mnt/c/Users/zaina/Documents/Core_Data_Engineering/airflow/airflow_coresentiment_Data_pipeline/airflow/lib/python3.10/site-packages/airflow/example_dags/example_branch_operator.py took 0.162 seconds
[2024-11-20T02:05:14.247+0100] {processor.py:186} INFO - Started process (PID=250710) to work on /mnt/c/Users/zaina/Documents/Core_Data_Engineering/airflow/airflow_coresentiment_Data_pipeline/airflow/lib/python3.10/site-packages/airflow/example_dags/example_branch_operator.py
[2024-11-20T02:05:14.250+0100] {processor.py:914} INFO - Processing file /mnt/c/Users/zaina/Documents/Core_Data_Engineering/airflow/airflow_coresentiment_Data_pipeline/airflow/lib/python3.10/site-packages/airflow/example_dags/example_branch_operator.py for tasks to queue
[2024-11-20T02:05:14.256+0100] {logging_mixin.py:190} INFO - [2024-11-20T02:05:14.253+0100] {dagbag.py:588} INFO - Filling up the DagBag from /mnt/c/Users/zaina/Documents/Core_Data_Engineering/airflow/airflow_coresentiment_Data_pipeline/airflow/lib/python3.10/site-packages/airflow/example_dags/example_branch_operator.py
[2024-11-20T02:05:14.363+0100] {processor.py:927} WARNING - No viable dags retrieved from /mnt/c/Users/zaina/Documents/Core_Data_Engineering/airflow/airflow_coresentiment_Data_pipeline/airflow/lib/python3.10/site-packages/airflow/example_dags/example_branch_operator.py
[2024-11-20T02:05:14.404+0100] {processor.py:208} INFO - Processing /mnt/c/Users/zaina/Documents/Core_Data_Engineering/airflow/airflow_coresentiment_Data_pipeline/airflow/lib/python3.10/site-packages/airflow/example_dags/example_branch_operator.py took 0.175 seconds
[2024-11-20T02:07:27.180+0100] {processor.py:186} INFO - Started process (PID=250802) to work on /mnt/c/Users/zaina/Documents/Core_Data_Engineering/airflow/airflow_coresentiment_Data_pipeline/airflow/lib/python3.10/site-packages/airflow/example_dags/example_branch_operator.py
[2024-11-20T02:07:27.184+0100] {processor.py:914} INFO - Processing file /mnt/c/Users/zaina/Documents/Core_Data_Engineering/airflow/airflow_coresentiment_Data_pipeline/airflow/lib/python3.10/site-packages/airflow/example_dags/example_branch_operator.py for tasks to queue
[2024-11-20T02:07:27.193+0100] {logging_mixin.py:190} INFO - [2024-11-20T02:07:27.190+0100] {dagbag.py:588} INFO - Filling up the DagBag from /mnt/c/Users/zaina/Documents/Core_Data_Engineering/airflow/airflow_coresentiment_Data_pipeline/airflow/lib/python3.10/site-packages/airflow/example_dags/example_branch_operator.py
[2024-11-20T02:07:27.289+0100] {processor.py:927} WARNING - No viable dags retrieved from /mnt/c/Users/zaina/Documents/Core_Data_Engineering/airflow/airflow_coresentiment_Data_pipeline/airflow/lib/python3.10/site-packages/airflow/example_dags/example_branch_operator.py
[2024-11-20T02:07:27.320+0100] {processor.py:208} INFO - Processing /mnt/c/Users/zaina/Documents/Core_Data_Engineering/airflow/airflow_coresentiment_Data_pipeline/airflow/lib/python3.10/site-packages/airflow/example_dags/example_branch_operator.py took 0.163 seconds
[2024-11-20T02:09:40.120+0100] {processor.py:186} INFO - Started process (PID=250894) to work on /mnt/c/Users/zaina/Documents/Core_Data_Engineering/airflow/airflow_coresentiment_Data_pipeline/airflow/lib/python3.10/site-packages/airflow/example_dags/example_branch_operator.py
[2024-11-20T02:09:40.123+0100] {processor.py:914} INFO - Processing file /mnt/c/Users/zaina/Documents/Core_Data_Engineering/airflow/airflow_coresentiment_Data_pipeline/airflow/lib/python3.10/site-packages/airflow/example_dags/example_branch_operator.py for tasks to queue
[2024-11-20T02:09:40.147+0100] {logging_mixin.py:190} INFO - [2024-11-20T02:09:40.144+0100] {dagbag.py:588} INFO - Filling up the DagBag from /mnt/c/Users/zaina/Documents/Core_Data_Engineering/airflow/airflow_coresentiment_Data_pipeline/airflow/lib/python3.10/site-packages/airflow/example_dags/example_branch_operator.py
[2024-11-20T02:09:40.233+0100] {processor.py:927} WARNING - No viable dags retrieved from /mnt/c/Users/zaina/Documents/Core_Data_Engineering/airflow/airflow_coresentiment_Data_pipeline/airflow/lib/python3.10/site-packages/airflow/example_dags/example_branch_operator.py
[2024-11-20T02:09:40.322+0100] {processor.py:208} INFO - Processing /mnt/c/Users/zaina/Documents/Core_Data_Engineering/airflow/airflow_coresentiment_Data_pipeline/airflow/lib/python3.10/site-packages/airflow/example_dags/example_branch_operator.py took 0.221 seconds
[2024-11-20T02:11:48.567+0100] {processor.py:186} INFO - Started process (PID=250988) to work on /mnt/c/Users/zaina/Documents/Core_Data_Engineering/airflow/airflow_coresentiment_Data_pipeline/airflow/lib/python3.10/site-packages/airflow/example_dags/example_branch_operator.py
[2024-11-20T02:11:48.573+0100] {processor.py:914} INFO - Processing file /mnt/c/Users/zaina/Documents/Core_Data_Engineering/airflow/airflow_coresentiment_Data_pipeline/airflow/lib/python3.10/site-packages/airflow/example_dags/example_branch_operator.py for tasks to queue
[2024-11-20T02:11:48.581+0100] {logging_mixin.py:190} INFO - [2024-11-20T02:11:48.578+0100] {dagbag.py:588} INFO - Filling up the DagBag from /mnt/c/Users/zaina/Documents/Core_Data_Engineering/airflow/airflow_coresentiment_Data_pipeline/airflow/lib/python3.10/site-packages/airflow/example_dags/example_branch_operator.py
[2024-11-20T02:11:48.691+0100] {processor.py:927} WARNING - No viable dags retrieved from /mnt/c/Users/zaina/Documents/Core_Data_Engineering/airflow/airflow_coresentiment_Data_pipeline/airflow/lib/python3.10/site-packages/airflow/example_dags/example_branch_operator.py
[2024-11-20T02:11:48.731+0100] {processor.py:208} INFO - Processing /mnt/c/Users/zaina/Documents/Core_Data_Engineering/airflow/airflow_coresentiment_Data_pipeline/airflow/lib/python3.10/site-packages/airflow/example_dags/example_branch_operator.py took 0.190 seconds
[2024-11-20T02:13:50.583+0100] {processor.py:186} INFO - Started process (PID=251079) to work on /mnt/c/Users/zaina/Documents/Core_Data_Engineering/airflow/airflow_coresentiment_Data_pipeline/airflow/lib/python3.10/site-packages/airflow/example_dags/example_branch_operator.py
[2024-11-20T02:13:50.587+0100] {processor.py:914} INFO - Processing file /mnt/c/Users/zaina/Documents/Core_Data_Engineering/airflow/airflow_coresentiment_Data_pipeline/airflow/lib/python3.10/site-packages/airflow/example_dags/example_branch_operator.py for tasks to queue
[2024-11-20T02:13:50.592+0100] {logging_mixin.py:190} INFO - [2024-11-20T02:13:50.590+0100] {dagbag.py:588} INFO - Filling up the DagBag from /mnt/c/Users/zaina/Documents/Core_Data_Engineering/airflow/airflow_coresentiment_Data_pipeline/airflow/lib/python3.10/site-packages/airflow/example_dags/example_branch_operator.py
[2024-11-20T02:13:50.654+0100] {processor.py:927} WARNING - No viable dags retrieved from /mnt/c/Users/zaina/Documents/Core_Data_Engineering/airflow/airflow_coresentiment_Data_pipeline/airflow/lib/python3.10/site-packages/airflow/example_dags/example_branch_operator.py
[2024-11-20T02:13:50.676+0100] {processor.py:208} INFO - Processing /mnt/c/Users/zaina/Documents/Core_Data_Engineering/airflow/airflow_coresentiment_Data_pipeline/airflow/lib/python3.10/site-packages/airflow/example_dags/example_branch_operator.py took 0.115 seconds
[2024-11-20T02:20:23.635+0100] {processor.py:186} INFO - Started process (PID=251229) to work on /mnt/c/Users/zaina/Documents/Core_Data_Engineering/airflow/airflow_coresentiment_Data_pipeline/airflow/lib/python3.10/site-packages/airflow/example_dags/example_branch_operator.py
[2024-11-20T02:20:23.639+0100] {processor.py:914} INFO - Processing file /mnt/c/Users/zaina/Documents/Core_Data_Engineering/airflow/airflow_coresentiment_Data_pipeline/airflow/lib/python3.10/site-packages/airflow/example_dags/example_branch_operator.py for tasks to queue
[2024-11-20T02:20:23.644+0100] {logging_mixin.py:190} INFO - [2024-11-20T02:20:23.642+0100] {dagbag.py:588} INFO - Filling up the DagBag from /mnt/c/Users/zaina/Documents/Core_Data_Engineering/airflow/airflow_coresentiment_Data_pipeline/airflow/lib/python3.10/site-packages/airflow/example_dags/example_branch_operator.py
[2024-11-20T02:20:23.789+0100] {processor.py:927} WARNING - No viable dags retrieved from /mnt/c/Users/zaina/Documents/Core_Data_Engineering/airflow/airflow_coresentiment_Data_pipeline/airflow/lib/python3.10/site-packages/airflow/example_dags/example_branch_operator.py
[2024-11-20T02:20:23.817+0100] {processor.py:208} INFO - Processing /mnt/c/Users/zaina/Documents/Core_Data_Engineering/airflow/airflow_coresentiment_Data_pipeline/airflow/lib/python3.10/site-packages/airflow/example_dags/example_branch_operator.py took 0.201 seconds
[2024-11-20T02:22:33.951+0100] {processor.py:186} INFO - Started process (PID=251324) to work on /mnt/c/Users/zaina/Documents/Core_Data_Engineering/airflow/airflow_coresentiment_Data_pipeline/airflow/lib/python3.10/site-packages/airflow/example_dags/example_branch_operator.py
[2024-11-20T02:22:33.953+0100] {processor.py:914} INFO - Processing file /mnt/c/Users/zaina/Documents/Core_Data_Engineering/airflow/airflow_coresentiment_Data_pipeline/airflow/lib/python3.10/site-packages/airflow/example_dags/example_branch_operator.py for tasks to queue
[2024-11-20T02:22:33.960+0100] {logging_mixin.py:190} INFO - [2024-11-20T02:22:33.958+0100] {dagbag.py:588} INFO - Filling up the DagBag from /mnt/c/Users/zaina/Documents/Core_Data_Engineering/airflow/airflow_coresentiment_Data_pipeline/airflow/lib/python3.10/site-packages/airflow/example_dags/example_branch_operator.py
[2024-11-20T02:22:34.045+0100] {processor.py:927} WARNING - No viable dags retrieved from /mnt/c/Users/zaina/Documents/Core_Data_Engineering/airflow/airflow_coresentiment_Data_pipeline/airflow/lib/python3.10/site-packages/airflow/example_dags/example_branch_operator.py
[2024-11-20T02:22:34.073+0100] {processor.py:208} INFO - Processing /mnt/c/Users/zaina/Documents/Core_Data_Engineering/airflow/airflow_coresentiment_Data_pipeline/airflow/lib/python3.10/site-packages/airflow/example_dags/example_branch_operator.py took 0.139 seconds
[2024-11-20T02:26:27.373+0100] {processor.py:186} INFO - Started process (PID=251428) to work on /mnt/c/Users/zaina/Documents/Core_Data_Engineering/airflow/airflow_coresentiment_Data_pipeline/airflow/lib/python3.10/site-packages/airflow/example_dags/example_branch_operator.py
[2024-11-20T02:26:27.377+0100] {processor.py:914} INFO - Processing file /mnt/c/Users/zaina/Documents/Core_Data_Engineering/airflow/airflow_coresentiment_Data_pipeline/airflow/lib/python3.10/site-packages/airflow/example_dags/example_branch_operator.py for tasks to queue
[2024-11-20T02:26:27.383+0100] {logging_mixin.py:190} INFO - [2024-11-20T02:26:27.381+0100] {dagbag.py:588} INFO - Filling up the DagBag from /mnt/c/Users/zaina/Documents/Core_Data_Engineering/airflow/airflow_coresentiment_Data_pipeline/airflow/lib/python3.10/site-packages/airflow/example_dags/example_branch_operator.py
[2024-11-20T02:26:27.470+0100] {processor.py:927} WARNING - No viable dags retrieved from /mnt/c/Users/zaina/Documents/Core_Data_Engineering/airflow/airflow_coresentiment_Data_pipeline/airflow/lib/python3.10/site-packages/airflow/example_dags/example_branch_operator.py
[2024-11-20T02:26:27.499+0100] {processor.py:208} INFO - Processing /mnt/c/Users/zaina/Documents/Core_Data_Engineering/airflow/airflow_coresentiment_Data_pipeline/airflow/lib/python3.10/site-packages/airflow/example_dags/example_branch_operator.py took 0.152 seconds
[2024-11-20T02:28:35.500+0100] {processor.py:186} INFO - Started process (PID=251518) to work on /mnt/c/Users/zaina/Documents/Core_Data_Engineering/airflow/airflow_coresentiment_Data_pipeline/airflow/lib/python3.10/site-packages/airflow/example_dags/example_branch_operator.py
[2024-11-20T02:28:35.505+0100] {processor.py:914} INFO - Processing file /mnt/c/Users/zaina/Documents/Core_Data_Engineering/airflow/airflow_coresentiment_Data_pipeline/airflow/lib/python3.10/site-packages/airflow/example_dags/example_branch_operator.py for tasks to queue
[2024-11-20T02:28:35.517+0100] {logging_mixin.py:190} INFO - [2024-11-20T02:28:35.513+0100] {dagbag.py:588} INFO - Filling up the DagBag from /mnt/c/Users/zaina/Documents/Core_Data_Engineering/airflow/airflow_coresentiment_Data_pipeline/airflow/lib/python3.10/site-packages/airflow/example_dags/example_branch_operator.py
[2024-11-20T02:28:35.709+0100] {processor.py:927} WARNING - No viable dags retrieved from /mnt/c/Users/zaina/Documents/Core_Data_Engineering/airflow/airflow_coresentiment_Data_pipeline/airflow/lib/python3.10/site-packages/airflow/example_dags/example_branch_operator.py
[2024-11-20T02:28:35.743+0100] {processor.py:208} INFO - Processing /mnt/c/Users/zaina/Documents/Core_Data_Engineering/airflow/airflow_coresentiment_Data_pipeline/airflow/lib/python3.10/site-packages/airflow/example_dags/example_branch_operator.py took 0.278 seconds
[2024-11-20T02:30:46.154+0100] {processor.py:186} INFO - Started process (PID=251611) to work on /mnt/c/Users/zaina/Documents/Core_Data_Engineering/airflow/airflow_coresentiment_Data_pipeline/airflow/lib/python3.10/site-packages/airflow/example_dags/example_branch_operator.py
[2024-11-20T02:30:46.158+0100] {processor.py:914} INFO - Processing file /mnt/c/Users/zaina/Documents/Core_Data_Engineering/airflow/airflow_coresentiment_Data_pipeline/airflow/lib/python3.10/site-packages/airflow/example_dags/example_branch_operator.py for tasks to queue
[2024-11-20T02:30:46.165+0100] {logging_mixin.py:190} INFO - [2024-11-20T02:30:46.163+0100] {dagbag.py:588} INFO - Filling up the DagBag from /mnt/c/Users/zaina/Documents/Core_Data_Engineering/airflow/airflow_coresentiment_Data_pipeline/airflow/lib/python3.10/site-packages/airflow/example_dags/example_branch_operator.py
[2024-11-20T02:30:46.276+0100] {processor.py:927} WARNING - No viable dags retrieved from /mnt/c/Users/zaina/Documents/Core_Data_Engineering/airflow/airflow_coresentiment_Data_pipeline/airflow/lib/python3.10/site-packages/airflow/example_dags/example_branch_operator.py
[2024-11-20T02:30:46.319+0100] {processor.py:208} INFO - Processing /mnt/c/Users/zaina/Documents/Core_Data_Engineering/airflow/airflow_coresentiment_Data_pipeline/airflow/lib/python3.10/site-packages/airflow/example_dags/example_branch_operator.py took 0.233 seconds
[2024-11-20T02:37:03.437+0100] {processor.py:186} INFO - Started process (PID=251790) to work on /mnt/c/Users/zaina/Documents/Core_Data_Engineering/airflow/airflow_coresentiment_Data_pipeline/airflow/lib/python3.10/site-packages/airflow/example_dags/example_branch_operator.py
[2024-11-20T02:37:03.448+0100] {processor.py:914} INFO - Processing file /mnt/c/Users/zaina/Documents/Core_Data_Engineering/airflow/airflow_coresentiment_Data_pipeline/airflow/lib/python3.10/site-packages/airflow/example_dags/example_branch_operator.py for tasks to queue
[2024-11-20T02:37:03.457+0100] {logging_mixin.py:190} INFO - [2024-11-20T02:37:03.455+0100] {dagbag.py:588} INFO - Filling up the DagBag from /mnt/c/Users/zaina/Documents/Core_Data_Engineering/airflow/airflow_coresentiment_Data_pipeline/airflow/lib/python3.10/site-packages/airflow/example_dags/example_branch_operator.py
[2024-11-20T02:37:03.577+0100] {processor.py:927} WARNING - No viable dags retrieved from /mnt/c/Users/zaina/Documents/Core_Data_Engineering/airflow/airflow_coresentiment_Data_pipeline/airflow/lib/python3.10/site-packages/airflow/example_dags/example_branch_operator.py
[2024-11-20T02:37:03.601+0100] {processor.py:208} INFO - Processing /mnt/c/Users/zaina/Documents/Core_Data_Engineering/airflow/airflow_coresentiment_Data_pipeline/airflow/lib/python3.10/site-packages/airflow/example_dags/example_branch_operator.py took 0.196 seconds
[2024-11-20T02:47:43.155+0100] {processor.py:186} INFO - Started process (PID=252028) to work on /mnt/c/Users/zaina/Documents/Core_Data_Engineering/airflow/airflow_coresentiment_Data_pipeline/airflow/lib/python3.10/site-packages/airflow/example_dags/example_branch_operator.py
[2024-11-20T02:47:43.160+0100] {processor.py:914} INFO - Processing file /mnt/c/Users/zaina/Documents/Core_Data_Engineering/airflow/airflow_coresentiment_Data_pipeline/airflow/lib/python3.10/site-packages/airflow/example_dags/example_branch_operator.py for tasks to queue
[2024-11-20T02:47:43.169+0100] {logging_mixin.py:190} INFO - [2024-11-20T02:47:43.166+0100] {dagbag.py:588} INFO - Filling up the DagBag from /mnt/c/Users/zaina/Documents/Core_Data_Engineering/airflow/airflow_coresentiment_Data_pipeline/airflow/lib/python3.10/site-packages/airflow/example_dags/example_branch_operator.py
[2024-11-20T02:47:43.437+0100] {processor.py:927} WARNING - No viable dags retrieved from /mnt/c/Users/zaina/Documents/Core_Data_Engineering/airflow/airflow_coresentiment_Data_pipeline/airflow/lib/python3.10/site-packages/airflow/example_dags/example_branch_operator.py
[2024-11-20T02:47:43.497+0100] {processor.py:208} INFO - Processing /mnt/c/Users/zaina/Documents/Core_Data_Engineering/airflow/airflow_coresentiment_Data_pipeline/airflow/lib/python3.10/site-packages/airflow/example_dags/example_branch_operator.py took 0.365 seconds
[2024-11-20T02:59:28.851+0100] {processor.py:186} INFO - Started process (PID=252233) to work on /mnt/c/Users/zaina/Documents/Core_Data_Engineering/airflow/airflow_coresentiment_Data_pipeline/airflow/lib/python3.10/site-packages/airflow/example_dags/example_branch_operator.py
[2024-11-20T02:59:28.857+0100] {processor.py:914} INFO - Processing file /mnt/c/Users/zaina/Documents/Core_Data_Engineering/airflow/airflow_coresentiment_Data_pipeline/airflow/lib/python3.10/site-packages/airflow/example_dags/example_branch_operator.py for tasks to queue
[2024-11-20T02:59:28.862+0100] {logging_mixin.py:190} INFO - [2024-11-20T02:59:28.860+0100] {dagbag.py:588} INFO - Filling up the DagBag from /mnt/c/Users/zaina/Documents/Core_Data_Engineering/airflow/airflow_coresentiment_Data_pipeline/airflow/lib/python3.10/site-packages/airflow/example_dags/example_branch_operator.py
[2024-11-20T02:59:28.930+0100] {processor.py:927} WARNING - No viable dags retrieved from /mnt/c/Users/zaina/Documents/Core_Data_Engineering/airflow/airflow_coresentiment_Data_pipeline/airflow/lib/python3.10/site-packages/airflow/example_dags/example_branch_operator.py
[2024-11-20T02:59:29.432+0100] {processor.py:208} INFO - Processing /mnt/c/Users/zaina/Documents/Core_Data_Engineering/airflow/airflow_coresentiment_Data_pipeline/airflow/lib/python3.10/site-packages/airflow/example_dags/example_branch_operator.py took 0.597 seconds
[2024-11-20T03:02:18.289+0100] {processor.py:186} INFO - Started process (PID=252332) to work on /mnt/c/Users/zaina/Documents/Core_Data_Engineering/airflow/airflow_coresentiment_Data_pipeline/airflow/lib/python3.10/site-packages/airflow/example_dags/example_branch_operator.py
[2024-11-20T03:02:18.293+0100] {processor.py:914} INFO - Processing file /mnt/c/Users/zaina/Documents/Core_Data_Engineering/airflow/airflow_coresentiment_Data_pipeline/airflow/lib/python3.10/site-packages/airflow/example_dags/example_branch_operator.py for tasks to queue
[2024-11-20T03:02:18.301+0100] {logging_mixin.py:190} INFO - [2024-11-20T03:02:18.298+0100] {dagbag.py:588} INFO - Filling up the DagBag from /mnt/c/Users/zaina/Documents/Core_Data_Engineering/airflow/airflow_coresentiment_Data_pipeline/airflow/lib/python3.10/site-packages/airflow/example_dags/example_branch_operator.py
[2024-11-20T03:02:18.411+0100] {processor.py:927} WARNING - No viable dags retrieved from /mnt/c/Users/zaina/Documents/Core_Data_Engineering/airflow/airflow_coresentiment_Data_pipeline/airflow/lib/python3.10/site-packages/airflow/example_dags/example_branch_operator.py
[2024-11-20T03:02:18.445+0100] {processor.py:208} INFO - Processing /mnt/c/Users/zaina/Documents/Core_Data_Engineering/airflow/airflow_coresentiment_Data_pipeline/airflow/lib/python3.10/site-packages/airflow/example_dags/example_branch_operator.py took 0.177 seconds
[2024-11-20T03:08:55.499+0100] {processor.py:186} INFO - Started process (PID=252485) to work on /mnt/c/Users/zaina/Documents/Core_Data_Engineering/airflow/airflow_coresentiment_Data_pipeline/airflow/lib/python3.10/site-packages/airflow/example_dags/example_branch_operator.py
[2024-11-20T03:08:55.502+0100] {processor.py:914} INFO - Processing file /mnt/c/Users/zaina/Documents/Core_Data_Engineering/airflow/airflow_coresentiment_Data_pipeline/airflow/lib/python3.10/site-packages/airflow/example_dags/example_branch_operator.py for tasks to queue
[2024-11-20T03:08:55.509+0100] {logging_mixin.py:190} INFO - [2024-11-20T03:08:55.507+0100] {dagbag.py:588} INFO - Filling up the DagBag from /mnt/c/Users/zaina/Documents/Core_Data_Engineering/airflow/airflow_coresentiment_Data_pipeline/airflow/lib/python3.10/site-packages/airflow/example_dags/example_branch_operator.py
[2024-11-20T03:08:55.574+0100] {processor.py:927} WARNING - No viable dags retrieved from /mnt/c/Users/zaina/Documents/Core_Data_Engineering/airflow/airflow_coresentiment_Data_pipeline/airflow/lib/python3.10/site-packages/airflow/example_dags/example_branch_operator.py
[2024-11-20T03:08:55.603+0100] {processor.py:208} INFO - Processing /mnt/c/Users/zaina/Documents/Core_Data_Engineering/airflow/airflow_coresentiment_Data_pipeline/airflow/lib/python3.10/site-packages/airflow/example_dags/example_branch_operator.py took 0.124 seconds
[2024-11-20T03:18:23.714+0100] {processor.py:186} INFO - Started process (PID=252738) to work on /mnt/c/Users/zaina/Documents/Core_Data_Engineering/airflow/airflow_coresentiment_Data_pipeline/airflow/lib/python3.10/site-packages/airflow/example_dags/example_branch_operator.py
[2024-11-20T03:18:23.717+0100] {processor.py:914} INFO - Processing file /mnt/c/Users/zaina/Documents/Core_Data_Engineering/airflow/airflow_coresentiment_Data_pipeline/airflow/lib/python3.10/site-packages/airflow/example_dags/example_branch_operator.py for tasks to queue
[2024-11-20T03:18:23.722+0100] {logging_mixin.py:190} INFO - [2024-11-20T03:18:23.721+0100] {dagbag.py:588} INFO - Filling up the DagBag from /mnt/c/Users/zaina/Documents/Core_Data_Engineering/airflow/airflow_coresentiment_Data_pipeline/airflow/lib/python3.10/site-packages/airflow/example_dags/example_branch_operator.py
[2024-11-20T03:18:23.777+0100] {processor.py:927} WARNING - No viable dags retrieved from /mnt/c/Users/zaina/Documents/Core_Data_Engineering/airflow/airflow_coresentiment_Data_pipeline/airflow/lib/python3.10/site-packages/airflow/example_dags/example_branch_operator.py
[2024-11-20T03:18:23.805+0100] {processor.py:208} INFO - Processing /mnt/c/Users/zaina/Documents/Core_Data_Engineering/airflow/airflow_coresentiment_Data_pipeline/airflow/lib/python3.10/site-packages/airflow/example_dags/example_branch_operator.py took 0.105 seconds
[2024-11-20T03:24:18.608+0100] {processor.py:186} INFO - Started process (PID=252897) to work on /mnt/c/Users/zaina/Documents/Core_Data_Engineering/airflow/airflow_coresentiment_Data_pipeline/airflow/lib/python3.10/site-packages/airflow/example_dags/example_branch_operator.py
[2024-11-20T03:24:18.612+0100] {processor.py:914} INFO - Processing file /mnt/c/Users/zaina/Documents/Core_Data_Engineering/airflow/airflow_coresentiment_Data_pipeline/airflow/lib/python3.10/site-packages/airflow/example_dags/example_branch_operator.py for tasks to queue
[2024-11-20T03:24:18.622+0100] {logging_mixin.py:190} INFO - [2024-11-20T03:24:18.620+0100] {dagbag.py:588} INFO - Filling up the DagBag from /mnt/c/Users/zaina/Documents/Core_Data_Engineering/airflow/airflow_coresentiment_Data_pipeline/airflow/lib/python3.10/site-packages/airflow/example_dags/example_branch_operator.py
[2024-11-20T03:24:18.687+0100] {processor.py:927} WARNING - No viable dags retrieved from /mnt/c/Users/zaina/Documents/Core_Data_Engineering/airflow/airflow_coresentiment_Data_pipeline/airflow/lib/python3.10/site-packages/airflow/example_dags/example_branch_operator.py
[2024-11-20T03:24:18.709+0100] {processor.py:208} INFO - Processing /mnt/c/Users/zaina/Documents/Core_Data_Engineering/airflow/airflow_coresentiment_Data_pipeline/airflow/lib/python3.10/site-packages/airflow/example_dags/example_branch_operator.py took 0.116 seconds
[2024-11-20T03:26:51.617+0100] {processor.py:186} INFO - Started process (PID=252998) to work on /mnt/c/Users/zaina/Documents/Core_Data_Engineering/airflow/airflow_coresentiment_Data_pipeline/airflow/lib/python3.10/site-packages/airflow/example_dags/example_branch_operator.py
[2024-11-20T03:26:51.621+0100] {processor.py:914} INFO - Processing file /mnt/c/Users/zaina/Documents/Core_Data_Engineering/airflow/airflow_coresentiment_Data_pipeline/airflow/lib/python3.10/site-packages/airflow/example_dags/example_branch_operator.py for tasks to queue
[2024-11-20T03:26:51.628+0100] {logging_mixin.py:190} INFO - [2024-11-20T03:26:51.625+0100] {dagbag.py:588} INFO - Filling up the DagBag from /mnt/c/Users/zaina/Documents/Core_Data_Engineering/airflow/airflow_coresentiment_Data_pipeline/airflow/lib/python3.10/site-packages/airflow/example_dags/example_branch_operator.py
[2024-11-20T03:26:51.762+0100] {processor.py:927} WARNING - No viable dags retrieved from /mnt/c/Users/zaina/Documents/Core_Data_Engineering/airflow/airflow_coresentiment_Data_pipeline/airflow/lib/python3.10/site-packages/airflow/example_dags/example_branch_operator.py
[2024-11-20T03:26:51.784+0100] {processor.py:208} INFO - Processing /mnt/c/Users/zaina/Documents/Core_Data_Engineering/airflow/airflow_coresentiment_Data_pipeline/airflow/lib/python3.10/site-packages/airflow/example_dags/example_branch_operator.py took 0.190 seconds
[2024-11-20T03:29:20.046+0100] {processor.py:186} INFO - Started process (PID=253094) to work on /mnt/c/Users/zaina/Documents/Core_Data_Engineering/airflow/airflow_coresentiment_Data_pipeline/airflow/lib/python3.10/site-packages/airflow/example_dags/example_branch_operator.py
[2024-11-20T03:29:20.053+0100] {processor.py:914} INFO - Processing file /mnt/c/Users/zaina/Documents/Core_Data_Engineering/airflow/airflow_coresentiment_Data_pipeline/airflow/lib/python3.10/site-packages/airflow/example_dags/example_branch_operator.py for tasks to queue
[2024-11-20T03:29:20.063+0100] {logging_mixin.py:190} INFO - [2024-11-20T03:29:20.058+0100] {dagbag.py:588} INFO - Filling up the DagBag from /mnt/c/Users/zaina/Documents/Core_Data_Engineering/airflow/airflow_coresentiment_Data_pipeline/airflow/lib/python3.10/site-packages/airflow/example_dags/example_branch_operator.py
[2024-11-20T03:29:20.205+0100] {processor.py:927} WARNING - No viable dags retrieved from /mnt/c/Users/zaina/Documents/Core_Data_Engineering/airflow/airflow_coresentiment_Data_pipeline/airflow/lib/python3.10/site-packages/airflow/example_dags/example_branch_operator.py
[2024-11-20T03:29:20.277+0100] {processor.py:208} INFO - Processing /mnt/c/Users/zaina/Documents/Core_Data_Engineering/airflow/airflow_coresentiment_Data_pipeline/airflow/lib/python3.10/site-packages/airflow/example_dags/example_branch_operator.py took 0.273 seconds
[2024-11-20T03:32:07.495+0100] {processor.py:186} INFO - Started process (PID=253197) to work on /mnt/c/Users/zaina/Documents/Core_Data_Engineering/airflow/airflow_coresentiment_Data_pipeline/airflow/lib/python3.10/site-packages/airflow/example_dags/example_branch_operator.py
[2024-11-20T03:32:07.498+0100] {processor.py:914} INFO - Processing file /mnt/c/Users/zaina/Documents/Core_Data_Engineering/airflow/airflow_coresentiment_Data_pipeline/airflow/lib/python3.10/site-packages/airflow/example_dags/example_branch_operator.py for tasks to queue
[2024-11-20T03:32:07.502+0100] {logging_mixin.py:190} INFO - [2024-11-20T03:32:07.501+0100] {dagbag.py:588} INFO - Filling up the DagBag from /mnt/c/Users/zaina/Documents/Core_Data_Engineering/airflow/airflow_coresentiment_Data_pipeline/airflow/lib/python3.10/site-packages/airflow/example_dags/example_branch_operator.py
[2024-11-20T03:32:07.558+0100] {processor.py:927} WARNING - No viable dags retrieved from /mnt/c/Users/zaina/Documents/Core_Data_Engineering/airflow/airflow_coresentiment_Data_pipeline/airflow/lib/python3.10/site-packages/airflow/example_dags/example_branch_operator.py
[2024-11-20T03:32:07.584+0100] {processor.py:208} INFO - Processing /mnt/c/Users/zaina/Documents/Core_Data_Engineering/airflow/airflow_coresentiment_Data_pipeline/airflow/lib/python3.10/site-packages/airflow/example_dags/example_branch_operator.py took 0.103 seconds
[2024-11-20T03:35:01.003+0100] {processor.py:186} INFO - Started process (PID=253297) to work on /mnt/c/Users/zaina/Documents/Core_Data_Engineering/airflow/airflow_coresentiment_Data_pipeline/airflow/lib/python3.10/site-packages/airflow/example_dags/example_branch_operator.py
[2024-11-20T03:35:01.007+0100] {processor.py:914} INFO - Processing file /mnt/c/Users/zaina/Documents/Core_Data_Engineering/airflow/airflow_coresentiment_Data_pipeline/airflow/lib/python3.10/site-packages/airflow/example_dags/example_branch_operator.py for tasks to queue
[2024-11-20T03:35:01.017+0100] {logging_mixin.py:190} INFO - [2024-11-20T03:35:01.015+0100] {dagbag.py:588} INFO - Filling up the DagBag from /mnt/c/Users/zaina/Documents/Core_Data_Engineering/airflow/airflow_coresentiment_Data_pipeline/airflow/lib/python3.10/site-packages/airflow/example_dags/example_branch_operator.py
[2024-11-20T03:35:01.126+0100] {processor.py:927} WARNING - No viable dags retrieved from /mnt/c/Users/zaina/Documents/Core_Data_Engineering/airflow/airflow_coresentiment_Data_pipeline/airflow/lib/python3.10/site-packages/airflow/example_dags/example_branch_operator.py
[2024-11-20T03:35:01.170+0100] {processor.py:208} INFO - Processing /mnt/c/Users/zaina/Documents/Core_Data_Engineering/airflow/airflow_coresentiment_Data_pipeline/airflow/lib/python3.10/site-packages/airflow/example_dags/example_branch_operator.py took 0.187 seconds
[2024-11-20T03:44:09.449+0100] {processor.py:186} INFO - Started process (PID=253511) to work on /mnt/c/Users/zaina/Documents/Core_Data_Engineering/airflow/airflow_coresentiment_Data_pipeline/airflow/lib/python3.10/site-packages/airflow/example_dags/example_branch_operator.py
[2024-11-20T03:44:09.451+0100] {processor.py:914} INFO - Processing file /mnt/c/Users/zaina/Documents/Core_Data_Engineering/airflow/airflow_coresentiment_Data_pipeline/airflow/lib/python3.10/site-packages/airflow/example_dags/example_branch_operator.py for tasks to queue
[2024-11-20T03:44:09.455+0100] {logging_mixin.py:190} INFO - [2024-11-20T03:44:09.454+0100] {dagbag.py:588} INFO - Filling up the DagBag from /mnt/c/Users/zaina/Documents/Core_Data_Engineering/airflow/airflow_coresentiment_Data_pipeline/airflow/lib/python3.10/site-packages/airflow/example_dags/example_branch_operator.py
[2024-11-20T03:44:09.693+0100] {processor.py:927} WARNING - No viable dags retrieved from /mnt/c/Users/zaina/Documents/Core_Data_Engineering/airflow/airflow_coresentiment_Data_pipeline/airflow/lib/python3.10/site-packages/airflow/example_dags/example_branch_operator.py
[2024-11-20T03:44:09.844+0100] {processor.py:208} INFO - Processing /mnt/c/Users/zaina/Documents/Core_Data_Engineering/airflow/airflow_coresentiment_Data_pipeline/airflow/lib/python3.10/site-packages/airflow/example_dags/example_branch_operator.py took 0.408 seconds
[2024-11-20T03:49:09.551+0100] {processor.py:186} INFO - Started process (PID=253614) to work on /mnt/c/Users/zaina/Documents/Core_Data_Engineering/airflow/airflow_coresentiment_Data_pipeline/airflow/lib/python3.10/site-packages/airflow/example_dags/example_branch_operator.py
[2024-11-20T03:49:09.554+0100] {processor.py:914} INFO - Processing file /mnt/c/Users/zaina/Documents/Core_Data_Engineering/airflow/airflow_coresentiment_Data_pipeline/airflow/lib/python3.10/site-packages/airflow/example_dags/example_branch_operator.py for tasks to queue
[2024-11-20T03:49:09.559+0100] {logging_mixin.py:190} INFO - [2024-11-20T03:49:09.557+0100] {dagbag.py:588} INFO - Filling up the DagBag from /mnt/c/Users/zaina/Documents/Core_Data_Engineering/airflow/airflow_coresentiment_Data_pipeline/airflow/lib/python3.10/site-packages/airflow/example_dags/example_branch_operator.py
[2024-11-20T03:49:09.675+0100] {processor.py:927} WARNING - No viable dags retrieved from /mnt/c/Users/zaina/Documents/Core_Data_Engineering/airflow/airflow_coresentiment_Data_pipeline/airflow/lib/python3.10/site-packages/airflow/example_dags/example_branch_operator.py
[2024-11-20T03:49:09.716+0100] {processor.py:208} INFO - Processing /mnt/c/Users/zaina/Documents/Core_Data_Engineering/airflow/airflow_coresentiment_Data_pipeline/airflow/lib/python3.10/site-packages/airflow/example_dags/example_branch_operator.py took 0.182 seconds
[2024-11-20T03:51:58.157+0100] {processor.py:186} INFO - Started process (PID=253715) to work on /mnt/c/Users/zaina/Documents/Core_Data_Engineering/airflow/airflow_coresentiment_Data_pipeline/airflow/lib/python3.10/site-packages/airflow/example_dags/example_branch_operator.py
[2024-11-20T03:51:58.160+0100] {processor.py:914} INFO - Processing file /mnt/c/Users/zaina/Documents/Core_Data_Engineering/airflow/airflow_coresentiment_Data_pipeline/airflow/lib/python3.10/site-packages/airflow/example_dags/example_branch_operator.py for tasks to queue
[2024-11-20T03:51:58.166+0100] {logging_mixin.py:190} INFO - [2024-11-20T03:51:58.165+0100] {dagbag.py:588} INFO - Filling up the DagBag from /mnt/c/Users/zaina/Documents/Core_Data_Engineering/airflow/airflow_coresentiment_Data_pipeline/airflow/lib/python3.10/site-packages/airflow/example_dags/example_branch_operator.py
[2024-11-20T03:51:58.381+0100] {processor.py:927} WARNING - No viable dags retrieved from /mnt/c/Users/zaina/Documents/Core_Data_Engineering/airflow/airflow_coresentiment_Data_pipeline/airflow/lib/python3.10/site-packages/airflow/example_dags/example_branch_operator.py
[2024-11-20T03:51:58.426+0100] {processor.py:208} INFO - Processing /mnt/c/Users/zaina/Documents/Core_Data_Engineering/airflow/airflow_coresentiment_Data_pipeline/airflow/lib/python3.10/site-packages/airflow/example_dags/example_branch_operator.py took 0.288 seconds
[2024-11-20T03:55:23.971+0100] {processor.py:186} INFO - Started process (PID=253827) to work on /mnt/c/Users/zaina/Documents/Core_Data_Engineering/airflow/airflow_coresentiment_Data_pipeline/airflow/lib/python3.10/site-packages/airflow/example_dags/example_branch_operator.py
[2024-11-20T03:55:23.975+0100] {processor.py:914} INFO - Processing file /mnt/c/Users/zaina/Documents/Core_Data_Engineering/airflow/airflow_coresentiment_Data_pipeline/airflow/lib/python3.10/site-packages/airflow/example_dags/example_branch_operator.py for tasks to queue
[2024-11-20T03:55:23.981+0100] {logging_mixin.py:190} INFO - [2024-11-20T03:55:23.980+0100] {dagbag.py:588} INFO - Filling up the DagBag from /mnt/c/Users/zaina/Documents/Core_Data_Engineering/airflow/airflow_coresentiment_Data_pipeline/airflow/lib/python3.10/site-packages/airflow/example_dags/example_branch_operator.py
[2024-11-20T03:55:24.075+0100] {processor.py:927} WARNING - No viable dags retrieved from /mnt/c/Users/zaina/Documents/Core_Data_Engineering/airflow/airflow_coresentiment_Data_pipeline/airflow/lib/python3.10/site-packages/airflow/example_dags/example_branch_operator.py
[2024-11-20T03:55:24.117+0100] {processor.py:208} INFO - Processing /mnt/c/Users/zaina/Documents/Core_Data_Engineering/airflow/airflow_coresentiment_Data_pipeline/airflow/lib/python3.10/site-packages/airflow/example_dags/example_branch_operator.py took 0.164 seconds
[2024-11-20T03:57:55.869+0100] {processor.py:186} INFO - Started process (PID=253922) to work on /mnt/c/Users/zaina/Documents/Core_Data_Engineering/airflow/airflow_coresentiment_Data_pipeline/airflow/lib/python3.10/site-packages/airflow/example_dags/example_branch_operator.py
[2024-11-20T03:57:55.875+0100] {processor.py:914} INFO - Processing file /mnt/c/Users/zaina/Documents/Core_Data_Engineering/airflow/airflow_coresentiment_Data_pipeline/airflow/lib/python3.10/site-packages/airflow/example_dags/example_branch_operator.py for tasks to queue
[2024-11-20T03:57:55.980+0100] {logging_mixin.py:190} INFO - [2024-11-20T03:57:55.978+0100] {dagbag.py:588} INFO - Filling up the DagBag from /mnt/c/Users/zaina/Documents/Core_Data_Engineering/airflow/airflow_coresentiment_Data_pipeline/airflow/lib/python3.10/site-packages/airflow/example_dags/example_branch_operator.py
[2024-11-20T03:57:56.046+0100] {processor.py:927} WARNING - No viable dags retrieved from /mnt/c/Users/zaina/Documents/Core_Data_Engineering/airflow/airflow_coresentiment_Data_pipeline/airflow/lib/python3.10/site-packages/airflow/example_dags/example_branch_operator.py
[2024-11-20T03:57:56.087+0100] {processor.py:208} INFO - Processing /mnt/c/Users/zaina/Documents/Core_Data_Engineering/airflow/airflow_coresentiment_Data_pipeline/airflow/lib/python3.10/site-packages/airflow/example_dags/example_branch_operator.py took 0.347 seconds
[2024-11-20T04:00:25.988+0100] {processor.py:186} INFO - Started process (PID=254021) to work on /mnt/c/Users/zaina/Documents/Core_Data_Engineering/airflow/airflow_coresentiment_Data_pipeline/airflow/lib/python3.10/site-packages/airflow/example_dags/example_branch_operator.py
[2024-11-20T04:00:25.991+0100] {processor.py:914} INFO - Processing file /mnt/c/Users/zaina/Documents/Core_Data_Engineering/airflow/airflow_coresentiment_Data_pipeline/airflow/lib/python3.10/site-packages/airflow/example_dags/example_branch_operator.py for tasks to queue
[2024-11-20T04:00:25.999+0100] {logging_mixin.py:190} INFO - [2024-11-20T04:00:25.995+0100] {dagbag.py:588} INFO - Filling up the DagBag from /mnt/c/Users/zaina/Documents/Core_Data_Engineering/airflow/airflow_coresentiment_Data_pipeline/airflow/lib/python3.10/site-packages/airflow/example_dags/example_branch_operator.py
[2024-11-20T04:00:26.509+0100] {processor.py:927} WARNING - No viable dags retrieved from /mnt/c/Users/zaina/Documents/Core_Data_Engineering/airflow/airflow_coresentiment_Data_pipeline/airflow/lib/python3.10/site-packages/airflow/example_dags/example_branch_operator.py
[2024-11-20T04:00:26.550+0100] {processor.py:208} INFO - Processing /mnt/c/Users/zaina/Documents/Core_Data_Engineering/airflow/airflow_coresentiment_Data_pipeline/airflow/lib/python3.10/site-packages/airflow/example_dags/example_branch_operator.py took 0.583 seconds
[2024-11-20T04:06:01.976+0100] {processor.py:186} INFO - Started process (PID=254194) to work on /mnt/c/Users/zaina/Documents/Core_Data_Engineering/airflow/airflow_coresentiment_Data_pipeline/airflow/lib/python3.10/site-packages/airflow/example_dags/example_branch_operator.py
[2024-11-20T04:06:01.978+0100] {processor.py:914} INFO - Processing file /mnt/c/Users/zaina/Documents/Core_Data_Engineering/airflow/airflow_coresentiment_Data_pipeline/airflow/lib/python3.10/site-packages/airflow/example_dags/example_branch_operator.py for tasks to queue
[2024-11-20T04:06:01.983+0100] {logging_mixin.py:190} INFO - [2024-11-20T04:06:01.982+0100] {dagbag.py:588} INFO - Filling up the DagBag from /mnt/c/Users/zaina/Documents/Core_Data_Engineering/airflow/airflow_coresentiment_Data_pipeline/airflow/lib/python3.10/site-packages/airflow/example_dags/example_branch_operator.py
[2024-11-20T04:06:02.155+0100] {processor.py:927} WARNING - No viable dags retrieved from /mnt/c/Users/zaina/Documents/Core_Data_Engineering/airflow/airflow_coresentiment_Data_pipeline/airflow/lib/python3.10/site-packages/airflow/example_dags/example_branch_operator.py
[2024-11-20T04:06:02.219+0100] {processor.py:208} INFO - Processing /mnt/c/Users/zaina/Documents/Core_Data_Engineering/airflow/airflow_coresentiment_Data_pipeline/airflow/lib/python3.10/site-packages/airflow/example_dags/example_branch_operator.py took 0.263 seconds
[2024-11-20T04:08:17.578+0100] {processor.py:186} INFO - Started process (PID=254299) to work on /mnt/c/Users/zaina/Documents/Core_Data_Engineering/airflow/airflow_coresentiment_Data_pipeline/airflow/lib/python3.10/site-packages/airflow/example_dags/example_branch_operator.py
[2024-11-20T04:08:17.582+0100] {processor.py:914} INFO - Processing file /mnt/c/Users/zaina/Documents/Core_Data_Engineering/airflow/airflow_coresentiment_Data_pipeline/airflow/lib/python3.10/site-packages/airflow/example_dags/example_branch_operator.py for tasks to queue
[2024-11-20T04:08:17.593+0100] {logging_mixin.py:190} INFO - [2024-11-20T04:08:17.588+0100] {dagbag.py:588} INFO - Filling up the DagBag from /mnt/c/Users/zaina/Documents/Core_Data_Engineering/airflow/airflow_coresentiment_Data_pipeline/airflow/lib/python3.10/site-packages/airflow/example_dags/example_branch_operator.py
[2024-11-20T04:08:17.681+0100] {processor.py:927} WARNING - No viable dags retrieved from /mnt/c/Users/zaina/Documents/Core_Data_Engineering/airflow/airflow_coresentiment_Data_pipeline/airflow/lib/python3.10/site-packages/airflow/example_dags/example_branch_operator.py
[2024-11-20T04:08:17.709+0100] {processor.py:208} INFO - Processing /mnt/c/Users/zaina/Documents/Core_Data_Engineering/airflow/airflow_coresentiment_Data_pipeline/airflow/lib/python3.10/site-packages/airflow/example_dags/example_branch_operator.py took 0.155 seconds
[2024-11-20T04:12:01.120+0100] {processor.py:186} INFO - Started process (PID=254400) to work on /mnt/c/Users/zaina/Documents/Core_Data_Engineering/airflow/airflow_coresentiment_Data_pipeline/airflow/lib/python3.10/site-packages/airflow/example_dags/example_branch_operator.py
[2024-11-20T04:12:01.125+0100] {processor.py:914} INFO - Processing file /mnt/c/Users/zaina/Documents/Core_Data_Engineering/airflow/airflow_coresentiment_Data_pipeline/airflow/lib/python3.10/site-packages/airflow/example_dags/example_branch_operator.py for tasks to queue
[2024-11-20T04:12:01.133+0100] {logging_mixin.py:190} INFO - [2024-11-20T04:12:01.130+0100] {dagbag.py:588} INFO - Filling up the DagBag from /mnt/c/Users/zaina/Documents/Core_Data_Engineering/airflow/airflow_coresentiment_Data_pipeline/airflow/lib/python3.10/site-packages/airflow/example_dags/example_branch_operator.py
[2024-11-20T04:12:01.227+0100] {processor.py:927} WARNING - No viable dags retrieved from /mnt/c/Users/zaina/Documents/Core_Data_Engineering/airflow/airflow_coresentiment_Data_pipeline/airflow/lib/python3.10/site-packages/airflow/example_dags/example_branch_operator.py
[2024-11-20T04:12:01.277+0100] {processor.py:208} INFO - Processing /mnt/c/Users/zaina/Documents/Core_Data_Engineering/airflow/airflow_coresentiment_Data_pipeline/airflow/lib/python3.10/site-packages/airflow/example_dags/example_branch_operator.py took 0.194 seconds
[2024-11-20T04:16:52.010+0100] {processor.py:186} INFO - Started process (PID=254503) to work on /mnt/c/Users/zaina/Documents/Core_Data_Engineering/airflow/airflow_coresentiment_Data_pipeline/airflow/lib/python3.10/site-packages/airflow/example_dags/example_branch_operator.py
[2024-11-20T04:16:52.015+0100] {processor.py:914} INFO - Processing file /mnt/c/Users/zaina/Documents/Core_Data_Engineering/airflow/airflow_coresentiment_Data_pipeline/airflow/lib/python3.10/site-packages/airflow/example_dags/example_branch_operator.py for tasks to queue
[2024-11-20T04:16:52.020+0100] {logging_mixin.py:190} INFO - [2024-11-20T04:16:52.019+0100] {dagbag.py:588} INFO - Filling up the DagBag from /mnt/c/Users/zaina/Documents/Core_Data_Engineering/airflow/airflow_coresentiment_Data_pipeline/airflow/lib/python3.10/site-packages/airflow/example_dags/example_branch_operator.py
[2024-11-20T04:16:52.172+0100] {processor.py:927} WARNING - No viable dags retrieved from /mnt/c/Users/zaina/Documents/Core_Data_Engineering/airflow/airflow_coresentiment_Data_pipeline/airflow/lib/python3.10/site-packages/airflow/example_dags/example_branch_operator.py
[2024-11-20T04:16:52.210+0100] {processor.py:208} INFO - Processing /mnt/c/Users/zaina/Documents/Core_Data_Engineering/airflow/airflow_coresentiment_Data_pipeline/airflow/lib/python3.10/site-packages/airflow/example_dags/example_branch_operator.py took 0.219 seconds
[2024-11-20T04:18:58.974+0100] {processor.py:186} INFO - Started process (PID=254598) to work on /mnt/c/Users/zaina/Documents/Core_Data_Engineering/airflow/airflow_coresentiment_Data_pipeline/airflow/lib/python3.10/site-packages/airflow/example_dags/example_branch_operator.py
[2024-11-20T04:18:58.977+0100] {processor.py:914} INFO - Processing file /mnt/c/Users/zaina/Documents/Core_Data_Engineering/airflow/airflow_coresentiment_Data_pipeline/airflow/lib/python3.10/site-packages/airflow/example_dags/example_branch_operator.py for tasks to queue
[2024-11-20T04:18:58.983+0100] {logging_mixin.py:190} INFO - [2024-11-20T04:18:58.981+0100] {dagbag.py:588} INFO - Filling up the DagBag from /mnt/c/Users/zaina/Documents/Core_Data_Engineering/airflow/airflow_coresentiment_Data_pipeline/airflow/lib/python3.10/site-packages/airflow/example_dags/example_branch_operator.py
[2024-11-20T04:18:59.083+0100] {processor.py:927} WARNING - No viable dags retrieved from /mnt/c/Users/zaina/Documents/Core_Data_Engineering/airflow/airflow_coresentiment_Data_pipeline/airflow/lib/python3.10/site-packages/airflow/example_dags/example_branch_operator.py
[2024-11-20T04:18:59.135+0100] {processor.py:208} INFO - Processing /mnt/c/Users/zaina/Documents/Core_Data_Engineering/airflow/airflow_coresentiment_Data_pipeline/airflow/lib/python3.10/site-packages/airflow/example_dags/example_branch_operator.py took 0.182 seconds
[2024-11-20T04:21:03.304+0100] {processor.py:186} INFO - Started process (PID=254687) to work on /mnt/c/Users/zaina/Documents/Core_Data_Engineering/airflow/airflow_coresentiment_Data_pipeline/airflow/lib/python3.10/site-packages/airflow/example_dags/example_branch_operator.py
[2024-11-20T04:21:03.307+0100] {processor.py:914} INFO - Processing file /mnt/c/Users/zaina/Documents/Core_Data_Engineering/airflow/airflow_coresentiment_Data_pipeline/airflow/lib/python3.10/site-packages/airflow/example_dags/example_branch_operator.py for tasks to queue
[2024-11-20T04:21:03.311+0100] {logging_mixin.py:190} INFO - [2024-11-20T04:21:03.310+0100] {dagbag.py:588} INFO - Filling up the DagBag from /mnt/c/Users/zaina/Documents/Core_Data_Engineering/airflow/airflow_coresentiment_Data_pipeline/airflow/lib/python3.10/site-packages/airflow/example_dags/example_branch_operator.py
[2024-11-20T04:21:03.384+0100] {processor.py:927} WARNING - No viable dags retrieved from /mnt/c/Users/zaina/Documents/Core_Data_Engineering/airflow/airflow_coresentiment_Data_pipeline/airflow/lib/python3.10/site-packages/airflow/example_dags/example_branch_operator.py
[2024-11-20T04:21:03.409+0100] {processor.py:208} INFO - Processing /mnt/c/Users/zaina/Documents/Core_Data_Engineering/airflow/airflow_coresentiment_Data_pipeline/airflow/lib/python3.10/site-packages/airflow/example_dags/example_branch_operator.py took 0.120 seconds
[2024-11-20T04:23:01.820+0100] {processor.py:186} INFO - Started process (PID=254776) to work on /mnt/c/Users/zaina/Documents/Core_Data_Engineering/airflow/airflow_coresentiment_Data_pipeline/airflow/lib/python3.10/site-packages/airflow/example_dags/example_branch_operator.py
[2024-11-20T04:23:01.825+0100] {processor.py:914} INFO - Processing file /mnt/c/Users/zaina/Documents/Core_Data_Engineering/airflow/airflow_coresentiment_Data_pipeline/airflow/lib/python3.10/site-packages/airflow/example_dags/example_branch_operator.py for tasks to queue
[2024-11-20T04:23:01.832+0100] {logging_mixin.py:190} INFO - [2024-11-20T04:23:01.829+0100] {dagbag.py:588} INFO - Filling up the DagBag from /mnt/c/Users/zaina/Documents/Core_Data_Engineering/airflow/airflow_coresentiment_Data_pipeline/airflow/lib/python3.10/site-packages/airflow/example_dags/example_branch_operator.py
[2024-11-20T04:23:01.912+0100] {processor.py:927} WARNING - No viable dags retrieved from /mnt/c/Users/zaina/Documents/Core_Data_Engineering/airflow/airflow_coresentiment_Data_pipeline/airflow/lib/python3.10/site-packages/airflow/example_dags/example_branch_operator.py
[2024-11-20T04:23:01.935+0100] {processor.py:208} INFO - Processing /mnt/c/Users/zaina/Documents/Core_Data_Engineering/airflow/airflow_coresentiment_Data_pipeline/airflow/lib/python3.10/site-packages/airflow/example_dags/example_branch_operator.py took 0.138 seconds
[2024-11-20T04:27:17.464+0100] {processor.py:186} INFO - Started process (PID=254898) to work on /mnt/c/Users/zaina/Documents/Core_Data_Engineering/airflow/airflow_coresentiment_Data_pipeline/airflow/lib/python3.10/site-packages/airflow/example_dags/example_branch_operator.py
[2024-11-20T04:27:17.468+0100] {processor.py:914} INFO - Processing file /mnt/c/Users/zaina/Documents/Core_Data_Engineering/airflow/airflow_coresentiment_Data_pipeline/airflow/lib/python3.10/site-packages/airflow/example_dags/example_branch_operator.py for tasks to queue
[2024-11-20T04:27:17.473+0100] {logging_mixin.py:190} INFO - [2024-11-20T04:27:17.471+0100] {dagbag.py:588} INFO - Filling up the DagBag from /mnt/c/Users/zaina/Documents/Core_Data_Engineering/airflow/airflow_coresentiment_Data_pipeline/airflow/lib/python3.10/site-packages/airflow/example_dags/example_branch_operator.py
[2024-11-20T04:27:17.637+0100] {processor.py:927} WARNING - No viable dags retrieved from /mnt/c/Users/zaina/Documents/Core_Data_Engineering/airflow/airflow_coresentiment_Data_pipeline/airflow/lib/python3.10/site-packages/airflow/example_dags/example_branch_operator.py
[2024-11-20T04:27:17.665+0100] {processor.py:208} INFO - Processing /mnt/c/Users/zaina/Documents/Core_Data_Engineering/airflow/airflow_coresentiment_Data_pipeline/airflow/lib/python3.10/site-packages/airflow/example_dags/example_branch_operator.py took 0.222 seconds
[2024-11-20T04:29:27.117+0100] {processor.py:186} INFO - Started process (PID=254997) to work on /mnt/c/Users/zaina/Documents/Core_Data_Engineering/airflow/airflow_coresentiment_Data_pipeline/airflow/lib/python3.10/site-packages/airflow/example_dags/example_branch_operator.py
[2024-11-20T04:29:27.120+0100] {processor.py:914} INFO - Processing file /mnt/c/Users/zaina/Documents/Core_Data_Engineering/airflow/airflow_coresentiment_Data_pipeline/airflow/lib/python3.10/site-packages/airflow/example_dags/example_branch_operator.py for tasks to queue
[2024-11-20T04:29:27.126+0100] {logging_mixin.py:190} INFO - [2024-11-20T04:29:27.124+0100] {dagbag.py:588} INFO - Filling up the DagBag from /mnt/c/Users/zaina/Documents/Core_Data_Engineering/airflow/airflow_coresentiment_Data_pipeline/airflow/lib/python3.10/site-packages/airflow/example_dags/example_branch_operator.py
[2024-11-20T04:29:27.197+0100] {processor.py:927} WARNING - No viable dags retrieved from /mnt/c/Users/zaina/Documents/Core_Data_Engineering/airflow/airflow_coresentiment_Data_pipeline/airflow/lib/python3.10/site-packages/airflow/example_dags/example_branch_operator.py
[2024-11-20T04:29:27.225+0100] {processor.py:208} INFO - Processing /mnt/c/Users/zaina/Documents/Core_Data_Engineering/airflow/airflow_coresentiment_Data_pipeline/airflow/lib/python3.10/site-packages/airflow/example_dags/example_branch_operator.py took 0.124 seconds
[2024-11-20T04:37:21.825+0100] {processor.py:186} INFO - Started process (PID=255198) to work on /mnt/c/Users/zaina/Documents/Core_Data_Engineering/airflow/airflow_coresentiment_Data_pipeline/airflow/lib/python3.10/site-packages/airflow/example_dags/example_branch_operator.py
[2024-11-20T04:37:21.828+0100] {processor.py:914} INFO - Processing file /mnt/c/Users/zaina/Documents/Core_Data_Engineering/airflow/airflow_coresentiment_Data_pipeline/airflow/lib/python3.10/site-packages/airflow/example_dags/example_branch_operator.py for tasks to queue
[2024-11-20T04:37:21.835+0100] {logging_mixin.py:190} INFO - [2024-11-20T04:37:21.833+0100] {dagbag.py:588} INFO - Filling up the DagBag from /mnt/c/Users/zaina/Documents/Core_Data_Engineering/airflow/airflow_coresentiment_Data_pipeline/airflow/lib/python3.10/site-packages/airflow/example_dags/example_branch_operator.py
[2024-11-20T04:37:21.933+0100] {processor.py:927} WARNING - No viable dags retrieved from /mnt/c/Users/zaina/Documents/Core_Data_Engineering/airflow/airflow_coresentiment_Data_pipeline/airflow/lib/python3.10/site-packages/airflow/example_dags/example_branch_operator.py
[2024-11-20T04:37:21.967+0100] {processor.py:208} INFO - Processing /mnt/c/Users/zaina/Documents/Core_Data_Engineering/airflow/airflow_coresentiment_Data_pipeline/airflow/lib/python3.10/site-packages/airflow/example_dags/example_branch_operator.py took 0.163 seconds
[2024-11-20T04:56:29.450+0100] {processor.py:186} INFO - Started process (PID=255467) to work on /mnt/c/Users/zaina/Documents/Core_Data_Engineering/airflow/airflow_coresentiment_Data_pipeline/airflow/lib/python3.10/site-packages/airflow/example_dags/example_branch_operator.py
[2024-11-20T04:56:29.454+0100] {processor.py:914} INFO - Processing file /mnt/c/Users/zaina/Documents/Core_Data_Engineering/airflow/airflow_coresentiment_Data_pipeline/airflow/lib/python3.10/site-packages/airflow/example_dags/example_branch_operator.py for tasks to queue
[2024-11-20T04:56:29.459+0100] {logging_mixin.py:190} INFO - [2024-11-20T04:56:29.458+0100] {dagbag.py:588} INFO - Filling up the DagBag from /mnt/c/Users/zaina/Documents/Core_Data_Engineering/airflow/airflow_coresentiment_Data_pipeline/airflow/lib/python3.10/site-packages/airflow/example_dags/example_branch_operator.py
[2024-11-20T04:56:29.564+0100] {processor.py:927} WARNING - No viable dags retrieved from /mnt/c/Users/zaina/Documents/Core_Data_Engineering/airflow/airflow_coresentiment_Data_pipeline/airflow/lib/python3.10/site-packages/airflow/example_dags/example_branch_operator.py
[2024-11-20T04:56:29.587+0100] {processor.py:208} INFO - Processing /mnt/c/Users/zaina/Documents/Core_Data_Engineering/airflow/airflow_coresentiment_Data_pipeline/airflow/lib/python3.10/site-packages/airflow/example_dags/example_branch_operator.py took 0.153 seconds
[2024-11-20T04:58:33.786+0100] {processor.py:186} INFO - Started process (PID=255556) to work on /mnt/c/Users/zaina/Documents/Core_Data_Engineering/airflow/airflow_coresentiment_Data_pipeline/airflow/lib/python3.10/site-packages/airflow/example_dags/example_branch_operator.py
[2024-11-20T04:58:33.793+0100] {processor.py:914} INFO - Processing file /mnt/c/Users/zaina/Documents/Core_Data_Engineering/airflow/airflow_coresentiment_Data_pipeline/airflow/lib/python3.10/site-packages/airflow/example_dags/example_branch_operator.py for tasks to queue
[2024-11-20T04:58:33.798+0100] {logging_mixin.py:190} INFO - [2024-11-20T04:58:33.796+0100] {dagbag.py:588} INFO - Filling up the DagBag from /mnt/c/Users/zaina/Documents/Core_Data_Engineering/airflow/airflow_coresentiment_Data_pipeline/airflow/lib/python3.10/site-packages/airflow/example_dags/example_branch_operator.py
[2024-11-20T04:58:33.979+0100] {processor.py:927} WARNING - No viable dags retrieved from /mnt/c/Users/zaina/Documents/Core_Data_Engineering/airflow/airflow_coresentiment_Data_pipeline/airflow/lib/python3.10/site-packages/airflow/example_dags/example_branch_operator.py
[2024-11-20T04:58:34.001+0100] {processor.py:208} INFO - Processing /mnt/c/Users/zaina/Documents/Core_Data_Engineering/airflow/airflow_coresentiment_Data_pipeline/airflow/lib/python3.10/site-packages/airflow/example_dags/example_branch_operator.py took 0.230 seconds
[2024-11-20T05:00:40.725+0100] {processor.py:186} INFO - Started process (PID=255648) to work on /mnt/c/Users/zaina/Documents/Core_Data_Engineering/airflow/airflow_coresentiment_Data_pipeline/airflow/lib/python3.10/site-packages/airflow/example_dags/example_branch_operator.py
[2024-11-20T05:00:40.730+0100] {processor.py:914} INFO - Processing file /mnt/c/Users/zaina/Documents/Core_Data_Engineering/airflow/airflow_coresentiment_Data_pipeline/airflow/lib/python3.10/site-packages/airflow/example_dags/example_branch_operator.py for tasks to queue
[2024-11-20T05:00:40.736+0100] {logging_mixin.py:190} INFO - [2024-11-20T05:00:40.735+0100] {dagbag.py:588} INFO - Filling up the DagBag from /mnt/c/Users/zaina/Documents/Core_Data_Engineering/airflow/airflow_coresentiment_Data_pipeline/airflow/lib/python3.10/site-packages/airflow/example_dags/example_branch_operator.py
[2024-11-20T05:00:40.812+0100] {processor.py:927} WARNING - No viable dags retrieved from /mnt/c/Users/zaina/Documents/Core_Data_Engineering/airflow/airflow_coresentiment_Data_pipeline/airflow/lib/python3.10/site-packages/airflow/example_dags/example_branch_operator.py
[2024-11-20T05:00:40.846+0100] {processor.py:208} INFO - Processing /mnt/c/Users/zaina/Documents/Core_Data_Engineering/airflow/airflow_coresentiment_Data_pipeline/airflow/lib/python3.10/site-packages/airflow/example_dags/example_branch_operator.py took 0.178 seconds
[2024-11-20T05:02:38.808+0100] {processor.py:186} INFO - Started process (PID=255736) to work on /mnt/c/Users/zaina/Documents/Core_Data_Engineering/airflow/airflow_coresentiment_Data_pipeline/airflow/lib/python3.10/site-packages/airflow/example_dags/example_branch_operator.py
[2024-11-20T05:02:38.813+0100] {processor.py:914} INFO - Processing file /mnt/c/Users/zaina/Documents/Core_Data_Engineering/airflow/airflow_coresentiment_Data_pipeline/airflow/lib/python3.10/site-packages/airflow/example_dags/example_branch_operator.py for tasks to queue
[2024-11-20T05:02:38.819+0100] {logging_mixin.py:190} INFO - [2024-11-20T05:02:38.817+0100] {dagbag.py:588} INFO - Filling up the DagBag from /mnt/c/Users/zaina/Documents/Core_Data_Engineering/airflow/airflow_coresentiment_Data_pipeline/airflow/lib/python3.10/site-packages/airflow/example_dags/example_branch_operator.py
[2024-11-20T05:02:38.909+0100] {processor.py:927} WARNING - No viable dags retrieved from /mnt/c/Users/zaina/Documents/Core_Data_Engineering/airflow/airflow_coresentiment_Data_pipeline/airflow/lib/python3.10/site-packages/airflow/example_dags/example_branch_operator.py
[2024-11-20T05:02:38.938+0100] {processor.py:208} INFO - Processing /mnt/c/Users/zaina/Documents/Core_Data_Engineering/airflow/airflow_coresentiment_Data_pipeline/airflow/lib/python3.10/site-packages/airflow/example_dags/example_branch_operator.py took 0.154 seconds
