[2024-11-20T01:03:12.510+0100] {local_task_job_runner.py:123} INFO - ::group::Pre task execution logs
[2024-11-20T01:03:12.553+0100] {taskinstance.py:2612} INFO - Dependencies all met for dep_context=non-requeueable deps ti=<TaskInstance: etl_pipeline_to_snowflake.extract_data scheduled__2024-11-19T00:00:00+00:00 [queued]>
[2024-11-20T01:03:12.583+0100] {taskinstance.py:2612} INFO - Dependencies all met for dep_context=requeueable deps ti=<TaskInstance: etl_pipeline_to_snowflake.extract_data scheduled__2024-11-19T00:00:00+00:00 [queued]>
[2024-11-20T01:03:12.588+0100] {taskinstance.py:2865} INFO - Starting attempt 1 of 2
[2024-11-20T01:03:12.659+0100] {taskinstance.py:2888} INFO - Executing <Task(PythonOperator): extract_data> on 2024-11-19 00:00:00+00:00
[2024-11-20T01:03:12.694+0100] {standard_task_runner.py:72} INFO - Started process 248833 to run task
[2024-11-20T01:03:12.700+0100] {standard_task_runner.py:104} INFO - Running: ['airflow', 'tasks', 'run', 'etl_pipeline_to_snowflake', 'extract_data', 'scheduled__2024-11-19T00:00:00+00:00', '--job-id', '92', '--raw', '--subdir', 'DAGS_FOLDER/staging_data_dag.py', '--cfg-path', '/tmp/tmp16f7edr7']
[2024-11-20T01:03:12.703+0100] {standard_task_runner.py:105} INFO - Job 92: Subtask extract_data
[2024-11-20T01:03:12.877+0100] {task_command.py:467} INFO - Running <TaskInstance: etl_pipeline_to_snowflake.extract_data scheduled__2024-11-19T00:00:00+00:00 [running]> on host zainab.
[2024-11-20T01:03:13.073+0100] {taskinstance.py:3131} INFO - Exporting env vars: AIRFLOW_CTX_DAG_OWNER='airflow' AIRFLOW_CTX_DAG_ID='etl_pipeline_to_snowflake' AIRFLOW_CTX_TASK_ID='extract_data' AIRFLOW_CTX_EXECUTION_DATE='2024-11-19T00:00:00+00:00' AIRFLOW_CTX_TRY_NUMBER='1' AIRFLOW_CTX_DAG_RUN_ID='scheduled__2024-11-19T00:00:00+00:00'
[2024-11-20T01:03:13.077+0100] {logging_mixin.py:190} INFO - Task instance is in running state
[2024-11-20T01:03:13.079+0100] {logging_mixin.py:190} INFO -  Previous state of the Task instance: queued
[2024-11-20T01:03:13.081+0100] {logging_mixin.py:190} INFO - Current task name:extract_data state:running start_date:2024-11-20 00:03:12.557829+00:00
[2024-11-20T01:03:13.084+0100] {logging_mixin.py:190} INFO - Dag name:etl_pipeline_to_snowflake and current dag run status:running
[2024-11-20T01:03:13.086+0100] {taskinstance.py:731} INFO - ::endgroup::
[2024-11-20T01:03:13.107+0100] {base.py:84} INFO - Retrieving connection 'aws_default'
[2024-11-20T01:03:13.112+0100] {connection_wrapper.py:325} INFO - AWS Connection (conn_id='aws_default', conn_type='aws') credentials retrieved from login and password.
[2024-11-20T01:03:44.819+0100] {python.py:240} INFO - Done. Returned value was: /mnt/c/Users/zaina/Documents/Core_Data_Engineering/capstone_project/AIRFLOW/dags/tmp/data.parquet
[2024-11-20T01:03:44.874+0100] {taskinstance.py:340} INFO - ::group::Post task execution logs
[2024-11-20T01:03:44.877+0100] {taskinstance.py:352} INFO - Marking task as SUCCESS. dag_id=etl_pipeline_to_snowflake, task_id=extract_data, run_id=scheduled__2024-11-19T00:00:00+00:00, execution_date=20241119T000000, start_date=20241120T000312, end_date=20241120T000344
[2024-11-20T01:03:44.915+0100] {logging_mixin.py:190} INFO - Task instance in success state
[2024-11-20T01:03:44.919+0100] {logging_mixin.py:190} INFO -  Previous state of the Task instance: running
[2024-11-20T01:03:44.922+0100] {logging_mixin.py:190} INFO - Dag name:etl_pipeline_to_snowflake queued_at:2024-11-20 00:00:01.973505+00:00
[2024-11-20T01:03:44.924+0100] {logging_mixin.py:190} INFO - Task hostname:zainab. operator:PythonOperator
[2024-11-20T01:03:44.969+0100] {local_task_job_runner.py:266} INFO - Task exited with return code 0
[2024-11-20T01:03:45.008+0100] {taskinstance.py:3900} INFO - 1 downstream tasks scheduled from follow-on schedule check
[2024-11-20T01:03:45.027+0100] {local_task_job_runner.py:245} INFO - ::endgroup::
