[2024-11-19T00:45:29.073+0100] {processor.py:186} INFO - Started process (PID=204870) to work on /mnt/c/Users/zaina/Documents/Core_Data_Engineering/capstone_project/airflow/dags/raw_data_dag.py
[2024-11-19T00:45:29.080+0100] {processor.py:914} INFO - Processing file /mnt/c/Users/zaina/Documents/Core_Data_Engineering/capstone_project/airflow/dags/raw_data_dag.py for tasks to queue
[2024-11-19T00:45:29.085+0100] {logging_mixin.py:190} INFO - [2024-11-19T00:45:29.084+0100] {dagbag.py:588} INFO - Filling up the DagBag from /mnt/c/Users/zaina/Documents/Core_Data_Engineering/capstone_project/airflow/dags/raw_data_dag.py
[2024-11-19T00:45:29.512+0100] {processor.py:925} INFO - DAG(s) 'etl_pipeline' retrieved from /mnt/c/Users/zaina/Documents/Core_Data_Engineering/capstone_project/airflow/dags/raw_data_dag.py
[2024-11-19T00:45:30.885+0100] {logging_mixin.py:190} INFO - [2024-11-19T00:45:30.884+0100] {dag.py:3239} INFO - Sync 1 DAGs
[2024-11-19T00:45:30.917+0100] {logging_mixin.py:190} INFO - [2024-11-19T00:45:30.916+0100] {dag.py:4180} INFO - Setting next_dagrun for etl_pipeline to 2024-11-18 00:00:00+00:00, run_after=2024-11-19 00:00:00+00:00
[2024-11-19T00:45:30.983+0100] {processor.py:208} INFO - Processing /mnt/c/Users/zaina/Documents/Core_Data_Engineering/capstone_project/airflow/dags/raw_data_dag.py took 1.946 seconds
[2024-11-19T00:47:21.920+0100] {processor.py:186} INFO - Started process (PID=205376) to work on /mnt/c/Users/zaina/Documents/Core_Data_Engineering/capstone_project/airflow/dags/raw_data_dag.py
[2024-11-19T00:47:21.924+0100] {processor.py:914} INFO - Processing file /mnt/c/Users/zaina/Documents/Core_Data_Engineering/capstone_project/airflow/dags/raw_data_dag.py for tasks to queue
[2024-11-19T00:47:21.929+0100] {logging_mixin.py:190} INFO - [2024-11-19T00:47:21.927+0100] {dagbag.py:588} INFO - Filling up the DagBag from /mnt/c/Users/zaina/Documents/Core_Data_Engineering/capstone_project/airflow/dags/raw_data_dag.py
[2024-11-19T00:47:22.676+0100] {processor.py:925} INFO - DAG(s) 'etl_pipeline' retrieved from /mnt/c/Users/zaina/Documents/Core_Data_Engineering/capstone_project/airflow/dags/raw_data_dag.py
[2024-11-19T00:47:22.751+0100] {logging_mixin.py:190} INFO - [2024-11-19T00:47:22.749+0100] {dag.py:3239} INFO - Sync 1 DAGs
[2024-11-19T00:47:22.831+0100] {logging_mixin.py:190} INFO - [2024-11-19T00:47:22.830+0100] {dag.py:4180} INFO - Setting next_dagrun for etl_pipeline to 2024-11-18 00:00:00+00:00, run_after=2024-11-19 00:00:00+00:00
[2024-11-19T00:47:22.926+0100] {processor.py:208} INFO - Processing /mnt/c/Users/zaina/Documents/Core_Data_Engineering/capstone_project/airflow/dags/raw_data_dag.py took 1.019 seconds
[2024-11-19T00:48:34.785+0100] {processor.py:186} INFO - Started process (PID=205709) to work on /mnt/c/Users/zaina/Documents/Core_Data_Engineering/capstone_project/airflow/dags/raw_data_dag.py
[2024-11-19T00:48:34.789+0100] {processor.py:914} INFO - Processing file /mnt/c/Users/zaina/Documents/Core_Data_Engineering/capstone_project/airflow/dags/raw_data_dag.py for tasks to queue
[2024-11-19T00:48:34.798+0100] {logging_mixin.py:190} INFO - [2024-11-19T00:48:34.794+0100] {dagbag.py:588} INFO - Filling up the DagBag from /mnt/c/Users/zaina/Documents/Core_Data_Engineering/capstone_project/airflow/dags/raw_data_dag.py
[2024-11-19T00:48:35.118+0100] {processor.py:925} INFO - DAG(s) 'etl_pipeline' retrieved from /mnt/c/Users/zaina/Documents/Core_Data_Engineering/capstone_project/airflow/dags/raw_data_dag.py
[2024-11-19T00:48:35.152+0100] {logging_mixin.py:190} INFO - [2024-11-19T00:48:35.150+0100] {dag.py:3239} INFO - Sync 1 DAGs
[2024-11-19T00:48:35.187+0100] {logging_mixin.py:190} INFO - [2024-11-19T00:48:35.183+0100] {dag.py:4180} INFO - Setting next_dagrun for etl_pipeline to 2024-11-18 00:00:00+00:00, run_after=2024-11-19 00:00:00+00:00
[2024-11-19T00:48:35.263+0100] {processor.py:208} INFO - Processing /mnt/c/Users/zaina/Documents/Core_Data_Engineering/capstone_project/airflow/dags/raw_data_dag.py took 0.507 seconds
[2024-11-19T00:49:57.240+0100] {processor.py:186} INFO - Started process (PID=206077) to work on /mnt/c/Users/zaina/Documents/Core_Data_Engineering/capstone_project/airflow/dags/raw_data_dag.py
[2024-11-19T00:49:57.243+0100] {processor.py:914} INFO - Processing file /mnt/c/Users/zaina/Documents/Core_Data_Engineering/capstone_project/airflow/dags/raw_data_dag.py for tasks to queue
[2024-11-19T00:49:57.250+0100] {logging_mixin.py:190} INFO - [2024-11-19T00:49:57.247+0100] {dagbag.py:588} INFO - Filling up the DagBag from /mnt/c/Users/zaina/Documents/Core_Data_Engineering/capstone_project/airflow/dags/raw_data_dag.py
[2024-11-19T00:49:57.610+0100] {processor.py:925} INFO - DAG(s) 'etl_pipeline' retrieved from /mnt/c/Users/zaina/Documents/Core_Data_Engineering/capstone_project/airflow/dags/raw_data_dag.py
[2024-11-19T00:49:57.655+0100] {logging_mixin.py:190} INFO - [2024-11-19T00:49:57.653+0100] {dag.py:3239} INFO - Sync 1 DAGs
[2024-11-19T00:49:57.695+0100] {logging_mixin.py:190} INFO - [2024-11-19T00:49:57.693+0100] {dag.py:4180} INFO - Setting next_dagrun for etl_pipeline to 2024-11-18 00:00:00+00:00, run_after=2024-11-19 00:00:00+00:00
[2024-11-19T00:49:57.776+0100] {processor.py:208} INFO - Processing /mnt/c/Users/zaina/Documents/Core_Data_Engineering/capstone_project/airflow/dags/raw_data_dag.py took 0.556 seconds
[2024-11-19T00:51:27.467+0100] {processor.py:186} INFO - Started process (PID=206486) to work on /mnt/c/Users/zaina/Documents/Core_Data_Engineering/capstone_project/airflow/dags/raw_data_dag.py
[2024-11-19T00:51:27.470+0100] {processor.py:914} INFO - Processing file /mnt/c/Users/zaina/Documents/Core_Data_Engineering/capstone_project/airflow/dags/raw_data_dag.py for tasks to queue
[2024-11-19T00:51:27.474+0100] {logging_mixin.py:190} INFO - [2024-11-19T00:51:27.473+0100] {dagbag.py:588} INFO - Filling up the DagBag from /mnt/c/Users/zaina/Documents/Core_Data_Engineering/capstone_project/airflow/dags/raw_data_dag.py
[2024-11-19T00:51:27.739+0100] {processor.py:925} INFO - DAG(s) 'etl_pipeline' retrieved from /mnt/c/Users/zaina/Documents/Core_Data_Engineering/capstone_project/airflow/dags/raw_data_dag.py
[2024-11-19T00:51:27.773+0100] {logging_mixin.py:190} INFO - [2024-11-19T00:51:27.771+0100] {dag.py:3239} INFO - Sync 1 DAGs
[2024-11-19T00:51:27.806+0100] {logging_mixin.py:190} INFO - [2024-11-19T00:51:27.805+0100] {dag.py:4180} INFO - Setting next_dagrun for etl_pipeline to 2024-11-18 00:00:00+00:00, run_after=2024-11-19 00:00:00+00:00
[2024-11-19T00:51:27.867+0100] {processor.py:208} INFO - Processing /mnt/c/Users/zaina/Documents/Core_Data_Engineering/capstone_project/airflow/dags/raw_data_dag.py took 0.431 seconds
[2024-11-19T00:52:45.403+0100] {processor.py:186} INFO - Started process (PID=206858) to work on /mnt/c/Users/zaina/Documents/Core_Data_Engineering/capstone_project/airflow/dags/raw_data_dag.py
[2024-11-19T00:52:45.406+0100] {processor.py:914} INFO - Processing file /mnt/c/Users/zaina/Documents/Core_Data_Engineering/capstone_project/airflow/dags/raw_data_dag.py for tasks to queue
[2024-11-19T00:52:45.413+0100] {logging_mixin.py:190} INFO - [2024-11-19T00:52:45.409+0100] {dagbag.py:588} INFO - Filling up the DagBag from /mnt/c/Users/zaina/Documents/Core_Data_Engineering/capstone_project/airflow/dags/raw_data_dag.py
[2024-11-19T00:52:46.214+0100] {processor.py:925} INFO - DAG(s) 'etl_pipeline' retrieved from /mnt/c/Users/zaina/Documents/Core_Data_Engineering/capstone_project/airflow/dags/raw_data_dag.py
[2024-11-19T00:52:46.257+0100] {logging_mixin.py:190} INFO - [2024-11-19T00:52:46.256+0100] {dag.py:3239} INFO - Sync 1 DAGs
[2024-11-19T00:52:46.288+0100] {logging_mixin.py:190} INFO - [2024-11-19T00:52:46.287+0100] {dag.py:4180} INFO - Setting next_dagrun for etl_pipeline to 2024-11-18 00:00:00+00:00, run_after=2024-11-19 00:00:00+00:00
[2024-11-19T00:52:46.370+0100] {processor.py:208} INFO - Processing /mnt/c/Users/zaina/Documents/Core_Data_Engineering/capstone_project/airflow/dags/raw_data_dag.py took 1.021 seconds
[2024-11-19T00:53:53.462+0100] {processor.py:186} INFO - Started process (PID=207167) to work on /mnt/c/Users/zaina/Documents/Core_Data_Engineering/capstone_project/airflow/dags/raw_data_dag.py
[2024-11-19T00:53:53.466+0100] {processor.py:914} INFO - Processing file /mnt/c/Users/zaina/Documents/Core_Data_Engineering/capstone_project/airflow/dags/raw_data_dag.py for tasks to queue
[2024-11-19T00:53:53.475+0100] {logging_mixin.py:190} INFO - [2024-11-19T00:53:53.474+0100] {dagbag.py:588} INFO - Filling up the DagBag from /mnt/c/Users/zaina/Documents/Core_Data_Engineering/capstone_project/airflow/dags/raw_data_dag.py
[2024-11-19T00:53:53.733+0100] {processor.py:925} INFO - DAG(s) 'etl_pipeline' retrieved from /mnt/c/Users/zaina/Documents/Core_Data_Engineering/capstone_project/airflow/dags/raw_data_dag.py
[2024-11-19T00:53:53.763+0100] {logging_mixin.py:190} INFO - [2024-11-19T00:53:53.761+0100] {dag.py:3239} INFO - Sync 1 DAGs
[2024-11-19T00:53:53.791+0100] {logging_mixin.py:190} INFO - [2024-11-19T00:53:53.789+0100] {dag.py:4180} INFO - Setting next_dagrun for etl_pipeline to 2024-11-18 00:00:00+00:00, run_after=2024-11-19 00:00:00+00:00
[2024-11-19T00:53:53.856+0100] {processor.py:208} INFO - Processing /mnt/c/Users/zaina/Documents/Core_Data_Engineering/capstone_project/airflow/dags/raw_data_dag.py took 0.421 seconds
[2024-11-19T00:55:06.222+0100] {processor.py:186} INFO - Started process (PID=207511) to work on /mnt/c/Users/zaina/Documents/Core_Data_Engineering/capstone_project/airflow/dags/raw_data_dag.py
[2024-11-19T00:55:06.325+0100] {processor.py:914} INFO - Processing file /mnt/c/Users/zaina/Documents/Core_Data_Engineering/capstone_project/airflow/dags/raw_data_dag.py for tasks to queue
[2024-11-19T00:55:06.357+0100] {logging_mixin.py:190} INFO - [2024-11-19T00:55:06.354+0100] {dagbag.py:588} INFO - Filling up the DagBag from /mnt/c/Users/zaina/Documents/Core_Data_Engineering/capstone_project/airflow/dags/raw_data_dag.py
[2024-11-19T00:55:08.176+0100] {processor.py:925} INFO - DAG(s) 'etl_pipeline' retrieved from /mnt/c/Users/zaina/Documents/Core_Data_Engineering/capstone_project/airflow/dags/raw_data_dag.py
[2024-11-19T00:55:08.351+0100] {logging_mixin.py:190} INFO - [2024-11-19T00:55:08.345+0100] {dag.py:3239} INFO - Sync 1 DAGs
[2024-11-19T00:55:08.495+0100] {logging_mixin.py:190} INFO - [2024-11-19T00:55:08.493+0100] {dag.py:4180} INFO - Setting next_dagrun for etl_pipeline to 2024-11-18 00:00:00+00:00, run_after=2024-11-19 00:00:00+00:00
[2024-11-19T00:55:08.800+0100] {processor.py:208} INFO - Processing /mnt/c/Users/zaina/Documents/Core_Data_Engineering/capstone_project/airflow/dags/raw_data_dag.py took 2.716 seconds
[2024-11-19T00:56:37.337+0100] {processor.py:186} INFO - Started process (PID=207918) to work on /mnt/c/Users/zaina/Documents/Core_Data_Engineering/capstone_project/airflow/dags/raw_data_dag.py
[2024-11-19T00:56:37.340+0100] {processor.py:914} INFO - Processing file /mnt/c/Users/zaina/Documents/Core_Data_Engineering/capstone_project/airflow/dags/raw_data_dag.py for tasks to queue
[2024-11-19T00:56:37.345+0100] {logging_mixin.py:190} INFO - [2024-11-19T00:56:37.343+0100] {dagbag.py:588} INFO - Filling up the DagBag from /mnt/c/Users/zaina/Documents/Core_Data_Engineering/capstone_project/airflow/dags/raw_data_dag.py
[2024-11-19T00:56:37.558+0100] {processor.py:925} INFO - DAG(s) 'etl_pipeline' retrieved from /mnt/c/Users/zaina/Documents/Core_Data_Engineering/capstone_project/airflow/dags/raw_data_dag.py
[2024-11-19T00:56:37.608+0100] {logging_mixin.py:190} INFO - [2024-11-19T00:56:37.607+0100] {dag.py:3239} INFO - Sync 1 DAGs
[2024-11-19T00:56:37.650+0100] {logging_mixin.py:190} INFO - [2024-11-19T00:56:37.649+0100] {dag.py:4180} INFO - Setting next_dagrun for etl_pipeline to 2024-11-18 00:00:00+00:00, run_after=2024-11-19 00:00:00+00:00
[2024-11-19T00:56:37.706+0100] {processor.py:208} INFO - Processing /mnt/c/Users/zaina/Documents/Core_Data_Engineering/capstone_project/airflow/dags/raw_data_dag.py took 0.385 seconds
[2024-11-19T00:57:50.004+0100] {processor.py:186} INFO - Started process (PID=208250) to work on /mnt/c/Users/zaina/Documents/Core_Data_Engineering/capstone_project/airflow/dags/raw_data_dag.py
[2024-11-19T00:57:50.007+0100] {processor.py:914} INFO - Processing file /mnt/c/Users/zaina/Documents/Core_Data_Engineering/capstone_project/airflow/dags/raw_data_dag.py for tasks to queue
[2024-11-19T00:57:50.013+0100] {logging_mixin.py:190} INFO - [2024-11-19T00:57:50.011+0100] {dagbag.py:588} INFO - Filling up the DagBag from /mnt/c/Users/zaina/Documents/Core_Data_Engineering/capstone_project/airflow/dags/raw_data_dag.py
[2024-11-19T00:57:50.269+0100] {processor.py:925} INFO - DAG(s) 'etl_pipeline' retrieved from /mnt/c/Users/zaina/Documents/Core_Data_Engineering/capstone_project/airflow/dags/raw_data_dag.py
[2024-11-19T00:57:50.310+0100] {logging_mixin.py:190} INFO - [2024-11-19T00:57:50.305+0100] {dag.py:3239} INFO - Sync 1 DAGs
[2024-11-19T00:57:50.350+0100] {logging_mixin.py:190} INFO - [2024-11-19T00:57:50.348+0100] {dag.py:4180} INFO - Setting next_dagrun for etl_pipeline to 2024-11-18 00:00:00+00:00, run_after=2024-11-19 00:00:00+00:00
[2024-11-19T00:57:50.631+0100] {processor.py:208} INFO - Processing /mnt/c/Users/zaina/Documents/Core_Data_Engineering/capstone_project/airflow/dags/raw_data_dag.py took 0.651 seconds
[2024-11-19T00:59:02.912+0100] {processor.py:186} INFO - Started process (PID=208577) to work on /mnt/c/Users/zaina/Documents/Core_Data_Engineering/capstone_project/airflow/dags/raw_data_dag.py
[2024-11-19T00:59:02.915+0100] {processor.py:914} INFO - Processing file /mnt/c/Users/zaina/Documents/Core_Data_Engineering/capstone_project/airflow/dags/raw_data_dag.py for tasks to queue
[2024-11-19T00:59:02.921+0100] {logging_mixin.py:190} INFO - [2024-11-19T00:59:02.919+0100] {dagbag.py:588} INFO - Filling up the DagBag from /mnt/c/Users/zaina/Documents/Core_Data_Engineering/capstone_project/airflow/dags/raw_data_dag.py
[2024-11-19T00:59:03.130+0100] {processor.py:925} INFO - DAG(s) 'etl_pipeline' retrieved from /mnt/c/Users/zaina/Documents/Core_Data_Engineering/capstone_project/airflow/dags/raw_data_dag.py
[2024-11-19T00:59:03.162+0100] {logging_mixin.py:190} INFO - [2024-11-19T00:59:03.160+0100] {dag.py:3239} INFO - Sync 1 DAGs
[2024-11-19T00:59:03.200+0100] {logging_mixin.py:190} INFO - [2024-11-19T00:59:03.199+0100] {dag.py:4180} INFO - Setting next_dagrun for etl_pipeline to 2024-11-18 00:00:00+00:00, run_after=2024-11-19 00:00:00+00:00
[2024-11-19T00:59:03.263+0100] {processor.py:208} INFO - Processing /mnt/c/Users/zaina/Documents/Core_Data_Engineering/capstone_project/airflow/dags/raw_data_dag.py took 0.369 seconds
