[2024-11-19T00:44:38.447+0100] {processor.py:186} INFO - Started process (PID=204651) to work on /mnt/c/Users/zaina/Documents/Core_Data_Engineering/capstone_project/airflow/dags/staging_data_dag.py
[2024-11-19T00:44:38.452+0100] {processor.py:914} INFO - Processing file /mnt/c/Users/zaina/Documents/Core_Data_Engineering/capstone_project/airflow/dags/staging_data_dag.py for tasks to queue
[2024-11-19T00:44:38.464+0100] {logging_mixin.py:190} INFO - [2024-11-19T00:44:38.460+0100] {dagbag.py:588} INFO - Filling up the DagBag from /mnt/c/Users/zaina/Documents/Core_Data_Engineering/capstone_project/airflow/dags/staging_data_dag.py
[2024-11-19T00:45:06.046+0100] {logging_mixin.py:190} WARNING - /mnt/c/Users/zaina/Documents/Core_Data_Engineering/airflow/airflow_coresentiment_Data_pipeline/airflow/lib/python3.10/site-packages/snowflake/sqlalchemy/base.py:1068 SAWarning: The GenericFunction 'flatten' is already registered and is going to be overridden.
[2024-11-19T00:45:06.858+0100] {processor.py:925} INFO - DAG(s) 'etl_pipeline_to_snowflake' retrieved from /mnt/c/Users/zaina/Documents/Core_Data_Engineering/capstone_project/airflow/dags/staging_data_dag.py
[2024-11-19T00:45:09.491+0100] {logging_mixin.py:190} INFO - [2024-11-19T00:45:09.489+0100] {override.py:1900} INFO - Created Permission View: can delete on DAG:etl_pipeline_to_snowflake
[2024-11-19T00:45:09.536+0100] {logging_mixin.py:190} INFO - [2024-11-19T00:45:09.534+0100] {override.py:1900} INFO - Created Permission View: can read on DAG:etl_pipeline_to_snowflake
[2024-11-19T00:45:09.579+0100] {logging_mixin.py:190} INFO - [2024-11-19T00:45:09.576+0100] {override.py:1900} INFO - Created Permission View: can edit on DAG:etl_pipeline_to_snowflake
[2024-11-19T00:45:09.641+0100] {logging_mixin.py:190} INFO - [2024-11-19T00:45:09.639+0100] {override.py:1900} INFO - Created Permission View: can delete on DAG Run:etl_pipeline_to_snowflake
[2024-11-19T00:45:09.696+0100] {logging_mixin.py:190} INFO - [2024-11-19T00:45:09.691+0100] {override.py:1900} INFO - Created Permission View: can read on DAG Run:etl_pipeline_to_snowflake
[2024-11-19T00:45:09.741+0100] {logging_mixin.py:190} INFO - [2024-11-19T00:45:09.740+0100] {override.py:1900} INFO - Created Permission View: menu access on DAG Run:etl_pipeline_to_snowflake
[2024-11-19T00:45:09.797+0100] {logging_mixin.py:190} INFO - [2024-11-19T00:45:09.791+0100] {override.py:1900} INFO - Created Permission View: can create on DAG Run:etl_pipeline_to_snowflake
[2024-11-19T00:45:09.801+0100] {logging_mixin.py:190} INFO - [2024-11-19T00:45:09.799+0100] {dag.py:3239} INFO - Sync 1 DAGs
[2024-11-19T00:45:09.842+0100] {logging_mixin.py:190} INFO - [2024-11-19T00:45:09.841+0100] {dag.py:3262} INFO - Creating ORM DAG for etl_pipeline_to_snowflake
[2024-11-19T00:45:09.869+0100] {logging_mixin.py:190} INFO - [2024-11-19T00:45:09.868+0100] {dag.py:4180} INFO - Setting next_dagrun for etl_pipeline_to_snowflake to 2024-11-17 00:00:00+00:00, run_after=2024-11-18 00:00:00+00:00
[2024-11-19T00:45:09.934+0100] {processor.py:208} INFO - Processing /mnt/c/Users/zaina/Documents/Core_Data_Engineering/capstone_project/airflow/dags/staging_data_dag.py took 31.635 seconds
[2024-11-19T00:47:15.082+0100] {processor.py:186} INFO - Started process (PID=205347) to work on /mnt/c/Users/zaina/Documents/Core_Data_Engineering/capstone_project/airflow/dags/staging_data_dag.py
[2024-11-19T00:47:15.085+0100] {processor.py:914} INFO - Processing file /mnt/c/Users/zaina/Documents/Core_Data_Engineering/capstone_project/airflow/dags/staging_data_dag.py for tasks to queue
[2024-11-19T00:47:15.090+0100] {logging_mixin.py:190} INFO - [2024-11-19T00:47:15.089+0100] {dagbag.py:588} INFO - Filling up the DagBag from /mnt/c/Users/zaina/Documents/Core_Data_Engineering/capstone_project/airflow/dags/staging_data_dag.py
[2024-11-19T00:47:16.173+0100] {processor.py:925} INFO - DAG(s) 'etl_pipeline_to_snowflake' retrieved from /mnt/c/Users/zaina/Documents/Core_Data_Engineering/capstone_project/airflow/dags/staging_data_dag.py
[2024-11-19T00:47:16.205+0100] {logging_mixin.py:190} INFO - [2024-11-19T00:47:16.204+0100] {dag.py:3239} INFO - Sync 1 DAGs
[2024-11-19T00:47:16.235+0100] {logging_mixin.py:190} INFO - [2024-11-19T00:47:16.231+0100] {dag.py:4180} INFO - Setting next_dagrun for etl_pipeline_to_snowflake to 2024-11-17 00:00:00+00:00, run_after=2024-11-18 00:00:00+00:00
[2024-11-19T00:47:16.298+0100] {processor.py:208} INFO - Processing /mnt/c/Users/zaina/Documents/Core_Data_Engineering/capstone_project/airflow/dags/staging_data_dag.py took 1.230 seconds
[2024-11-19T00:48:30.983+0100] {processor.py:186} INFO - Started process (PID=205691) to work on /mnt/c/Users/zaina/Documents/Core_Data_Engineering/capstone_project/airflow/dags/staging_data_dag.py
[2024-11-19T00:48:30.987+0100] {processor.py:914} INFO - Processing file /mnt/c/Users/zaina/Documents/Core_Data_Engineering/capstone_project/airflow/dags/staging_data_dag.py for tasks to queue
[2024-11-19T00:48:30.993+0100] {logging_mixin.py:190} INFO - [2024-11-19T00:48:30.991+0100] {dagbag.py:588} INFO - Filling up the DagBag from /mnt/c/Users/zaina/Documents/Core_Data_Engineering/capstone_project/airflow/dags/staging_data_dag.py
[2024-11-19T00:48:31.556+0100] {processor.py:925} INFO - DAG(s) 'etl_pipeline_to_snowflake' retrieved from /mnt/c/Users/zaina/Documents/Core_Data_Engineering/capstone_project/airflow/dags/staging_data_dag.py
[2024-11-19T00:48:31.605+0100] {logging_mixin.py:190} INFO - [2024-11-19T00:48:31.603+0100] {dag.py:3239} INFO - Sync 1 DAGs
[2024-11-19T00:48:31.640+0100] {logging_mixin.py:190} INFO - [2024-11-19T00:48:31.638+0100] {dag.py:4180} INFO - Setting next_dagrun for etl_pipeline_to_snowflake to 2024-11-17 00:00:00+00:00, run_after=2024-11-18 00:00:00+00:00
[2024-11-19T00:48:31.708+0100] {processor.py:208} INFO - Processing /mnt/c/Users/zaina/Documents/Core_Data_Engineering/capstone_project/airflow/dags/staging_data_dag.py took 0.741 seconds
[2024-11-19T00:49:53.411+0100] {processor.py:186} INFO - Started process (PID=206059) to work on /mnt/c/Users/zaina/Documents/Core_Data_Engineering/capstone_project/airflow/dags/staging_data_dag.py
[2024-11-19T00:49:53.417+0100] {processor.py:914} INFO - Processing file /mnt/c/Users/zaina/Documents/Core_Data_Engineering/capstone_project/airflow/dags/staging_data_dag.py for tasks to queue
[2024-11-19T00:49:53.423+0100] {logging_mixin.py:190} INFO - [2024-11-19T00:49:53.421+0100] {dagbag.py:588} INFO - Filling up the DagBag from /mnt/c/Users/zaina/Documents/Core_Data_Engineering/capstone_project/airflow/dags/staging_data_dag.py
[2024-11-19T00:49:53.774+0100] {processor.py:925} INFO - DAG(s) 'etl_pipeline_to_snowflake' retrieved from /mnt/c/Users/zaina/Documents/Core_Data_Engineering/capstone_project/airflow/dags/staging_data_dag.py
[2024-11-19T00:49:53.802+0100] {logging_mixin.py:190} INFO - [2024-11-19T00:49:53.801+0100] {dag.py:3239} INFO - Sync 1 DAGs
[2024-11-19T00:49:53.834+0100] {logging_mixin.py:190} INFO - [2024-11-19T00:49:53.832+0100] {dag.py:4180} INFO - Setting next_dagrun for etl_pipeline_to_snowflake to 2024-11-17 00:00:00+00:00, run_after=2024-11-18 00:00:00+00:00
[2024-11-19T00:49:53.911+0100] {processor.py:208} INFO - Processing /mnt/c/Users/zaina/Documents/Core_Data_Engineering/capstone_project/airflow/dags/staging_data_dag.py took 0.520 seconds
[2024-11-19T00:51:22.399+0100] {processor.py:186} INFO - Started process (PID=206463) to work on /mnt/c/Users/zaina/Documents/Core_Data_Engineering/capstone_project/airflow/dags/staging_data_dag.py
[2024-11-19T00:51:22.404+0100] {processor.py:914} INFO - Processing file /mnt/c/Users/zaina/Documents/Core_Data_Engineering/capstone_project/airflow/dags/staging_data_dag.py for tasks to queue
[2024-11-19T00:51:22.412+0100] {logging_mixin.py:190} INFO - [2024-11-19T00:51:22.409+0100] {dagbag.py:588} INFO - Filling up the DagBag from /mnt/c/Users/zaina/Documents/Core_Data_Engineering/capstone_project/airflow/dags/staging_data_dag.py
[2024-11-19T00:51:22.757+0100] {processor.py:925} INFO - DAG(s) 'etl_pipeline_to_snowflake' retrieved from /mnt/c/Users/zaina/Documents/Core_Data_Engineering/capstone_project/airflow/dags/staging_data_dag.py
[2024-11-19T00:51:22.798+0100] {logging_mixin.py:190} INFO - [2024-11-19T00:51:22.796+0100] {dag.py:3239} INFO - Sync 1 DAGs
[2024-11-19T00:51:22.825+0100] {logging_mixin.py:190} INFO - [2024-11-19T00:51:22.824+0100] {dag.py:4180} INFO - Setting next_dagrun for etl_pipeline_to_snowflake to 2024-11-17 00:00:00+00:00, run_after=2024-11-18 00:00:00+00:00
[2024-11-19T00:51:22.875+0100] {processor.py:208} INFO - Processing /mnt/c/Users/zaina/Documents/Core_Data_Engineering/capstone_project/airflow/dags/staging_data_dag.py took 0.501 seconds
[2024-11-19T00:52:40.283+0100] {processor.py:186} INFO - Started process (PID=206835) to work on /mnt/c/Users/zaina/Documents/Core_Data_Engineering/capstone_project/airflow/dags/staging_data_dag.py
[2024-11-19T00:52:40.286+0100] {processor.py:914} INFO - Processing file /mnt/c/Users/zaina/Documents/Core_Data_Engineering/capstone_project/airflow/dags/staging_data_dag.py for tasks to queue
[2024-11-19T00:52:40.294+0100] {logging_mixin.py:190} INFO - [2024-11-19T00:52:40.292+0100] {dagbag.py:588} INFO - Filling up the DagBag from /mnt/c/Users/zaina/Documents/Core_Data_Engineering/capstone_project/airflow/dags/staging_data_dag.py
[2024-11-19T00:52:40.715+0100] {processor.py:925} INFO - DAG(s) 'etl_pipeline_to_snowflake' retrieved from /mnt/c/Users/zaina/Documents/Core_Data_Engineering/capstone_project/airflow/dags/staging_data_dag.py
[2024-11-19T00:52:40.752+0100] {logging_mixin.py:190} INFO - [2024-11-19T00:52:40.751+0100] {dag.py:3239} INFO - Sync 1 DAGs
[2024-11-19T00:52:40.786+0100] {logging_mixin.py:190} INFO - [2024-11-19T00:52:40.784+0100] {dag.py:4180} INFO - Setting next_dagrun for etl_pipeline_to_snowflake to 2024-11-17 00:00:00+00:00, run_after=2024-11-18 00:00:00+00:00
[2024-11-19T00:52:40.849+0100] {processor.py:208} INFO - Processing /mnt/c/Users/zaina/Documents/Core_Data_Engineering/capstone_project/airflow/dags/staging_data_dag.py took 0.587 seconds
[2024-11-19T00:53:50.170+0100] {processor.py:186} INFO - Started process (PID=207152) to work on /mnt/c/Users/zaina/Documents/Core_Data_Engineering/capstone_project/airflow/dags/staging_data_dag.py
[2024-11-19T00:53:50.178+0100] {processor.py:914} INFO - Processing file /mnt/c/Users/zaina/Documents/Core_Data_Engineering/capstone_project/airflow/dags/staging_data_dag.py for tasks to queue
[2024-11-19T00:53:50.190+0100] {logging_mixin.py:190} INFO - [2024-11-19T00:53:50.186+0100] {dagbag.py:588} INFO - Filling up the DagBag from /mnt/c/Users/zaina/Documents/Core_Data_Engineering/capstone_project/airflow/dags/staging_data_dag.py
[2024-11-19T00:53:50.601+0100] {processor.py:925} INFO - DAG(s) 'etl_pipeline_to_snowflake' retrieved from /mnt/c/Users/zaina/Documents/Core_Data_Engineering/capstone_project/airflow/dags/staging_data_dag.py
[2024-11-19T00:53:50.647+0100] {logging_mixin.py:190} INFO - [2024-11-19T00:53:50.644+0100] {dag.py:3239} INFO - Sync 1 DAGs
[2024-11-19T00:53:50.689+0100] {logging_mixin.py:190} INFO - [2024-11-19T00:53:50.686+0100] {dag.py:4180} INFO - Setting next_dagrun for etl_pipeline_to_snowflake to 2024-11-17 00:00:00+00:00, run_after=2024-11-18 00:00:00+00:00
[2024-11-19T00:53:50.774+0100] {processor.py:208} INFO - Processing /mnt/c/Users/zaina/Documents/Core_Data_Engineering/capstone_project/airflow/dags/staging_data_dag.py took 0.694 seconds
[2024-11-19T00:55:02.173+0100] {processor.py:186} INFO - Started process (PID=207494) to work on /mnt/c/Users/zaina/Documents/Core_Data_Engineering/capstone_project/airflow/dags/staging_data_dag.py
[2024-11-19T00:55:02.175+0100] {processor.py:914} INFO - Processing file /mnt/c/Users/zaina/Documents/Core_Data_Engineering/capstone_project/airflow/dags/staging_data_dag.py for tasks to queue
[2024-11-19T00:55:02.179+0100] {logging_mixin.py:190} INFO - [2024-11-19T00:55:02.178+0100] {dagbag.py:588} INFO - Filling up the DagBag from /mnt/c/Users/zaina/Documents/Core_Data_Engineering/capstone_project/airflow/dags/staging_data_dag.py
[2024-11-19T00:55:02.746+0100] {processor.py:925} INFO - DAG(s) 'etl_pipeline_to_snowflake' retrieved from /mnt/c/Users/zaina/Documents/Core_Data_Engineering/capstone_project/airflow/dags/staging_data_dag.py
[2024-11-19T00:55:02.789+0100] {logging_mixin.py:190} INFO - [2024-11-19T00:55:02.787+0100] {dag.py:3239} INFO - Sync 1 DAGs
[2024-11-19T00:55:03.062+0100] {logging_mixin.py:190} INFO - [2024-11-19T00:55:02.943+0100] {dag.py:4180} INFO - Setting next_dagrun for etl_pipeline_to_snowflake to 2024-11-17 00:00:00+00:00, run_after=2024-11-18 00:00:00+00:00
[2024-11-19T00:55:03.147+0100] {processor.py:208} INFO - Processing /mnt/c/Users/zaina/Documents/Core_Data_Engineering/capstone_project/airflow/dags/staging_data_dag.py took 0.987 seconds
[2024-11-19T00:56:34.714+0100] {processor.py:186} INFO - Started process (PID=207905) to work on /mnt/c/Users/zaina/Documents/Core_Data_Engineering/capstone_project/airflow/dags/staging_data_dag.py
[2024-11-19T00:56:34.718+0100] {processor.py:914} INFO - Processing file /mnt/c/Users/zaina/Documents/Core_Data_Engineering/capstone_project/airflow/dags/staging_data_dag.py for tasks to queue
[2024-11-19T00:56:34.725+0100] {logging_mixin.py:190} INFO - [2024-11-19T00:56:34.723+0100] {dagbag.py:588} INFO - Filling up the DagBag from /mnt/c/Users/zaina/Documents/Core_Data_Engineering/capstone_project/airflow/dags/staging_data_dag.py
[2024-11-19T00:56:35.321+0100] {processor.py:925} INFO - DAG(s) 'etl_pipeline_to_snowflake' retrieved from /mnt/c/Users/zaina/Documents/Core_Data_Engineering/capstone_project/airflow/dags/staging_data_dag.py
[2024-11-19T00:56:35.390+0100] {logging_mixin.py:190} INFO - [2024-11-19T00:56:35.387+0100] {dag.py:3239} INFO - Sync 1 DAGs
[2024-11-19T00:56:35.438+0100] {logging_mixin.py:190} INFO - [2024-11-19T00:56:35.436+0100] {dag.py:4180} INFO - Setting next_dagrun for etl_pipeline_to_snowflake to 2024-11-17 00:00:00+00:00, run_after=2024-11-18 00:00:00+00:00
[2024-11-19T00:56:35.534+0100] {processor.py:208} INFO - Processing /mnt/c/Users/zaina/Documents/Core_Data_Engineering/capstone_project/airflow/dags/staging_data_dag.py took 0.849 seconds
[2024-11-19T00:57:46.397+0100] {processor.py:186} INFO - Started process (PID=208234) to work on /mnt/c/Users/zaina/Documents/Core_Data_Engineering/capstone_project/airflow/dags/staging_data_dag.py
[2024-11-19T00:57:46.411+0100] {processor.py:914} INFO - Processing file /mnt/c/Users/zaina/Documents/Core_Data_Engineering/capstone_project/airflow/dags/staging_data_dag.py for tasks to queue
[2024-11-19T00:57:46.422+0100] {logging_mixin.py:190} INFO - [2024-11-19T00:57:46.418+0100] {dagbag.py:588} INFO - Filling up the DagBag from /mnt/c/Users/zaina/Documents/Core_Data_Engineering/capstone_project/airflow/dags/staging_data_dag.py
[2024-11-19T00:57:46.983+0100] {processor.py:925} INFO - DAG(s) 'etl_pipeline_to_snowflake' retrieved from /mnt/c/Users/zaina/Documents/Core_Data_Engineering/capstone_project/airflow/dags/staging_data_dag.py
[2024-11-19T00:57:47.022+0100] {logging_mixin.py:190} INFO - [2024-11-19T00:57:47.021+0100] {dag.py:3239} INFO - Sync 1 DAGs
[2024-11-19T00:57:47.055+0100] {logging_mixin.py:190} INFO - [2024-11-19T00:57:47.053+0100] {dag.py:4180} INFO - Setting next_dagrun for etl_pipeline_to_snowflake to 2024-11-17 00:00:00+00:00, run_after=2024-11-18 00:00:00+00:00
[2024-11-19T00:57:47.158+0100] {processor.py:208} INFO - Processing /mnt/c/Users/zaina/Documents/Core_Data_Engineering/capstone_project/airflow/dags/staging_data_dag.py took 0.792 seconds
[2024-11-19T00:58:58.790+0100] {processor.py:186} INFO - Started process (PID=208559) to work on /mnt/c/Users/zaina/Documents/Core_Data_Engineering/capstone_project/airflow/dags/staging_data_dag.py
[2024-11-19T00:58:58.792+0100] {processor.py:914} INFO - Processing file /mnt/c/Users/zaina/Documents/Core_Data_Engineering/capstone_project/airflow/dags/staging_data_dag.py for tasks to queue
[2024-11-19T00:58:58.797+0100] {logging_mixin.py:190} INFO - [2024-11-19T00:58:58.795+0100] {dagbag.py:588} INFO - Filling up the DagBag from /mnt/c/Users/zaina/Documents/Core_Data_Engineering/capstone_project/airflow/dags/staging_data_dag.py
[2024-11-19T00:58:59.210+0100] {processor.py:925} INFO - DAG(s) 'etl_pipeline_to_snowflake' retrieved from /mnt/c/Users/zaina/Documents/Core_Data_Engineering/capstone_project/airflow/dags/staging_data_dag.py
[2024-11-19T00:58:59.267+0100] {logging_mixin.py:190} INFO - [2024-11-19T00:58:59.265+0100] {dag.py:3239} INFO - Sync 1 DAGs
[2024-11-19T00:58:59.335+0100] {logging_mixin.py:190} INFO - [2024-11-19T00:58:59.319+0100] {dag.py:4180} INFO - Setting next_dagrun for etl_pipeline_to_snowflake to 2024-11-17 00:00:00+00:00, run_after=2024-11-18 00:00:00+00:00
[2024-11-19T00:58:59.489+0100] {processor.py:208} INFO - Processing /mnt/c/Users/zaina/Documents/Core_Data_Engineering/capstone_project/airflow/dags/staging_data_dag.py took 0.716 seconds
