[2024-11-19T18:07:09.873+0100] {local_task_job_runner.py:123} INFO - ::group::Pre task execution logs
[2024-11-19T18:07:09.929+0100] {taskinstance.py:2612} INFO - Dependencies all met for dep_context=non-requeueable deps ti=<TaskInstance: etl_pipeline_to_snowflake.extract_data manual__2024-11-19T00:21:47.385967+00:00 [queued]>
[2024-11-19T18:07:10.002+0100] {taskinstance.py:2612} INFO - Dependencies all met for dep_context=requeueable deps ti=<TaskInstance: etl_pipeline_to_snowflake.extract_data manual__2024-11-19T00:21:47.385967+00:00 [queued]>
[2024-11-19T18:07:10.008+0100] {taskinstance.py:2865} INFO - Starting attempt 8 of 9
[2024-11-19T18:07:10.091+0100] {taskinstance.py:2888} INFO - Executing <Task(PythonOperator): extract_data> on 2024-11-19 00:21:47.385967+00:00
[2024-11-19T18:07:10.118+0100] {standard_task_runner.py:72} INFO - Started process 235794 to run task
[2024-11-19T18:07:10.125+0100] {standard_task_runner.py:104} INFO - Running: ['airflow', 'tasks', 'run', 'etl_pipeline_to_snowflake', 'extract_data', 'manual__2024-11-19T00:21:47.385967+00:00', '--job-id', '58', '--raw', '--subdir', 'DAGS_FOLDER/staging_data_dag.py', '--cfg-path', '/tmp/tmpcj4jxev2']
[2024-11-19T18:07:10.130+0100] {standard_task_runner.py:105} INFO - Job 58: Subtask extract_data
[2024-11-19T18:07:10.222+0100] {task_command.py:467} INFO - Running <TaskInstance: etl_pipeline_to_snowflake.extract_data manual__2024-11-19T00:21:47.385967+00:00 [running]> on host zainab.
[2024-11-19T18:07:11.165+0100] {taskinstance.py:3131} INFO - Exporting env vars: AIRFLOW_CTX_DAG_OWNER='airflow' AIRFLOW_CTX_DAG_ID='etl_pipeline_to_snowflake' AIRFLOW_CTX_TASK_ID='extract_data' AIRFLOW_CTX_EXECUTION_DATE='2024-11-19T00:21:47.385967+00:00' AIRFLOW_CTX_TRY_NUMBER='8' AIRFLOW_CTX_DAG_RUN_ID='manual__2024-11-19T00:21:47.385967+00:00'
[2024-11-19T18:07:11.168+0100] {logging_mixin.py:190} INFO - Task instance is in running state
[2024-11-19T18:07:11.171+0100] {logging_mixin.py:190} INFO -  Previous state of the Task instance: queued
[2024-11-19T18:07:11.173+0100] {logging_mixin.py:190} INFO - Current task name:extract_data state:running start_date:2024-11-19 17:07:09.934443+00:00
[2024-11-19T18:07:11.175+0100] {logging_mixin.py:190} INFO - Dag name:etl_pipeline_to_snowflake and current dag run status:running
[2024-11-19T18:07:11.181+0100] {taskinstance.py:731} INFO - ::endgroup::
[2024-11-19T18:07:11.200+0100] {base.py:84} INFO - Retrieving connection 'aws_default'
[2024-11-19T18:07:11.203+0100] {connection_wrapper.py:325} INFO - AWS Connection (conn_id='aws_default', conn_type='aws') credentials retrieved from login and password.
[2024-11-19T18:07:45.151+0100] {python.py:240} INFO - Done. Returned value was: /mnt/c/Users/zaina/Documents/Core_Data_Engineering/capstone_project/AIRFLOW/dags/tmp/data.parquet
[2024-11-19T18:07:45.208+0100] {taskinstance.py:340} INFO - ::group::Post task execution logs
[2024-11-19T18:07:45.211+0100] {taskinstance.py:352} INFO - Marking task as SUCCESS. dag_id=etl_pipeline_to_snowflake, task_id=extract_data, run_id=manual__2024-11-19T00:21:47.385967+00:00, execution_date=20241119T002147, start_date=20241119T170709, end_date=20241119T170745
[2024-11-19T18:07:45.246+0100] {logging_mixin.py:190} INFO - Task instance in success state
[2024-11-19T18:07:45.250+0100] {logging_mixin.py:190} INFO -  Previous state of the Task instance: running
[2024-11-19T18:07:45.252+0100] {logging_mixin.py:190} INFO - Dag name:etl_pipeline_to_snowflake queued_at:2024-11-19 17:03:21.500207+00:00
[2024-11-19T18:07:45.254+0100] {logging_mixin.py:190} INFO - Task hostname:zainab. operator:PythonOperator
[2024-11-19T18:07:45.272+0100] {local_task_job_runner.py:266} INFO - Task exited with return code 0
[2024-11-19T18:07:45.313+0100] {taskinstance.py:3900} INFO - 1 downstream tasks scheduled from follow-on schedule check
[2024-11-19T18:07:45.325+0100] {local_task_job_runner.py:245} INFO - ::endgroup::
