[2024-11-20T02:15:38.077+0100] {local_task_job_runner.py:123} INFO - ::group::Pre task execution logs
[2024-11-20T02:15:38.142+0100] {taskinstance.py:2612} INFO - Dependencies all met for dep_context=non-requeueable deps ti=<TaskInstance: etl_pipeline_to_snowflake.extract_data manual__2024-11-19T00:21:47.385967+00:00 [queued]>
[2024-11-20T02:15:38.183+0100] {taskinstance.py:2612} INFO - Dependencies all met for dep_context=requeueable deps ti=<TaskInstance: etl_pipeline_to_snowflake.extract_data manual__2024-11-19T00:21:47.385967+00:00 [queued]>
[2024-11-20T02:15:38.188+0100] {taskinstance.py:2865} INFO - Starting attempt 10 of 11
[2024-11-20T02:15:38.267+0100] {taskinstance.py:2888} INFO - Executing <Task(PythonOperator): extract_data> on 2024-11-19 00:21:47.385967+00:00
[2024-11-20T02:15:38.302+0100] {standard_task_runner.py:72} INFO - Started process 251127 to run task
[2024-11-20T02:15:38.313+0100] {standard_task_runner.py:104} INFO - Running: ['airflow', 'tasks', 'run', 'etl_pipeline_to_snowflake', 'extract_data', 'manual__2024-11-19T00:21:47.385967+00:00', '--job-id', '98', '--raw', '--subdir', 'DAGS_FOLDER/staging_data_dag.py', '--cfg-path', '/tmp/tmplryjqqh_']
[2024-11-20T02:15:38.318+0100] {standard_task_runner.py:105} INFO - Job 98: Subtask extract_data
[2024-11-20T02:15:38.495+0100] {task_command.py:467} INFO - Running <TaskInstance: etl_pipeline_to_snowflake.extract_data manual__2024-11-19T00:21:47.385967+00:00 [running]> on host zainab.
[2024-11-20T02:15:38.680+0100] {taskinstance.py:3131} INFO - Exporting env vars: AIRFLOW_CTX_DAG_OWNER='airflow' AIRFLOW_CTX_DAG_ID='etl_pipeline_to_snowflake' AIRFLOW_CTX_TASK_ID='extract_data' AIRFLOW_CTX_EXECUTION_DATE='2024-11-19T00:21:47.385967+00:00' AIRFLOW_CTX_TRY_NUMBER='10' AIRFLOW_CTX_DAG_RUN_ID='manual__2024-11-19T00:21:47.385967+00:00'
[2024-11-20T02:15:38.683+0100] {logging_mixin.py:190} INFO - Task instance is in running state
[2024-11-20T02:15:38.685+0100] {logging_mixin.py:190} INFO -  Previous state of the Task instance: queued
[2024-11-20T02:15:38.687+0100] {logging_mixin.py:190} INFO - Current task name:extract_data state:running start_date:2024-11-20 01:15:38.149235+00:00
[2024-11-20T02:15:38.689+0100] {logging_mixin.py:190} INFO - Dag name:etl_pipeline_to_snowflake and current dag run status:running
[2024-11-20T02:15:38.690+0100] {taskinstance.py:731} INFO - ::endgroup::
[2024-11-20T02:15:38.712+0100] {base.py:84} INFO - Retrieving connection 'aws_default'
[2024-11-20T02:15:38.715+0100] {connection_wrapper.py:325} INFO - AWS Connection (conn_id='aws_default', conn_type='aws') credentials retrieved from login and password.
[2024-11-20T02:16:07.836+0100] {python.py:240} INFO - Done. Returned value was: /mnt/c/Users/zaina/Documents/Core_Data_Engineering/capstone_project/AIRFLOW/dags/tmp/data.parquet
[2024-11-20T02:16:07.931+0100] {taskinstance.py:340} INFO - ::group::Post task execution logs
[2024-11-20T02:16:07.934+0100] {taskinstance.py:352} INFO - Marking task as SUCCESS. dag_id=etl_pipeline_to_snowflake, task_id=extract_data, run_id=manual__2024-11-19T00:21:47.385967+00:00, execution_date=20241119T002147, start_date=20241120T011538, end_date=20241120T011607
[2024-11-20T02:16:07.979+0100] {logging_mixin.py:190} INFO - Task instance in success state
[2024-11-20T02:16:07.982+0100] {logging_mixin.py:190} INFO -  Previous state of the Task instance: running
[2024-11-20T02:16:07.984+0100] {logging_mixin.py:190} INFO - Dag name:etl_pipeline_to_snowflake queued_at:2024-11-20 01:14:30.813098+00:00
[2024-11-20T02:16:07.987+0100] {logging_mixin.py:190} INFO - Task hostname:zainab. operator:PythonOperator
[2024-11-20T02:16:08.047+0100] {local_task_job_runner.py:266} INFO - Task exited with return code 0
[2024-11-20T02:16:08.174+0100] {taskinstance.py:3900} INFO - 1 downstream tasks scheduled from follow-on schedule check
[2024-11-20T02:16:08.190+0100] {local_task_job_runner.py:245} INFO - ::endgroup::
