[2024-11-22T02:08:47.101+0100] {processor.py:186} INFO - Started process (PID=9786) to work on /mnt/c/Users/zaina/Documents/Core_Data_Engineering/airflow/airflow_coresentiment_Data_pipeline/airflow/lib/python3.10/site-packages/airflow/example_dags/example_branch_operator.py
[2024-11-22T02:08:47.103+0100] {processor.py:914} INFO - Processing file /mnt/c/Users/zaina/Documents/Core_Data_Engineering/airflow/airflow_coresentiment_Data_pipeline/airflow/lib/python3.10/site-packages/airflow/example_dags/example_branch_operator.py for tasks to queue
[2024-11-22T02:08:47.108+0100] {logging_mixin.py:190} INFO - [2024-11-22T02:08:47.107+0100] {dagbag.py:588} INFO - Filling up the DagBag from /mnt/c/Users/zaina/Documents/Core_Data_Engineering/airflow/airflow_coresentiment_Data_pipeline/airflow/lib/python3.10/site-packages/airflow/example_dags/example_branch_operator.py
[2024-11-22T02:08:47.152+0100] {processor.py:927} WARNING - No viable dags retrieved from /mnt/c/Users/zaina/Documents/Core_Data_Engineering/airflow/airflow_coresentiment_Data_pipeline/airflow/lib/python3.10/site-packages/airflow/example_dags/example_branch_operator.py
[2024-11-22T02:08:47.183+0100] {processor.py:208} INFO - Processing /mnt/c/Users/zaina/Documents/Core_Data_Engineering/airflow/airflow_coresentiment_Data_pipeline/airflow/lib/python3.10/site-packages/airflow/example_dags/example_branch_operator.py took 0.098 seconds
[2024-11-22T02:13:37.843+0100] {processor.py:186} INFO - Started process (PID=9980) to work on /mnt/c/Users/zaina/Documents/Core_Data_Engineering/airflow/airflow_coresentiment_Data_pipeline/airflow/lib/python3.10/site-packages/airflow/example_dags/example_branch_operator.py
[2024-11-22T02:13:37.846+0100] {processor.py:914} INFO - Processing file /mnt/c/Users/zaina/Documents/Core_Data_Engineering/airflow/airflow_coresentiment_Data_pipeline/airflow/lib/python3.10/site-packages/airflow/example_dags/example_branch_operator.py for tasks to queue
[2024-11-22T02:13:37.851+0100] {logging_mixin.py:190} INFO - [2024-11-22T02:13:37.849+0100] {dagbag.py:588} INFO - Filling up the DagBag from /mnt/c/Users/zaina/Documents/Core_Data_Engineering/airflow/airflow_coresentiment_Data_pipeline/airflow/lib/python3.10/site-packages/airflow/example_dags/example_branch_operator.py
[2024-11-22T02:13:37.932+0100] {processor.py:927} WARNING - No viable dags retrieved from /mnt/c/Users/zaina/Documents/Core_Data_Engineering/airflow/airflow_coresentiment_Data_pipeline/airflow/lib/python3.10/site-packages/airflow/example_dags/example_branch_operator.py
[2024-11-22T02:13:37.967+0100] {processor.py:208} INFO - Processing /mnt/c/Users/zaina/Documents/Core_Data_Engineering/airflow/airflow_coresentiment_Data_pipeline/airflow/lib/python3.10/site-packages/airflow/example_dags/example_branch_operator.py took 0.147 seconds
[2024-11-22T02:22:23.693+0100] {processor.py:186} INFO - Started process (PID=10262) to work on /mnt/c/Users/zaina/Documents/Core_Data_Engineering/airflow/airflow_coresentiment_Data_pipeline/airflow/lib/python3.10/site-packages/airflow/example_dags/example_branch_operator.py
[2024-11-22T02:22:23.700+0100] {processor.py:914} INFO - Processing file /mnt/c/Users/zaina/Documents/Core_Data_Engineering/airflow/airflow_coresentiment_Data_pipeline/airflow/lib/python3.10/site-packages/airflow/example_dags/example_branch_operator.py for tasks to queue
[2024-11-22T02:22:23.707+0100] {logging_mixin.py:190} INFO - [2024-11-22T02:22:23.706+0100] {dagbag.py:588} INFO - Filling up the DagBag from /mnt/c/Users/zaina/Documents/Core_Data_Engineering/airflow/airflow_coresentiment_Data_pipeline/airflow/lib/python3.10/site-packages/airflow/example_dags/example_branch_operator.py
[2024-11-22T02:22:23.811+0100] {processor.py:927} WARNING - No viable dags retrieved from /mnt/c/Users/zaina/Documents/Core_Data_Engineering/airflow/airflow_coresentiment_Data_pipeline/airflow/lib/python3.10/site-packages/airflow/example_dags/example_branch_operator.py
[2024-11-22T02:22:23.906+0100] {processor.py:208} INFO - Processing /mnt/c/Users/zaina/Documents/Core_Data_Engineering/airflow/airflow_coresentiment_Data_pipeline/airflow/lib/python3.10/site-packages/airflow/example_dags/example_branch_operator.py took 0.229 seconds
[2024-11-22T02:25:00.248+0100] {processor.py:186} INFO - Started process (PID=10380) to work on /mnt/c/Users/zaina/Documents/Core_Data_Engineering/airflow/airflow_coresentiment_Data_pipeline/airflow/lib/python3.10/site-packages/airflow/example_dags/example_branch_operator.py
[2024-11-22T02:25:00.255+0100] {processor.py:914} INFO - Processing file /mnt/c/Users/zaina/Documents/Core_Data_Engineering/airflow/airflow_coresentiment_Data_pipeline/airflow/lib/python3.10/site-packages/airflow/example_dags/example_branch_operator.py for tasks to queue
[2024-11-22T02:25:00.262+0100] {logging_mixin.py:190} INFO - [2024-11-22T02:25:00.260+0100] {dagbag.py:588} INFO - Filling up the DagBag from /mnt/c/Users/zaina/Documents/Core_Data_Engineering/airflow/airflow_coresentiment_Data_pipeline/airflow/lib/python3.10/site-packages/airflow/example_dags/example_branch_operator.py
[2024-11-22T02:25:00.414+0100] {processor.py:927} WARNING - No viable dags retrieved from /mnt/c/Users/zaina/Documents/Core_Data_Engineering/airflow/airflow_coresentiment_Data_pipeline/airflow/lib/python3.10/site-packages/airflow/example_dags/example_branch_operator.py
[2024-11-22T02:25:00.453+0100] {processor.py:208} INFO - Processing /mnt/c/Users/zaina/Documents/Core_Data_Engineering/airflow/airflow_coresentiment_Data_pipeline/airflow/lib/python3.10/site-packages/airflow/example_dags/example_branch_operator.py took 0.239 seconds
[2024-11-22T02:27:30.699+0100] {processor.py:186} INFO - Started process (PID=10483) to work on /mnt/c/Users/zaina/Documents/Core_Data_Engineering/airflow/airflow_coresentiment_Data_pipeline/airflow/lib/python3.10/site-packages/airflow/example_dags/example_branch_operator.py
[2024-11-22T02:27:30.701+0100] {processor.py:914} INFO - Processing file /mnt/c/Users/zaina/Documents/Core_Data_Engineering/airflow/airflow_coresentiment_Data_pipeline/airflow/lib/python3.10/site-packages/airflow/example_dags/example_branch_operator.py for tasks to queue
[2024-11-22T02:27:30.705+0100] {logging_mixin.py:190} INFO - [2024-11-22T02:27:30.703+0100] {dagbag.py:588} INFO - Filling up the DagBag from /mnt/c/Users/zaina/Documents/Core_Data_Engineering/airflow/airflow_coresentiment_Data_pipeline/airflow/lib/python3.10/site-packages/airflow/example_dags/example_branch_operator.py
[2024-11-22T02:27:30.779+0100] {processor.py:927} WARNING - No viable dags retrieved from /mnt/c/Users/zaina/Documents/Core_Data_Engineering/airflow/airflow_coresentiment_Data_pipeline/airflow/lib/python3.10/site-packages/airflow/example_dags/example_branch_operator.py
[2024-11-22T02:27:30.805+0100] {processor.py:208} INFO - Processing /mnt/c/Users/zaina/Documents/Core_Data_Engineering/airflow/airflow_coresentiment_Data_pipeline/airflow/lib/python3.10/site-packages/airflow/example_dags/example_branch_operator.py took 0.119 seconds
[2024-11-22T02:29:35.073+0100] {processor.py:186} INFO - Started process (PID=10571) to work on /mnt/c/Users/zaina/Documents/Core_Data_Engineering/airflow/airflow_coresentiment_Data_pipeline/airflow/lib/python3.10/site-packages/airflow/example_dags/example_branch_operator.py
[2024-11-22T02:29:35.076+0100] {processor.py:914} INFO - Processing file /mnt/c/Users/zaina/Documents/Core_Data_Engineering/airflow/airflow_coresentiment_Data_pipeline/airflow/lib/python3.10/site-packages/airflow/example_dags/example_branch_operator.py for tasks to queue
[2024-11-22T02:29:35.082+0100] {logging_mixin.py:190} INFO - [2024-11-22T02:29:35.079+0100] {dagbag.py:588} INFO - Filling up the DagBag from /mnt/c/Users/zaina/Documents/Core_Data_Engineering/airflow/airflow_coresentiment_Data_pipeline/airflow/lib/python3.10/site-packages/airflow/example_dags/example_branch_operator.py
[2024-11-22T02:29:35.153+0100] {processor.py:927} WARNING - No viable dags retrieved from /mnt/c/Users/zaina/Documents/Core_Data_Engineering/airflow/airflow_coresentiment_Data_pipeline/airflow/lib/python3.10/site-packages/airflow/example_dags/example_branch_operator.py
[2024-11-22T02:29:35.178+0100] {processor.py:208} INFO - Processing /mnt/c/Users/zaina/Documents/Core_Data_Engineering/airflow/airflow_coresentiment_Data_pipeline/airflow/lib/python3.10/site-packages/airflow/example_dags/example_branch_operator.py took 0.126 seconds
[2024-11-22T02:31:29.954+0100] {processor.py:186} INFO - Started process (PID=10656) to work on /mnt/c/Users/zaina/Documents/Core_Data_Engineering/airflow/airflow_coresentiment_Data_pipeline/airflow/lib/python3.10/site-packages/airflow/example_dags/example_branch_operator.py
[2024-11-22T02:31:29.956+0100] {processor.py:914} INFO - Processing file /mnt/c/Users/zaina/Documents/Core_Data_Engineering/airflow/airflow_coresentiment_Data_pipeline/airflow/lib/python3.10/site-packages/airflow/example_dags/example_branch_operator.py for tasks to queue
[2024-11-22T02:31:29.959+0100] {logging_mixin.py:190} INFO - [2024-11-22T02:31:29.958+0100] {dagbag.py:588} INFO - Filling up the DagBag from /mnt/c/Users/zaina/Documents/Core_Data_Engineering/airflow/airflow_coresentiment_Data_pipeline/airflow/lib/python3.10/site-packages/airflow/example_dags/example_branch_operator.py
[2024-11-22T02:31:29.998+0100] {processor.py:927} WARNING - No viable dags retrieved from /mnt/c/Users/zaina/Documents/Core_Data_Engineering/airflow/airflow_coresentiment_Data_pipeline/airflow/lib/python3.10/site-packages/airflow/example_dags/example_branch_operator.py
[2024-11-22T02:31:30.011+0100] {processor.py:208} INFO - Processing /mnt/c/Users/zaina/Documents/Core_Data_Engineering/airflow/airflow_coresentiment_Data_pipeline/airflow/lib/python3.10/site-packages/airflow/example_dags/example_branch_operator.py took 0.069 seconds
[2024-11-22T02:33:21.238+0100] {processor.py:186} INFO - Started process (PID=10756) to work on /mnt/c/Users/zaina/Documents/Core_Data_Engineering/airflow/airflow_coresentiment_Data_pipeline/airflow/lib/python3.10/site-packages/airflow/example_dags/example_branch_operator.py
[2024-11-22T02:33:21.240+0100] {processor.py:914} INFO - Processing file /mnt/c/Users/zaina/Documents/Core_Data_Engineering/airflow/airflow_coresentiment_Data_pipeline/airflow/lib/python3.10/site-packages/airflow/example_dags/example_branch_operator.py for tasks to queue
[2024-11-22T02:33:21.244+0100] {logging_mixin.py:190} INFO - [2024-11-22T02:33:21.242+0100] {dagbag.py:588} INFO - Filling up the DagBag from /mnt/c/Users/zaina/Documents/Core_Data_Engineering/airflow/airflow_coresentiment_Data_pipeline/airflow/lib/python3.10/site-packages/airflow/example_dags/example_branch_operator.py
[2024-11-22T02:33:21.336+0100] {processor.py:927} WARNING - No viable dags retrieved from /mnt/c/Users/zaina/Documents/Core_Data_Engineering/airflow/airflow_coresentiment_Data_pipeline/airflow/lib/python3.10/site-packages/airflow/example_dags/example_branch_operator.py
[2024-11-22T02:33:21.356+0100] {processor.py:208} INFO - Processing /mnt/c/Users/zaina/Documents/Core_Data_Engineering/airflow/airflow_coresentiment_Data_pipeline/airflow/lib/python3.10/site-packages/airflow/example_dags/example_branch_operator.py took 0.136 seconds
[2024-11-22T02:35:21.729+0100] {processor.py:186} INFO - Started process (PID=10857) to work on /mnt/c/Users/zaina/Documents/Core_Data_Engineering/airflow/airflow_coresentiment_Data_pipeline/airflow/lib/python3.10/site-packages/airflow/example_dags/example_branch_operator.py
[2024-11-22T02:35:21.731+0100] {processor.py:914} INFO - Processing file /mnt/c/Users/zaina/Documents/Core_Data_Engineering/airflow/airflow_coresentiment_Data_pipeline/airflow/lib/python3.10/site-packages/airflow/example_dags/example_branch_operator.py for tasks to queue
[2024-11-22T02:35:21.734+0100] {logging_mixin.py:190} INFO - [2024-11-22T02:35:21.734+0100] {dagbag.py:588} INFO - Filling up the DagBag from /mnt/c/Users/zaina/Documents/Core_Data_Engineering/airflow/airflow_coresentiment_Data_pipeline/airflow/lib/python3.10/site-packages/airflow/example_dags/example_branch_operator.py
[2024-11-22T02:35:21.789+0100] {processor.py:927} WARNING - No viable dags retrieved from /mnt/c/Users/zaina/Documents/Core_Data_Engineering/airflow/airflow_coresentiment_Data_pipeline/airflow/lib/python3.10/site-packages/airflow/example_dags/example_branch_operator.py
[2024-11-22T02:35:21.806+0100] {processor.py:208} INFO - Processing /mnt/c/Users/zaina/Documents/Core_Data_Engineering/airflow/airflow_coresentiment_Data_pipeline/airflow/lib/python3.10/site-packages/airflow/example_dags/example_branch_operator.py took 0.090 seconds
[2024-11-22T03:00:50.317+0100] {processor.py:186} INFO - Started process (PID=11188) to work on /mnt/c/Users/zaina/Documents/Core_Data_Engineering/airflow/airflow_coresentiment_Data_pipeline/airflow/lib/python3.10/site-packages/airflow/example_dags/example_branch_operator.py
[2024-11-22T03:00:50.319+0100] {processor.py:914} INFO - Processing file /mnt/c/Users/zaina/Documents/Core_Data_Engineering/airflow/airflow_coresentiment_Data_pipeline/airflow/lib/python3.10/site-packages/airflow/example_dags/example_branch_operator.py for tasks to queue
[2024-11-22T03:00:50.323+0100] {logging_mixin.py:190} INFO - [2024-11-22T03:00:50.322+0100] {dagbag.py:588} INFO - Filling up the DagBag from /mnt/c/Users/zaina/Documents/Core_Data_Engineering/airflow/airflow_coresentiment_Data_pipeline/airflow/lib/python3.10/site-packages/airflow/example_dags/example_branch_operator.py
[2024-11-22T03:00:50.423+0100] {processor.py:927} WARNING - No viable dags retrieved from /mnt/c/Users/zaina/Documents/Core_Data_Engineering/airflow/airflow_coresentiment_Data_pipeline/airflow/lib/python3.10/site-packages/airflow/example_dags/example_branch_operator.py
[2024-11-22T03:00:50.445+0100] {processor.py:208} INFO - Processing /mnt/c/Users/zaina/Documents/Core_Data_Engineering/airflow/airflow_coresentiment_Data_pipeline/airflow/lib/python3.10/site-packages/airflow/example_dags/example_branch_operator.py took 0.143 seconds
[2024-11-22T03:02:50.570+0100] {processor.py:186} INFO - Started process (PID=11283) to work on /mnt/c/Users/zaina/Documents/Core_Data_Engineering/airflow/airflow_coresentiment_Data_pipeline/airflow/lib/python3.10/site-packages/airflow/example_dags/example_branch_operator.py
[2024-11-22T03:02:50.573+0100] {processor.py:914} INFO - Processing file /mnt/c/Users/zaina/Documents/Core_Data_Engineering/airflow/airflow_coresentiment_Data_pipeline/airflow/lib/python3.10/site-packages/airflow/example_dags/example_branch_operator.py for tasks to queue
[2024-11-22T03:02:50.580+0100] {logging_mixin.py:190} INFO - [2024-11-22T03:02:50.579+0100] {dagbag.py:588} INFO - Filling up the DagBag from /mnt/c/Users/zaina/Documents/Core_Data_Engineering/airflow/airflow_coresentiment_Data_pipeline/airflow/lib/python3.10/site-packages/airflow/example_dags/example_branch_operator.py
[2024-11-22T03:02:50.645+0100] {processor.py:927} WARNING - No viable dags retrieved from /mnt/c/Users/zaina/Documents/Core_Data_Engineering/airflow/airflow_coresentiment_Data_pipeline/airflow/lib/python3.10/site-packages/airflow/example_dags/example_branch_operator.py
[2024-11-22T03:02:50.664+0100] {processor.py:208} INFO - Processing /mnt/c/Users/zaina/Documents/Core_Data_Engineering/airflow/airflow_coresentiment_Data_pipeline/airflow/lib/python3.10/site-packages/airflow/example_dags/example_branch_operator.py took 0.113 seconds
[2024-11-22T03:04:59.995+0100] {processor.py:186} INFO - Started process (PID=11371) to work on /mnt/c/Users/zaina/Documents/Core_Data_Engineering/airflow/airflow_coresentiment_Data_pipeline/airflow/lib/python3.10/site-packages/airflow/example_dags/example_branch_operator.py
[2024-11-22T03:05:00.002+0100] {processor.py:914} INFO - Processing file /mnt/c/Users/zaina/Documents/Core_Data_Engineering/airflow/airflow_coresentiment_Data_pipeline/airflow/lib/python3.10/site-packages/airflow/example_dags/example_branch_operator.py for tasks to queue
[2024-11-22T03:05:00.031+0100] {logging_mixin.py:190} INFO - [2024-11-22T03:05:00.028+0100] {dagbag.py:588} INFO - Filling up the DagBag from /mnt/c/Users/zaina/Documents/Core_Data_Engineering/airflow/airflow_coresentiment_Data_pipeline/airflow/lib/python3.10/site-packages/airflow/example_dags/example_branch_operator.py
[2024-11-22T03:05:00.277+0100] {processor.py:927} WARNING - No viable dags retrieved from /mnt/c/Users/zaina/Documents/Core_Data_Engineering/airflow/airflow_coresentiment_Data_pipeline/airflow/lib/python3.10/site-packages/airflow/example_dags/example_branch_operator.py
[2024-11-22T03:05:00.458+0100] {processor.py:208} INFO - Processing /mnt/c/Users/zaina/Documents/Core_Data_Engineering/airflow/airflow_coresentiment_Data_pipeline/airflow/lib/python3.10/site-packages/airflow/example_dags/example_branch_operator.py took 0.528 seconds
[2024-11-22T03:13:26.391+0100] {processor.py:186} INFO - Started process (PID=11618) to work on /mnt/c/Users/zaina/Documents/Core_Data_Engineering/airflow/airflow_coresentiment_Data_pipeline/airflow/lib/python3.10/site-packages/airflow/example_dags/example_branch_operator.py
[2024-11-22T03:13:26.393+0100] {processor.py:914} INFO - Processing file /mnt/c/Users/zaina/Documents/Core_Data_Engineering/airflow/airflow_coresentiment_Data_pipeline/airflow/lib/python3.10/site-packages/airflow/example_dags/example_branch_operator.py for tasks to queue
[2024-11-22T03:13:26.397+0100] {logging_mixin.py:190} INFO - [2024-11-22T03:13:26.396+0100] {dagbag.py:588} INFO - Filling up the DagBag from /mnt/c/Users/zaina/Documents/Core_Data_Engineering/airflow/airflow_coresentiment_Data_pipeline/airflow/lib/python3.10/site-packages/airflow/example_dags/example_branch_operator.py
[2024-11-22T03:13:26.453+0100] {processor.py:927} WARNING - No viable dags retrieved from /mnt/c/Users/zaina/Documents/Core_Data_Engineering/airflow/airflow_coresentiment_Data_pipeline/airflow/lib/python3.10/site-packages/airflow/example_dags/example_branch_operator.py
[2024-11-22T03:13:26.472+0100] {processor.py:208} INFO - Processing /mnt/c/Users/zaina/Documents/Core_Data_Engineering/airflow/airflow_coresentiment_Data_pipeline/airflow/lib/python3.10/site-packages/airflow/example_dags/example_branch_operator.py took 0.097 seconds
[2024-11-22T03:15:12.005+0100] {processor.py:186} INFO - Started process (PID=11693) to work on /mnt/c/Users/zaina/Documents/Core_Data_Engineering/airflow/airflow_coresentiment_Data_pipeline/airflow/lib/python3.10/site-packages/airflow/example_dags/example_branch_operator.py
[2024-11-22T03:15:12.008+0100] {processor.py:914} INFO - Processing file /mnt/c/Users/zaina/Documents/Core_Data_Engineering/airflow/airflow_coresentiment_Data_pipeline/airflow/lib/python3.10/site-packages/airflow/example_dags/example_branch_operator.py for tasks to queue
[2024-11-22T03:15:12.011+0100] {logging_mixin.py:190} INFO - [2024-11-22T03:15:12.010+0100] {dagbag.py:588} INFO - Filling up the DagBag from /mnt/c/Users/zaina/Documents/Core_Data_Engineering/airflow/airflow_coresentiment_Data_pipeline/airflow/lib/python3.10/site-packages/airflow/example_dags/example_branch_operator.py
[2024-11-22T03:15:12.064+0100] {processor.py:927} WARNING - No viable dags retrieved from /mnt/c/Users/zaina/Documents/Core_Data_Engineering/airflow/airflow_coresentiment_Data_pipeline/airflow/lib/python3.10/site-packages/airflow/example_dags/example_branch_operator.py
[2024-11-22T03:15:12.080+0100] {processor.py:208} INFO - Processing /mnt/c/Users/zaina/Documents/Core_Data_Engineering/airflow/airflow_coresentiment_Data_pipeline/airflow/lib/python3.10/site-packages/airflow/example_dags/example_branch_operator.py took 0.088 seconds
[2024-11-22T03:17:17.722+0100] {processor.py:186} INFO - Started process (PID=11822) to work on /mnt/c/Users/zaina/Documents/Core_Data_Engineering/airflow/airflow_coresentiment_Data_pipeline/airflow/lib/python3.10/site-packages/airflow/example_dags/example_branch_operator.py
[2024-11-22T03:17:17.766+0100] {processor.py:914} INFO - Processing file /mnt/c/Users/zaina/Documents/Core_Data_Engineering/airflow/airflow_coresentiment_Data_pipeline/airflow/lib/python3.10/site-packages/airflow/example_dags/example_branch_operator.py for tasks to queue
[2024-11-22T03:17:17.775+0100] {logging_mixin.py:190} INFO - [2024-11-22T03:17:17.774+0100] {dagbag.py:588} INFO - Filling up the DagBag from /mnt/c/Users/zaina/Documents/Core_Data_Engineering/airflow/airflow_coresentiment_Data_pipeline/airflow/lib/python3.10/site-packages/airflow/example_dags/example_branch_operator.py
[2024-11-22T03:17:17.847+0100] {processor.py:927} WARNING - No viable dags retrieved from /mnt/c/Users/zaina/Documents/Core_Data_Engineering/airflow/airflow_coresentiment_Data_pipeline/airflow/lib/python3.10/site-packages/airflow/example_dags/example_branch_operator.py
[2024-11-22T03:17:17.866+0100] {processor.py:208} INFO - Processing /mnt/c/Users/zaina/Documents/Core_Data_Engineering/airflow/airflow_coresentiment_Data_pipeline/airflow/lib/python3.10/site-packages/airflow/example_dags/example_branch_operator.py took 0.186 seconds
[2024-11-22T03:19:20.524+0100] {processor.py:186} INFO - Started process (PID=11905) to work on /mnt/c/Users/zaina/Documents/Core_Data_Engineering/airflow/airflow_coresentiment_Data_pipeline/airflow/lib/python3.10/site-packages/airflow/example_dags/example_branch_operator.py
[2024-11-22T03:19:20.526+0100] {processor.py:914} INFO - Processing file /mnt/c/Users/zaina/Documents/Core_Data_Engineering/airflow/airflow_coresentiment_Data_pipeline/airflow/lib/python3.10/site-packages/airflow/example_dags/example_branch_operator.py for tasks to queue
[2024-11-22T03:19:20.531+0100] {logging_mixin.py:190} INFO - [2024-11-22T03:19:20.529+0100] {dagbag.py:588} INFO - Filling up the DagBag from /mnt/c/Users/zaina/Documents/Core_Data_Engineering/airflow/airflow_coresentiment_Data_pipeline/airflow/lib/python3.10/site-packages/airflow/example_dags/example_branch_operator.py
[2024-11-22T03:19:20.597+0100] {processor.py:927} WARNING - No viable dags retrieved from /mnt/c/Users/zaina/Documents/Core_Data_Engineering/airflow/airflow_coresentiment_Data_pipeline/airflow/lib/python3.10/site-packages/airflow/example_dags/example_branch_operator.py
[2024-11-22T03:19:20.626+0100] {processor.py:208} INFO - Processing /mnt/c/Users/zaina/Documents/Core_Data_Engineering/airflow/airflow_coresentiment_Data_pipeline/airflow/lib/python3.10/site-packages/airflow/example_dags/example_branch_operator.py took 0.117 seconds
[2024-11-22T03:21:21.788+0100] {processor.py:186} INFO - Started process (PID=11991) to work on /mnt/c/Users/zaina/Documents/Core_Data_Engineering/airflow/airflow_coresentiment_Data_pipeline/airflow/lib/python3.10/site-packages/airflow/example_dags/example_branch_operator.py
[2024-11-22T03:21:21.790+0100] {processor.py:914} INFO - Processing file /mnt/c/Users/zaina/Documents/Core_Data_Engineering/airflow/airflow_coresentiment_Data_pipeline/airflow/lib/python3.10/site-packages/airflow/example_dags/example_branch_operator.py for tasks to queue
[2024-11-22T03:21:21.795+0100] {logging_mixin.py:190} INFO - [2024-11-22T03:21:21.793+0100] {dagbag.py:588} INFO - Filling up the DagBag from /mnt/c/Users/zaina/Documents/Core_Data_Engineering/airflow/airflow_coresentiment_Data_pipeline/airflow/lib/python3.10/site-packages/airflow/example_dags/example_branch_operator.py
[2024-11-22T03:21:21.861+0100] {processor.py:927} WARNING - No viable dags retrieved from /mnt/c/Users/zaina/Documents/Core_Data_Engineering/airflow/airflow_coresentiment_Data_pipeline/airflow/lib/python3.10/site-packages/airflow/example_dags/example_branch_operator.py
[2024-11-22T03:21:21.887+0100] {processor.py:208} INFO - Processing /mnt/c/Users/zaina/Documents/Core_Data_Engineering/airflow/airflow_coresentiment_Data_pipeline/airflow/lib/python3.10/site-packages/airflow/example_dags/example_branch_operator.py took 0.112 seconds
[2024-11-22T03:23:17.720+0100] {processor.py:186} INFO - Started process (PID=12069) to work on /mnt/c/Users/zaina/Documents/Core_Data_Engineering/airflow/airflow_coresentiment_Data_pipeline/airflow/lib/python3.10/site-packages/airflow/example_dags/example_branch_operator.py
[2024-11-22T03:23:17.723+0100] {processor.py:914} INFO - Processing file /mnt/c/Users/zaina/Documents/Core_Data_Engineering/airflow/airflow_coresentiment_Data_pipeline/airflow/lib/python3.10/site-packages/airflow/example_dags/example_branch_operator.py for tasks to queue
[2024-11-22T03:23:17.727+0100] {logging_mixin.py:190} INFO - [2024-11-22T03:23:17.726+0100] {dagbag.py:588} INFO - Filling up the DagBag from /mnt/c/Users/zaina/Documents/Core_Data_Engineering/airflow/airflow_coresentiment_Data_pipeline/airflow/lib/python3.10/site-packages/airflow/example_dags/example_branch_operator.py
[2024-11-22T03:23:17.785+0100] {processor.py:927} WARNING - No viable dags retrieved from /mnt/c/Users/zaina/Documents/Core_Data_Engineering/airflow/airflow_coresentiment_Data_pipeline/airflow/lib/python3.10/site-packages/airflow/example_dags/example_branch_operator.py
[2024-11-22T03:23:17.811+0100] {processor.py:208} INFO - Processing /mnt/c/Users/zaina/Documents/Core_Data_Engineering/airflow/airflow_coresentiment_Data_pipeline/airflow/lib/python3.10/site-packages/airflow/example_dags/example_branch_operator.py took 0.112 seconds
[2024-11-22T03:25:04.788+0100] {processor.py:186} INFO - Started process (PID=12150) to work on /mnt/c/Users/zaina/Documents/Core_Data_Engineering/airflow/airflow_coresentiment_Data_pipeline/airflow/lib/python3.10/site-packages/airflow/example_dags/example_branch_operator.py
[2024-11-22T03:25:04.790+0100] {processor.py:914} INFO - Processing file /mnt/c/Users/zaina/Documents/Core_Data_Engineering/airflow/airflow_coresentiment_Data_pipeline/airflow/lib/python3.10/site-packages/airflow/example_dags/example_branch_operator.py for tasks to queue
[2024-11-22T03:25:04.793+0100] {logging_mixin.py:190} INFO - [2024-11-22T03:25:04.792+0100] {dagbag.py:588} INFO - Filling up the DagBag from /mnt/c/Users/zaina/Documents/Core_Data_Engineering/airflow/airflow_coresentiment_Data_pipeline/airflow/lib/python3.10/site-packages/airflow/example_dags/example_branch_operator.py
[2024-11-22T03:25:04.837+0100] {processor.py:927} WARNING - No viable dags retrieved from /mnt/c/Users/zaina/Documents/Core_Data_Engineering/airflow/airflow_coresentiment_Data_pipeline/airflow/lib/python3.10/site-packages/airflow/example_dags/example_branch_operator.py
[2024-11-22T03:25:04.853+0100] {processor.py:208} INFO - Processing /mnt/c/Users/zaina/Documents/Core_Data_Engineering/airflow/airflow_coresentiment_Data_pipeline/airflow/lib/python3.10/site-packages/airflow/example_dags/example_branch_operator.py took 0.077 seconds
[2024-11-22T03:26:59.681+0100] {processor.py:186} INFO - Started process (PID=12234) to work on /mnt/c/Users/zaina/Documents/Core_Data_Engineering/airflow/airflow_coresentiment_Data_pipeline/airflow/lib/python3.10/site-packages/airflow/example_dags/example_branch_operator.py
[2024-11-22T03:26:59.683+0100] {processor.py:914} INFO - Processing file /mnt/c/Users/zaina/Documents/Core_Data_Engineering/airflow/airflow_coresentiment_Data_pipeline/airflow/lib/python3.10/site-packages/airflow/example_dags/example_branch_operator.py for tasks to queue
[2024-11-22T03:26:59.686+0100] {logging_mixin.py:190} INFO - [2024-11-22T03:26:59.685+0100] {dagbag.py:588} INFO - Filling up the DagBag from /mnt/c/Users/zaina/Documents/Core_Data_Engineering/airflow/airflow_coresentiment_Data_pipeline/airflow/lib/python3.10/site-packages/airflow/example_dags/example_branch_operator.py
[2024-11-22T03:26:59.718+0100] {processor.py:927} WARNING - No viable dags retrieved from /mnt/c/Users/zaina/Documents/Core_Data_Engineering/airflow/airflow_coresentiment_Data_pipeline/airflow/lib/python3.10/site-packages/airflow/example_dags/example_branch_operator.py
[2024-11-22T03:26:59.735+0100] {processor.py:208} INFO - Processing /mnt/c/Users/zaina/Documents/Core_Data_Engineering/airflow/airflow_coresentiment_Data_pipeline/airflow/lib/python3.10/site-packages/airflow/example_dags/example_branch_operator.py took 0.068 seconds
[2024-11-22T03:35:49.054+0100] {processor.py:186} INFO - Started process (PID=12442) to work on /mnt/c/Users/zaina/Documents/Core_Data_Engineering/airflow/airflow_coresentiment_Data_pipeline/airflow/lib/python3.10/site-packages/airflow/example_dags/example_branch_operator.py
[2024-11-22T03:35:49.056+0100] {processor.py:914} INFO - Processing file /mnt/c/Users/zaina/Documents/Core_Data_Engineering/airflow/airflow_coresentiment_Data_pipeline/airflow/lib/python3.10/site-packages/airflow/example_dags/example_branch_operator.py for tasks to queue
[2024-11-22T03:35:49.060+0100] {logging_mixin.py:190} INFO - [2024-11-22T03:35:49.059+0100] {dagbag.py:588} INFO - Filling up the DagBag from /mnt/c/Users/zaina/Documents/Core_Data_Engineering/airflow/airflow_coresentiment_Data_pipeline/airflow/lib/python3.10/site-packages/airflow/example_dags/example_branch_operator.py
[2024-11-22T03:35:49.125+0100] {processor.py:927} WARNING - No viable dags retrieved from /mnt/c/Users/zaina/Documents/Core_Data_Engineering/airflow/airflow_coresentiment_Data_pipeline/airflow/lib/python3.10/site-packages/airflow/example_dags/example_branch_operator.py
[2024-11-22T03:35:49.146+0100] {processor.py:208} INFO - Processing /mnt/c/Users/zaina/Documents/Core_Data_Engineering/airflow/airflow_coresentiment_Data_pipeline/airflow/lib/python3.10/site-packages/airflow/example_dags/example_branch_operator.py took 0.105 seconds
[2024-11-22T03:37:53.803+0100] {processor.py:186} INFO - Started process (PID=12523) to work on /mnt/c/Users/zaina/Documents/Core_Data_Engineering/airflow/airflow_coresentiment_Data_pipeline/airflow/lib/python3.10/site-packages/airflow/example_dags/example_branch_operator.py
[2024-11-22T03:37:53.805+0100] {processor.py:914} INFO - Processing file /mnt/c/Users/zaina/Documents/Core_Data_Engineering/airflow/airflow_coresentiment_Data_pipeline/airflow/lib/python3.10/site-packages/airflow/example_dags/example_branch_operator.py for tasks to queue
[2024-11-22T03:37:53.807+0100] {logging_mixin.py:190} INFO - [2024-11-22T03:37:53.807+0100] {dagbag.py:588} INFO - Filling up the DagBag from /mnt/c/Users/zaina/Documents/Core_Data_Engineering/airflow/airflow_coresentiment_Data_pipeline/airflow/lib/python3.10/site-packages/airflow/example_dags/example_branch_operator.py
[2024-11-22T03:37:53.865+0100] {processor.py:927} WARNING - No viable dags retrieved from /mnt/c/Users/zaina/Documents/Core_Data_Engineering/airflow/airflow_coresentiment_Data_pipeline/airflow/lib/python3.10/site-packages/airflow/example_dags/example_branch_operator.py
[2024-11-22T03:37:53.889+0100] {processor.py:208} INFO - Processing /mnt/c/Users/zaina/Documents/Core_Data_Engineering/airflow/airflow_coresentiment_Data_pipeline/airflow/lib/python3.10/site-packages/airflow/example_dags/example_branch_operator.py took 0.093 seconds
[2024-11-22T03:39:46.320+0100] {processor.py:186} INFO - Started process (PID=12608) to work on /mnt/c/Users/zaina/Documents/Core_Data_Engineering/airflow/airflow_coresentiment_Data_pipeline/airflow/lib/python3.10/site-packages/airflow/example_dags/example_branch_operator.py
[2024-11-22T03:39:46.322+0100] {processor.py:914} INFO - Processing file /mnt/c/Users/zaina/Documents/Core_Data_Engineering/airflow/airflow_coresentiment_Data_pipeline/airflow/lib/python3.10/site-packages/airflow/example_dags/example_branch_operator.py for tasks to queue
[2024-11-22T03:39:46.327+0100] {logging_mixin.py:190} INFO - [2024-11-22T03:39:46.326+0100] {dagbag.py:588} INFO - Filling up the DagBag from /mnt/c/Users/zaina/Documents/Core_Data_Engineering/airflow/airflow_coresentiment_Data_pipeline/airflow/lib/python3.10/site-packages/airflow/example_dags/example_branch_operator.py
[2024-11-22T03:39:46.401+0100] {processor.py:927} WARNING - No viable dags retrieved from /mnt/c/Users/zaina/Documents/Core_Data_Engineering/airflow/airflow_coresentiment_Data_pipeline/airflow/lib/python3.10/site-packages/airflow/example_dags/example_branch_operator.py
[2024-11-22T03:39:46.418+0100] {processor.py:208} INFO - Processing /mnt/c/Users/zaina/Documents/Core_Data_Engineering/airflow/airflow_coresentiment_Data_pipeline/airflow/lib/python3.10/site-packages/airflow/example_dags/example_branch_operator.py took 0.116 seconds
[2024-11-22T03:41:42.048+0100] {processor.py:186} INFO - Started process (PID=12708) to work on /mnt/c/Users/zaina/Documents/Core_Data_Engineering/airflow/airflow_coresentiment_Data_pipeline/airflow/lib/python3.10/site-packages/airflow/example_dags/example_branch_operator.py
[2024-11-22T03:41:42.051+0100] {processor.py:914} INFO - Processing file /mnt/c/Users/zaina/Documents/Core_Data_Engineering/airflow/airflow_coresentiment_Data_pipeline/airflow/lib/python3.10/site-packages/airflow/example_dags/example_branch_operator.py for tasks to queue
[2024-11-22T03:41:42.058+0100] {logging_mixin.py:190} INFO - [2024-11-22T03:41:42.056+0100] {dagbag.py:588} INFO - Filling up the DagBag from /mnt/c/Users/zaina/Documents/Core_Data_Engineering/airflow/airflow_coresentiment_Data_pipeline/airflow/lib/python3.10/site-packages/airflow/example_dags/example_branch_operator.py
[2024-11-22T03:41:42.137+0100] {processor.py:927} WARNING - No viable dags retrieved from /mnt/c/Users/zaina/Documents/Core_Data_Engineering/airflow/airflow_coresentiment_Data_pipeline/airflow/lib/python3.10/site-packages/airflow/example_dags/example_branch_operator.py
[2024-11-22T03:41:42.169+0100] {processor.py:208} INFO - Processing /mnt/c/Users/zaina/Documents/Core_Data_Engineering/airflow/airflow_coresentiment_Data_pipeline/airflow/lib/python3.10/site-packages/airflow/example_dags/example_branch_operator.py took 0.138 seconds
[2024-11-22T03:48:34.679+0100] {processor.py:186} INFO - Started process (PID=12957) to work on /mnt/c/Users/zaina/Documents/Core_Data_Engineering/airflow/airflow_coresentiment_Data_pipeline/airflow/lib/python3.10/site-packages/airflow/example_dags/example_branch_operator.py
[2024-11-22T03:48:34.681+0100] {processor.py:914} INFO - Processing file /mnt/c/Users/zaina/Documents/Core_Data_Engineering/airflow/airflow_coresentiment_Data_pipeline/airflow/lib/python3.10/site-packages/airflow/example_dags/example_branch_operator.py for tasks to queue
[2024-11-22T03:48:34.688+0100] {logging_mixin.py:190} INFO - [2024-11-22T03:48:34.685+0100] {dagbag.py:588} INFO - Filling up the DagBag from /mnt/c/Users/zaina/Documents/Core_Data_Engineering/airflow/airflow_coresentiment_Data_pipeline/airflow/lib/python3.10/site-packages/airflow/example_dags/example_branch_operator.py
[2024-11-22T03:48:34.762+0100] {processor.py:927} WARNING - No viable dags retrieved from /mnt/c/Users/zaina/Documents/Core_Data_Engineering/airflow/airflow_coresentiment_Data_pipeline/airflow/lib/python3.10/site-packages/airflow/example_dags/example_branch_operator.py
[2024-11-22T03:48:34.788+0100] {processor.py:208} INFO - Processing /mnt/c/Users/zaina/Documents/Core_Data_Engineering/airflow/airflow_coresentiment_Data_pipeline/airflow/lib/python3.10/site-packages/airflow/example_dags/example_branch_operator.py took 0.124 seconds
[2024-11-22T03:50:38.100+0100] {processor.py:186} INFO - Started process (PID=13102) to work on /mnt/c/Users/zaina/Documents/Core_Data_Engineering/airflow/airflow_coresentiment_Data_pipeline/airflow/lib/python3.10/site-packages/airflow/example_dags/example_branch_operator.py
[2024-11-22T03:50:38.101+0100] {processor.py:914} INFO - Processing file /mnt/c/Users/zaina/Documents/Core_Data_Engineering/airflow/airflow_coresentiment_Data_pipeline/airflow/lib/python3.10/site-packages/airflow/example_dags/example_branch_operator.py for tasks to queue
[2024-11-22T03:50:38.104+0100] {logging_mixin.py:190} INFO - [2024-11-22T03:50:38.103+0100] {dagbag.py:588} INFO - Filling up the DagBag from /mnt/c/Users/zaina/Documents/Core_Data_Engineering/airflow/airflow_coresentiment_Data_pipeline/airflow/lib/python3.10/site-packages/airflow/example_dags/example_branch_operator.py
[2024-11-22T03:50:38.131+0100] {processor.py:927} WARNING - No viable dags retrieved from /mnt/c/Users/zaina/Documents/Core_Data_Engineering/airflow/airflow_coresentiment_Data_pipeline/airflow/lib/python3.10/site-packages/airflow/example_dags/example_branch_operator.py
[2024-11-22T03:50:38.143+0100] {processor.py:208} INFO - Processing /mnt/c/Users/zaina/Documents/Core_Data_Engineering/airflow/airflow_coresentiment_Data_pipeline/airflow/lib/python3.10/site-packages/airflow/example_dags/example_branch_operator.py took 0.051 seconds
[2024-11-22T03:52:46.134+0100] {processor.py:186} INFO - Started process (PID=13192) to work on /mnt/c/Users/zaina/Documents/Core_Data_Engineering/airflow/airflow_coresentiment_Data_pipeline/airflow/lib/python3.10/site-packages/airflow/example_dags/example_branch_operator.py
[2024-11-22T03:52:46.137+0100] {processor.py:914} INFO - Processing file /mnt/c/Users/zaina/Documents/Core_Data_Engineering/airflow/airflow_coresentiment_Data_pipeline/airflow/lib/python3.10/site-packages/airflow/example_dags/example_branch_operator.py for tasks to queue
[2024-11-22T03:52:46.144+0100] {logging_mixin.py:190} INFO - [2024-11-22T03:52:46.142+0100] {dagbag.py:588} INFO - Filling up the DagBag from /mnt/c/Users/zaina/Documents/Core_Data_Engineering/airflow/airflow_coresentiment_Data_pipeline/airflow/lib/python3.10/site-packages/airflow/example_dags/example_branch_operator.py
[2024-11-22T03:52:46.227+0100] {processor.py:927} WARNING - No viable dags retrieved from /mnt/c/Users/zaina/Documents/Core_Data_Engineering/airflow/airflow_coresentiment_Data_pipeline/airflow/lib/python3.10/site-packages/airflow/example_dags/example_branch_operator.py
[2024-11-22T03:52:46.254+0100] {processor.py:208} INFO - Processing /mnt/c/Users/zaina/Documents/Core_Data_Engineering/airflow/airflow_coresentiment_Data_pipeline/airflow/lib/python3.10/site-packages/airflow/example_dags/example_branch_operator.py took 0.139 seconds
[2024-11-22T03:54:38.483+0100] {processor.py:186} INFO - Started process (PID=13315) to work on /mnt/c/Users/zaina/Documents/Core_Data_Engineering/airflow/airflow_coresentiment_Data_pipeline/airflow/lib/python3.10/site-packages/airflow/example_dags/example_branch_operator.py
[2024-11-22T03:54:38.486+0100] {processor.py:914} INFO - Processing file /mnt/c/Users/zaina/Documents/Core_Data_Engineering/airflow/airflow_coresentiment_Data_pipeline/airflow/lib/python3.10/site-packages/airflow/example_dags/example_branch_operator.py for tasks to queue
[2024-11-22T03:54:38.489+0100] {logging_mixin.py:190} INFO - [2024-11-22T03:54:38.488+0100] {dagbag.py:588} INFO - Filling up the DagBag from /mnt/c/Users/zaina/Documents/Core_Data_Engineering/airflow/airflow_coresentiment_Data_pipeline/airflow/lib/python3.10/site-packages/airflow/example_dags/example_branch_operator.py
[2024-11-22T03:54:38.540+0100] {processor.py:927} WARNING - No viable dags retrieved from /mnt/c/Users/zaina/Documents/Core_Data_Engineering/airflow/airflow_coresentiment_Data_pipeline/airflow/lib/python3.10/site-packages/airflow/example_dags/example_branch_operator.py
[2024-11-22T03:54:38.559+0100] {processor.py:208} INFO - Processing /mnt/c/Users/zaina/Documents/Core_Data_Engineering/airflow/airflow_coresentiment_Data_pipeline/airflow/lib/python3.10/site-packages/airflow/example_dags/example_branch_operator.py took 0.088 seconds
[2024-11-22T04:10:32.046+0100] {processor.py:186} INFO - Started process (PID=13617) to work on /mnt/c/Users/zaina/Documents/Core_Data_Engineering/airflow/airflow_coresentiment_Data_pipeline/airflow/lib/python3.10/site-packages/airflow/example_dags/example_branch_operator.py
[2024-11-22T04:10:32.047+0100] {processor.py:914} INFO - Processing file /mnt/c/Users/zaina/Documents/Core_Data_Engineering/airflow/airflow_coresentiment_Data_pipeline/airflow/lib/python3.10/site-packages/airflow/example_dags/example_branch_operator.py for tasks to queue
[2024-11-22T04:10:32.051+0100] {logging_mixin.py:190} INFO - [2024-11-22T04:10:32.049+0100] {dagbag.py:588} INFO - Filling up the DagBag from /mnt/c/Users/zaina/Documents/Core_Data_Engineering/airflow/airflow_coresentiment_Data_pipeline/airflow/lib/python3.10/site-packages/airflow/example_dags/example_branch_operator.py
[2024-11-22T04:10:32.108+0100] {processor.py:927} WARNING - No viable dags retrieved from /mnt/c/Users/zaina/Documents/Core_Data_Engineering/airflow/airflow_coresentiment_Data_pipeline/airflow/lib/python3.10/site-packages/airflow/example_dags/example_branch_operator.py
[2024-11-22T04:10:32.127+0100] {processor.py:208} INFO - Processing /mnt/c/Users/zaina/Documents/Core_Data_Engineering/airflow/airflow_coresentiment_Data_pipeline/airflow/lib/python3.10/site-packages/airflow/example_dags/example_branch_operator.py took 0.097 seconds
[2024-11-22T04:30:04.644+0100] {processor.py:186} INFO - Started process (PID=14099) to work on /mnt/c/Users/zaina/Documents/Core_Data_Engineering/airflow/airflow_coresentiment_Data_pipeline/airflow/lib/python3.10/site-packages/airflow/example_dags/example_branch_operator.py
[2024-11-22T04:30:04.647+0100] {processor.py:914} INFO - Processing file /mnt/c/Users/zaina/Documents/Core_Data_Engineering/airflow/airflow_coresentiment_Data_pipeline/airflow/lib/python3.10/site-packages/airflow/example_dags/example_branch_operator.py for tasks to queue
[2024-11-22T04:30:04.651+0100] {logging_mixin.py:190} INFO - [2024-11-22T04:30:04.649+0100] {dagbag.py:588} INFO - Filling up the DagBag from /mnt/c/Users/zaina/Documents/Core_Data_Engineering/airflow/airflow_coresentiment_Data_pipeline/airflow/lib/python3.10/site-packages/airflow/example_dags/example_branch_operator.py
[2024-11-22T04:30:04.699+0100] {processor.py:927} WARNING - No viable dags retrieved from /mnt/c/Users/zaina/Documents/Core_Data_Engineering/airflow/airflow_coresentiment_Data_pipeline/airflow/lib/python3.10/site-packages/airflow/example_dags/example_branch_operator.py
[2024-11-22T04:30:04.728+0100] {processor.py:208} INFO - Processing /mnt/c/Users/zaina/Documents/Core_Data_Engineering/airflow/airflow_coresentiment_Data_pipeline/airflow/lib/python3.10/site-packages/airflow/example_dags/example_branch_operator.py took 0.099 seconds
[2024-11-22T04:32:32.735+0100] {processor.py:186} INFO - Started process (PID=14192) to work on /mnt/c/Users/zaina/Documents/Core_Data_Engineering/airflow/airflow_coresentiment_Data_pipeline/airflow/lib/python3.10/site-packages/airflow/example_dags/example_branch_operator.py
[2024-11-22T04:32:32.739+0100] {processor.py:914} INFO - Processing file /mnt/c/Users/zaina/Documents/Core_Data_Engineering/airflow/airflow_coresentiment_Data_pipeline/airflow/lib/python3.10/site-packages/airflow/example_dags/example_branch_operator.py for tasks to queue
[2024-11-22T04:32:32.754+0100] {logging_mixin.py:190} INFO - [2024-11-22T04:32:32.753+0100] {dagbag.py:588} INFO - Filling up the DagBag from /mnt/c/Users/zaina/Documents/Core_Data_Engineering/airflow/airflow_coresentiment_Data_pipeline/airflow/lib/python3.10/site-packages/airflow/example_dags/example_branch_operator.py
[2024-11-22T04:32:32.823+0100] {processor.py:927} WARNING - No viable dags retrieved from /mnt/c/Users/zaina/Documents/Core_Data_Engineering/airflow/airflow_coresentiment_Data_pipeline/airflow/lib/python3.10/site-packages/airflow/example_dags/example_branch_operator.py
[2024-11-22T04:32:32.855+0100] {processor.py:208} INFO - Processing /mnt/c/Users/zaina/Documents/Core_Data_Engineering/airflow/airflow_coresentiment_Data_pipeline/airflow/lib/python3.10/site-packages/airflow/example_dags/example_branch_operator.py took 0.170 seconds
[2024-11-22T04:34:40.422+0100] {processor.py:186} INFO - Started process (PID=14278) to work on /mnt/c/Users/zaina/Documents/Core_Data_Engineering/airflow/airflow_coresentiment_Data_pipeline/airflow/lib/python3.10/site-packages/airflow/example_dags/example_branch_operator.py
[2024-11-22T04:34:40.425+0100] {processor.py:914} INFO - Processing file /mnt/c/Users/zaina/Documents/Core_Data_Engineering/airflow/airflow_coresentiment_Data_pipeline/airflow/lib/python3.10/site-packages/airflow/example_dags/example_branch_operator.py for tasks to queue
[2024-11-22T04:34:40.430+0100] {logging_mixin.py:190} INFO - [2024-11-22T04:34:40.429+0100] {dagbag.py:588} INFO - Filling up the DagBag from /mnt/c/Users/zaina/Documents/Core_Data_Engineering/airflow/airflow_coresentiment_Data_pipeline/airflow/lib/python3.10/site-packages/airflow/example_dags/example_branch_operator.py
[2024-11-22T04:34:40.578+0100] {processor.py:927} WARNING - No viable dags retrieved from /mnt/c/Users/zaina/Documents/Core_Data_Engineering/airflow/airflow_coresentiment_Data_pipeline/airflow/lib/python3.10/site-packages/airflow/example_dags/example_branch_operator.py
[2024-11-22T04:34:40.605+0100] {processor.py:208} INFO - Processing /mnt/c/Users/zaina/Documents/Core_Data_Engineering/airflow/airflow_coresentiment_Data_pipeline/airflow/lib/python3.10/site-packages/airflow/example_dags/example_branch_operator.py took 0.211 seconds
[2024-11-22T04:37:10.417+0100] {processor.py:186} INFO - Started process (PID=14380) to work on /mnt/c/Users/zaina/Documents/Core_Data_Engineering/airflow/airflow_coresentiment_Data_pipeline/airflow/lib/python3.10/site-packages/airflow/example_dags/example_branch_operator.py
[2024-11-22T04:37:10.420+0100] {processor.py:914} INFO - Processing file /mnt/c/Users/zaina/Documents/Core_Data_Engineering/airflow/airflow_coresentiment_Data_pipeline/airflow/lib/python3.10/site-packages/airflow/example_dags/example_branch_operator.py for tasks to queue
[2024-11-22T04:37:10.424+0100] {logging_mixin.py:190} INFO - [2024-11-22T04:37:10.423+0100] {dagbag.py:588} INFO - Filling up the DagBag from /mnt/c/Users/zaina/Documents/Core_Data_Engineering/airflow/airflow_coresentiment_Data_pipeline/airflow/lib/python3.10/site-packages/airflow/example_dags/example_branch_operator.py
[2024-11-22T04:37:10.474+0100] {processor.py:927} WARNING - No viable dags retrieved from /mnt/c/Users/zaina/Documents/Core_Data_Engineering/airflow/airflow_coresentiment_Data_pipeline/airflow/lib/python3.10/site-packages/airflow/example_dags/example_branch_operator.py
[2024-11-22T04:37:10.493+0100] {processor.py:208} INFO - Processing /mnt/c/Users/zaina/Documents/Core_Data_Engineering/airflow/airflow_coresentiment_Data_pipeline/airflow/lib/python3.10/site-packages/airflow/example_dags/example_branch_operator.py took 0.093 seconds
[2024-11-22T04:39:40.369+0100] {processor.py:186} INFO - Started process (PID=14483) to work on /mnt/c/Users/zaina/Documents/Core_Data_Engineering/airflow/airflow_coresentiment_Data_pipeline/airflow/lib/python3.10/site-packages/airflow/example_dags/example_branch_operator.py
[2024-11-22T04:39:40.372+0100] {processor.py:914} INFO - Processing file /mnt/c/Users/zaina/Documents/Core_Data_Engineering/airflow/airflow_coresentiment_Data_pipeline/airflow/lib/python3.10/site-packages/airflow/example_dags/example_branch_operator.py for tasks to queue
[2024-11-22T04:39:40.378+0100] {logging_mixin.py:190} INFO - [2024-11-22T04:39:40.376+0100] {dagbag.py:588} INFO - Filling up the DagBag from /mnt/c/Users/zaina/Documents/Core_Data_Engineering/airflow/airflow_coresentiment_Data_pipeline/airflow/lib/python3.10/site-packages/airflow/example_dags/example_branch_operator.py
[2024-11-22T04:39:40.439+0100] {processor.py:927} WARNING - No viable dags retrieved from /mnt/c/Users/zaina/Documents/Core_Data_Engineering/airflow/airflow_coresentiment_Data_pipeline/airflow/lib/python3.10/site-packages/airflow/example_dags/example_branch_operator.py
[2024-11-22T04:39:40.470+0100] {processor.py:208} INFO - Processing /mnt/c/Users/zaina/Documents/Core_Data_Engineering/airflow/airflow_coresentiment_Data_pipeline/airflow/lib/python3.10/site-packages/airflow/example_dags/example_branch_operator.py took 0.128 seconds
[2024-11-22T04:45:38.879+0100] {processor.py:186} INFO - Started process (PID=14650) to work on /mnt/c/Users/zaina/Documents/Core_Data_Engineering/airflow/airflow_coresentiment_Data_pipeline/airflow/lib/python3.10/site-packages/airflow/example_dags/example_branch_operator.py
[2024-11-22T04:45:38.881+0100] {processor.py:914} INFO - Processing file /mnt/c/Users/zaina/Documents/Core_Data_Engineering/airflow/airflow_coresentiment_Data_pipeline/airflow/lib/python3.10/site-packages/airflow/example_dags/example_branch_operator.py for tasks to queue
[2024-11-22T04:45:38.887+0100] {logging_mixin.py:190} INFO - [2024-11-22T04:45:38.886+0100] {dagbag.py:588} INFO - Filling up the DagBag from /mnt/c/Users/zaina/Documents/Core_Data_Engineering/airflow/airflow_coresentiment_Data_pipeline/airflow/lib/python3.10/site-packages/airflow/example_dags/example_branch_operator.py
[2024-11-22T04:45:38.936+0100] {processor.py:927} WARNING - No viable dags retrieved from /mnt/c/Users/zaina/Documents/Core_Data_Engineering/airflow/airflow_coresentiment_Data_pipeline/airflow/lib/python3.10/site-packages/airflow/example_dags/example_branch_operator.py
[2024-11-22T04:45:38.959+0100] {processor.py:208} INFO - Processing /mnt/c/Users/zaina/Documents/Core_Data_Engineering/airflow/airflow_coresentiment_Data_pipeline/airflow/lib/python3.10/site-packages/airflow/example_dags/example_branch_operator.py took 0.096 seconds
[2024-11-22T04:49:22.771+0100] {processor.py:186} INFO - Started process (PID=14755) to work on /mnt/c/Users/zaina/Documents/Core_Data_Engineering/airflow/airflow_coresentiment_Data_pipeline/airflow/lib/python3.10/site-packages/airflow/example_dags/example_branch_operator.py
[2024-11-22T04:49:22.775+0100] {processor.py:914} INFO - Processing file /mnt/c/Users/zaina/Documents/Core_Data_Engineering/airflow/airflow_coresentiment_Data_pipeline/airflow/lib/python3.10/site-packages/airflow/example_dags/example_branch_operator.py for tasks to queue
[2024-11-22T04:49:22.781+0100] {logging_mixin.py:190} INFO - [2024-11-22T04:49:22.778+0100] {dagbag.py:588} INFO - Filling up the DagBag from /mnt/c/Users/zaina/Documents/Core_Data_Engineering/airflow/airflow_coresentiment_Data_pipeline/airflow/lib/python3.10/site-packages/airflow/example_dags/example_branch_operator.py
[2024-11-22T04:49:22.894+0100] {processor.py:927} WARNING - No viable dags retrieved from /mnt/c/Users/zaina/Documents/Core_Data_Engineering/airflow/airflow_coresentiment_Data_pipeline/airflow/lib/python3.10/site-packages/airflow/example_dags/example_branch_operator.py
[2024-11-22T04:49:22.939+0100] {processor.py:208} INFO - Processing /mnt/c/Users/zaina/Documents/Core_Data_Engineering/airflow/airflow_coresentiment_Data_pipeline/airflow/lib/python3.10/site-packages/airflow/example_dags/example_branch_operator.py took 0.196 seconds
[2024-11-22T04:51:51.256+0100] {processor.py:186} INFO - Started process (PID=14847) to work on /mnt/c/Users/zaina/Documents/Core_Data_Engineering/airflow/airflow_coresentiment_Data_pipeline/airflow/lib/python3.10/site-packages/airflow/example_dags/example_branch_operator.py
[2024-11-22T04:51:51.260+0100] {processor.py:914} INFO - Processing file /mnt/c/Users/zaina/Documents/Core_Data_Engineering/airflow/airflow_coresentiment_Data_pipeline/airflow/lib/python3.10/site-packages/airflow/example_dags/example_branch_operator.py for tasks to queue
[2024-11-22T04:51:51.267+0100] {logging_mixin.py:190} INFO - [2024-11-22T04:51:51.265+0100] {dagbag.py:588} INFO - Filling up the DagBag from /mnt/c/Users/zaina/Documents/Core_Data_Engineering/airflow/airflow_coresentiment_Data_pipeline/airflow/lib/python3.10/site-packages/airflow/example_dags/example_branch_operator.py
[2024-11-22T04:51:51.323+0100] {processor.py:927} WARNING - No viable dags retrieved from /mnt/c/Users/zaina/Documents/Core_Data_Engineering/airflow/airflow_coresentiment_Data_pipeline/airflow/lib/python3.10/site-packages/airflow/example_dags/example_branch_operator.py
[2024-11-22T04:51:51.345+0100] {processor.py:208} INFO - Processing /mnt/c/Users/zaina/Documents/Core_Data_Engineering/airflow/airflow_coresentiment_Data_pipeline/airflow/lib/python3.10/site-packages/airflow/example_dags/example_branch_operator.py took 0.116 seconds
[2024-11-22T04:54:17.298+0100] {processor.py:186} INFO - Started process (PID=14937) to work on /mnt/c/Users/zaina/Documents/Core_Data_Engineering/airflow/airflow_coresentiment_Data_pipeline/airflow/lib/python3.10/site-packages/airflow/example_dags/example_branch_operator.py
[2024-11-22T04:54:17.307+0100] {processor.py:914} INFO - Processing file /mnt/c/Users/zaina/Documents/Core_Data_Engineering/airflow/airflow_coresentiment_Data_pipeline/airflow/lib/python3.10/site-packages/airflow/example_dags/example_branch_operator.py for tasks to queue
[2024-11-22T04:54:17.325+0100] {logging_mixin.py:190} INFO - [2024-11-22T04:54:17.312+0100] {dagbag.py:588} INFO - Filling up the DagBag from /mnt/c/Users/zaina/Documents/Core_Data_Engineering/airflow/airflow_coresentiment_Data_pipeline/airflow/lib/python3.10/site-packages/airflow/example_dags/example_branch_operator.py
[2024-11-22T04:54:17.387+0100] {processor.py:927} WARNING - No viable dags retrieved from /mnt/c/Users/zaina/Documents/Core_Data_Engineering/airflow/airflow_coresentiment_Data_pipeline/airflow/lib/python3.10/site-packages/airflow/example_dags/example_branch_operator.py
[2024-11-22T04:54:17.410+0100] {processor.py:208} INFO - Processing /mnt/c/Users/zaina/Documents/Core_Data_Engineering/airflow/airflow_coresentiment_Data_pipeline/airflow/lib/python3.10/site-packages/airflow/example_dags/example_branch_operator.py took 0.126 seconds
[2024-11-22T04:56:53.010+0100] {processor.py:186} INFO - Started process (PID=15049) to work on /mnt/c/Users/zaina/Documents/Core_Data_Engineering/airflow/airflow_coresentiment_Data_pipeline/airflow/lib/python3.10/site-packages/airflow/example_dags/example_branch_operator.py
[2024-11-22T04:56:53.012+0100] {processor.py:914} INFO - Processing file /mnt/c/Users/zaina/Documents/Core_Data_Engineering/airflow/airflow_coresentiment_Data_pipeline/airflow/lib/python3.10/site-packages/airflow/example_dags/example_branch_operator.py for tasks to queue
[2024-11-22T04:56:53.017+0100] {logging_mixin.py:190} INFO - [2024-11-22T04:56:53.016+0100] {dagbag.py:588} INFO - Filling up the DagBag from /mnt/c/Users/zaina/Documents/Core_Data_Engineering/airflow/airflow_coresentiment_Data_pipeline/airflow/lib/python3.10/site-packages/airflow/example_dags/example_branch_operator.py
[2024-11-22T04:56:53.136+0100] {processor.py:927} WARNING - No viable dags retrieved from /mnt/c/Users/zaina/Documents/Core_Data_Engineering/airflow/airflow_coresentiment_Data_pipeline/airflow/lib/python3.10/site-packages/airflow/example_dags/example_branch_operator.py
[2024-11-22T04:56:53.169+0100] {processor.py:208} INFO - Processing /mnt/c/Users/zaina/Documents/Core_Data_Engineering/airflow/airflow_coresentiment_Data_pipeline/airflow/lib/python3.10/site-packages/airflow/example_dags/example_branch_operator.py took 0.176 seconds
[2024-11-22T05:01:06.940+0100] {processor.py:186} INFO - Started process (PID=15156) to work on /mnt/c/Users/zaina/Documents/Core_Data_Engineering/airflow/airflow_coresentiment_Data_pipeline/airflow/lib/python3.10/site-packages/airflow/example_dags/example_branch_operator.py
[2024-11-22T05:01:06.943+0100] {processor.py:914} INFO - Processing file /mnt/c/Users/zaina/Documents/Core_Data_Engineering/airflow/airflow_coresentiment_Data_pipeline/airflow/lib/python3.10/site-packages/airflow/example_dags/example_branch_operator.py for tasks to queue
[2024-11-22T05:01:06.947+0100] {logging_mixin.py:190} INFO - [2024-11-22T05:01:06.946+0100] {dagbag.py:588} INFO - Filling up the DagBag from /mnt/c/Users/zaina/Documents/Core_Data_Engineering/airflow/airflow_coresentiment_Data_pipeline/airflow/lib/python3.10/site-packages/airflow/example_dags/example_branch_operator.py
[2024-11-22T05:01:07.024+0100] {processor.py:927} WARNING - No viable dags retrieved from /mnt/c/Users/zaina/Documents/Core_Data_Engineering/airflow/airflow_coresentiment_Data_pipeline/airflow/lib/python3.10/site-packages/airflow/example_dags/example_branch_operator.py
[2024-11-22T05:01:07.056+0100] {processor.py:208} INFO - Processing /mnt/c/Users/zaina/Documents/Core_Data_Engineering/airflow/airflow_coresentiment_Data_pipeline/airflow/lib/python3.10/site-packages/airflow/example_dags/example_branch_operator.py took 0.143 seconds
[2024-11-22T05:04:07.934+0100] {processor.py:186} INFO - Started process (PID=15256) to work on /mnt/c/Users/zaina/Documents/Core_Data_Engineering/airflow/airflow_coresentiment_Data_pipeline/airflow/lib/python3.10/site-packages/airflow/example_dags/example_branch_operator.py
[2024-11-22T05:04:07.937+0100] {processor.py:914} INFO - Processing file /mnt/c/Users/zaina/Documents/Core_Data_Engineering/airflow/airflow_coresentiment_Data_pipeline/airflow/lib/python3.10/site-packages/airflow/example_dags/example_branch_operator.py for tasks to queue
[2024-11-22T05:04:07.942+0100] {logging_mixin.py:190} INFO - [2024-11-22T05:04:07.940+0100] {dagbag.py:588} INFO - Filling up the DagBag from /mnt/c/Users/zaina/Documents/Core_Data_Engineering/airflow/airflow_coresentiment_Data_pipeline/airflow/lib/python3.10/site-packages/airflow/example_dags/example_branch_operator.py
[2024-11-22T05:04:07.988+0100] {processor.py:927} WARNING - No viable dags retrieved from /mnt/c/Users/zaina/Documents/Core_Data_Engineering/airflow/airflow_coresentiment_Data_pipeline/airflow/lib/python3.10/site-packages/airflow/example_dags/example_branch_operator.py
[2024-11-22T05:04:08.007+0100] {processor.py:208} INFO - Processing /mnt/c/Users/zaina/Documents/Core_Data_Engineering/airflow/airflow_coresentiment_Data_pipeline/airflow/lib/python3.10/site-packages/airflow/example_dags/example_branch_operator.py took 0.087 seconds
[2024-11-22T05:06:19.951+0100] {processor.py:186} INFO - Started process (PID=15345) to work on /mnt/c/Users/zaina/Documents/Core_Data_Engineering/airflow/airflow_coresentiment_Data_pipeline/airflow/lib/python3.10/site-packages/airflow/example_dags/example_branch_operator.py
[2024-11-22T05:06:19.953+0100] {processor.py:914} INFO - Processing file /mnt/c/Users/zaina/Documents/Core_Data_Engineering/airflow/airflow_coresentiment_Data_pipeline/airflow/lib/python3.10/site-packages/airflow/example_dags/example_branch_operator.py for tasks to queue
[2024-11-22T05:06:19.961+0100] {logging_mixin.py:190} INFO - [2024-11-22T05:06:19.960+0100] {dagbag.py:588} INFO - Filling up the DagBag from /mnt/c/Users/zaina/Documents/Core_Data_Engineering/airflow/airflow_coresentiment_Data_pipeline/airflow/lib/python3.10/site-packages/airflow/example_dags/example_branch_operator.py
[2024-11-22T05:06:20.037+0100] {processor.py:927} WARNING - No viable dags retrieved from /mnt/c/Users/zaina/Documents/Core_Data_Engineering/airflow/airflow_coresentiment_Data_pipeline/airflow/lib/python3.10/site-packages/airflow/example_dags/example_branch_operator.py
[2024-11-22T05:06:20.065+0100] {processor.py:208} INFO - Processing /mnt/c/Users/zaina/Documents/Core_Data_Engineering/airflow/airflow_coresentiment_Data_pipeline/airflow/lib/python3.10/site-packages/airflow/example_dags/example_branch_operator.py took 0.130 seconds
[2024-11-22T05:08:46.745+0100] {processor.py:186} INFO - Started process (PID=15437) to work on /mnt/c/Users/zaina/Documents/Core_Data_Engineering/airflow/airflow_coresentiment_Data_pipeline/airflow/lib/python3.10/site-packages/airflow/example_dags/example_branch_operator.py
[2024-11-22T05:08:46.749+0100] {processor.py:914} INFO - Processing file /mnt/c/Users/zaina/Documents/Core_Data_Engineering/airflow/airflow_coresentiment_Data_pipeline/airflow/lib/python3.10/site-packages/airflow/example_dags/example_branch_operator.py for tasks to queue
[2024-11-22T05:08:46.755+0100] {logging_mixin.py:190} INFO - [2024-11-22T05:08:46.753+0100] {dagbag.py:588} INFO - Filling up the DagBag from /mnt/c/Users/zaina/Documents/Core_Data_Engineering/airflow/airflow_coresentiment_Data_pipeline/airflow/lib/python3.10/site-packages/airflow/example_dags/example_branch_operator.py
[2024-11-22T05:08:46.877+0100] {processor.py:927} WARNING - No viable dags retrieved from /mnt/c/Users/zaina/Documents/Core_Data_Engineering/airflow/airflow_coresentiment_Data_pipeline/airflow/lib/python3.10/site-packages/airflow/example_dags/example_branch_operator.py
[2024-11-22T05:08:46.918+0100] {processor.py:208} INFO - Processing /mnt/c/Users/zaina/Documents/Core_Data_Engineering/airflow/airflow_coresentiment_Data_pipeline/airflow/lib/python3.10/site-packages/airflow/example_dags/example_branch_operator.py took 0.196 seconds
[2024-11-22T05:11:29.328+0100] {processor.py:186} INFO - Started process (PID=15535) to work on /mnt/c/Users/zaina/Documents/Core_Data_Engineering/airflow/airflow_coresentiment_Data_pipeline/airflow/lib/python3.10/site-packages/airflow/example_dags/example_branch_operator.py
[2024-11-22T05:11:29.331+0100] {processor.py:914} INFO - Processing file /mnt/c/Users/zaina/Documents/Core_Data_Engineering/airflow/airflow_coresentiment_Data_pipeline/airflow/lib/python3.10/site-packages/airflow/example_dags/example_branch_operator.py for tasks to queue
[2024-11-22T05:11:29.338+0100] {logging_mixin.py:190} INFO - [2024-11-22T05:11:29.335+0100] {dagbag.py:588} INFO - Filling up the DagBag from /mnt/c/Users/zaina/Documents/Core_Data_Engineering/airflow/airflow_coresentiment_Data_pipeline/airflow/lib/python3.10/site-packages/airflow/example_dags/example_branch_operator.py
[2024-11-22T05:11:29.391+0100] {processor.py:927} WARNING - No viable dags retrieved from /mnt/c/Users/zaina/Documents/Core_Data_Engineering/airflow/airflow_coresentiment_Data_pipeline/airflow/lib/python3.10/site-packages/airflow/example_dags/example_branch_operator.py
[2024-11-22T05:11:29.415+0100] {processor.py:208} INFO - Processing /mnt/c/Users/zaina/Documents/Core_Data_Engineering/airflow/airflow_coresentiment_Data_pipeline/airflow/lib/python3.10/site-packages/airflow/example_dags/example_branch_operator.py took 0.110 seconds
[2024-11-22T05:13:43.755+0100] {processor.py:186} INFO - Started process (PID=15621) to work on /mnt/c/Users/zaina/Documents/Core_Data_Engineering/airflow/airflow_coresentiment_Data_pipeline/airflow/lib/python3.10/site-packages/airflow/example_dags/example_branch_operator.py
[2024-11-22T05:13:43.757+0100] {processor.py:914} INFO - Processing file /mnt/c/Users/zaina/Documents/Core_Data_Engineering/airflow/airflow_coresentiment_Data_pipeline/airflow/lib/python3.10/site-packages/airflow/example_dags/example_branch_operator.py for tasks to queue
[2024-11-22T05:13:43.761+0100] {logging_mixin.py:190} INFO - [2024-11-22T05:13:43.760+0100] {dagbag.py:588} INFO - Filling up the DagBag from /mnt/c/Users/zaina/Documents/Core_Data_Engineering/airflow/airflow_coresentiment_Data_pipeline/airflow/lib/python3.10/site-packages/airflow/example_dags/example_branch_operator.py
[2024-11-22T05:13:43.805+0100] {processor.py:927} WARNING - No viable dags retrieved from /mnt/c/Users/zaina/Documents/Core_Data_Engineering/airflow/airflow_coresentiment_Data_pipeline/airflow/lib/python3.10/site-packages/airflow/example_dags/example_branch_operator.py
[2024-11-22T05:13:43.825+0100] {processor.py:208} INFO - Processing /mnt/c/Users/zaina/Documents/Core_Data_Engineering/airflow/airflow_coresentiment_Data_pipeline/airflow/lib/python3.10/site-packages/airflow/example_dags/example_branch_operator.py took 0.083 seconds
[2024-11-22T05:16:28.989+0100] {processor.py:186} INFO - Started process (PID=15720) to work on /mnt/c/Users/zaina/Documents/Core_Data_Engineering/airflow/airflow_coresentiment_Data_pipeline/airflow/lib/python3.10/site-packages/airflow/example_dags/example_branch_operator.py
[2024-11-22T05:16:28.993+0100] {processor.py:914} INFO - Processing file /mnt/c/Users/zaina/Documents/Core_Data_Engineering/airflow/airflow_coresentiment_Data_pipeline/airflow/lib/python3.10/site-packages/airflow/example_dags/example_branch_operator.py for tasks to queue
[2024-11-22T05:16:28.998+0100] {logging_mixin.py:190} INFO - [2024-11-22T05:16:28.997+0100] {dagbag.py:588} INFO - Filling up the DagBag from /mnt/c/Users/zaina/Documents/Core_Data_Engineering/airflow/airflow_coresentiment_Data_pipeline/airflow/lib/python3.10/site-packages/airflow/example_dags/example_branch_operator.py
[2024-11-22T05:16:29.048+0100] {processor.py:927} WARNING - No viable dags retrieved from /mnt/c/Users/zaina/Documents/Core_Data_Engineering/airflow/airflow_coresentiment_Data_pipeline/airflow/lib/python3.10/site-packages/airflow/example_dags/example_branch_operator.py
[2024-11-22T05:16:29.074+0100] {processor.py:208} INFO - Processing /mnt/c/Users/zaina/Documents/Core_Data_Engineering/airflow/airflow_coresentiment_Data_pipeline/airflow/lib/python3.10/site-packages/airflow/example_dags/example_branch_operator.py took 0.102 seconds
[2024-11-22T05:19:00.953+0100] {processor.py:186} INFO - Started process (PID=15813) to work on /mnt/c/Users/zaina/Documents/Core_Data_Engineering/airflow/airflow_coresentiment_Data_pipeline/airflow/lib/python3.10/site-packages/airflow/example_dags/example_branch_operator.py
[2024-11-22T05:19:00.957+0100] {processor.py:914} INFO - Processing file /mnt/c/Users/zaina/Documents/Core_Data_Engineering/airflow/airflow_coresentiment_Data_pipeline/airflow/lib/python3.10/site-packages/airflow/example_dags/example_branch_operator.py for tasks to queue
[2024-11-22T05:19:00.968+0100] {logging_mixin.py:190} INFO - [2024-11-22T05:19:00.963+0100] {dagbag.py:588} INFO - Filling up the DagBag from /mnt/c/Users/zaina/Documents/Core_Data_Engineering/airflow/airflow_coresentiment_Data_pipeline/airflow/lib/python3.10/site-packages/airflow/example_dags/example_branch_operator.py
[2024-11-22T05:19:01.039+0100] {processor.py:927} WARNING - No viable dags retrieved from /mnt/c/Users/zaina/Documents/Core_Data_Engineering/airflow/airflow_coresentiment_Data_pipeline/airflow/lib/python3.10/site-packages/airflow/example_dags/example_branch_operator.py
[2024-11-22T05:19:01.069+0100] {processor.py:208} INFO - Processing /mnt/c/Users/zaina/Documents/Core_Data_Engineering/airflow/airflow_coresentiment_Data_pipeline/airflow/lib/python3.10/site-packages/airflow/example_dags/example_branch_operator.py took 0.199 seconds
[2024-11-22T05:21:13.227+0100] {processor.py:186} INFO - Started process (PID=15904) to work on /mnt/c/Users/zaina/Documents/Core_Data_Engineering/airflow/airflow_coresentiment_Data_pipeline/airflow/lib/python3.10/site-packages/airflow/example_dags/example_branch_operator.py
[2024-11-22T05:21:13.231+0100] {processor.py:914} INFO - Processing file /mnt/c/Users/zaina/Documents/Core_Data_Engineering/airflow/airflow_coresentiment_Data_pipeline/airflow/lib/python3.10/site-packages/airflow/example_dags/example_branch_operator.py for tasks to queue
[2024-11-22T05:21:13.238+0100] {logging_mixin.py:190} INFO - [2024-11-22T05:21:13.236+0100] {dagbag.py:588} INFO - Filling up the DagBag from /mnt/c/Users/zaina/Documents/Core_Data_Engineering/airflow/airflow_coresentiment_Data_pipeline/airflow/lib/python3.10/site-packages/airflow/example_dags/example_branch_operator.py
[2024-11-22T05:21:13.395+0100] {processor.py:927} WARNING - No viable dags retrieved from /mnt/c/Users/zaina/Documents/Core_Data_Engineering/airflow/airflow_coresentiment_Data_pipeline/airflow/lib/python3.10/site-packages/airflow/example_dags/example_branch_operator.py
[2024-11-22T05:21:13.445+0100] {processor.py:208} INFO - Processing /mnt/c/Users/zaina/Documents/Core_Data_Engineering/airflow/airflow_coresentiment_Data_pipeline/airflow/lib/python3.10/site-packages/airflow/example_dags/example_branch_operator.py took 0.244 seconds
[2024-11-22T05:23:22.301+0100] {processor.py:186} INFO - Started process (PID=15995) to work on /mnt/c/Users/zaina/Documents/Core_Data_Engineering/airflow/airflow_coresentiment_Data_pipeline/airflow/lib/python3.10/site-packages/airflow/example_dags/example_branch_operator.py
[2024-11-22T05:23:22.305+0100] {processor.py:914} INFO - Processing file /mnt/c/Users/zaina/Documents/Core_Data_Engineering/airflow/airflow_coresentiment_Data_pipeline/airflow/lib/python3.10/site-packages/airflow/example_dags/example_branch_operator.py for tasks to queue
[2024-11-22T05:23:22.310+0100] {logging_mixin.py:190} INFO - [2024-11-22T05:23:22.308+0100] {dagbag.py:588} INFO - Filling up the DagBag from /mnt/c/Users/zaina/Documents/Core_Data_Engineering/airflow/airflow_coresentiment_Data_pipeline/airflow/lib/python3.10/site-packages/airflow/example_dags/example_branch_operator.py
[2024-11-22T05:23:22.391+0100] {processor.py:927} WARNING - No viable dags retrieved from /mnt/c/Users/zaina/Documents/Core_Data_Engineering/airflow/airflow_coresentiment_Data_pipeline/airflow/lib/python3.10/site-packages/airflow/example_dags/example_branch_operator.py
[2024-11-22T05:23:22.418+0100] {processor.py:208} INFO - Processing /mnt/c/Users/zaina/Documents/Core_Data_Engineering/airflow/airflow_coresentiment_Data_pipeline/airflow/lib/python3.10/site-packages/airflow/example_dags/example_branch_operator.py took 0.132 seconds
[2024-11-22T05:25:15.172+0100] {processor.py:186} INFO - Started process (PID=16081) to work on /mnt/c/Users/zaina/Documents/Core_Data_Engineering/airflow/airflow_coresentiment_Data_pipeline/airflow/lib/python3.10/site-packages/airflow/example_dags/example_branch_operator.py
[2024-11-22T05:25:15.174+0100] {processor.py:914} INFO - Processing file /mnt/c/Users/zaina/Documents/Core_Data_Engineering/airflow/airflow_coresentiment_Data_pipeline/airflow/lib/python3.10/site-packages/airflow/example_dags/example_branch_operator.py for tasks to queue
[2024-11-22T05:25:15.176+0100] {logging_mixin.py:190} INFO - [2024-11-22T05:25:15.175+0100] {dagbag.py:588} INFO - Filling up the DagBag from /mnt/c/Users/zaina/Documents/Core_Data_Engineering/airflow/airflow_coresentiment_Data_pipeline/airflow/lib/python3.10/site-packages/airflow/example_dags/example_branch_operator.py
[2024-11-22T05:25:15.227+0100] {processor.py:927} WARNING - No viable dags retrieved from /mnt/c/Users/zaina/Documents/Core_Data_Engineering/airflow/airflow_coresentiment_Data_pipeline/airflow/lib/python3.10/site-packages/airflow/example_dags/example_branch_operator.py
[2024-11-22T05:25:15.250+0100] {processor.py:208} INFO - Processing /mnt/c/Users/zaina/Documents/Core_Data_Engineering/airflow/airflow_coresentiment_Data_pipeline/airflow/lib/python3.10/site-packages/airflow/example_dags/example_branch_operator.py took 0.088 seconds
[2024-11-22T05:27:05.750+0100] {processor.py:186} INFO - Started process (PID=16162) to work on /mnt/c/Users/zaina/Documents/Core_Data_Engineering/airflow/airflow_coresentiment_Data_pipeline/airflow/lib/python3.10/site-packages/airflow/example_dags/example_branch_operator.py
[2024-11-22T05:27:05.754+0100] {processor.py:914} INFO - Processing file /mnt/c/Users/zaina/Documents/Core_Data_Engineering/airflow/airflow_coresentiment_Data_pipeline/airflow/lib/python3.10/site-packages/airflow/example_dags/example_branch_operator.py for tasks to queue
[2024-11-22T05:27:05.761+0100] {logging_mixin.py:190} INFO - [2024-11-22T05:27:05.759+0100] {dagbag.py:588} INFO - Filling up the DagBag from /mnt/c/Users/zaina/Documents/Core_Data_Engineering/airflow/airflow_coresentiment_Data_pipeline/airflow/lib/python3.10/site-packages/airflow/example_dags/example_branch_operator.py
[2024-11-22T05:27:05.856+0100] {processor.py:927} WARNING - No viable dags retrieved from /mnt/c/Users/zaina/Documents/Core_Data_Engineering/airflow/airflow_coresentiment_Data_pipeline/airflow/lib/python3.10/site-packages/airflow/example_dags/example_branch_operator.py
[2024-11-22T05:27:05.883+0100] {processor.py:208} INFO - Processing /mnt/c/Users/zaina/Documents/Core_Data_Engineering/airflow/airflow_coresentiment_Data_pipeline/airflow/lib/python3.10/site-packages/airflow/example_dags/example_branch_operator.py took 0.160 seconds
[2024-11-22T05:28:55.537+0100] {processor.py:186} INFO - Started process (PID=16243) to work on /mnt/c/Users/zaina/Documents/Core_Data_Engineering/airflow/airflow_coresentiment_Data_pipeline/airflow/lib/python3.10/site-packages/airflow/example_dags/example_branch_operator.py
[2024-11-22T05:28:55.540+0100] {processor.py:914} INFO - Processing file /mnt/c/Users/zaina/Documents/Core_Data_Engineering/airflow/airflow_coresentiment_Data_pipeline/airflow/lib/python3.10/site-packages/airflow/example_dags/example_branch_operator.py for tasks to queue
[2024-11-22T05:28:55.543+0100] {logging_mixin.py:190} INFO - [2024-11-22T05:28:55.542+0100] {dagbag.py:588} INFO - Filling up the DagBag from /mnt/c/Users/zaina/Documents/Core_Data_Engineering/airflow/airflow_coresentiment_Data_pipeline/airflow/lib/python3.10/site-packages/airflow/example_dags/example_branch_operator.py
[2024-11-22T05:28:55.601+0100] {processor.py:927} WARNING - No viable dags retrieved from /mnt/c/Users/zaina/Documents/Core_Data_Engineering/airflow/airflow_coresentiment_Data_pipeline/airflow/lib/python3.10/site-packages/airflow/example_dags/example_branch_operator.py
[2024-11-22T05:28:55.616+0100] {processor.py:208} INFO - Processing /mnt/c/Users/zaina/Documents/Core_Data_Engineering/airflow/airflow_coresentiment_Data_pipeline/airflow/lib/python3.10/site-packages/airflow/example_dags/example_branch_operator.py took 0.092 seconds
[2024-11-22T05:30:37.329+0100] {processor.py:186} INFO - Started process (PID=16323) to work on /mnt/c/Users/zaina/Documents/Core_Data_Engineering/airflow/airflow_coresentiment_Data_pipeline/airflow/lib/python3.10/site-packages/airflow/example_dags/example_branch_operator.py
[2024-11-22T05:30:37.332+0100] {processor.py:914} INFO - Processing file /mnt/c/Users/zaina/Documents/Core_Data_Engineering/airflow/airflow_coresentiment_Data_pipeline/airflow/lib/python3.10/site-packages/airflow/example_dags/example_branch_operator.py for tasks to queue
[2024-11-22T05:30:37.336+0100] {logging_mixin.py:190} INFO - [2024-11-22T05:30:37.335+0100] {dagbag.py:588} INFO - Filling up the DagBag from /mnt/c/Users/zaina/Documents/Core_Data_Engineering/airflow/airflow_coresentiment_Data_pipeline/airflow/lib/python3.10/site-packages/airflow/example_dags/example_branch_operator.py
[2024-11-22T05:30:37.387+0100] {processor.py:927} WARNING - No viable dags retrieved from /mnt/c/Users/zaina/Documents/Core_Data_Engineering/airflow/airflow_coresentiment_Data_pipeline/airflow/lib/python3.10/site-packages/airflow/example_dags/example_branch_operator.py
[2024-11-22T05:30:37.403+0100] {processor.py:208} INFO - Processing /mnt/c/Users/zaina/Documents/Core_Data_Engineering/airflow/airflow_coresentiment_Data_pipeline/airflow/lib/python3.10/site-packages/airflow/example_dags/example_branch_operator.py took 0.088 seconds
[2024-11-22T05:32:23.987+0100] {processor.py:186} INFO - Started process (PID=16401) to work on /mnt/c/Users/zaina/Documents/Core_Data_Engineering/airflow/airflow_coresentiment_Data_pipeline/airflow/lib/python3.10/site-packages/airflow/example_dags/example_branch_operator.py
[2024-11-22T05:32:23.989+0100] {processor.py:914} INFO - Processing file /mnt/c/Users/zaina/Documents/Core_Data_Engineering/airflow/airflow_coresentiment_Data_pipeline/airflow/lib/python3.10/site-packages/airflow/example_dags/example_branch_operator.py for tasks to queue
[2024-11-22T05:32:23.993+0100] {logging_mixin.py:190} INFO - [2024-11-22T05:32:23.992+0100] {dagbag.py:588} INFO - Filling up the DagBag from /mnt/c/Users/zaina/Documents/Core_Data_Engineering/airflow/airflow_coresentiment_Data_pipeline/airflow/lib/python3.10/site-packages/airflow/example_dags/example_branch_operator.py
[2024-11-22T05:32:24.055+0100] {processor.py:927} WARNING - No viable dags retrieved from /mnt/c/Users/zaina/Documents/Core_Data_Engineering/airflow/airflow_coresentiment_Data_pipeline/airflow/lib/python3.10/site-packages/airflow/example_dags/example_branch_operator.py
[2024-11-22T05:32:24.074+0100] {processor.py:208} INFO - Processing /mnt/c/Users/zaina/Documents/Core_Data_Engineering/airflow/airflow_coresentiment_Data_pipeline/airflow/lib/python3.10/site-packages/airflow/example_dags/example_branch_operator.py took 0.101 seconds
[2024-11-22T05:34:27.153+0100] {processor.py:186} INFO - Started process (PID=16485) to work on /mnt/c/Users/zaina/Documents/Core_Data_Engineering/airflow/airflow_coresentiment_Data_pipeline/airflow/lib/python3.10/site-packages/airflow/example_dags/example_branch_operator.py
[2024-11-22T05:34:27.155+0100] {processor.py:914} INFO - Processing file /mnt/c/Users/zaina/Documents/Core_Data_Engineering/airflow/airflow_coresentiment_Data_pipeline/airflow/lib/python3.10/site-packages/airflow/example_dags/example_branch_operator.py for tasks to queue
[2024-11-22T05:34:27.159+0100] {logging_mixin.py:190} INFO - [2024-11-22T05:34:27.158+0100] {dagbag.py:588} INFO - Filling up the DagBag from /mnt/c/Users/zaina/Documents/Core_Data_Engineering/airflow/airflow_coresentiment_Data_pipeline/airflow/lib/python3.10/site-packages/airflow/example_dags/example_branch_operator.py
[2024-11-22T05:34:27.215+0100] {processor.py:927} WARNING - No viable dags retrieved from /mnt/c/Users/zaina/Documents/Core_Data_Engineering/airflow/airflow_coresentiment_Data_pipeline/airflow/lib/python3.10/site-packages/airflow/example_dags/example_branch_operator.py
[2024-11-22T05:34:27.237+0100] {processor.py:208} INFO - Processing /mnt/c/Users/zaina/Documents/Core_Data_Engineering/airflow/airflow_coresentiment_Data_pipeline/airflow/lib/python3.10/site-packages/airflow/example_dags/example_branch_operator.py took 0.097 seconds
[2024-11-22T05:36:25.505+0100] {processor.py:186} INFO - Started process (PID=16572) to work on /mnt/c/Users/zaina/Documents/Core_Data_Engineering/airflow/airflow_coresentiment_Data_pipeline/airflow/lib/python3.10/site-packages/airflow/example_dags/example_branch_operator.py
[2024-11-22T05:36:25.507+0100] {processor.py:914} INFO - Processing file /mnt/c/Users/zaina/Documents/Core_Data_Engineering/airflow/airflow_coresentiment_Data_pipeline/airflow/lib/python3.10/site-packages/airflow/example_dags/example_branch_operator.py for tasks to queue
[2024-11-22T05:36:25.511+0100] {logging_mixin.py:190} INFO - [2024-11-22T05:36:25.510+0100] {dagbag.py:588} INFO - Filling up the DagBag from /mnt/c/Users/zaina/Documents/Core_Data_Engineering/airflow/airflow_coresentiment_Data_pipeline/airflow/lib/python3.10/site-packages/airflow/example_dags/example_branch_operator.py
[2024-11-22T05:36:25.612+0100] {processor.py:927} WARNING - No viable dags retrieved from /mnt/c/Users/zaina/Documents/Core_Data_Engineering/airflow/airflow_coresentiment_Data_pipeline/airflow/lib/python3.10/site-packages/airflow/example_dags/example_branch_operator.py
[2024-11-22T05:36:25.638+0100] {processor.py:208} INFO - Processing /mnt/c/Users/zaina/Documents/Core_Data_Engineering/airflow/airflow_coresentiment_Data_pipeline/airflow/lib/python3.10/site-packages/airflow/example_dags/example_branch_operator.py took 0.149 seconds
[2024-11-22T05:38:26.704+0100] {processor.py:186} INFO - Started process (PID=16658) to work on /mnt/c/Users/zaina/Documents/Core_Data_Engineering/airflow/airflow_coresentiment_Data_pipeline/airflow/lib/python3.10/site-packages/airflow/example_dags/example_branch_operator.py
[2024-11-22T05:38:26.710+0100] {processor.py:914} INFO - Processing file /mnt/c/Users/zaina/Documents/Core_Data_Engineering/airflow/airflow_coresentiment_Data_pipeline/airflow/lib/python3.10/site-packages/airflow/example_dags/example_branch_operator.py for tasks to queue
[2024-11-22T05:38:26.719+0100] {logging_mixin.py:190} INFO - [2024-11-22T05:38:26.717+0100] {dagbag.py:588} INFO - Filling up the DagBag from /mnt/c/Users/zaina/Documents/Core_Data_Engineering/airflow/airflow_coresentiment_Data_pipeline/airflow/lib/python3.10/site-packages/airflow/example_dags/example_branch_operator.py
[2024-11-22T05:38:26.778+0100] {processor.py:927} WARNING - No viable dags retrieved from /mnt/c/Users/zaina/Documents/Core_Data_Engineering/airflow/airflow_coresentiment_Data_pipeline/airflow/lib/python3.10/site-packages/airflow/example_dags/example_branch_operator.py
[2024-11-22T05:38:26.795+0100] {processor.py:208} INFO - Processing /mnt/c/Users/zaina/Documents/Core_Data_Engineering/airflow/airflow_coresentiment_Data_pipeline/airflow/lib/python3.10/site-packages/airflow/example_dags/example_branch_operator.py took 0.119 seconds
[2024-11-22T05:40:23.358+0100] {processor.py:186} INFO - Started process (PID=16743) to work on /mnt/c/Users/zaina/Documents/Core_Data_Engineering/airflow/airflow_coresentiment_Data_pipeline/airflow/lib/python3.10/site-packages/airflow/example_dags/example_branch_operator.py
[2024-11-22T05:40:23.360+0100] {processor.py:914} INFO - Processing file /mnt/c/Users/zaina/Documents/Core_Data_Engineering/airflow/airflow_coresentiment_Data_pipeline/airflow/lib/python3.10/site-packages/airflow/example_dags/example_branch_operator.py for tasks to queue
[2024-11-22T05:40:23.364+0100] {logging_mixin.py:190} INFO - [2024-11-22T05:40:23.362+0100] {dagbag.py:588} INFO - Filling up the DagBag from /mnt/c/Users/zaina/Documents/Core_Data_Engineering/airflow/airflow_coresentiment_Data_pipeline/airflow/lib/python3.10/site-packages/airflow/example_dags/example_branch_operator.py
[2024-11-22T05:40:23.422+0100] {processor.py:927} WARNING - No viable dags retrieved from /mnt/c/Users/zaina/Documents/Core_Data_Engineering/airflow/airflow_coresentiment_Data_pipeline/airflow/lib/python3.10/site-packages/airflow/example_dags/example_branch_operator.py
[2024-11-22T05:40:23.443+0100] {processor.py:208} INFO - Processing /mnt/c/Users/zaina/Documents/Core_Data_Engineering/airflow/airflow_coresentiment_Data_pipeline/airflow/lib/python3.10/site-packages/airflow/example_dags/example_branch_operator.py took 0.103 seconds
[2024-11-22T05:42:17.210+0100] {processor.py:186} INFO - Started process (PID=16824) to work on /mnt/c/Users/zaina/Documents/Core_Data_Engineering/airflow/airflow_coresentiment_Data_pipeline/airflow/lib/python3.10/site-packages/airflow/example_dags/example_branch_operator.py
[2024-11-22T05:42:17.214+0100] {processor.py:914} INFO - Processing file /mnt/c/Users/zaina/Documents/Core_Data_Engineering/airflow/airflow_coresentiment_Data_pipeline/airflow/lib/python3.10/site-packages/airflow/example_dags/example_branch_operator.py for tasks to queue
[2024-11-22T05:42:17.218+0100] {logging_mixin.py:190} INFO - [2024-11-22T05:42:17.217+0100] {dagbag.py:588} INFO - Filling up the DagBag from /mnt/c/Users/zaina/Documents/Core_Data_Engineering/airflow/airflow_coresentiment_Data_pipeline/airflow/lib/python3.10/site-packages/airflow/example_dags/example_branch_operator.py
[2024-11-22T05:42:17.279+0100] {processor.py:927} WARNING - No viable dags retrieved from /mnt/c/Users/zaina/Documents/Core_Data_Engineering/airflow/airflow_coresentiment_Data_pipeline/airflow/lib/python3.10/site-packages/airflow/example_dags/example_branch_operator.py
[2024-11-22T05:42:17.301+0100] {processor.py:208} INFO - Processing /mnt/c/Users/zaina/Documents/Core_Data_Engineering/airflow/airflow_coresentiment_Data_pipeline/airflow/lib/python3.10/site-packages/airflow/example_dags/example_branch_operator.py took 0.105 seconds
[2024-11-22T05:44:15.098+0100] {processor.py:186} INFO - Started process (PID=16908) to work on /mnt/c/Users/zaina/Documents/Core_Data_Engineering/airflow/airflow_coresentiment_Data_pipeline/airflow/lib/python3.10/site-packages/airflow/example_dags/example_branch_operator.py
[2024-11-22T05:44:15.101+0100] {processor.py:914} INFO - Processing file /mnt/c/Users/zaina/Documents/Core_Data_Engineering/airflow/airflow_coresentiment_Data_pipeline/airflow/lib/python3.10/site-packages/airflow/example_dags/example_branch_operator.py for tasks to queue
[2024-11-22T05:44:15.106+0100] {logging_mixin.py:190} INFO - [2024-11-22T05:44:15.104+0100] {dagbag.py:588} INFO - Filling up the DagBag from /mnt/c/Users/zaina/Documents/Core_Data_Engineering/airflow/airflow_coresentiment_Data_pipeline/airflow/lib/python3.10/site-packages/airflow/example_dags/example_branch_operator.py
[2024-11-22T05:44:15.167+0100] {processor.py:927} WARNING - No viable dags retrieved from /mnt/c/Users/zaina/Documents/Core_Data_Engineering/airflow/airflow_coresentiment_Data_pipeline/airflow/lib/python3.10/site-packages/airflow/example_dags/example_branch_operator.py
[2024-11-22T05:44:15.188+0100] {processor.py:208} INFO - Processing /mnt/c/Users/zaina/Documents/Core_Data_Engineering/airflow/airflow_coresentiment_Data_pipeline/airflow/lib/python3.10/site-packages/airflow/example_dags/example_branch_operator.py took 0.106 seconds
