[2024-11-22T02:08:45.553+0100] {processor.py:186} INFO - Started process (PID=9785) to work on /mnt/c/Users/zaina/Documents/Core_Data_Engineering/airflow/airflow_coresentiment_Data_pipeline/airflow/lib/python3.10/site-packages/airflow/example_dags/example_branch_operator_decorator.py
[2024-11-22T02:08:45.555+0100] {processor.py:914} INFO - Processing file /mnt/c/Users/zaina/Documents/Core_Data_Engineering/airflow/airflow_coresentiment_Data_pipeline/airflow/lib/python3.10/site-packages/airflow/example_dags/example_branch_operator_decorator.py for tasks to queue
[2024-11-22T02:08:45.561+0100] {logging_mixin.py:190} INFO - [2024-11-22T02:08:45.560+0100] {dagbag.py:588} INFO - Filling up the DagBag from /mnt/c/Users/zaina/Documents/Core_Data_Engineering/airflow/airflow_coresentiment_Data_pipeline/airflow/lib/python3.10/site-packages/airflow/example_dags/example_branch_operator_decorator.py
[2024-11-22T02:08:45.638+0100] {processor.py:927} WARNING - No viable dags retrieved from /mnt/c/Users/zaina/Documents/Core_Data_Engineering/airflow/airflow_coresentiment_Data_pipeline/airflow/lib/python3.10/site-packages/airflow/example_dags/example_branch_operator_decorator.py
[2024-11-22T02:08:45.665+0100] {processor.py:208} INFO - Processing /mnt/c/Users/zaina/Documents/Core_Data_Engineering/airflow/airflow_coresentiment_Data_pipeline/airflow/lib/python3.10/site-packages/airflow/example_dags/example_branch_operator_decorator.py took 0.132 seconds
[2024-11-22T02:13:36.480+0100] {processor.py:186} INFO - Started process (PID=9979) to work on /mnt/c/Users/zaina/Documents/Core_Data_Engineering/airflow/airflow_coresentiment_Data_pipeline/airflow/lib/python3.10/site-packages/airflow/example_dags/example_branch_operator_decorator.py
[2024-11-22T02:13:36.483+0100] {processor.py:914} INFO - Processing file /mnt/c/Users/zaina/Documents/Core_Data_Engineering/airflow/airflow_coresentiment_Data_pipeline/airflow/lib/python3.10/site-packages/airflow/example_dags/example_branch_operator_decorator.py for tasks to queue
[2024-11-22T02:13:36.487+0100] {logging_mixin.py:190} INFO - [2024-11-22T02:13:36.486+0100] {dagbag.py:588} INFO - Filling up the DagBag from /mnt/c/Users/zaina/Documents/Core_Data_Engineering/airflow/airflow_coresentiment_Data_pipeline/airflow/lib/python3.10/site-packages/airflow/example_dags/example_branch_operator_decorator.py
[2024-11-22T02:13:36.560+0100] {processor.py:927} WARNING - No viable dags retrieved from /mnt/c/Users/zaina/Documents/Core_Data_Engineering/airflow/airflow_coresentiment_Data_pipeline/airflow/lib/python3.10/site-packages/airflow/example_dags/example_branch_operator_decorator.py
[2024-11-22T02:13:36.588+0100] {processor.py:208} INFO - Processing /mnt/c/Users/zaina/Documents/Core_Data_Engineering/airflow/airflow_coresentiment_Data_pipeline/airflow/lib/python3.10/site-packages/airflow/example_dags/example_branch_operator_decorator.py took 0.124 seconds
[2024-11-22T02:22:22.024+0100] {processor.py:186} INFO - Started process (PID=10261) to work on /mnt/c/Users/zaina/Documents/Core_Data_Engineering/airflow/airflow_coresentiment_Data_pipeline/airflow/lib/python3.10/site-packages/airflow/example_dags/example_branch_operator_decorator.py
[2024-11-22T02:22:22.028+0100] {processor.py:914} INFO - Processing file /mnt/c/Users/zaina/Documents/Core_Data_Engineering/airflow/airflow_coresentiment_Data_pipeline/airflow/lib/python3.10/site-packages/airflow/example_dags/example_branch_operator_decorator.py for tasks to queue
[2024-11-22T02:22:22.032+0100] {logging_mixin.py:190} INFO - [2024-11-22T02:22:22.031+0100] {dagbag.py:588} INFO - Filling up the DagBag from /mnt/c/Users/zaina/Documents/Core_Data_Engineering/airflow/airflow_coresentiment_Data_pipeline/airflow/lib/python3.10/site-packages/airflow/example_dags/example_branch_operator_decorator.py
[2024-11-22T02:22:22.186+0100] {processor.py:927} WARNING - No viable dags retrieved from /mnt/c/Users/zaina/Documents/Core_Data_Engineering/airflow/airflow_coresentiment_Data_pipeline/airflow/lib/python3.10/site-packages/airflow/example_dags/example_branch_operator_decorator.py
[2024-11-22T02:22:22.266+0100] {processor.py:208} INFO - Processing /mnt/c/Users/zaina/Documents/Core_Data_Engineering/airflow/airflow_coresentiment_Data_pipeline/airflow/lib/python3.10/site-packages/airflow/example_dags/example_branch_operator_decorator.py took 0.261 seconds
[2024-11-22T02:24:58.742+0100] {processor.py:186} INFO - Started process (PID=10379) to work on /mnt/c/Users/zaina/Documents/Core_Data_Engineering/airflow/airflow_coresentiment_Data_pipeline/airflow/lib/python3.10/site-packages/airflow/example_dags/example_branch_operator_decorator.py
[2024-11-22T02:24:58.746+0100] {processor.py:914} INFO - Processing file /mnt/c/Users/zaina/Documents/Core_Data_Engineering/airflow/airflow_coresentiment_Data_pipeline/airflow/lib/python3.10/site-packages/airflow/example_dags/example_branch_operator_decorator.py for tasks to queue
[2024-11-22T02:24:58.753+0100] {logging_mixin.py:190} INFO - [2024-11-22T02:24:58.750+0100] {dagbag.py:588} INFO - Filling up the DagBag from /mnt/c/Users/zaina/Documents/Core_Data_Engineering/airflow/airflow_coresentiment_Data_pipeline/airflow/lib/python3.10/site-packages/airflow/example_dags/example_branch_operator_decorator.py
[2024-11-22T02:24:58.913+0100] {processor.py:927} WARNING - No viable dags retrieved from /mnt/c/Users/zaina/Documents/Core_Data_Engineering/airflow/airflow_coresentiment_Data_pipeline/airflow/lib/python3.10/site-packages/airflow/example_dags/example_branch_operator_decorator.py
[2024-11-22T02:24:58.940+0100] {processor.py:208} INFO - Processing /mnt/c/Users/zaina/Documents/Core_Data_Engineering/airflow/airflow_coresentiment_Data_pipeline/airflow/lib/python3.10/site-packages/airflow/example_dags/example_branch_operator_decorator.py took 0.224 seconds
[2024-11-22T02:27:29.308+0100] {processor.py:186} INFO - Started process (PID=10482) to work on /mnt/c/Users/zaina/Documents/Core_Data_Engineering/airflow/airflow_coresentiment_Data_pipeline/airflow/lib/python3.10/site-packages/airflow/example_dags/example_branch_operator_decorator.py
[2024-11-22T02:27:29.312+0100] {processor.py:914} INFO - Processing file /mnt/c/Users/zaina/Documents/Core_Data_Engineering/airflow/airflow_coresentiment_Data_pipeline/airflow/lib/python3.10/site-packages/airflow/example_dags/example_branch_operator_decorator.py for tasks to queue
[2024-11-22T02:27:29.317+0100] {logging_mixin.py:190} INFO - [2024-11-22T02:27:29.315+0100] {dagbag.py:588} INFO - Filling up the DagBag from /mnt/c/Users/zaina/Documents/Core_Data_Engineering/airflow/airflow_coresentiment_Data_pipeline/airflow/lib/python3.10/site-packages/airflow/example_dags/example_branch_operator_decorator.py
[2024-11-22T02:27:29.419+0100] {processor.py:927} WARNING - No viable dags retrieved from /mnt/c/Users/zaina/Documents/Core_Data_Engineering/airflow/airflow_coresentiment_Data_pipeline/airflow/lib/python3.10/site-packages/airflow/example_dags/example_branch_operator_decorator.py
[2024-11-22T02:27:29.452+0100] {processor.py:208} INFO - Processing /mnt/c/Users/zaina/Documents/Core_Data_Engineering/airflow/airflow_coresentiment_Data_pipeline/airflow/lib/python3.10/site-packages/airflow/example_dags/example_branch_operator_decorator.py took 0.165 seconds
[2024-11-22T02:29:33.613+0100] {processor.py:186} INFO - Started process (PID=10570) to work on /mnt/c/Users/zaina/Documents/Core_Data_Engineering/airflow/airflow_coresentiment_Data_pipeline/airflow/lib/python3.10/site-packages/airflow/example_dags/example_branch_operator_decorator.py
[2024-11-22T02:29:33.615+0100] {processor.py:914} INFO - Processing file /mnt/c/Users/zaina/Documents/Core_Data_Engineering/airflow/airflow_coresentiment_Data_pipeline/airflow/lib/python3.10/site-packages/airflow/example_dags/example_branch_operator_decorator.py for tasks to queue
[2024-11-22T02:29:33.619+0100] {logging_mixin.py:190} INFO - [2024-11-22T02:29:33.618+0100] {dagbag.py:588} INFO - Filling up the DagBag from /mnt/c/Users/zaina/Documents/Core_Data_Engineering/airflow/airflow_coresentiment_Data_pipeline/airflow/lib/python3.10/site-packages/airflow/example_dags/example_branch_operator_decorator.py
[2024-11-22T02:29:33.680+0100] {processor.py:927} WARNING - No viable dags retrieved from /mnt/c/Users/zaina/Documents/Core_Data_Engineering/airflow/airflow_coresentiment_Data_pipeline/airflow/lib/python3.10/site-packages/airflow/example_dags/example_branch_operator_decorator.py
[2024-11-22T02:29:33.706+0100] {processor.py:208} INFO - Processing /mnt/c/Users/zaina/Documents/Core_Data_Engineering/airflow/airflow_coresentiment_Data_pipeline/airflow/lib/python3.10/site-packages/airflow/example_dags/example_branch_operator_decorator.py took 0.107 seconds
[2024-11-22T02:31:28.655+0100] {processor.py:186} INFO - Started process (PID=10655) to work on /mnt/c/Users/zaina/Documents/Core_Data_Engineering/airflow/airflow_coresentiment_Data_pipeline/airflow/lib/python3.10/site-packages/airflow/example_dags/example_branch_operator_decorator.py
[2024-11-22T02:31:28.657+0100] {processor.py:914} INFO - Processing file /mnt/c/Users/zaina/Documents/Core_Data_Engineering/airflow/airflow_coresentiment_Data_pipeline/airflow/lib/python3.10/site-packages/airflow/example_dags/example_branch_operator_decorator.py for tasks to queue
[2024-11-22T02:31:28.659+0100] {logging_mixin.py:190} INFO - [2024-11-22T02:31:28.658+0100] {dagbag.py:588} INFO - Filling up the DagBag from /mnt/c/Users/zaina/Documents/Core_Data_Engineering/airflow/airflow_coresentiment_Data_pipeline/airflow/lib/python3.10/site-packages/airflow/example_dags/example_branch_operator_decorator.py
[2024-11-22T02:31:28.689+0100] {processor.py:927} WARNING - No viable dags retrieved from /mnt/c/Users/zaina/Documents/Core_Data_Engineering/airflow/airflow_coresentiment_Data_pipeline/airflow/lib/python3.10/site-packages/airflow/example_dags/example_branch_operator_decorator.py
[2024-11-22T02:31:28.702+0100] {processor.py:208} INFO - Processing /mnt/c/Users/zaina/Documents/Core_Data_Engineering/airflow/airflow_coresentiment_Data_pipeline/airflow/lib/python3.10/site-packages/airflow/example_dags/example_branch_operator_decorator.py took 0.055 seconds
[2024-11-22T02:33:19.735+0100] {processor.py:186} INFO - Started process (PID=10755) to work on /mnt/c/Users/zaina/Documents/Core_Data_Engineering/airflow/airflow_coresentiment_Data_pipeline/airflow/lib/python3.10/site-packages/airflow/example_dags/example_branch_operator_decorator.py
[2024-11-22T02:33:19.737+0100] {processor.py:914} INFO - Processing file /mnt/c/Users/zaina/Documents/Core_Data_Engineering/airflow/airflow_coresentiment_Data_pipeline/airflow/lib/python3.10/site-packages/airflow/example_dags/example_branch_operator_decorator.py for tasks to queue
[2024-11-22T02:33:19.741+0100] {logging_mixin.py:190} INFO - [2024-11-22T02:33:19.740+0100] {dagbag.py:588} INFO - Filling up the DagBag from /mnt/c/Users/zaina/Documents/Core_Data_Engineering/airflow/airflow_coresentiment_Data_pipeline/airflow/lib/python3.10/site-packages/airflow/example_dags/example_branch_operator_decorator.py
[2024-11-22T02:33:19.856+0100] {processor.py:927} WARNING - No viable dags retrieved from /mnt/c/Users/zaina/Documents/Core_Data_Engineering/airflow/airflow_coresentiment_Data_pipeline/airflow/lib/python3.10/site-packages/airflow/example_dags/example_branch_operator_decorator.py
[2024-11-22T02:33:19.894+0100] {processor.py:208} INFO - Processing /mnt/c/Users/zaina/Documents/Core_Data_Engineering/airflow/airflow_coresentiment_Data_pipeline/airflow/lib/python3.10/site-packages/airflow/example_dags/example_branch_operator_decorator.py took 0.172 seconds
[2024-11-22T02:35:20.391+0100] {processor.py:186} INFO - Started process (PID=10856) to work on /mnt/c/Users/zaina/Documents/Core_Data_Engineering/airflow/airflow_coresentiment_Data_pipeline/airflow/lib/python3.10/site-packages/airflow/example_dags/example_branch_operator_decorator.py
[2024-11-22T02:35:20.418+0100] {processor.py:914} INFO - Processing file /mnt/c/Users/zaina/Documents/Core_Data_Engineering/airflow/airflow_coresentiment_Data_pipeline/airflow/lib/python3.10/site-packages/airflow/example_dags/example_branch_operator_decorator.py for tasks to queue
[2024-11-22T02:35:20.426+0100] {logging_mixin.py:190} INFO - [2024-11-22T02:35:20.423+0100] {dagbag.py:588} INFO - Filling up the DagBag from /mnt/c/Users/zaina/Documents/Core_Data_Engineering/airflow/airflow_coresentiment_Data_pipeline/airflow/lib/python3.10/site-packages/airflow/example_dags/example_branch_operator_decorator.py
[2024-11-22T02:35:20.478+0100] {processor.py:927} WARNING - No viable dags retrieved from /mnt/c/Users/zaina/Documents/Core_Data_Engineering/airflow/airflow_coresentiment_Data_pipeline/airflow/lib/python3.10/site-packages/airflow/example_dags/example_branch_operator_decorator.py
[2024-11-22T02:35:20.497+0100] {processor.py:208} INFO - Processing /mnt/c/Users/zaina/Documents/Core_Data_Engineering/airflow/airflow_coresentiment_Data_pipeline/airflow/lib/python3.10/site-packages/airflow/example_dags/example_branch_operator_decorator.py took 0.120 seconds
[2024-11-22T03:00:49.225+0100] {processor.py:186} INFO - Started process (PID=11187) to work on /mnt/c/Users/zaina/Documents/Core_Data_Engineering/airflow/airflow_coresentiment_Data_pipeline/airflow/lib/python3.10/site-packages/airflow/example_dags/example_branch_operator_decorator.py
[2024-11-22T03:00:49.227+0100] {processor.py:914} INFO - Processing file /mnt/c/Users/zaina/Documents/Core_Data_Engineering/airflow/airflow_coresentiment_Data_pipeline/airflow/lib/python3.10/site-packages/airflow/example_dags/example_branch_operator_decorator.py for tasks to queue
[2024-11-22T03:00:49.232+0100] {logging_mixin.py:190} INFO - [2024-11-22T03:00:49.231+0100] {dagbag.py:588} INFO - Filling up the DagBag from /mnt/c/Users/zaina/Documents/Core_Data_Engineering/airflow/airflow_coresentiment_Data_pipeline/airflow/lib/python3.10/site-packages/airflow/example_dags/example_branch_operator_decorator.py
[2024-11-22T03:00:49.315+0100] {processor.py:927} WARNING - No viable dags retrieved from /mnt/c/Users/zaina/Documents/Core_Data_Engineering/airflow/airflow_coresentiment_Data_pipeline/airflow/lib/python3.10/site-packages/airflow/example_dags/example_branch_operator_decorator.py
[2024-11-22T03:00:49.338+0100] {processor.py:208} INFO - Processing /mnt/c/Users/zaina/Documents/Core_Data_Engineering/airflow/airflow_coresentiment_Data_pipeline/airflow/lib/python3.10/site-packages/airflow/example_dags/example_branch_operator_decorator.py took 0.125 seconds
[2024-11-22T03:02:49.057+0100] {processor.py:186} INFO - Started process (PID=11282) to work on /mnt/c/Users/zaina/Documents/Core_Data_Engineering/airflow/airflow_coresentiment_Data_pipeline/airflow/lib/python3.10/site-packages/airflow/example_dags/example_branch_operator_decorator.py
[2024-11-22T03:02:49.060+0100] {processor.py:914} INFO - Processing file /mnt/c/Users/zaina/Documents/Core_Data_Engineering/airflow/airflow_coresentiment_Data_pipeline/airflow/lib/python3.10/site-packages/airflow/example_dags/example_branch_operator_decorator.py for tasks to queue
[2024-11-22T03:02:49.065+0100] {logging_mixin.py:190} INFO - [2024-11-22T03:02:49.064+0100] {dagbag.py:588} INFO - Filling up the DagBag from /mnt/c/Users/zaina/Documents/Core_Data_Engineering/airflow/airflow_coresentiment_Data_pipeline/airflow/lib/python3.10/site-packages/airflow/example_dags/example_branch_operator_decorator.py
[2024-11-22T03:02:49.283+0100] {processor.py:927} WARNING - No viable dags retrieved from /mnt/c/Users/zaina/Documents/Core_Data_Engineering/airflow/airflow_coresentiment_Data_pipeline/airflow/lib/python3.10/site-packages/airflow/example_dags/example_branch_operator_decorator.py
[2024-11-22T03:02:49.312+0100] {processor.py:208} INFO - Processing /mnt/c/Users/zaina/Documents/Core_Data_Engineering/airflow/airflow_coresentiment_Data_pipeline/airflow/lib/python3.10/site-packages/airflow/example_dags/example_branch_operator_decorator.py took 0.274 seconds
[2024-11-22T03:04:58.982+0100] {processor.py:186} INFO - Started process (PID=11370) to work on /mnt/c/Users/zaina/Documents/Core_Data_Engineering/airflow/airflow_coresentiment_Data_pipeline/airflow/lib/python3.10/site-packages/airflow/example_dags/example_branch_operator_decorator.py
[2024-11-22T03:04:58.987+0100] {processor.py:914} INFO - Processing file /mnt/c/Users/zaina/Documents/Core_Data_Engineering/airflow/airflow_coresentiment_Data_pipeline/airflow/lib/python3.10/site-packages/airflow/example_dags/example_branch_operator_decorator.py for tasks to queue
[2024-11-22T03:04:58.998+0100] {logging_mixin.py:190} INFO - [2024-11-22T03:04:58.994+0100] {dagbag.py:588} INFO - Filling up the DagBag from /mnt/c/Users/zaina/Documents/Core_Data_Engineering/airflow/airflow_coresentiment_Data_pipeline/airflow/lib/python3.10/site-packages/airflow/example_dags/example_branch_operator_decorator.py
[2024-11-22T03:04:59.210+0100] {processor.py:927} WARNING - No viable dags retrieved from /mnt/c/Users/zaina/Documents/Core_Data_Engineering/airflow/airflow_coresentiment_Data_pipeline/airflow/lib/python3.10/site-packages/airflow/example_dags/example_branch_operator_decorator.py
[2024-11-22T03:04:59.244+0100] {processor.py:208} INFO - Processing /mnt/c/Users/zaina/Documents/Core_Data_Engineering/airflow/airflow_coresentiment_Data_pipeline/airflow/lib/python3.10/site-packages/airflow/example_dags/example_branch_operator_decorator.py took 0.306 seconds
[2024-11-22T03:13:25.005+0100] {processor.py:186} INFO - Started process (PID=11617) to work on /mnt/c/Users/zaina/Documents/Core_Data_Engineering/airflow/airflow_coresentiment_Data_pipeline/airflow/lib/python3.10/site-packages/airflow/example_dags/example_branch_operator_decorator.py
[2024-11-22T03:13:25.007+0100] {processor.py:914} INFO - Processing file /mnt/c/Users/zaina/Documents/Core_Data_Engineering/airflow/airflow_coresentiment_Data_pipeline/airflow/lib/python3.10/site-packages/airflow/example_dags/example_branch_operator_decorator.py for tasks to queue
[2024-11-22T03:13:25.010+0100] {logging_mixin.py:190} INFO - [2024-11-22T03:13:25.009+0100] {dagbag.py:588} INFO - Filling up the DagBag from /mnt/c/Users/zaina/Documents/Core_Data_Engineering/airflow/airflow_coresentiment_Data_pipeline/airflow/lib/python3.10/site-packages/airflow/example_dags/example_branch_operator_decorator.py
[2024-11-22T03:13:25.060+0100] {processor.py:927} WARNING - No viable dags retrieved from /mnt/c/Users/zaina/Documents/Core_Data_Engineering/airflow/airflow_coresentiment_Data_pipeline/airflow/lib/python3.10/site-packages/airflow/example_dags/example_branch_operator_decorator.py
[2024-11-22T03:13:25.079+0100] {processor.py:208} INFO - Processing /mnt/c/Users/zaina/Documents/Core_Data_Engineering/airflow/airflow_coresentiment_Data_pipeline/airflow/lib/python3.10/site-packages/airflow/example_dags/example_branch_operator_decorator.py took 0.087 seconds
[2024-11-22T03:15:10.666+0100] {processor.py:186} INFO - Started process (PID=11692) to work on /mnt/c/Users/zaina/Documents/Core_Data_Engineering/airflow/airflow_coresentiment_Data_pipeline/airflow/lib/python3.10/site-packages/airflow/example_dags/example_branch_operator_decorator.py
[2024-11-22T03:15:10.699+0100] {processor.py:914} INFO - Processing file /mnt/c/Users/zaina/Documents/Core_Data_Engineering/airflow/airflow_coresentiment_Data_pipeline/airflow/lib/python3.10/site-packages/airflow/example_dags/example_branch_operator_decorator.py for tasks to queue
[2024-11-22T03:15:10.706+0100] {logging_mixin.py:190} INFO - [2024-11-22T03:15:10.704+0100] {dagbag.py:588} INFO - Filling up the DagBag from /mnt/c/Users/zaina/Documents/Core_Data_Engineering/airflow/airflow_coresentiment_Data_pipeline/airflow/lib/python3.10/site-packages/airflow/example_dags/example_branch_operator_decorator.py
[2024-11-22T03:15:10.769+0100] {processor.py:927} WARNING - No viable dags retrieved from /mnt/c/Users/zaina/Documents/Core_Data_Engineering/airflow/airflow_coresentiment_Data_pipeline/airflow/lib/python3.10/site-packages/airflow/example_dags/example_branch_operator_decorator.py
[2024-11-22T03:15:10.789+0100] {processor.py:208} INFO - Processing /mnt/c/Users/zaina/Documents/Core_Data_Engineering/airflow/airflow_coresentiment_Data_pipeline/airflow/lib/python3.10/site-packages/airflow/example_dags/example_branch_operator_decorator.py took 0.139 seconds
[2024-11-22T03:17:16.266+0100] {processor.py:186} INFO - Started process (PID=11821) to work on /mnt/c/Users/zaina/Documents/Core_Data_Engineering/airflow/airflow_coresentiment_Data_pipeline/airflow/lib/python3.10/site-packages/airflow/example_dags/example_branch_operator_decorator.py
[2024-11-22T03:17:16.271+0100] {processor.py:914} INFO - Processing file /mnt/c/Users/zaina/Documents/Core_Data_Engineering/airflow/airflow_coresentiment_Data_pipeline/airflow/lib/python3.10/site-packages/airflow/example_dags/example_branch_operator_decorator.py for tasks to queue
[2024-11-22T03:17:16.275+0100] {logging_mixin.py:190} INFO - [2024-11-22T03:17:16.274+0100] {dagbag.py:588} INFO - Filling up the DagBag from /mnt/c/Users/zaina/Documents/Core_Data_Engineering/airflow/airflow_coresentiment_Data_pipeline/airflow/lib/python3.10/site-packages/airflow/example_dags/example_branch_operator_decorator.py
[2024-11-22T03:17:16.362+0100] {processor.py:927} WARNING - No viable dags retrieved from /mnt/c/Users/zaina/Documents/Core_Data_Engineering/airflow/airflow_coresentiment_Data_pipeline/airflow/lib/python3.10/site-packages/airflow/example_dags/example_branch_operator_decorator.py
[2024-11-22T03:17:16.386+0100] {processor.py:208} INFO - Processing /mnt/c/Users/zaina/Documents/Core_Data_Engineering/airflow/airflow_coresentiment_Data_pipeline/airflow/lib/python3.10/site-packages/airflow/example_dags/example_branch_operator_decorator.py took 0.139 seconds
[2024-11-22T03:19:19.484+0100] {processor.py:186} INFO - Started process (PID=11904) to work on /mnt/c/Users/zaina/Documents/Core_Data_Engineering/airflow/airflow_coresentiment_Data_pipeline/airflow/lib/python3.10/site-packages/airflow/example_dags/example_branch_operator_decorator.py
[2024-11-22T03:19:19.486+0100] {processor.py:914} INFO - Processing file /mnt/c/Users/zaina/Documents/Core_Data_Engineering/airflow/airflow_coresentiment_Data_pipeline/airflow/lib/python3.10/site-packages/airflow/example_dags/example_branch_operator_decorator.py for tasks to queue
[2024-11-22T03:19:19.490+0100] {logging_mixin.py:190} INFO - [2024-11-22T03:19:19.489+0100] {dagbag.py:588} INFO - Filling up the DagBag from /mnt/c/Users/zaina/Documents/Core_Data_Engineering/airflow/airflow_coresentiment_Data_pipeline/airflow/lib/python3.10/site-packages/airflow/example_dags/example_branch_operator_decorator.py
[2024-11-22T03:19:19.531+0100] {processor.py:927} WARNING - No viable dags retrieved from /mnt/c/Users/zaina/Documents/Core_Data_Engineering/airflow/airflow_coresentiment_Data_pipeline/airflow/lib/python3.10/site-packages/airflow/example_dags/example_branch_operator_decorator.py
[2024-11-22T03:19:19.545+0100] {processor.py:208} INFO - Processing /mnt/c/Users/zaina/Documents/Core_Data_Engineering/airflow/airflow_coresentiment_Data_pipeline/airflow/lib/python3.10/site-packages/airflow/example_dags/example_branch_operator_decorator.py took 0.081 seconds
[2024-11-22T03:21:20.465+0100] {processor.py:186} INFO - Started process (PID=11987) to work on /mnt/c/Users/zaina/Documents/Core_Data_Engineering/airflow/airflow_coresentiment_Data_pipeline/airflow/lib/python3.10/site-packages/airflow/example_dags/example_branch_operator_decorator.py
[2024-11-22T03:21:20.469+0100] {processor.py:914} INFO - Processing file /mnt/c/Users/zaina/Documents/Core_Data_Engineering/airflow/airflow_coresentiment_Data_pipeline/airflow/lib/python3.10/site-packages/airflow/example_dags/example_branch_operator_decorator.py for tasks to queue
[2024-11-22T03:21:20.474+0100] {logging_mixin.py:190} INFO - [2024-11-22T03:21:20.472+0100] {dagbag.py:588} INFO - Filling up the DagBag from /mnt/c/Users/zaina/Documents/Core_Data_Engineering/airflow/airflow_coresentiment_Data_pipeline/airflow/lib/python3.10/site-packages/airflow/example_dags/example_branch_operator_decorator.py
[2024-11-22T03:21:20.542+0100] {processor.py:927} WARNING - No viable dags retrieved from /mnt/c/Users/zaina/Documents/Core_Data_Engineering/airflow/airflow_coresentiment_Data_pipeline/airflow/lib/python3.10/site-packages/airflow/example_dags/example_branch_operator_decorator.py
[2024-11-22T03:21:20.566+0100] {processor.py:208} INFO - Processing /mnt/c/Users/zaina/Documents/Core_Data_Engineering/airflow/airflow_coresentiment_Data_pipeline/airflow/lib/python3.10/site-packages/airflow/example_dags/example_branch_operator_decorator.py took 0.120 seconds
[2024-11-22T03:23:16.247+0100] {processor.py:186} INFO - Started process (PID=12068) to work on /mnt/c/Users/zaina/Documents/Core_Data_Engineering/airflow/airflow_coresentiment_Data_pipeline/airflow/lib/python3.10/site-packages/airflow/example_dags/example_branch_operator_decorator.py
[2024-11-22T03:23:16.249+0100] {processor.py:914} INFO - Processing file /mnt/c/Users/zaina/Documents/Core_Data_Engineering/airflow/airflow_coresentiment_Data_pipeline/airflow/lib/python3.10/site-packages/airflow/example_dags/example_branch_operator_decorator.py for tasks to queue
[2024-11-22T03:23:16.270+0100] {logging_mixin.py:190} INFO - [2024-11-22T03:23:16.252+0100] {dagbag.py:588} INFO - Filling up the DagBag from /mnt/c/Users/zaina/Documents/Core_Data_Engineering/airflow/airflow_coresentiment_Data_pipeline/airflow/lib/python3.10/site-packages/airflow/example_dags/example_branch_operator_decorator.py
[2024-11-22T03:23:16.331+0100] {processor.py:927} WARNING - No viable dags retrieved from /mnt/c/Users/zaina/Documents/Core_Data_Engineering/airflow/airflow_coresentiment_Data_pipeline/airflow/lib/python3.10/site-packages/airflow/example_dags/example_branch_operator_decorator.py
[2024-11-22T03:23:16.348+0100] {processor.py:208} INFO - Processing /mnt/c/Users/zaina/Documents/Core_Data_Engineering/airflow/airflow_coresentiment_Data_pipeline/airflow/lib/python3.10/site-packages/airflow/example_dags/example_branch_operator_decorator.py took 0.113 seconds
[2024-11-22T03:25:03.703+0100] {processor.py:186} INFO - Started process (PID=12149) to work on /mnt/c/Users/zaina/Documents/Core_Data_Engineering/airflow/airflow_coresentiment_Data_pipeline/airflow/lib/python3.10/site-packages/airflow/example_dags/example_branch_operator_decorator.py
[2024-11-22T03:25:03.705+0100] {processor.py:914} INFO - Processing file /mnt/c/Users/zaina/Documents/Core_Data_Engineering/airflow/airflow_coresentiment_Data_pipeline/airflow/lib/python3.10/site-packages/airflow/example_dags/example_branch_operator_decorator.py for tasks to queue
[2024-11-22T03:25:03.709+0100] {logging_mixin.py:190} INFO - [2024-11-22T03:25:03.708+0100] {dagbag.py:588} INFO - Filling up the DagBag from /mnt/c/Users/zaina/Documents/Core_Data_Engineering/airflow/airflow_coresentiment_Data_pipeline/airflow/lib/python3.10/site-packages/airflow/example_dags/example_branch_operator_decorator.py
[2024-11-22T03:25:03.748+0100] {processor.py:927} WARNING - No viable dags retrieved from /mnt/c/Users/zaina/Documents/Core_Data_Engineering/airflow/airflow_coresentiment_Data_pipeline/airflow/lib/python3.10/site-packages/airflow/example_dags/example_branch_operator_decorator.py
[2024-11-22T03:25:03.759+0100] {processor.py:208} INFO - Processing /mnt/c/Users/zaina/Documents/Core_Data_Engineering/airflow/airflow_coresentiment_Data_pipeline/airflow/lib/python3.10/site-packages/airflow/example_dags/example_branch_operator_decorator.py took 0.071 seconds
[2024-11-22T03:26:58.818+0100] {processor.py:186} INFO - Started process (PID=12233) to work on /mnt/c/Users/zaina/Documents/Core_Data_Engineering/airflow/airflow_coresentiment_Data_pipeline/airflow/lib/python3.10/site-packages/airflow/example_dags/example_branch_operator_decorator.py
[2024-11-22T03:26:58.822+0100] {processor.py:914} INFO - Processing file /mnt/c/Users/zaina/Documents/Core_Data_Engineering/airflow/airflow_coresentiment_Data_pipeline/airflow/lib/python3.10/site-packages/airflow/example_dags/example_branch_operator_decorator.py for tasks to queue
[2024-11-22T03:26:58.830+0100] {logging_mixin.py:190} INFO - [2024-11-22T03:26:58.826+0100] {dagbag.py:588} INFO - Filling up the DagBag from /mnt/c/Users/zaina/Documents/Core_Data_Engineering/airflow/airflow_coresentiment_Data_pipeline/airflow/lib/python3.10/site-packages/airflow/example_dags/example_branch_operator_decorator.py
[2024-11-22T03:26:58.917+0100] {processor.py:927} WARNING - No viable dags retrieved from /mnt/c/Users/zaina/Documents/Core_Data_Engineering/airflow/airflow_coresentiment_Data_pipeline/airflow/lib/python3.10/site-packages/airflow/example_dags/example_branch_operator_decorator.py
[2024-11-22T03:26:58.942+0100] {processor.py:208} INFO - Processing /mnt/c/Users/zaina/Documents/Core_Data_Engineering/airflow/airflow_coresentiment_Data_pipeline/airflow/lib/python3.10/site-packages/airflow/example_dags/example_branch_operator_decorator.py took 0.154 seconds
[2024-11-22T03:35:47.703+0100] {processor.py:186} INFO - Started process (PID=12441) to work on /mnt/c/Users/zaina/Documents/Core_Data_Engineering/airflow/airflow_coresentiment_Data_pipeline/airflow/lib/python3.10/site-packages/airflow/example_dags/example_branch_operator_decorator.py
[2024-11-22T03:35:47.705+0100] {processor.py:914} INFO - Processing file /mnt/c/Users/zaina/Documents/Core_Data_Engineering/airflow/airflow_coresentiment_Data_pipeline/airflow/lib/python3.10/site-packages/airflow/example_dags/example_branch_operator_decorator.py for tasks to queue
[2024-11-22T03:35:47.708+0100] {logging_mixin.py:190} INFO - [2024-11-22T03:35:47.707+0100] {dagbag.py:588} INFO - Filling up the DagBag from /mnt/c/Users/zaina/Documents/Core_Data_Engineering/airflow/airflow_coresentiment_Data_pipeline/airflow/lib/python3.10/site-packages/airflow/example_dags/example_branch_operator_decorator.py
[2024-11-22T03:35:47.760+0100] {processor.py:927} WARNING - No viable dags retrieved from /mnt/c/Users/zaina/Documents/Core_Data_Engineering/airflow/airflow_coresentiment_Data_pipeline/airflow/lib/python3.10/site-packages/airflow/example_dags/example_branch_operator_decorator.py
[2024-11-22T03:35:47.779+0100] {processor.py:208} INFO - Processing /mnt/c/Users/zaina/Documents/Core_Data_Engineering/airflow/airflow_coresentiment_Data_pipeline/airflow/lib/python3.10/site-packages/airflow/example_dags/example_branch_operator_decorator.py took 0.090 seconds
[2024-11-22T03:37:52.409+0100] {processor.py:186} INFO - Started process (PID=12522) to work on /mnt/c/Users/zaina/Documents/Core_Data_Engineering/airflow/airflow_coresentiment_Data_pipeline/airflow/lib/python3.10/site-packages/airflow/example_dags/example_branch_operator_decorator.py
[2024-11-22T03:37:52.414+0100] {processor.py:914} INFO - Processing file /mnt/c/Users/zaina/Documents/Core_Data_Engineering/airflow/airflow_coresentiment_Data_pipeline/airflow/lib/python3.10/site-packages/airflow/example_dags/example_branch_operator_decorator.py for tasks to queue
[2024-11-22T03:37:52.420+0100] {logging_mixin.py:190} INFO - [2024-11-22T03:37:52.418+0100] {dagbag.py:588} INFO - Filling up the DagBag from /mnt/c/Users/zaina/Documents/Core_Data_Engineering/airflow/airflow_coresentiment_Data_pipeline/airflow/lib/python3.10/site-packages/airflow/example_dags/example_branch_operator_decorator.py
[2024-11-22T03:37:52.544+0100] {processor.py:927} WARNING - No viable dags retrieved from /mnt/c/Users/zaina/Documents/Core_Data_Engineering/airflow/airflow_coresentiment_Data_pipeline/airflow/lib/python3.10/site-packages/airflow/example_dags/example_branch_operator_decorator.py
[2024-11-22T03:37:52.570+0100] {processor.py:208} INFO - Processing /mnt/c/Users/zaina/Documents/Core_Data_Engineering/airflow/airflow_coresentiment_Data_pipeline/airflow/lib/python3.10/site-packages/airflow/example_dags/example_branch_operator_decorator.py took 0.179 seconds
[2024-11-22T03:39:45.453+0100] {processor.py:186} INFO - Started process (PID=12607) to work on /mnt/c/Users/zaina/Documents/Core_Data_Engineering/airflow/airflow_coresentiment_Data_pipeline/airflow/lib/python3.10/site-packages/airflow/example_dags/example_branch_operator_decorator.py
[2024-11-22T03:39:45.456+0100] {processor.py:914} INFO - Processing file /mnt/c/Users/zaina/Documents/Core_Data_Engineering/airflow/airflow_coresentiment_Data_pipeline/airflow/lib/python3.10/site-packages/airflow/example_dags/example_branch_operator_decorator.py for tasks to queue
[2024-11-22T03:39:45.459+0100] {logging_mixin.py:190} INFO - [2024-11-22T03:39:45.458+0100] {dagbag.py:588} INFO - Filling up the DagBag from /mnt/c/Users/zaina/Documents/Core_Data_Engineering/airflow/airflow_coresentiment_Data_pipeline/airflow/lib/python3.10/site-packages/airflow/example_dags/example_branch_operator_decorator.py
[2024-11-22T03:39:45.510+0100] {processor.py:927} WARNING - No viable dags retrieved from /mnt/c/Users/zaina/Documents/Core_Data_Engineering/airflow/airflow_coresentiment_Data_pipeline/airflow/lib/python3.10/site-packages/airflow/example_dags/example_branch_operator_decorator.py
[2024-11-22T03:39:45.528+0100] {processor.py:208} INFO - Processing /mnt/c/Users/zaina/Documents/Core_Data_Engineering/airflow/airflow_coresentiment_Data_pipeline/airflow/lib/python3.10/site-packages/airflow/example_dags/example_branch_operator_decorator.py took 0.087 seconds
[2024-11-22T03:41:40.674+0100] {processor.py:186} INFO - Started process (PID=12707) to work on /mnt/c/Users/zaina/Documents/Core_Data_Engineering/airflow/airflow_coresentiment_Data_pipeline/airflow/lib/python3.10/site-packages/airflow/example_dags/example_branch_operator_decorator.py
[2024-11-22T03:41:40.677+0100] {processor.py:914} INFO - Processing file /mnt/c/Users/zaina/Documents/Core_Data_Engineering/airflow/airflow_coresentiment_Data_pipeline/airflow/lib/python3.10/site-packages/airflow/example_dags/example_branch_operator_decorator.py for tasks to queue
[2024-11-22T03:41:40.680+0100] {logging_mixin.py:190} INFO - [2024-11-22T03:41:40.679+0100] {dagbag.py:588} INFO - Filling up the DagBag from /mnt/c/Users/zaina/Documents/Core_Data_Engineering/airflow/airflow_coresentiment_Data_pipeline/airflow/lib/python3.10/site-packages/airflow/example_dags/example_branch_operator_decorator.py
[2024-11-22T03:41:40.749+0100] {processor.py:927} WARNING - No viable dags retrieved from /mnt/c/Users/zaina/Documents/Core_Data_Engineering/airflow/airflow_coresentiment_Data_pipeline/airflow/lib/python3.10/site-packages/airflow/example_dags/example_branch_operator_decorator.py
[2024-11-22T03:41:40.814+0100] {processor.py:208} INFO - Processing /mnt/c/Users/zaina/Documents/Core_Data_Engineering/airflow/airflow_coresentiment_Data_pipeline/airflow/lib/python3.10/site-packages/airflow/example_dags/example_branch_operator_decorator.py took 0.154 seconds
[2024-11-22T03:48:33.288+0100] {processor.py:186} INFO - Started process (PID=12956) to work on /mnt/c/Users/zaina/Documents/Core_Data_Engineering/airflow/airflow_coresentiment_Data_pipeline/airflow/lib/python3.10/site-packages/airflow/example_dags/example_branch_operator_decorator.py
[2024-11-22T03:48:33.290+0100] {processor.py:914} INFO - Processing file /mnt/c/Users/zaina/Documents/Core_Data_Engineering/airflow/airflow_coresentiment_Data_pipeline/airflow/lib/python3.10/site-packages/airflow/example_dags/example_branch_operator_decorator.py for tasks to queue
[2024-11-22T03:48:33.293+0100] {logging_mixin.py:190} INFO - [2024-11-22T03:48:33.292+0100] {dagbag.py:588} INFO - Filling up the DagBag from /mnt/c/Users/zaina/Documents/Core_Data_Engineering/airflow/airflow_coresentiment_Data_pipeline/airflow/lib/python3.10/site-packages/airflow/example_dags/example_branch_operator_decorator.py
[2024-11-22T03:48:33.357+0100] {processor.py:927} WARNING - No viable dags retrieved from /mnt/c/Users/zaina/Documents/Core_Data_Engineering/airflow/airflow_coresentiment_Data_pipeline/airflow/lib/python3.10/site-packages/airflow/example_dags/example_branch_operator_decorator.py
[2024-11-22T03:48:33.377+0100] {processor.py:208} INFO - Processing /mnt/c/Users/zaina/Documents/Core_Data_Engineering/airflow/airflow_coresentiment_Data_pipeline/airflow/lib/python3.10/site-packages/airflow/example_dags/example_branch_operator_decorator.py took 0.104 seconds
[2024-11-22T03:50:36.788+0100] {processor.py:186} INFO - Started process (PID=13101) to work on /mnt/c/Users/zaina/Documents/Core_Data_Engineering/airflow/airflow_coresentiment_Data_pipeline/airflow/lib/python3.10/site-packages/airflow/example_dags/example_branch_operator_decorator.py
[2024-11-22T03:50:36.791+0100] {processor.py:914} INFO - Processing file /mnt/c/Users/zaina/Documents/Core_Data_Engineering/airflow/airflow_coresentiment_Data_pipeline/airflow/lib/python3.10/site-packages/airflow/example_dags/example_branch_operator_decorator.py for tasks to queue
[2024-11-22T03:50:36.796+0100] {logging_mixin.py:190} INFO - [2024-11-22T03:50:36.794+0100] {dagbag.py:588} INFO - Filling up the DagBag from /mnt/c/Users/zaina/Documents/Core_Data_Engineering/airflow/airflow_coresentiment_Data_pipeline/airflow/lib/python3.10/site-packages/airflow/example_dags/example_branch_operator_decorator.py
[2024-11-22T03:50:36.868+0100] {processor.py:927} WARNING - No viable dags retrieved from /mnt/c/Users/zaina/Documents/Core_Data_Engineering/airflow/airflow_coresentiment_Data_pipeline/airflow/lib/python3.10/site-packages/airflow/example_dags/example_branch_operator_decorator.py
[2024-11-22T03:50:36.886+0100] {processor.py:208} INFO - Processing /mnt/c/Users/zaina/Documents/Core_Data_Engineering/airflow/airflow_coresentiment_Data_pipeline/airflow/lib/python3.10/site-packages/airflow/example_dags/example_branch_operator_decorator.py took 0.113 seconds
[2024-11-22T03:52:44.761+0100] {processor.py:186} INFO - Started process (PID=13191) to work on /mnt/c/Users/zaina/Documents/Core_Data_Engineering/airflow/airflow_coresentiment_Data_pipeline/airflow/lib/python3.10/site-packages/airflow/example_dags/example_branch_operator_decorator.py
[2024-11-22T03:52:44.765+0100] {processor.py:914} INFO - Processing file /mnt/c/Users/zaina/Documents/Core_Data_Engineering/airflow/airflow_coresentiment_Data_pipeline/airflow/lib/python3.10/site-packages/airflow/example_dags/example_branch_operator_decorator.py for tasks to queue
[2024-11-22T03:52:44.771+0100] {logging_mixin.py:190} INFO - [2024-11-22T03:52:44.769+0100] {dagbag.py:588} INFO - Filling up the DagBag from /mnt/c/Users/zaina/Documents/Core_Data_Engineering/airflow/airflow_coresentiment_Data_pipeline/airflow/lib/python3.10/site-packages/airflow/example_dags/example_branch_operator_decorator.py
[2024-11-22T03:52:44.884+0100] {processor.py:927} WARNING - No viable dags retrieved from /mnt/c/Users/zaina/Documents/Core_Data_Engineering/airflow/airflow_coresentiment_Data_pipeline/airflow/lib/python3.10/site-packages/airflow/example_dags/example_branch_operator_decorator.py
[2024-11-22T03:52:44.914+0100] {processor.py:208} INFO - Processing /mnt/c/Users/zaina/Documents/Core_Data_Engineering/airflow/airflow_coresentiment_Data_pipeline/airflow/lib/python3.10/site-packages/airflow/example_dags/example_branch_operator_decorator.py took 0.175 seconds
[2024-11-22T03:54:37.170+0100] {processor.py:186} INFO - Started process (PID=13314) to work on /mnt/c/Users/zaina/Documents/Core_Data_Engineering/airflow/airflow_coresentiment_Data_pipeline/airflow/lib/python3.10/site-packages/airflow/example_dags/example_branch_operator_decorator.py
[2024-11-22T03:54:37.173+0100] {processor.py:914} INFO - Processing file /mnt/c/Users/zaina/Documents/Core_Data_Engineering/airflow/airflow_coresentiment_Data_pipeline/airflow/lib/python3.10/site-packages/airflow/example_dags/example_branch_operator_decorator.py for tasks to queue
[2024-11-22T03:54:37.177+0100] {logging_mixin.py:190} INFO - [2024-11-22T03:54:37.176+0100] {dagbag.py:588} INFO - Filling up the DagBag from /mnt/c/Users/zaina/Documents/Core_Data_Engineering/airflow/airflow_coresentiment_Data_pipeline/airflow/lib/python3.10/site-packages/airflow/example_dags/example_branch_operator_decorator.py
[2024-11-22T03:54:37.227+0100] {processor.py:927} WARNING - No viable dags retrieved from /mnt/c/Users/zaina/Documents/Core_Data_Engineering/airflow/airflow_coresentiment_Data_pipeline/airflow/lib/python3.10/site-packages/airflow/example_dags/example_branch_operator_decorator.py
[2024-11-22T03:54:37.247+0100] {processor.py:208} INFO - Processing /mnt/c/Users/zaina/Documents/Core_Data_Engineering/airflow/airflow_coresentiment_Data_pipeline/airflow/lib/python3.10/site-packages/airflow/example_dags/example_branch_operator_decorator.py took 0.093 seconds
[2024-11-22T04:10:30.658+0100] {processor.py:186} INFO - Started process (PID=13616) to work on /mnt/c/Users/zaina/Documents/Core_Data_Engineering/airflow/airflow_coresentiment_Data_pipeline/airflow/lib/python3.10/site-packages/airflow/example_dags/example_branch_operator_decorator.py
[2024-11-22T04:10:30.662+0100] {processor.py:914} INFO - Processing file /mnt/c/Users/zaina/Documents/Core_Data_Engineering/airflow/airflow_coresentiment_Data_pipeline/airflow/lib/python3.10/site-packages/airflow/example_dags/example_branch_operator_decorator.py for tasks to queue
[2024-11-22T04:10:30.667+0100] {logging_mixin.py:190} INFO - [2024-11-22T04:10:30.666+0100] {dagbag.py:588} INFO - Filling up the DagBag from /mnt/c/Users/zaina/Documents/Core_Data_Engineering/airflow/airflow_coresentiment_Data_pipeline/airflow/lib/python3.10/site-packages/airflow/example_dags/example_branch_operator_decorator.py
[2024-11-22T04:10:30.737+0100] {processor.py:927} WARNING - No viable dags retrieved from /mnt/c/Users/zaina/Documents/Core_Data_Engineering/airflow/airflow_coresentiment_Data_pipeline/airflow/lib/python3.10/site-packages/airflow/example_dags/example_branch_operator_decorator.py
[2024-11-22T04:10:30.761+0100] {processor.py:208} INFO - Processing /mnt/c/Users/zaina/Documents/Core_Data_Engineering/airflow/airflow_coresentiment_Data_pipeline/airflow/lib/python3.10/site-packages/airflow/example_dags/example_branch_operator_decorator.py took 0.122 seconds
[2024-11-22T04:30:03.219+0100] {processor.py:186} INFO - Started process (PID=14098) to work on /mnt/c/Users/zaina/Documents/Core_Data_Engineering/airflow/airflow_coresentiment_Data_pipeline/airflow/lib/python3.10/site-packages/airflow/example_dags/example_branch_operator_decorator.py
[2024-11-22T04:30:03.224+0100] {processor.py:914} INFO - Processing file /mnt/c/Users/zaina/Documents/Core_Data_Engineering/airflow/airflow_coresentiment_Data_pipeline/airflow/lib/python3.10/site-packages/airflow/example_dags/example_branch_operator_decorator.py for tasks to queue
[2024-11-22T04:30:03.234+0100] {logging_mixin.py:190} INFO - [2024-11-22T04:30:03.232+0100] {dagbag.py:588} INFO - Filling up the DagBag from /mnt/c/Users/zaina/Documents/Core_Data_Engineering/airflow/airflow_coresentiment_Data_pipeline/airflow/lib/python3.10/site-packages/airflow/example_dags/example_branch_operator_decorator.py
[2024-11-22T04:30:03.373+0100] {processor.py:927} WARNING - No viable dags retrieved from /mnt/c/Users/zaina/Documents/Core_Data_Engineering/airflow/airflow_coresentiment_Data_pipeline/airflow/lib/python3.10/site-packages/airflow/example_dags/example_branch_operator_decorator.py
[2024-11-22T04:30:03.408+0100] {processor.py:208} INFO - Processing /mnt/c/Users/zaina/Documents/Core_Data_Engineering/airflow/airflow_coresentiment_Data_pipeline/airflow/lib/python3.10/site-packages/airflow/example_dags/example_branch_operator_decorator.py took 0.223 seconds
[2024-11-22T04:32:31.346+0100] {processor.py:186} INFO - Started process (PID=14191) to work on /mnt/c/Users/zaina/Documents/Core_Data_Engineering/airflow/airflow_coresentiment_Data_pipeline/airflow/lib/python3.10/site-packages/airflow/example_dags/example_branch_operator_decorator.py
[2024-11-22T04:32:31.348+0100] {processor.py:914} INFO - Processing file /mnt/c/Users/zaina/Documents/Core_Data_Engineering/airflow/airflow_coresentiment_Data_pipeline/airflow/lib/python3.10/site-packages/airflow/example_dags/example_branch_operator_decorator.py for tasks to queue
[2024-11-22T04:32:31.353+0100] {logging_mixin.py:190} INFO - [2024-11-22T04:32:31.352+0100] {dagbag.py:588} INFO - Filling up the DagBag from /mnt/c/Users/zaina/Documents/Core_Data_Engineering/airflow/airflow_coresentiment_Data_pipeline/airflow/lib/python3.10/site-packages/airflow/example_dags/example_branch_operator_decorator.py
[2024-11-22T04:32:31.399+0100] {processor.py:927} WARNING - No viable dags retrieved from /mnt/c/Users/zaina/Documents/Core_Data_Engineering/airflow/airflow_coresentiment_Data_pipeline/airflow/lib/python3.10/site-packages/airflow/example_dags/example_branch_operator_decorator.py
[2024-11-22T04:32:31.423+0100] {processor.py:208} INFO - Processing /mnt/c/Users/zaina/Documents/Core_Data_Engineering/airflow/airflow_coresentiment_Data_pipeline/airflow/lib/python3.10/site-packages/airflow/example_dags/example_branch_operator_decorator.py took 0.117 seconds
[2024-11-22T04:34:40.095+0100] {processor.py:186} INFO - Started process (PID=14277) to work on /mnt/c/Users/zaina/Documents/Core_Data_Engineering/airflow/airflow_coresentiment_Data_pipeline/airflow/lib/python3.10/site-packages/airflow/example_dags/example_branch_operator_decorator.py
[2024-11-22T04:34:40.097+0100] {processor.py:914} INFO - Processing file /mnt/c/Users/zaina/Documents/Core_Data_Engineering/airflow/airflow_coresentiment_Data_pipeline/airflow/lib/python3.10/site-packages/airflow/example_dags/example_branch_operator_decorator.py for tasks to queue
[2024-11-22T04:34:40.101+0100] {logging_mixin.py:190} INFO - [2024-11-22T04:34:40.100+0100] {dagbag.py:588} INFO - Filling up the DagBag from /mnt/c/Users/zaina/Documents/Core_Data_Engineering/airflow/airflow_coresentiment_Data_pipeline/airflow/lib/python3.10/site-packages/airflow/example_dags/example_branch_operator_decorator.py
[2024-11-22T04:34:40.152+0100] {processor.py:927} WARNING - No viable dags retrieved from /mnt/c/Users/zaina/Documents/Core_Data_Engineering/airflow/airflow_coresentiment_Data_pipeline/airflow/lib/python3.10/site-packages/airflow/example_dags/example_branch_operator_decorator.py
[2024-11-22T04:34:40.172+0100] {processor.py:208} INFO - Processing /mnt/c/Users/zaina/Documents/Core_Data_Engineering/airflow/airflow_coresentiment_Data_pipeline/airflow/lib/python3.10/site-packages/airflow/example_dags/example_branch_operator_decorator.py took 0.099 seconds
[2024-11-22T04:37:08.971+0100] {processor.py:186} INFO - Started process (PID=14379) to work on /mnt/c/Users/zaina/Documents/Core_Data_Engineering/airflow/airflow_coresentiment_Data_pipeline/airflow/lib/python3.10/site-packages/airflow/example_dags/example_branch_operator_decorator.py
[2024-11-22T04:37:08.974+0100] {processor.py:914} INFO - Processing file /mnt/c/Users/zaina/Documents/Core_Data_Engineering/airflow/airflow_coresentiment_Data_pipeline/airflow/lib/python3.10/site-packages/airflow/example_dags/example_branch_operator_decorator.py for tasks to queue
[2024-11-22T04:37:08.979+0100] {logging_mixin.py:190} INFO - [2024-11-22T04:37:08.978+0100] {dagbag.py:588} INFO - Filling up the DagBag from /mnt/c/Users/zaina/Documents/Core_Data_Engineering/airflow/airflow_coresentiment_Data_pipeline/airflow/lib/python3.10/site-packages/airflow/example_dags/example_branch_operator_decorator.py
[2024-11-22T04:37:09.069+0100] {processor.py:927} WARNING - No viable dags retrieved from /mnt/c/Users/zaina/Documents/Core_Data_Engineering/airflow/airflow_coresentiment_Data_pipeline/airflow/lib/python3.10/site-packages/airflow/example_dags/example_branch_operator_decorator.py
[2024-11-22T04:37:09.092+0100] {processor.py:208} INFO - Processing /mnt/c/Users/zaina/Documents/Core_Data_Engineering/airflow/airflow_coresentiment_Data_pipeline/airflow/lib/python3.10/site-packages/airflow/example_dags/example_branch_operator_decorator.py took 0.184 seconds
[2024-11-22T04:39:39.267+0100] {processor.py:186} INFO - Started process (PID=14482) to work on /mnt/c/Users/zaina/Documents/Core_Data_Engineering/airflow/airflow_coresentiment_Data_pipeline/airflow/lib/python3.10/site-packages/airflow/example_dags/example_branch_operator_decorator.py
[2024-11-22T04:39:39.270+0100] {processor.py:914} INFO - Processing file /mnt/c/Users/zaina/Documents/Core_Data_Engineering/airflow/airflow_coresentiment_Data_pipeline/airflow/lib/python3.10/site-packages/airflow/example_dags/example_branch_operator_decorator.py for tasks to queue
[2024-11-22T04:39:39.273+0100] {logging_mixin.py:190} INFO - [2024-11-22T04:39:39.272+0100] {dagbag.py:588} INFO - Filling up the DagBag from /mnt/c/Users/zaina/Documents/Core_Data_Engineering/airflow/airflow_coresentiment_Data_pipeline/airflow/lib/python3.10/site-packages/airflow/example_dags/example_branch_operator_decorator.py
[2024-11-22T04:39:39.349+0100] {processor.py:927} WARNING - No viable dags retrieved from /mnt/c/Users/zaina/Documents/Core_Data_Engineering/airflow/airflow_coresentiment_Data_pipeline/airflow/lib/python3.10/site-packages/airflow/example_dags/example_branch_operator_decorator.py
[2024-11-22T04:39:39.373+0100] {processor.py:208} INFO - Processing /mnt/c/Users/zaina/Documents/Core_Data_Engineering/airflow/airflow_coresentiment_Data_pipeline/airflow/lib/python3.10/site-packages/airflow/example_dags/example_branch_operator_decorator.py took 0.118 seconds
[2024-11-22T04:45:36.838+0100] {processor.py:186} INFO - Started process (PID=14649) to work on /mnt/c/Users/zaina/Documents/Core_Data_Engineering/airflow/airflow_coresentiment_Data_pipeline/airflow/lib/python3.10/site-packages/airflow/example_dags/example_branch_operator_decorator.py
[2024-11-22T04:45:36.840+0100] {processor.py:914} INFO - Processing file /mnt/c/Users/zaina/Documents/Core_Data_Engineering/airflow/airflow_coresentiment_Data_pipeline/airflow/lib/python3.10/site-packages/airflow/example_dags/example_branch_operator_decorator.py for tasks to queue
[2024-11-22T04:45:36.844+0100] {logging_mixin.py:190} INFO - [2024-11-22T04:45:36.843+0100] {dagbag.py:588} INFO - Filling up the DagBag from /mnt/c/Users/zaina/Documents/Core_Data_Engineering/airflow/airflow_coresentiment_Data_pipeline/airflow/lib/python3.10/site-packages/airflow/example_dags/example_branch_operator_decorator.py
[2024-11-22T04:45:36.887+0100] {processor.py:927} WARNING - No viable dags retrieved from /mnt/c/Users/zaina/Documents/Core_Data_Engineering/airflow/airflow_coresentiment_Data_pipeline/airflow/lib/python3.10/site-packages/airflow/example_dags/example_branch_operator_decorator.py
[2024-11-22T04:45:36.903+0100] {processor.py:208} INFO - Processing /mnt/c/Users/zaina/Documents/Core_Data_Engineering/airflow/airflow_coresentiment_Data_pipeline/airflow/lib/python3.10/site-packages/airflow/example_dags/example_branch_operator_decorator.py took 0.076 seconds
[2024-11-22T04:49:21.247+0100] {processor.py:186} INFO - Started process (PID=14754) to work on /mnt/c/Users/zaina/Documents/Core_Data_Engineering/airflow/airflow_coresentiment_Data_pipeline/airflow/lib/python3.10/site-packages/airflow/example_dags/example_branch_operator_decorator.py
[2024-11-22T04:49:21.250+0100] {processor.py:914} INFO - Processing file /mnt/c/Users/zaina/Documents/Core_Data_Engineering/airflow/airflow_coresentiment_Data_pipeline/airflow/lib/python3.10/site-packages/airflow/example_dags/example_branch_operator_decorator.py for tasks to queue
[2024-11-22T04:49:21.257+0100] {logging_mixin.py:190} INFO - [2024-11-22T04:49:21.255+0100] {dagbag.py:588} INFO - Filling up the DagBag from /mnt/c/Users/zaina/Documents/Core_Data_Engineering/airflow/airflow_coresentiment_Data_pipeline/airflow/lib/python3.10/site-packages/airflow/example_dags/example_branch_operator_decorator.py
[2024-11-22T04:49:21.373+0100] {processor.py:927} WARNING - No viable dags retrieved from /mnt/c/Users/zaina/Documents/Core_Data_Engineering/airflow/airflow_coresentiment_Data_pipeline/airflow/lib/python3.10/site-packages/airflow/example_dags/example_branch_operator_decorator.py
[2024-11-22T04:49:21.421+0100] {processor.py:208} INFO - Processing /mnt/c/Users/zaina/Documents/Core_Data_Engineering/airflow/airflow_coresentiment_Data_pipeline/airflow/lib/python3.10/site-packages/airflow/example_dags/example_branch_operator_decorator.py took 0.201 seconds
[2024-11-22T04:51:50.244+0100] {processor.py:186} INFO - Started process (PID=14846) to work on /mnt/c/Users/zaina/Documents/Core_Data_Engineering/airflow/airflow_coresentiment_Data_pipeline/airflow/lib/python3.10/site-packages/airflow/example_dags/example_branch_operator_decorator.py
[2024-11-22T04:51:50.246+0100] {processor.py:914} INFO - Processing file /mnt/c/Users/zaina/Documents/Core_Data_Engineering/airflow/airflow_coresentiment_Data_pipeline/airflow/lib/python3.10/site-packages/airflow/example_dags/example_branch_operator_decorator.py for tasks to queue
[2024-11-22T04:51:50.249+0100] {logging_mixin.py:190} INFO - [2024-11-22T04:51:50.248+0100] {dagbag.py:588} INFO - Filling up the DagBag from /mnt/c/Users/zaina/Documents/Core_Data_Engineering/airflow/airflow_coresentiment_Data_pipeline/airflow/lib/python3.10/site-packages/airflow/example_dags/example_branch_operator_decorator.py
[2024-11-22T04:51:50.285+0100] {processor.py:927} WARNING - No viable dags retrieved from /mnt/c/Users/zaina/Documents/Core_Data_Engineering/airflow/airflow_coresentiment_Data_pipeline/airflow/lib/python3.10/site-packages/airflow/example_dags/example_branch_operator_decorator.py
[2024-11-22T04:51:50.301+0100] {processor.py:208} INFO - Processing /mnt/c/Users/zaina/Documents/Core_Data_Engineering/airflow/airflow_coresentiment_Data_pipeline/airflow/lib/python3.10/site-packages/airflow/example_dags/example_branch_operator_decorator.py took 0.067 seconds
[2024-11-22T04:54:15.970+0100] {processor.py:186} INFO - Started process (PID=14936) to work on /mnt/c/Users/zaina/Documents/Core_Data_Engineering/airflow/airflow_coresentiment_Data_pipeline/airflow/lib/python3.10/site-packages/airflow/example_dags/example_branch_operator_decorator.py
[2024-11-22T04:54:15.973+0100] {processor.py:914} INFO - Processing file /mnt/c/Users/zaina/Documents/Core_Data_Engineering/airflow/airflow_coresentiment_Data_pipeline/airflow/lib/python3.10/site-packages/airflow/example_dags/example_branch_operator_decorator.py for tasks to queue
[2024-11-22T04:54:15.978+0100] {logging_mixin.py:190} INFO - [2024-11-22T04:54:15.977+0100] {dagbag.py:588} INFO - Filling up the DagBag from /mnt/c/Users/zaina/Documents/Core_Data_Engineering/airflow/airflow_coresentiment_Data_pipeline/airflow/lib/python3.10/site-packages/airflow/example_dags/example_branch_operator_decorator.py
[2024-11-22T04:54:16.097+0100] {processor.py:927} WARNING - No viable dags retrieved from /mnt/c/Users/zaina/Documents/Core_Data_Engineering/airflow/airflow_coresentiment_Data_pipeline/airflow/lib/python3.10/site-packages/airflow/example_dags/example_branch_operator_decorator.py
[2024-11-22T04:54:16.130+0100] {processor.py:208} INFO - Processing /mnt/c/Users/zaina/Documents/Core_Data_Engineering/airflow/airflow_coresentiment_Data_pipeline/airflow/lib/python3.10/site-packages/airflow/example_dags/example_branch_operator_decorator.py took 0.177 seconds
[2024-11-22T04:56:52.207+0100] {processor.py:186} INFO - Started process (PID=15048) to work on /mnt/c/Users/zaina/Documents/Core_Data_Engineering/airflow/airflow_coresentiment_Data_pipeline/airflow/lib/python3.10/site-packages/airflow/example_dags/example_branch_operator_decorator.py
[2024-11-22T04:56:52.211+0100] {processor.py:914} INFO - Processing file /mnt/c/Users/zaina/Documents/Core_Data_Engineering/airflow/airflow_coresentiment_Data_pipeline/airflow/lib/python3.10/site-packages/airflow/example_dags/example_branch_operator_decorator.py for tasks to queue
[2024-11-22T04:56:52.218+0100] {logging_mixin.py:190} INFO - [2024-11-22T04:56:52.216+0100] {dagbag.py:588} INFO - Filling up the DagBag from /mnt/c/Users/zaina/Documents/Core_Data_Engineering/airflow/airflow_coresentiment_Data_pipeline/airflow/lib/python3.10/site-packages/airflow/example_dags/example_branch_operator_decorator.py
[2024-11-22T04:56:52.345+0100] {processor.py:927} WARNING - No viable dags retrieved from /mnt/c/Users/zaina/Documents/Core_Data_Engineering/airflow/airflow_coresentiment_Data_pipeline/airflow/lib/python3.10/site-packages/airflow/example_dags/example_branch_operator_decorator.py
[2024-11-22T04:56:52.387+0100] {processor.py:208} INFO - Processing /mnt/c/Users/zaina/Documents/Core_Data_Engineering/airflow/airflow_coresentiment_Data_pipeline/airflow/lib/python3.10/site-packages/airflow/example_dags/example_branch_operator_decorator.py took 0.259 seconds
[2024-11-22T05:01:05.502+0100] {processor.py:186} INFO - Started process (PID=15155) to work on /mnt/c/Users/zaina/Documents/Core_Data_Engineering/airflow/airflow_coresentiment_Data_pipeline/airflow/lib/python3.10/site-packages/airflow/example_dags/example_branch_operator_decorator.py
[2024-11-22T05:01:05.505+0100] {processor.py:914} INFO - Processing file /mnt/c/Users/zaina/Documents/Core_Data_Engineering/airflow/airflow_coresentiment_Data_pipeline/airflow/lib/python3.10/site-packages/airflow/example_dags/example_branch_operator_decorator.py for tasks to queue
[2024-11-22T05:01:05.510+0100] {logging_mixin.py:190} INFO - [2024-11-22T05:01:05.508+0100] {dagbag.py:588} INFO - Filling up the DagBag from /mnt/c/Users/zaina/Documents/Core_Data_Engineering/airflow/airflow_coresentiment_Data_pipeline/airflow/lib/python3.10/site-packages/airflow/example_dags/example_branch_operator_decorator.py
[2024-11-22T05:01:05.575+0100] {processor.py:927} WARNING - No viable dags retrieved from /mnt/c/Users/zaina/Documents/Core_Data_Engineering/airflow/airflow_coresentiment_Data_pipeline/airflow/lib/python3.10/site-packages/airflow/example_dags/example_branch_operator_decorator.py
[2024-11-22T05:01:05.600+0100] {processor.py:208} INFO - Processing /mnt/c/Users/zaina/Documents/Core_Data_Engineering/airflow/airflow_coresentiment_Data_pipeline/airflow/lib/python3.10/site-packages/airflow/example_dags/example_branch_operator_decorator.py took 0.116 seconds
[2024-11-22T05:04:06.818+0100] {processor.py:186} INFO - Started process (PID=15255) to work on /mnt/c/Users/zaina/Documents/Core_Data_Engineering/airflow/airflow_coresentiment_Data_pipeline/airflow/lib/python3.10/site-packages/airflow/example_dags/example_branch_operator_decorator.py
[2024-11-22T05:04:06.821+0100] {processor.py:914} INFO - Processing file /mnt/c/Users/zaina/Documents/Core_Data_Engineering/airflow/airflow_coresentiment_Data_pipeline/airflow/lib/python3.10/site-packages/airflow/example_dags/example_branch_operator_decorator.py for tasks to queue
[2024-11-22T05:04:06.825+0100] {logging_mixin.py:190} INFO - [2024-11-22T05:04:06.824+0100] {dagbag.py:588} INFO - Filling up the DagBag from /mnt/c/Users/zaina/Documents/Core_Data_Engineering/airflow/airflow_coresentiment_Data_pipeline/airflow/lib/python3.10/site-packages/airflow/example_dags/example_branch_operator_decorator.py
[2024-11-22T05:04:06.865+0100] {processor.py:927} WARNING - No viable dags retrieved from /mnt/c/Users/zaina/Documents/Core_Data_Engineering/airflow/airflow_coresentiment_Data_pipeline/airflow/lib/python3.10/site-packages/airflow/example_dags/example_branch_operator_decorator.py
[2024-11-22T05:04:06.885+0100] {processor.py:208} INFO - Processing /mnt/c/Users/zaina/Documents/Core_Data_Engineering/airflow/airflow_coresentiment_Data_pipeline/airflow/lib/python3.10/site-packages/airflow/example_dags/example_branch_operator_decorator.py took 0.078 seconds
[2024-11-22T05:06:18.418+0100] {processor.py:186} INFO - Started process (PID=15344) to work on /mnt/c/Users/zaina/Documents/Core_Data_Engineering/airflow/airflow_coresentiment_Data_pipeline/airflow/lib/python3.10/site-packages/airflow/example_dags/example_branch_operator_decorator.py
[2024-11-22T05:06:18.422+0100] {processor.py:914} INFO - Processing file /mnt/c/Users/zaina/Documents/Core_Data_Engineering/airflow/airflow_coresentiment_Data_pipeline/airflow/lib/python3.10/site-packages/airflow/example_dags/example_branch_operator_decorator.py for tasks to queue
[2024-11-22T05:06:18.430+0100] {logging_mixin.py:190} INFO - [2024-11-22T05:06:18.429+0100] {dagbag.py:588} INFO - Filling up the DagBag from /mnt/c/Users/zaina/Documents/Core_Data_Engineering/airflow/airflow_coresentiment_Data_pipeline/airflow/lib/python3.10/site-packages/airflow/example_dags/example_branch_operator_decorator.py
[2024-11-22T05:06:18.573+0100] {processor.py:927} WARNING - No viable dags retrieved from /mnt/c/Users/zaina/Documents/Core_Data_Engineering/airflow/airflow_coresentiment_Data_pipeline/airflow/lib/python3.10/site-packages/airflow/example_dags/example_branch_operator_decorator.py
[2024-11-22T05:06:18.616+0100] {processor.py:208} INFO - Processing /mnt/c/Users/zaina/Documents/Core_Data_Engineering/airflow/airflow_coresentiment_Data_pipeline/airflow/lib/python3.10/site-packages/airflow/example_dags/example_branch_operator_decorator.py took 0.226 seconds
[2024-11-22T05:08:45.087+0100] {processor.py:186} INFO - Started process (PID=15436) to work on /mnt/c/Users/zaina/Documents/Core_Data_Engineering/airflow/airflow_coresentiment_Data_pipeline/airflow/lib/python3.10/site-packages/airflow/example_dags/example_branch_operator_decorator.py
[2024-11-22T05:08:45.093+0100] {processor.py:914} INFO - Processing file /mnt/c/Users/zaina/Documents/Core_Data_Engineering/airflow/airflow_coresentiment_Data_pipeline/airflow/lib/python3.10/site-packages/airflow/example_dags/example_branch_operator_decorator.py for tasks to queue
[2024-11-22T05:08:45.099+0100] {logging_mixin.py:190} INFO - [2024-11-22T05:08:45.097+0100] {dagbag.py:588} INFO - Filling up the DagBag from /mnt/c/Users/zaina/Documents/Core_Data_Engineering/airflow/airflow_coresentiment_Data_pipeline/airflow/lib/python3.10/site-packages/airflow/example_dags/example_branch_operator_decorator.py
[2024-11-22T05:08:45.415+0100] {processor.py:927} WARNING - No viable dags retrieved from /mnt/c/Users/zaina/Documents/Core_Data_Engineering/airflow/airflow_coresentiment_Data_pipeline/airflow/lib/python3.10/site-packages/airflow/example_dags/example_branch_operator_decorator.py
[2024-11-22T05:08:45.509+0100] {processor.py:208} INFO - Processing /mnt/c/Users/zaina/Documents/Core_Data_Engineering/airflow/airflow_coresentiment_Data_pipeline/airflow/lib/python3.10/site-packages/airflow/example_dags/example_branch_operator_decorator.py took 0.448 seconds
[2024-11-22T05:11:27.884+0100] {processor.py:186} INFO - Started process (PID=15534) to work on /mnt/c/Users/zaina/Documents/Core_Data_Engineering/airflow/airflow_coresentiment_Data_pipeline/airflow/lib/python3.10/site-packages/airflow/example_dags/example_branch_operator_decorator.py
[2024-11-22T05:11:27.889+0100] {processor.py:914} INFO - Processing file /mnt/c/Users/zaina/Documents/Core_Data_Engineering/airflow/airflow_coresentiment_Data_pipeline/airflow/lib/python3.10/site-packages/airflow/example_dags/example_branch_operator_decorator.py for tasks to queue
[2024-11-22T05:11:27.895+0100] {logging_mixin.py:190} INFO - [2024-11-22T05:11:27.894+0100] {dagbag.py:588} INFO - Filling up the DagBag from /mnt/c/Users/zaina/Documents/Core_Data_Engineering/airflow/airflow_coresentiment_Data_pipeline/airflow/lib/python3.10/site-packages/airflow/example_dags/example_branch_operator_decorator.py
[2024-11-22T05:11:27.959+0100] {processor.py:927} WARNING - No viable dags retrieved from /mnt/c/Users/zaina/Documents/Core_Data_Engineering/airflow/airflow_coresentiment_Data_pipeline/airflow/lib/python3.10/site-packages/airflow/example_dags/example_branch_operator_decorator.py
[2024-11-22T05:11:27.987+0100] {processor.py:208} INFO - Processing /mnt/c/Users/zaina/Documents/Core_Data_Engineering/airflow/airflow_coresentiment_Data_pipeline/airflow/lib/python3.10/site-packages/airflow/example_dags/example_branch_operator_decorator.py took 0.122 seconds
[2024-11-22T05:13:42.506+0100] {processor.py:186} INFO - Started process (PID=15620) to work on /mnt/c/Users/zaina/Documents/Core_Data_Engineering/airflow/airflow_coresentiment_Data_pipeline/airflow/lib/python3.10/site-packages/airflow/example_dags/example_branch_operator_decorator.py
[2024-11-22T05:13:42.508+0100] {processor.py:914} INFO - Processing file /mnt/c/Users/zaina/Documents/Core_Data_Engineering/airflow/airflow_coresentiment_Data_pipeline/airflow/lib/python3.10/site-packages/airflow/example_dags/example_branch_operator_decorator.py for tasks to queue
[2024-11-22T05:13:42.512+0100] {logging_mixin.py:190} INFO - [2024-11-22T05:13:42.511+0100] {dagbag.py:588} INFO - Filling up the DagBag from /mnt/c/Users/zaina/Documents/Core_Data_Engineering/airflow/airflow_coresentiment_Data_pipeline/airflow/lib/python3.10/site-packages/airflow/example_dags/example_branch_operator_decorator.py
[2024-11-22T05:13:42.555+0100] {processor.py:927} WARNING - No viable dags retrieved from /mnt/c/Users/zaina/Documents/Core_Data_Engineering/airflow/airflow_coresentiment_Data_pipeline/airflow/lib/python3.10/site-packages/airflow/example_dags/example_branch_operator_decorator.py
[2024-11-22T05:13:42.577+0100] {processor.py:208} INFO - Processing /mnt/c/Users/zaina/Documents/Core_Data_Engineering/airflow/airflow_coresentiment_Data_pipeline/airflow/lib/python3.10/site-packages/airflow/example_dags/example_branch_operator_decorator.py took 0.085 seconds
[2024-11-22T05:16:28.057+0100] {processor.py:186} INFO - Started process (PID=15719) to work on /mnt/c/Users/zaina/Documents/Core_Data_Engineering/airflow/airflow_coresentiment_Data_pipeline/airflow/lib/python3.10/site-packages/airflow/example_dags/example_branch_operator_decorator.py
[2024-11-22T05:16:28.061+0100] {processor.py:914} INFO - Processing file /mnt/c/Users/zaina/Documents/Core_Data_Engineering/airflow/airflow_coresentiment_Data_pipeline/airflow/lib/python3.10/site-packages/airflow/example_dags/example_branch_operator_decorator.py for tasks to queue
[2024-11-22T05:16:28.070+0100] {logging_mixin.py:190} INFO - [2024-11-22T05:16:28.066+0100] {dagbag.py:588} INFO - Filling up the DagBag from /mnt/c/Users/zaina/Documents/Core_Data_Engineering/airflow/airflow_coresentiment_Data_pipeline/airflow/lib/python3.10/site-packages/airflow/example_dags/example_branch_operator_decorator.py
[2024-11-22T05:16:28.224+0100] {processor.py:927} WARNING - No viable dags retrieved from /mnt/c/Users/zaina/Documents/Core_Data_Engineering/airflow/airflow_coresentiment_Data_pipeline/airflow/lib/python3.10/site-packages/airflow/example_dags/example_branch_operator_decorator.py
[2024-11-22T05:16:28.261+0100] {processor.py:208} INFO - Processing /mnt/c/Users/zaina/Documents/Core_Data_Engineering/airflow/airflow_coresentiment_Data_pipeline/airflow/lib/python3.10/site-packages/airflow/example_dags/example_branch_operator_decorator.py took 0.232 seconds
[2024-11-22T05:18:59.090+0100] {processor.py:186} INFO - Started process (PID=15812) to work on /mnt/c/Users/zaina/Documents/Core_Data_Engineering/airflow/airflow_coresentiment_Data_pipeline/airflow/lib/python3.10/site-packages/airflow/example_dags/example_branch_operator_decorator.py
[2024-11-22T05:18:59.093+0100] {processor.py:914} INFO - Processing file /mnt/c/Users/zaina/Documents/Core_Data_Engineering/airflow/airflow_coresentiment_Data_pipeline/airflow/lib/python3.10/site-packages/airflow/example_dags/example_branch_operator_decorator.py for tasks to queue
[2024-11-22T05:18:59.096+0100] {logging_mixin.py:190} INFO - [2024-11-22T05:18:59.095+0100] {dagbag.py:588} INFO - Filling up the DagBag from /mnt/c/Users/zaina/Documents/Core_Data_Engineering/airflow/airflow_coresentiment_Data_pipeline/airflow/lib/python3.10/site-packages/airflow/example_dags/example_branch_operator_decorator.py
[2024-11-22T05:18:59.149+0100] {processor.py:927} WARNING - No viable dags retrieved from /mnt/c/Users/zaina/Documents/Core_Data_Engineering/airflow/airflow_coresentiment_Data_pipeline/airflow/lib/python3.10/site-packages/airflow/example_dags/example_branch_operator_decorator.py
[2024-11-22T05:18:59.176+0100] {processor.py:208} INFO - Processing /mnt/c/Users/zaina/Documents/Core_Data_Engineering/airflow/airflow_coresentiment_Data_pipeline/airflow/lib/python3.10/site-packages/airflow/example_dags/example_branch_operator_decorator.py took 0.103 seconds
[2024-11-22T05:21:11.682+0100] {processor.py:186} INFO - Started process (PID=15903) to work on /mnt/c/Users/zaina/Documents/Core_Data_Engineering/airflow/airflow_coresentiment_Data_pipeline/airflow/lib/python3.10/site-packages/airflow/example_dags/example_branch_operator_decorator.py
[2024-11-22T05:21:11.688+0100] {processor.py:914} INFO - Processing file /mnt/c/Users/zaina/Documents/Core_Data_Engineering/airflow/airflow_coresentiment_Data_pipeline/airflow/lib/python3.10/site-packages/airflow/example_dags/example_branch_operator_decorator.py for tasks to queue
[2024-11-22T05:21:11.695+0100] {logging_mixin.py:190} INFO - [2024-11-22T05:21:11.693+0100] {dagbag.py:588} INFO - Filling up the DagBag from /mnt/c/Users/zaina/Documents/Core_Data_Engineering/airflow/airflow_coresentiment_Data_pipeline/airflow/lib/python3.10/site-packages/airflow/example_dags/example_branch_operator_decorator.py
[2024-11-22T05:21:11.847+0100] {processor.py:927} WARNING - No viable dags retrieved from /mnt/c/Users/zaina/Documents/Core_Data_Engineering/airflow/airflow_coresentiment_Data_pipeline/airflow/lib/python3.10/site-packages/airflow/example_dags/example_branch_operator_decorator.py
[2024-11-22T05:21:11.888+0100] {processor.py:208} INFO - Processing /mnt/c/Users/zaina/Documents/Core_Data_Engineering/airflow/airflow_coresentiment_Data_pipeline/airflow/lib/python3.10/site-packages/airflow/example_dags/example_branch_operator_decorator.py took 0.232 seconds
[2024-11-22T05:23:20.927+0100] {processor.py:186} INFO - Started process (PID=15992) to work on /mnt/c/Users/zaina/Documents/Core_Data_Engineering/airflow/airflow_coresentiment_Data_pipeline/airflow/lib/python3.10/site-packages/airflow/example_dags/example_branch_operator_decorator.py
[2024-11-22T05:23:20.932+0100] {processor.py:914} INFO - Processing file /mnt/c/Users/zaina/Documents/Core_Data_Engineering/airflow/airflow_coresentiment_Data_pipeline/airflow/lib/python3.10/site-packages/airflow/example_dags/example_branch_operator_decorator.py for tasks to queue
[2024-11-22T05:23:20.939+0100] {logging_mixin.py:190} INFO - [2024-11-22T05:23:20.937+0100] {dagbag.py:588} INFO - Filling up the DagBag from /mnt/c/Users/zaina/Documents/Core_Data_Engineering/airflow/airflow_coresentiment_Data_pipeline/airflow/lib/python3.10/site-packages/airflow/example_dags/example_branch_operator_decorator.py
[2024-11-22T05:23:21.029+0100] {processor.py:927} WARNING - No viable dags retrieved from /mnt/c/Users/zaina/Documents/Core_Data_Engineering/airflow/airflow_coresentiment_Data_pipeline/airflow/lib/python3.10/site-packages/airflow/example_dags/example_branch_operator_decorator.py
[2024-11-22T05:23:21.057+0100] {processor.py:208} INFO - Processing /mnt/c/Users/zaina/Documents/Core_Data_Engineering/airflow/airflow_coresentiment_Data_pipeline/airflow/lib/python3.10/site-packages/airflow/example_dags/example_branch_operator_decorator.py took 0.147 seconds
[2024-11-22T05:25:14.314+0100] {processor.py:186} INFO - Started process (PID=16080) to work on /mnt/c/Users/zaina/Documents/Core_Data_Engineering/airflow/airflow_coresentiment_Data_pipeline/airflow/lib/python3.10/site-packages/airflow/example_dags/example_branch_operator_decorator.py
[2024-11-22T05:25:14.316+0100] {processor.py:914} INFO - Processing file /mnt/c/Users/zaina/Documents/Core_Data_Engineering/airflow/airflow_coresentiment_Data_pipeline/airflow/lib/python3.10/site-packages/airflow/example_dags/example_branch_operator_decorator.py for tasks to queue
[2024-11-22T05:25:14.319+0100] {logging_mixin.py:190} INFO - [2024-11-22T05:25:14.318+0100] {dagbag.py:588} INFO - Filling up the DagBag from /mnt/c/Users/zaina/Documents/Core_Data_Engineering/airflow/airflow_coresentiment_Data_pipeline/airflow/lib/python3.10/site-packages/airflow/example_dags/example_branch_operator_decorator.py
[2024-11-22T05:25:14.370+0100] {processor.py:927} WARNING - No viable dags retrieved from /mnt/c/Users/zaina/Documents/Core_Data_Engineering/airflow/airflow_coresentiment_Data_pipeline/airflow/lib/python3.10/site-packages/airflow/example_dags/example_branch_operator_decorator.py
[2024-11-22T05:25:14.390+0100] {processor.py:208} INFO - Processing /mnt/c/Users/zaina/Documents/Core_Data_Engineering/airflow/airflow_coresentiment_Data_pipeline/airflow/lib/python3.10/site-packages/airflow/example_dags/example_branch_operator_decorator.py took 0.088 seconds
[2024-11-22T05:27:04.391+0100] {processor.py:186} INFO - Started process (PID=16161) to work on /mnt/c/Users/zaina/Documents/Core_Data_Engineering/airflow/airflow_coresentiment_Data_pipeline/airflow/lib/python3.10/site-packages/airflow/example_dags/example_branch_operator_decorator.py
[2024-11-22T05:27:04.394+0100] {processor.py:914} INFO - Processing file /mnt/c/Users/zaina/Documents/Core_Data_Engineering/airflow/airflow_coresentiment_Data_pipeline/airflow/lib/python3.10/site-packages/airflow/example_dags/example_branch_operator_decorator.py for tasks to queue
[2024-11-22T05:27:04.398+0100] {logging_mixin.py:190} INFO - [2024-11-22T05:27:04.397+0100] {dagbag.py:588} INFO - Filling up the DagBag from /mnt/c/Users/zaina/Documents/Core_Data_Engineering/airflow/airflow_coresentiment_Data_pipeline/airflow/lib/python3.10/site-packages/airflow/example_dags/example_branch_operator_decorator.py
[2024-11-22T05:27:04.459+0100] {processor.py:927} WARNING - No viable dags retrieved from /mnt/c/Users/zaina/Documents/Core_Data_Engineering/airflow/airflow_coresentiment_Data_pipeline/airflow/lib/python3.10/site-packages/airflow/example_dags/example_branch_operator_decorator.py
[2024-11-22T05:27:04.475+0100] {processor.py:208} INFO - Processing /mnt/c/Users/zaina/Documents/Core_Data_Engineering/airflow/airflow_coresentiment_Data_pipeline/airflow/lib/python3.10/site-packages/airflow/example_dags/example_branch_operator_decorator.py took 0.103 seconds
[2024-11-22T05:28:54.323+0100] {processor.py:186} INFO - Started process (PID=16242) to work on /mnt/c/Users/zaina/Documents/Core_Data_Engineering/airflow/airflow_coresentiment_Data_pipeline/airflow/lib/python3.10/site-packages/airflow/example_dags/example_branch_operator_decorator.py
[2024-11-22T05:28:54.324+0100] {processor.py:914} INFO - Processing file /mnt/c/Users/zaina/Documents/Core_Data_Engineering/airflow/airflow_coresentiment_Data_pipeline/airflow/lib/python3.10/site-packages/airflow/example_dags/example_branch_operator_decorator.py for tasks to queue
[2024-11-22T05:28:54.327+0100] {logging_mixin.py:190} INFO - [2024-11-22T05:28:54.326+0100] {dagbag.py:588} INFO - Filling up the DagBag from /mnt/c/Users/zaina/Documents/Core_Data_Engineering/airflow/airflow_coresentiment_Data_pipeline/airflow/lib/python3.10/site-packages/airflow/example_dags/example_branch_operator_decorator.py
[2024-11-22T05:28:54.357+0100] {processor.py:927} WARNING - No viable dags retrieved from /mnt/c/Users/zaina/Documents/Core_Data_Engineering/airflow/airflow_coresentiment_Data_pipeline/airflow/lib/python3.10/site-packages/airflow/example_dags/example_branch_operator_decorator.py
[2024-11-22T05:28:54.368+0100] {processor.py:208} INFO - Processing /mnt/c/Users/zaina/Documents/Core_Data_Engineering/airflow/airflow_coresentiment_Data_pipeline/airflow/lib/python3.10/site-packages/airflow/example_dags/example_branch_operator_decorator.py took 0.054 seconds
[2024-11-22T05:30:35.952+0100] {processor.py:186} INFO - Started process (PID=16322) to work on /mnt/c/Users/zaina/Documents/Core_Data_Engineering/airflow/airflow_coresentiment_Data_pipeline/airflow/lib/python3.10/site-packages/airflow/example_dags/example_branch_operator_decorator.py
[2024-11-22T05:30:35.955+0100] {processor.py:914} INFO - Processing file /mnt/c/Users/zaina/Documents/Core_Data_Engineering/airflow/airflow_coresentiment_Data_pipeline/airflow/lib/python3.10/site-packages/airflow/example_dags/example_branch_operator_decorator.py for tasks to queue
[2024-11-22T05:30:35.958+0100] {logging_mixin.py:190} INFO - [2024-11-22T05:30:35.957+0100] {dagbag.py:588} INFO - Filling up the DagBag from /mnt/c/Users/zaina/Documents/Core_Data_Engineering/airflow/airflow_coresentiment_Data_pipeline/airflow/lib/python3.10/site-packages/airflow/example_dags/example_branch_operator_decorator.py
[2024-11-22T05:30:36.023+0100] {processor.py:927} WARNING - No viable dags retrieved from /mnt/c/Users/zaina/Documents/Core_Data_Engineering/airflow/airflow_coresentiment_Data_pipeline/airflow/lib/python3.10/site-packages/airflow/example_dags/example_branch_operator_decorator.py
[2024-11-22T05:30:36.044+0100] {processor.py:208} INFO - Processing /mnt/c/Users/zaina/Documents/Core_Data_Engineering/airflow/airflow_coresentiment_Data_pipeline/airflow/lib/python3.10/site-packages/airflow/example_dags/example_branch_operator_decorator.py took 0.108 seconds
[2024-11-22T05:32:22.856+0100] {processor.py:186} INFO - Started process (PID=16400) to work on /mnt/c/Users/zaina/Documents/Core_Data_Engineering/airflow/airflow_coresentiment_Data_pipeline/airflow/lib/python3.10/site-packages/airflow/example_dags/example_branch_operator_decorator.py
[2024-11-22T05:32:22.857+0100] {processor.py:914} INFO - Processing file /mnt/c/Users/zaina/Documents/Core_Data_Engineering/airflow/airflow_coresentiment_Data_pipeline/airflow/lib/python3.10/site-packages/airflow/example_dags/example_branch_operator_decorator.py for tasks to queue
[2024-11-22T05:32:22.863+0100] {logging_mixin.py:190} INFO - [2024-11-22T05:32:22.862+0100] {dagbag.py:588} INFO - Filling up the DagBag from /mnt/c/Users/zaina/Documents/Core_Data_Engineering/airflow/airflow_coresentiment_Data_pipeline/airflow/lib/python3.10/site-packages/airflow/example_dags/example_branch_operator_decorator.py
[2024-11-22T05:32:22.986+0100] {processor.py:927} WARNING - No viable dags retrieved from /mnt/c/Users/zaina/Documents/Core_Data_Engineering/airflow/airflow_coresentiment_Data_pipeline/airflow/lib/python3.10/site-packages/airflow/example_dags/example_branch_operator_decorator.py
[2024-11-22T05:32:23.005+0100] {processor.py:208} INFO - Processing /mnt/c/Users/zaina/Documents/Core_Data_Engineering/airflow/airflow_coresentiment_Data_pipeline/airflow/lib/python3.10/site-packages/airflow/example_dags/example_branch_operator_decorator.py took 0.163 seconds
[2024-11-22T05:34:26.595+0100] {processor.py:186} INFO - Started process (PID=16484) to work on /mnt/c/Users/zaina/Documents/Core_Data_Engineering/airflow/airflow_coresentiment_Data_pipeline/airflow/lib/python3.10/site-packages/airflow/example_dags/example_branch_operator_decorator.py
[2024-11-22T05:34:26.597+0100] {processor.py:914} INFO - Processing file /mnt/c/Users/zaina/Documents/Core_Data_Engineering/airflow/airflow_coresentiment_Data_pipeline/airflow/lib/python3.10/site-packages/airflow/example_dags/example_branch_operator_decorator.py for tasks to queue
[2024-11-22T05:34:26.600+0100] {logging_mixin.py:190} INFO - [2024-11-22T05:34:26.599+0100] {dagbag.py:588} INFO - Filling up the DagBag from /mnt/c/Users/zaina/Documents/Core_Data_Engineering/airflow/airflow_coresentiment_Data_pipeline/airflow/lib/python3.10/site-packages/airflow/example_dags/example_branch_operator_decorator.py
[2024-11-22T05:34:26.707+0100] {processor.py:927} WARNING - No viable dags retrieved from /mnt/c/Users/zaina/Documents/Core_Data_Engineering/airflow/airflow_coresentiment_Data_pipeline/airflow/lib/python3.10/site-packages/airflow/example_dags/example_branch_operator_decorator.py
[2024-11-22T05:34:26.730+0100] {processor.py:208} INFO - Processing /mnt/c/Users/zaina/Documents/Core_Data_Engineering/airflow/airflow_coresentiment_Data_pipeline/airflow/lib/python3.10/site-packages/airflow/example_dags/example_branch_operator_decorator.py took 0.147 seconds
[2024-11-22T05:36:24.157+0100] {processor.py:186} INFO - Started process (PID=16571) to work on /mnt/c/Users/zaina/Documents/Core_Data_Engineering/airflow/airflow_coresentiment_Data_pipeline/airflow/lib/python3.10/site-packages/airflow/example_dags/example_branch_operator_decorator.py
[2024-11-22T05:36:24.159+0100] {processor.py:914} INFO - Processing file /mnt/c/Users/zaina/Documents/Core_Data_Engineering/airflow/airflow_coresentiment_Data_pipeline/airflow/lib/python3.10/site-packages/airflow/example_dags/example_branch_operator_decorator.py for tasks to queue
[2024-11-22T05:36:24.162+0100] {logging_mixin.py:190} INFO - [2024-11-22T05:36:24.161+0100] {dagbag.py:588} INFO - Filling up the DagBag from /mnt/c/Users/zaina/Documents/Core_Data_Engineering/airflow/airflow_coresentiment_Data_pipeline/airflow/lib/python3.10/site-packages/airflow/example_dags/example_branch_operator_decorator.py
[2024-11-22T05:36:24.246+0100] {processor.py:927} WARNING - No viable dags retrieved from /mnt/c/Users/zaina/Documents/Core_Data_Engineering/airflow/airflow_coresentiment_Data_pipeline/airflow/lib/python3.10/site-packages/airflow/example_dags/example_branch_operator_decorator.py
[2024-11-22T05:36:24.265+0100] {processor.py:208} INFO - Processing /mnt/c/Users/zaina/Documents/Core_Data_Engineering/airflow/airflow_coresentiment_Data_pipeline/airflow/lib/python3.10/site-packages/airflow/example_dags/example_branch_operator_decorator.py took 0.120 seconds
[2024-11-22T05:38:25.362+0100] {processor.py:186} INFO - Started process (PID=16657) to work on /mnt/c/Users/zaina/Documents/Core_Data_Engineering/airflow/airflow_coresentiment_Data_pipeline/airflow/lib/python3.10/site-packages/airflow/example_dags/example_branch_operator_decorator.py
[2024-11-22T05:38:25.364+0100] {processor.py:914} INFO - Processing file /mnt/c/Users/zaina/Documents/Core_Data_Engineering/airflow/airflow_coresentiment_Data_pipeline/airflow/lib/python3.10/site-packages/airflow/example_dags/example_branch_operator_decorator.py for tasks to queue
[2024-11-22T05:38:25.368+0100] {logging_mixin.py:190} INFO - [2024-11-22T05:38:25.367+0100] {dagbag.py:588} INFO - Filling up the DagBag from /mnt/c/Users/zaina/Documents/Core_Data_Engineering/airflow/airflow_coresentiment_Data_pipeline/airflow/lib/python3.10/site-packages/airflow/example_dags/example_branch_operator_decorator.py
[2024-11-22T05:38:25.430+0100] {processor.py:927} WARNING - No viable dags retrieved from /mnt/c/Users/zaina/Documents/Core_Data_Engineering/airflow/airflow_coresentiment_Data_pipeline/airflow/lib/python3.10/site-packages/airflow/example_dags/example_branch_operator_decorator.py
[2024-11-22T05:38:25.448+0100] {processor.py:208} INFO - Processing /mnt/c/Users/zaina/Documents/Core_Data_Engineering/airflow/airflow_coresentiment_Data_pipeline/airflow/lib/python3.10/site-packages/airflow/example_dags/example_branch_operator_decorator.py took 0.099 seconds
[2024-11-22T05:40:22.037+0100] {processor.py:186} INFO - Started process (PID=16740) to work on /mnt/c/Users/zaina/Documents/Core_Data_Engineering/airflow/airflow_coresentiment_Data_pipeline/airflow/lib/python3.10/site-packages/airflow/example_dags/example_branch_operator_decorator.py
[2024-11-22T05:40:22.039+0100] {processor.py:914} INFO - Processing file /mnt/c/Users/zaina/Documents/Core_Data_Engineering/airflow/airflow_coresentiment_Data_pipeline/airflow/lib/python3.10/site-packages/airflow/example_dags/example_branch_operator_decorator.py for tasks to queue
[2024-11-22T05:40:22.042+0100] {logging_mixin.py:190} INFO - [2024-11-22T05:40:22.041+0100] {dagbag.py:588} INFO - Filling up the DagBag from /mnt/c/Users/zaina/Documents/Core_Data_Engineering/airflow/airflow_coresentiment_Data_pipeline/airflow/lib/python3.10/site-packages/airflow/example_dags/example_branch_operator_decorator.py
[2024-11-22T05:40:22.091+0100] {processor.py:927} WARNING - No viable dags retrieved from /mnt/c/Users/zaina/Documents/Core_Data_Engineering/airflow/airflow_coresentiment_Data_pipeline/airflow/lib/python3.10/site-packages/airflow/example_dags/example_branch_operator_decorator.py
[2024-11-22T05:40:22.116+0100] {processor.py:208} INFO - Processing /mnt/c/Users/zaina/Documents/Core_Data_Engineering/airflow/airflow_coresentiment_Data_pipeline/airflow/lib/python3.10/site-packages/airflow/example_dags/example_branch_operator_decorator.py took 0.093 seconds
[2024-11-22T05:42:16.126+0100] {processor.py:186} INFO - Started process (PID=16823) to work on /mnt/c/Users/zaina/Documents/Core_Data_Engineering/airflow/airflow_coresentiment_Data_pipeline/airflow/lib/python3.10/site-packages/airflow/example_dags/example_branch_operator_decorator.py
[2024-11-22T05:42:16.128+0100] {processor.py:914} INFO - Processing file /mnt/c/Users/zaina/Documents/Core_Data_Engineering/airflow/airflow_coresentiment_Data_pipeline/airflow/lib/python3.10/site-packages/airflow/example_dags/example_branch_operator_decorator.py for tasks to queue
[2024-11-22T05:42:16.131+0100] {logging_mixin.py:190} INFO - [2024-11-22T05:42:16.131+0100] {dagbag.py:588} INFO - Filling up the DagBag from /mnt/c/Users/zaina/Documents/Core_Data_Engineering/airflow/airflow_coresentiment_Data_pipeline/airflow/lib/python3.10/site-packages/airflow/example_dags/example_branch_operator_decorator.py
[2024-11-22T05:42:16.187+0100] {processor.py:927} WARNING - No viable dags retrieved from /mnt/c/Users/zaina/Documents/Core_Data_Engineering/airflow/airflow_coresentiment_Data_pipeline/airflow/lib/python3.10/site-packages/airflow/example_dags/example_branch_operator_decorator.py
[2024-11-22T05:42:16.206+0100] {processor.py:208} INFO - Processing /mnt/c/Users/zaina/Documents/Core_Data_Engineering/airflow/airflow_coresentiment_Data_pipeline/airflow/lib/python3.10/site-packages/airflow/example_dags/example_branch_operator_decorator.py took 0.093 seconds
[2024-11-22T05:44:13.704+0100] {processor.py:186} INFO - Started process (PID=16907) to work on /mnt/c/Users/zaina/Documents/Core_Data_Engineering/airflow/airflow_coresentiment_Data_pipeline/airflow/lib/python3.10/site-packages/airflow/example_dags/example_branch_operator_decorator.py
[2024-11-22T05:44:13.708+0100] {processor.py:914} INFO - Processing file /mnt/c/Users/zaina/Documents/Core_Data_Engineering/airflow/airflow_coresentiment_Data_pipeline/airflow/lib/python3.10/site-packages/airflow/example_dags/example_branch_operator_decorator.py for tasks to queue
[2024-11-22T05:44:13.712+0100] {logging_mixin.py:190} INFO - [2024-11-22T05:44:13.711+0100] {dagbag.py:588} INFO - Filling up the DagBag from /mnt/c/Users/zaina/Documents/Core_Data_Engineering/airflow/airflow_coresentiment_Data_pipeline/airflow/lib/python3.10/site-packages/airflow/example_dags/example_branch_operator_decorator.py
[2024-11-22T05:44:13.774+0100] {processor.py:927} WARNING - No viable dags retrieved from /mnt/c/Users/zaina/Documents/Core_Data_Engineering/airflow/airflow_coresentiment_Data_pipeline/airflow/lib/python3.10/site-packages/airflow/example_dags/example_branch_operator_decorator.py
[2024-11-22T05:44:13.798+0100] {processor.py:208} INFO - Processing /mnt/c/Users/zaina/Documents/Core_Data_Engineering/airflow/airflow_coresentiment_Data_pipeline/airflow/lib/python3.10/site-packages/airflow/example_dags/example_branch_operator_decorator.py took 0.110 seconds
